<?xml version="1.0" encoding="UTF-8" ?>
<testsuite tests="1" failures="0" name="com.paascloud.provider.aliyun.MqProducerTest" time="0.003" errors="1" skipped="0">
  <properties>
    <property name="idea.version" value="2017.3.2"/>
    <property name="java.runtime.name" value="Java(TM) SE Runtime Environment"/>
    <property name="sun.boot.library.path" value="C:\Program Files\Java\jdk1.8.0_40\jre\bin"/>
    <property name="java.vm.version" value="25.25-b02"/>
    <property name="java.vm.vendor" value="Oracle Corporation"/>
    <property name="maven.multiModuleProjectDirectory" value="D:\workspack\project\gostyu\passcloud-master"/>
    <property name="java.vendor.url" value="http://java.oracle.com/"/>
    <property name="path.separator" value=";"/>
    <property name="guice.disable.misplaced.annotation.check" value="true"/>
    <property name="java.vm.name" value="Java HotSpot(TM) 64-Bit Server VM"/>
    <property name="file.encoding.pkg" value="sun.io"/>
    <property name="user.script" value=""/>
    <property name="user.country" value="CN"/>
    <property name="sun.java.launcher" value="SUN_STANDARD"/>
    <property name="sun.os.patch.level" value=""/>
    <property name="java.vm.specification.name" value="Java Virtual Machine Specification"/>
    <property name="user.dir" value="D:\workspack\project\gostyu\passcloud-master"/>
    <property name="java.runtime.version" value="1.8.0_25-b18"/>
    <property name="java.awt.graphicsenv" value="sun.awt.Win32GraphicsEnvironment"/>
    <property name="java.endorsed.dirs" value="C:\Program Files\Java\jdk1.8.0_40\jre\lib\endorsed"/>
    <property name="os.arch" value="amd64"/>
    <property name="java.io.tmpdir" value="C:\Users\Shinelon\AppData\Local\Temp\"/>
    <property name="line.separator" value="
"/>
    <property name="java.vm.specification.vendor" value="Oracle Corporation"/>
    <property name="user.variant" value=""/>
    <property name="os.name" value="Windows 8.1"/>
    <property name="classworlds.conf" value="D:\workspack\idea3.x\idea3\IntelliJ IDEA 173.4127.2\plugins\maven\lib\maven3\bin\m2.conf"/>
    <property name="sun.jnu.encoding" value="GBK"/>
    <property name="java.library.path" value="C:\Program Files\Java\jdk1.8.0_40\bin;C:\WINDOWS\Sun\Java\bin;C:\WINDOWS\system32;C:\WINDOWS;D:\workspack\python\Scripts\;D:\workspack\python\;D:\workspack\oracle\app\oracle\product\11.2.0\server\bin;C:\ProgramData\Oracle\Java\javapath;C:\Program Files (x86)\Intel\iCLS Client\;C:\Program Files\Intel\iCLS Client\;C:\Windows\system32;C:\Windows;C:\Windows\System32\Wbem;C:\Windows\System32\WindowsPowerShell\v1.0\;C:\Program Files (x86)\Intel\Intel(R) Management Engine Components\DAL;C:\Program Files\Intel\Intel(R) Management Engine Components\DAL;C:\Program Files (x86)\Intel\Intel(R) Management Engine Components\IPT;C:\Program Files\Intel\Intel(R) Management Engine Components\IPT;D:\workspack\MySql\MySQL Server 5.5\bin;D:\maven\apache-maven-3.5.0\bin;D:\gradle\gradle-3.5-all\gradle-3.5\bin;D:\workspack\SVN\bin;C:\Program Files\Intel\WiFi\bin\;C:\Program Files\Common Files\Intel\WirelessCommon\;C:\WINDOWS\system32;C:\WINDOWS;C:\WINDOWS\System32\Wbem;C:\WINDOWS\System32\WindowsPowerShell\v1.0\;C:\Program Files (x86)\NVIDIA Corporation\PhysX\Common;C:\Program Files\erl9.3\bin;C:\Program Files\Java\jdk1.7.0_13\bin;D:\workspack\nodejs\;D:\workspack\GIT\Git\cmd;D:\workspack\consul;;C:\WINDOWS\system32;C:\WINDOWS;C:\WINDOWS\System32\Wbem;C:\WINDOWS\System32\WindowsPowerShell\v1.0\;C:\WINDOWS\System32\OpenSSH\;D:\workspack\gpg\Gpg4win\..\GnuPG\bin;C:\Program Files\Intel\WiFi\bin\;C:\Program Files\Common Files\Intel\WirelessCommon\;C:\Users\Shinelon\AppData\Local\Microsoft\WindowsApps;C:\Users\Shinelon\AppData\Local\GitHubDesktop\bin;C:\Users\Shinelon\AppData\Roaming\npm;%USERPROFILE%\AppData\Local\Microsoft\WindowsApps;;."/>
    <property name="java.specification.name" value="Java Platform API Specification"/>
    <property name="java.class.version" value="52.0"/>
    <property name="sun.management.compiler" value="HotSpot 64-Bit Tiered Compilers"/>
    <property name="os.version" value="6.3"/>
    <property name="user.home" value="C:\Users\Shinelon"/>
    <property name="user.timezone" value="Asia/Shanghai"/>
    <property name="java.awt.printerjob" value="sun.awt.windows.WPrinterJob"/>
    <property name="java.specification.version" value="1.8"/>
    <property name="file.encoding" value="UTF-8"/>
    <property name="user.name" value="Shinelon"/>
    <property name="java.class.path" value="D:\workspack\idea3.x\idea3\IntelliJ IDEA 173.4127.2\plugins\maven\lib\maven3\boot\plexus-classworlds-2.5.2.jar"/>
    <property name="java.vm.specification.version" value="1.8"/>
    <property name="sun.arch.data.model" value="64"/>
    <property name="java.home" value="C:\Program Files\Java\jdk1.8.0_40\jre"/>
    <property name="sun.java.command" value="com.intellij.rt.execution.CommandLineWrapper C:\Users\Shinelon\AppData\Local\Temp\idea_classpath org.codehaus.classworlds.Launcher -Didea.version=2017.3.2 install"/>
    <property name="java.specification.vendor" value="Oracle Corporation"/>
    <property name="user.language" value="zh"/>
    <property name="awt.toolkit" value="sun.awt.windows.WToolkit"/>
    <property name="java.vm.info" value="mixed mode"/>
    <property name="java.version" value="1.8.0_25"/>
    <property name="java.ext.dirs" value="C:\Program Files\Java\jdk1.8.0_40\jre\lib\ext;C:\WINDOWS\Sun\Java\lib\ext"/>
    <property name="sun.boot.class.path" value="C:\Program Files\Java\jdk1.8.0_40\jre\lib\resources.jar;C:\Program Files\Java\jdk1.8.0_40\jre\lib\rt.jar;C:\Program Files\Java\jdk1.8.0_40\jre\lib\sunrsasign.jar;C:\Program Files\Java\jdk1.8.0_40\jre\lib\jsse.jar;C:\Program Files\Java\jdk1.8.0_40\jre\lib\jce.jar;C:\Program Files\Java\jdk1.8.0_40\jre\lib\charsets.jar;C:\Program Files\Java\jdk1.8.0_40\jre\lib\jfr.jar;C:\Program Files\Java\jdk1.8.0_40\jre\classes"/>
    <property name="java.vendor" value="Oracle Corporation"/>
    <property name="maven.home" value="D:\workspack\idea3.x\idea3\IntelliJ IDEA 173.4127.2\plugins\maven\lib\maven3"/>
    <property name="file.separator" value="\"/>
    <property name="java.vendor.url.bug" value="http://bugreport.sun.com/bugreport/"/>
    <property name="sun.cpu.endian" value="little"/>
    <property name="sun.io.unicode.encoding" value="UnicodeLittle"/>
    <property name="sun.desktop" value="windows"/>
    <property name="sun.cpu.isalist" value="amd64"/>
  </properties>
  <testcase classname="com.paascloud.provider.aliyun.MqProducerTest" name="contextLoads" time="0.003">
    <error message="Failed to load ApplicationContext" type="java.lang.IllegalStateException">java.lang.IllegalStateException: Failed to load ApplicationContext
	at org.springframework.test.context.cache.DefaultCacheAwareContextLoaderDelegate.loadContext(DefaultCacheAwareContextLoaderDelegate.java:125)
	at org.springframework.test.context.support.DefaultTestContext.getApplicationContext(DefaultTestContext.java:108)
	at org.springframework.test.context.web.ServletTestExecutionListener.setUpRequestContextIfNecessary(ServletTestExecutionListener.java:190)
	at org.springframework.test.context.web.ServletTestExecutionListener.prepareTestInstance(ServletTestExecutionListener.java:132)
	at org.springframework.test.context.TestContextManager.prepareTestInstance(TestContextManager.java:246)
	at org.springframework.test.context.junit4.SpringJUnit4ClassRunner.createTest(SpringJUnit4ClassRunner.java:227)
	at org.springframework.test.context.junit4.SpringJUnit4ClassRunner$1.runReflectiveCall(SpringJUnit4ClassRunner.java:289)
	at org.junit.internal.runners.model.ReflectiveCallable.run(ReflectiveCallable.java:12)
	at org.springframework.test.context.junit4.SpringJUnit4ClassRunner.methodBlock(SpringJUnit4ClassRunner.java:291)
	at org.springframework.test.context.junit4.SpringJUnit4ClassRunner.runChild(SpringJUnit4ClassRunner.java:246)
	at org.springframework.test.context.junit4.SpringJUnit4ClassRunner.runChild(SpringJUnit4ClassRunner.java:97)
	at org.junit.runners.ParentRunner$3.run(ParentRunner.java:290)
	at org.junit.runners.ParentRunner$1.schedule(ParentRunner.java:71)
	at org.junit.runners.ParentRunner.runChildren(ParentRunner.java:288)
	at org.junit.runners.ParentRunner.access$000(ParentRunner.java:58)
	at org.junit.runners.ParentRunner$2.evaluate(ParentRunner.java:268)
	at org.springframework.test.context.junit4.statements.RunBeforeTestClassCallbacks.evaluate(RunBeforeTestClassCallbacks.java:61)
	at org.springframework.test.context.junit4.statements.RunAfterTestClassCallbacks.evaluate(RunAfterTestClassCallbacks.java:70)
	at org.junit.runners.ParentRunner.run(ParentRunner.java:363)
	at org.springframework.test.context.junit4.SpringJUnit4ClassRunner.run(SpringJUnit4ClassRunner.java:190)
	at org.apache.maven.surefire.junit4.JUnit4Provider.execute(JUnit4Provider.java:252)
	at org.apache.maven.surefire.junit4.JUnit4Provider.executeTestSet(JUnit4Provider.java:141)
	at org.apache.maven.surefire.junit4.JUnit4Provider.invoke(JUnit4Provider.java:112)
	at sun.reflect.NativeMethodAccessorImpl.invoke0(Native Method)
	at sun.reflect.NativeMethodAccessorImpl.invoke(NativeMethodAccessorImpl.java:62)
	at sun.reflect.DelegatingMethodAccessorImpl.invoke(DelegatingMethodAccessorImpl.java:43)
	at java.lang.reflect.Method.invoke(Method.java:483)
	at org.apache.maven.surefire.util.ReflectionUtils.invokeMethodWithArray(ReflectionUtils.java:189)
	at org.apache.maven.surefire.booter.ProviderFactory$ProviderProxy.invoke(ProviderFactory.java:165)
	at org.apache.maven.surefire.booter.ProviderFactory.invokeProvider(ProviderFactory.java:85)
	at org.apache.maven.surefire.booter.ForkedBooter.runSuitesInProcess(ForkedBooter.java:115)
	at org.apache.maven.surefire.booter.ForkedBooter.main(ForkedBooter.java:75)
Caused by: java.lang.IllegalStateException: Could not locate PropertySource and the fail fast property is set, failing
	at org.springframework.cloud.config.client.ConfigServicePropertySourceLocator.locate(ConfigServicePropertySourceLocator.java:136)
	at org.springframework.cloud.config.client.ConfigServicePropertySourceLocator$$FastClassBySpringCGLIB$$fa44b2a.invoke(&lt;generated&gt;)
	at org.springframework.cglib.proxy.MethodProxy.invoke(MethodProxy.java:204)
	at org.springframework.aop.framework.CglibAopProxy$CglibMethodInvocation.invokeJoinpoint(CglibAopProxy.java:746)
	at org.springframework.aop.framework.ReflectiveMethodInvocation.proceed(ReflectiveMethodInvocation.java:163)
	at org.springframework.retry.interceptor.RetryOperationsInterceptor$1.doWithRetry(RetryOperationsInterceptor.java:91)
	at org.springframework.retry.support.RetryTemplate.doExecute(RetryTemplate.java:287)
	at org.springframework.retry.support.RetryTemplate.execute(RetryTemplate.java:164)
	at org.springframework.retry.interceptor.RetryOperationsInterceptor.invoke(RetryOperationsInterceptor.java:118)
	at org.springframework.retry.annotation.AnnotationAwareRetryOperationsInterceptor.invoke(AnnotationAwareRetryOperationsInterceptor.java:153)
	at org.springframework.aop.framework.ReflectiveMethodInvocation.proceed(ReflectiveMethodInvocation.java:185)
	at org.springframework.aop.framework.CglibAopProxy$DynamicAdvisedInterceptor.intercept(CglibAopProxy.java:688)
	at org.springframework.cloud.config.client.ConfigServicePropertySourceLocator$$EnhancerBySpringCGLIB$$2440c45.locate(&lt;generated&gt;)
	at org.springframework.cloud.bootstrap.config.PropertySourceBootstrapConfiguration.initialize(PropertySourceBootstrapConfiguration.java:94)
	at org.springframework.boot.SpringApplication.applyInitializers(SpringApplication.java:633)
	at org.springframework.boot.SpringApplication.prepareContext(SpringApplication.java:373)
	at org.springframework.boot.SpringApplication.run(SpringApplication.java:325)
	at org.springframework.boot.test.context.SpringBootContextLoader.loadContext(SpringBootContextLoader.java:139)
	at org.springframework.test.context.cache.DefaultCacheAwareContextLoaderDelegate.loadContextInternal(DefaultCacheAwareContextLoaderDelegate.java:99)
	at org.springframework.test.context.cache.DefaultCacheAwareContextLoaderDelegate.loadContext(DefaultCacheAwareContextLoaderDelegate.java:117)
	... 31 more
Caused by: org.springframework.web.client.ResourceAccessException: I/O error on GET request for &quot;http://192.168.139.5:8762/provider-opc/default/master&quot;: Connection timed out: connect; nested exception is java.net.ConnectException: Connection timed out: connect
	at org.springframework.web.client.RestTemplate.doExecute(RestTemplate.java:732)
	at org.springframework.web.client.RestTemplate.execute(RestTemplate.java:680)
	at org.springframework.web.client.RestTemplate.exchange(RestTemplate.java:600)
	at org.springframework.cloud.config.client.ConfigServicePropertySourceLocator.getRemoteEnvironment(ConfigServicePropertySourceLocator.java:218)
	at org.springframework.cloud.config.client.ConfigServicePropertySourceLocator.locate(ConfigServicePropertySourceLocator.java:96)
	... 50 more
Caused by: java.net.ConnectException: Connection timed out: connect
	at java.net.DualStackPlainSocketImpl.connect0(Native Method)
	at java.net.DualStackPlainSocketImpl.socketConnect(DualStackPlainSocketImpl.java:79)
	at java.net.AbstractPlainSocketImpl.doConnect(AbstractPlainSocketImpl.java:345)
	at java.net.AbstractPlainSocketImpl.connectToAddress(AbstractPlainSocketImpl.java:206)
	at java.net.AbstractPlainSocketImpl.connect(AbstractPlainSocketImpl.java:188)
	at java.net.PlainSocketImpl.connect(PlainSocketImpl.java:172)
	at java.net.SocksSocketImpl.connect(SocksSocketImpl.java:392)
	at java.net.Socket.connect(Socket.java:589)
	at java.net.Socket.connect(Socket.java:538)
	at sun.net.NetworkClient.doConnect(NetworkClient.java:180)
	at sun.net.www.http.HttpClient.openServer(HttpClient.java:432)
	at sun.net.www.http.HttpClient.openServer(HttpClient.java:527)
	at sun.net.www.http.HttpClient.&lt;init&gt;(HttpClient.java:211)
	at sun.net.www.http.HttpClient.New(HttpClient.java:308)
	at sun.net.www.http.HttpClient.New(HttpClient.java:326)
	at sun.net.www.protocol.http.HttpURLConnection.getNewHttpClient(HttpURLConnection.java:1167)
	at sun.net.www.protocol.http.HttpURLConnection.plainConnect0(HttpURLConnection.java:1103)
	at sun.net.www.protocol.http.HttpURLConnection.plainConnect(HttpURLConnection.java:997)
	at sun.net.www.protocol.http.HttpURLConnection.connect(HttpURLConnection.java:931)
	at org.springframework.http.client.SimpleBufferingClientHttpRequest.executeInternal(SimpleBufferingClientHttpRequest.java:76)
	at org.springframework.http.client.AbstractBufferingClientHttpRequest.executeInternal(AbstractBufferingClientHttpRequest.java:48)
	at org.springframework.http.client.AbstractClientHttpRequest.execute(AbstractClientHttpRequest.java:53)
	at org.springframework.web.client.RestTemplate.doExecute(RestTemplate.java:723)
	... 54 more
</error>
    <system-out>10:01:58.165 [main] DEBUG org.springframework.test.context.junit4.SpringJUnit4ClassRunner - SpringJUnit4ClassRunner constructor called with [class com.paascloud.provider.aliyun.MqProducerTest]
10:01:58.172 [main] DEBUG org.springframework.test.context.BootstrapUtils - Instantiating CacheAwareContextLoaderDelegate from class [org.springframework.test.context.cache.DefaultCacheAwareContextLoaderDelegate]
10:01:58.185 [main] DEBUG org.springframework.test.context.BootstrapUtils - Instantiating BootstrapContext using constructor [public org.springframework.test.context.support.DefaultBootstrapContext(java.lang.Class,org.springframework.test.context.CacheAwareContextLoaderDelegate)]
10:01:58.200 [main] DEBUG org.springframework.test.context.BootstrapUtils - Instantiating TestContextBootstrapper for test class [com.paascloud.provider.aliyun.MqProducerTest] from class [org.springframework.boot.test.context.SpringBootTestContextBootstrapper]
10:01:58.215 [main] INFO org.springframework.boot.test.context.SpringBootTestContextBootstrapper - Neither @ContextConfiguration nor @ContextHierarchy found for test class [com.paascloud.provider.aliyun.MqProducerTest], using SpringBootContextLoader
10:01:58.218 [main] DEBUG org.springframework.test.context.support.AbstractContextLoader - Did not detect default resource location for test class [com.paascloud.provider.aliyun.MqProducerTest]: class path resource [com/paascloud/provider/aliyun/MqProducerTest-context.xml] does not exist
10:01:58.218 [main] DEBUG org.springframework.test.context.support.AbstractContextLoader - Did not detect default resource location for test class [com.paascloud.provider.aliyun.MqProducerTest]: class path resource [com/paascloud/provider/aliyun/MqProducerTestContext.groovy] does not exist
10:01:58.218 [main] INFO org.springframework.test.context.support.AbstractContextLoader - Could not detect default resource locations for test class [com.paascloud.provider.aliyun.MqProducerTest]: no resource found for suffixes {-context.xml, Context.groovy}.
10:01:58.219 [main] INFO org.springframework.test.context.support.AnnotationConfigContextLoaderUtils - Could not detect default configuration classes for test class [com.paascloud.provider.aliyun.MqProducerTest]: MqProducerTest does not declare any static, non-private, non-final, nested classes annotated with @Configuration.
10:01:58.292 [main] DEBUG org.springframework.test.context.support.ActiveProfilesUtils - Could not find an &apos;annotation declaring class&apos; for annotation type [org.springframework.test.context.ActiveProfiles] and class [com.paascloud.provider.aliyun.MqProducerTest]
10:01:58.303 [main] DEBUG org.springframework.core.env.StandardEnvironment - Adding PropertySource &apos;systemProperties&apos; with lowest search precedence
10:01:58.303 [main] DEBUG org.springframework.core.env.StandardEnvironment - Adding PropertySource &apos;systemEnvironment&apos; with lowest search precedence
10:01:58.303 [main] DEBUG org.springframework.core.env.StandardEnvironment - Initialized StandardEnvironment with PropertySources [MapPropertySource@1704629915 {name=&apos;systemProperties&apos;, properties={idea.version=2017.3.2, java.runtime.name=Java(TM) SE Runtime Environment, sun.boot.library.path=C:\Program Files\Java\jdk1.8.0_40\jre\bin, java.vm.version=25.25-b02, java.vm.vendor=Oracle Corporation, java.vendor.url=http://java.oracle.com/, path.separator=;, java.vm.name=Java HotSpot(TM) 64-Bit Server VM, file.encoding.pkg=sun.io, user.country=CN, user.script=, sun.java.launcher=SUN_STANDARD, sun.os.patch.level=, java.vm.specification.name=Java Virtual Machine Specification, user.dir=D:\workspack\project\gostyu\passcloud-master\paascloud-provider\paascloud-provider-opc, java.runtime.version=1.8.0_25-b18, basedir=D:\workspack\project\gostyu\passcloud-master\paascloud-provider\paascloud-provider-opc, java.awt.graphicsenv=sun.awt.Win32GraphicsEnvironment, java.endorsed.dirs=C:\Program Files\Java\jdk1.8.0_40\jre\lib\endorsed, os.arch=amd64, surefire.real.class.path=D:\workspack\project\gostyu\passcloud-master\paascloud-provider\paascloud-provider-opc\target\surefire\surefirebooter3556540888258900826.jar, java.io.tmpdir=C:\Users\Shinelon\AppData\Local\Temp\, line.separator=
, java.vm.specification.vendor=Oracle Corporation, user.variant=, os.name=Windows 8.1, sun.jnu.encoding=GBK, java.library.path=C:\Program Files\Java\jdk1.8.0_40\jre\bin;C:\WINDOWS\Sun\Java\bin;C:\WINDOWS\system32;C:\WINDOWS;D:\workspack\python\Scripts\;D:\workspack\python\;D:\workspack\oracle\app\oracle\product\11.2.0\server\bin;C:\ProgramData\Oracle\Java\javapath;C:\Program Files (x86)\Intel\iCLS Client\;C:\Program Files\Intel\iCLS Client\;C:\Windows\system32;C:\Windows;C:\Windows\System32\Wbem;C:\Windows\System32\WindowsPowerShell\v1.0\;C:\Program Files (x86)\Intel\Intel(R) Management Engine Components\DAL;C:\Program Files\Intel\Intel(R) Management Engine Components\DAL;C:\Program Files (x86)\Intel\Intel(R) Management Engine Components\IPT;C:\Program Files\Intel\Intel(R) Management Engine Components\IPT;D:\workspack\MySql\MySQL Server 5.5\bin;D:\maven\apache-maven-3.5.0\bin;D:\gradle\gradle-3.5-all\gradle-3.5\bin;D:\workspack\SVN\bin;C:\Program Files\Intel\WiFi\bin\;C:\Program Files\Common Files\Intel\WirelessCommon\;C:\WINDOWS\system32;C:\WINDOWS;C:\WINDOWS\System32\Wbem;C:\WINDOWS\System32\WindowsPowerShell\v1.0\;C:\Program Files (x86)\NVIDIA Corporation\PhysX\Common;C:\Program Files\erl9.3\bin;C:\Program Files\Java\jdk1.7.0_13\bin;D:\workspack\nodejs\;D:\workspack\GIT\Git\cmd;D:\workspack\consul;;C:\WINDOWS\system32;C:\WINDOWS;C:\WINDOWS\System32\Wbem;C:\WINDOWS\System32\WindowsPowerShell\v1.0\;C:\WINDOWS\System32\OpenSSH\;D:\workspack\gpg\Gpg4win\..\GnuPG\bin;C:\Program Files\Intel\WiFi\bin\;C:\Program Files\Common Files\Intel\WirelessCommon\;C:\Users\Shinelon\AppData\Local\Microsoft\WindowsApps;C:\Users\Shinelon\AppData\Local\GitHubDesktop\bin;C:\Users\Shinelon\AppData\Roaming\npm;%USERPROFILE%\AppData\Local\Microsoft\WindowsApps;;., surefire.test.class.path=D:\workspack\project\gostyu\passcloud-master\paascloud-provider\paascloud-provider-opc\target\test-classes;D:\workspack\project\gostyu\passcloud-master\paascloud-provider\paascloud-provider-opc\target\classes;D:\maven\repository\mysql\mysql-connector-java\5.1.46\mysql-connector-java-5.1.46.jar;D:\maven\repository\joda-time\joda-time\2.9.9\joda-time-2.9.9.jar;D:\maven\repository\org\mybatis\spring\boot\mybatis-spring-boot-starter\1.3.2\mybatis-spring-boot-starter-1.3.2.jar;D:\maven\repository\org\springframework\boot\spring-boot-starter\2.0.2.RELEASE\spring-boot-starter-2.0.2.RELEASE.jar;D:\maven\repository\org\springframework\boot\spring-boot-starter-logging\2.0.2.RELEASE\spring-boot-starter-logging-2.0.2.RELEASE.jar;D:\maven\repository\org\apache\logging\log4j\log4j-to-slf4j\2.10.0\log4j-to-slf4j-2.10.0.jar;D:\maven\repository\org\apache\logging\log4j\log4j-api\2.10.0\log4j-api-2.10.0.jar;D:\maven\repository\org\slf4j\jul-to-slf4j\1.7.25\jul-to-slf4j-1.7.25.jar;D:\maven\repository\javax\annotation\javax.annotation-api\1.3.2\javax.annotation-api-1.3.2.jar;D:\maven\repository\org\springframework\boot\spring-boot-starter-jdbc\2.0.2.RELEASE\spring-boot-starter-jdbc-2.0.2.RELEASE.jar;D:\maven\repository\com\zaxxer\HikariCP\2.7.9\HikariCP-2.7.9.jar;D:\maven\repository\org\springframework\spring-jdbc\5.0.6.RELEASE\spring-jdbc-5.0.6.RELEASE.jar;D:\maven\repository\org\mybatis\spring\boot\mybatis-spring-boot-autoconfigure\1.3.2\mybatis-spring-boot-autoconfigure-1.3.2.jar;D:\maven\repository\org\mybatis\mybatis\3.4.6\mybatis-3.4.6.jar;D:\maven\repository\org\mybatis\mybatis-spring\1.3.2\mybatis-spring-1.3.2.jar;D:\maven\repository\com\github\pagehelper\pagehelper-spring-boot-starter\1.2.5\pagehelper-spring-boot-starter-1.2.5.jar;D:\maven\repository\com\github\pagehelper\pagehelper-spring-boot-autoconfigure\1.2.5\pagehelper-spring-boot-autoconfigure-1.2.5.jar;D:\maven\repository\com\github\pagehelper\pagehelper\5.1.4\pagehelper-5.1.4.jar;D:\maven\repository\com\github\jsqlparser\jsqlparser\1.0\jsqlparser-1.0.jar;D:\maven\repository\com\alibaba\druid-spring-boot-starter\1.1.10\druid-spring-boot-starter-1.1.10.jar;D:\maven\repository\org\slf4j\slf4j-api\1.7.25\slf4j-api-1.7.25.jar;D:\maven\repository\org\springframework\boot\spring-boot-autoconfigure\2.0.2.RELEASE\spring-boot-autoconfigure-2.0.2.RELEASE.jar;D:\maven\repository\org\springframework\cloud\spring-cloud-starter-feign\1.4.5.RELEASE\spring-cloud-starter-feign-1.4.5.RELEASE.jar;D:\maven\repository\org\springframework\cloud\spring-cloud-starter-openfeign\2.0.1.RELEASE\spring-cloud-starter-openfeign-2.0.1.RELEASE.jar;D:\maven\repository\org\springframework\cloud\spring-cloud-openfeign-core\2.0.1.RELEASE\spring-cloud-openfeign-core-2.0.1.RELEASE.jar;D:\maven\repository\io\github\openfeign\feign-core\9.5.1\feign-core-9.5.1.jar;D:\maven\repository\io\github\openfeign\feign-slf4j\9.5.1\feign-slf4j-9.5.1.jar;D:\maven\repository\io\github\openfeign\feign-hystrix\9.5.1\feign-hystrix-9.5.1.jar;D:\maven\repository\io\github\openfeign\feign-java8\9.5.1\feign-java8-9.5.1.jar;D:\maven\repository\com\fasterxml\jackson\core\jackson-databind\2.9.5\jackson-databind-2.9.5.jar;D:\maven\repository\com\fasterxml\jackson\core\jackson-annotations\2.9.0\jackson-annotations-2.9.0.jar;D:\maven\repository\com\fasterxml\jackson\core\jackson-core\2.9.5\jackson-core-2.9.5.jar;D:\workspack\project\gostyu\passcloud-master\paascloud-provider-api\paascloud-provider-omc-api\target\paascloud-provider-omc-api-0.0.1-SNAPSHOT.jar;D:\workspack\project\gostyu\passcloud-master\passcloud-common\passcloud-common-base\target\passcloud-common-base-0.0.1-SNAPSHOT.jar;D:\workspack\project\gostyu\passcloud-master\passcloud-common\passcloud-security-feign\target\passcloud-security-feign-0.0.1-SNAPSHOT.jar;D:\maven\repository\com\netflix\feign\feign-okhttp\8.18.0\feign-okhttp-8.18.0.jar;D:\maven\repository\com\netflix\feign\feign-core\8.18.0\feign-core-8.18.0.jar;D:\maven\repository\org\jvnet\animal-sniffer-annotation\1.0\animal-sniffer-annotation-1.0.jar;D:\workspack\project\gostyu\passcloud-master\paascloud-provider-api\paascloud-provider-mdc-api\target\paascloud-provider-mdc-api-0.0.1-SNAPSHOT.jar;D:\workspack\project\gostyu\passcloud-master\paascloud-provider-api\paascloud-provider-opc-api\target\paascloud-provider-opc-api-0.0.1-SNAPSHOT.jar;D:\maven\repository\io\github\openfeign\form\feign-form\3.0.3\feign-form-3.0.3.jar;D:\maven\repository\io\github\openfeign\form\feign-form-spring\3.0.3\feign-form-spring-3.0.3.jar;D:\workspack\project\gostyu\passcloud-master\paascloud-provider-api\paascloud-provider-sdk-api\target\paascloud-provider-sdk-api-0.0.1-SNAPSHOT.jar;D:\workspack\project\gostyu\passcloud-master\paascloud-provider-api\paascloud-provider-tpc-api\target\paascloud-provider-tpc-api-0.0.1-SNAPSHOT.jar;D:\workspack\project\gostyu\passcloud-master\passcloud-common\passcloud-common-zk\target\passcloud-common-zk-0.0.1-SNAPSHOT.jar;D:\maven\repository\org\apache\curator\curator-framework\4.0.1\curator-framework-4.0.1.jar;D:\maven\repository\org\apache\curator\curator-recipes\4.0.1\curator-recipes-4.0.1.jar;D:\maven\repository\org\apache\curator\curator-client\4.0.1\curator-client-4.0.1.jar;D:\maven\repository\org\apache\zookeeper\zookeeper\3.5.3-beta\zookeeper-3.5.3-beta.jar;D:\maven\repository\commons-cli\commons-cli\1.2\commons-cli-1.2.jar;D:\maven\repository\io\netty\netty\3.10.5.Final\netty-3.10.5.Final.jar;D:\maven\repository\tk\mybatis\mapper\4.0.3\mapper-4.0.3.jar;D:\maven\repository\javax\persistence\persistence-api\1.0.2\persistence-api-1.0.2.jar;D:\maven\repository\org\aspectj\aspectjweaver\1.8.13\aspectjweaver-1.8.13.jar;D:\maven\repository\org\springframework\spring-tx\5.0.6.RELEASE\spring-tx-5.0.6.RELEASE.jar;D:\maven\repository\org\springframework\spring-beans\5.0.6.RELEASE\spring-beans-5.0.6.RELEASE.jar;D:\maven\repository\org\apache\rocketmq\rocketmq-client\4.3.0\rocketmq-client-4.3.0.jar;D:\maven\repository\org\apache\rocketmq\rocketmq-common\4.3.0\rocketmq-common-4.3.0.jar;D:\maven\repository\org\apache\rocketmq\rocketmq-remoting\4.3.0\rocketmq-remoting-4.3.0.jar;D:\maven\repository\io\netty\netty-all\4.1.24.Final\netty-all-4.1.24.Final.jar;D:\maven\repository\org\apache\rocketmq\rocketmq-logging\4.3.0\rocketmq-logging-4.3.0.jar;D:\maven\repository\io\netty\netty-tcnative-boringssl-static\1.1.33.Fork26\netty-tcnative-boringssl-static-1.1.33.Fork26.jar;D:\maven\repository\com\aliyun\aliyun-java-sdk-core\4.0.7\aliyun-java-sdk-core-4.0.7.jar;D:\maven\repository\com\google\code\gson\gson\2.8.4\gson-2.8.4.jar;D:\maven\repository\org\apache\httpcomponents\httpclient\4.5.5\httpclient-4.5.5.jar;D:\maven\repository\org\apache\httpcomponents\httpcore\4.4.9\httpcore-4.4.9.jar;D:\maven\repository\javax\xml\bind\jaxb-api\2.3.0\jaxb-api-2.3.0.jar;D:\maven\repository\com\sun\xml\bind\jaxb-core\2.1.14\jaxb-core-2.1.14.jar;D:\maven\repository\com\sun\xml\bind\jaxb-impl\2.1\jaxb-impl-2.1.jar;D:\maven\repository\javax\activation\activation\1.1.1\activation-1.1.1.jar;D:\maven\repository\com\aliyun\aliyun-java-sdk-dysmsapi\1.1.0\aliyun-java-sdk-dysmsapi-1.1.0.jar;D:\maven\repository\com\qiniu\qiniu-java-sdk\7.2.14\qiniu-java-sdk-7.2.14.jar;D:\maven\repository\com\squareup\okhttp3\okhttp\3.8.1\okhttp-3.8.1.jar;D:\maven\repository\com\squareup\okio\okio\1.13.0\okio-1.13.0.jar;D:\maven\repository\com\qiniu\happy-dns-java\0.1.6\happy-dns-java-0.1.6.jar;D:\maven\repository\org\springframework\boot\spring-boot-starter-mail\2.0.2.RELEASE\spring-boot-starter-mail-2.0.2.RELEASE.jar;D:\maven\repository\org\springframework\spring-context\5.0.6.RELEASE\spring-context-5.0.6.RELEASE.jar;D:\maven\repository\org\springframework\spring-expression\5.0.6.RELEASE\spring-expression-5.0.6.RELEASE.jar;D:\maven\repository\org\springframework\spring-context-support\5.0.6.RELEASE\spring-context-support-5.0.6.RELEASE.jar;D:\maven\repository\com\sun\mail\javax.mail\1.6.1\javax.mail-1.6.1.jar;D:\maven\repository\org\springframework\boot\spring-boot-starter-freemarker\2.0.2.RELEASE\spring-boot-starter-freemarker-2.0.2.RELEASE.jar;D:\maven\repository\org\freemarker\freemarker\2.3.28\freemarker-2.3.28.jar;D:\maven\repository\de\codecentric\spring-boot-admin-starter-client\2.0.0\spring-boot-admin-starter-client-2.0.0.jar;D:\maven\repository\de\codecentric\spring-boot-admin-client\2.0.0\spring-boot-admin-client-2.0.0.jar;D:\maven\repository\com\github\penggle\kaptcha\2.3.2\kaptcha-2.3.2.jar;D:\maven\repository\javax\servlet\javax.servlet-api\3.1.0\javax.servlet-api-3.1.0.jar;D:\maven\repository\com\jhlabs\filters\2.0.235-1\filters-2.0.235-1.jar;D:\maven\repository\commons-io\commons-io\2.6\commons-io-2.6.jar;D:\maven\repository\org\springframework\retry\spring-retry\1.2.2.RELEASE\spring-retry-1.2.2.RELEASE.jar;D:\maven\repository\org\springframework\spring-core\5.0.6.RELEASE\spring-core-5.0.6.RELEASE.jar;D:\maven\repository\org\springframework\spring-jcl\5.0.6.RELEASE\spring-jcl-5.0.6.RELEASE.jar;D:\maven\repository\org\springframework\cloud\spring-cloud-starter-config\2.0.1.RELEASE\spring-cloud-starter-config-2.0.1.RELEASE.jar;D:\maven\repository\org\springframework\cloud\spring-cloud-starter\2.0.1.RELEASE\spring-cloud-starter-2.0.1.RELEASE.jar;D:\maven\repository\org\springframework\cloud\spring-cloud-context\2.0.1.RELEASE\spring-cloud-context-2.0.1.RELEASE.jar;D:\maven\repository\org\springframework\security\spring-security-rsa\1.0.5.RELEASE\spring-security-rsa-1.0.5.RELEASE.jar;D:\maven\repository\org\springframework\cloud\spring-cloud-config-client\2.0.1.RELEASE\spring-cloud-config-client-2.0.1.RELEASE.jar;D:\maven\repository\org\springframework\cloud\spring-cloud-starter-netflix-eureka-client\2.0.1.RELEASE\spring-cloud-starter-netflix-eureka-client-2.0.1.RELEASE.jar;D:\maven\repository\org\springframework\cloud\spring-cloud-netflix-core\2.0.1.RELEASE\spring-cloud-netflix-core-2.0.1.RELEASE.jar;D:\maven\repository\org\springframework\cloud\spring-cloud-netflix-eureka-client\2.0.1.RELEASE\spring-cloud-netflix-eureka-client-2.0.1.RELEASE.jar;D:\maven\repository\com\netflix\eureka\eureka-client\1.9.3\eureka-client-1.9.3.jar;D:\maven\repository\org\codehaus\jettison\jettison\1.3.7\jettison-1.3.7.jar;D:\maven\repository\stax\stax-api\1.0.1\stax-api-1.0.1.jar;D:\maven\repository\com\netflix\netflix-commons\netflix-eventbus\0.3.0\netflix-eventbus-0.3.0.jar;D:\maven\repository\com\netflix\netflix-commons\netflix-infix\0.3.0\netflix-infix-0.3.0.jar;D:\maven\repository\commons-jxpath\commons-jxpath\1.3\commons-jxpath-1.3.jar;D:\maven\repository\org\antlr\antlr-runtime\3.4\antlr-runtime-3.4.jar;D:\maven\repository\org\antlr\stringtemplate\3.2.1\stringtemplate-3.2.1.jar;D:\maven\repository\antlr\antlr\2.7.7\antlr-2.7.7.jar;D:\maven\repository\org\apache\commons\commons-math\2.2\commons-math-2.2.jar;D:\maven\repository\com\netflix\archaius\archaius-core\0.7.6\archaius-core-0.7.6.jar;D:\maven\repository\javax\ws\rs\jsr311-api\1.1.1\jsr311-api-1.1.1.jar;D:\maven\repository\com\netflix\servo\servo-core\0.12.21\servo-core-0.12.21.jar;D:\maven\repository\com\sun\jersey\jersey-core\1.19.1\jersey-core-1.19.1.jar;D:\maven\repository\com\sun\jersey\jersey-client\1.19.1\jersey-client-1.19.1.jar;D:\maven\repository\com\sun\jersey\contribs\jersey-apache-client4\1.19.1\jersey-apache-client4-1.19.1.jar;D:\maven\repository\com\google\inject\guice\4.1.0\guice-4.1.0.jar;D:\maven\repository\javax\inject\javax.inject\1\javax.inject-1.jar;D:\maven\repository\aopalliance\aopalliance\1.0\aopalliance-1.0.jar;D:\maven\repository\com\github\vlsi\compactmap\compactmap\1.2.1\compactmap-1.2.1.jar;D:\maven\repository\com\github\andrewoma\dexx\dexx-collections\0.2\dexx-collections-0.2.jar;D:\maven\repository\com\netflix\eureka\eureka-core\1.9.3\eureka-core-1.9.3.jar;D:\maven\repository\org\codehaus\woodstox\woodstox-core-asl\4.4.1\woodstox-core-asl-4.4.1.jar;D:\maven\repository\javax\xml\stream\stax-api\1.0-2\stax-api-1.0-2.jar;D:\maven\repository\org\codehaus\woodstox\stax2-api\3.1.4\stax2-api-3.1.4.jar;D:\maven\repository\org\springframework\cloud\spring-cloud-starter-netflix-archaius\2.0.1.RELEASE\spring-cloud-starter-netflix-archaius-2.0.1.RELEASE.jar;D:\maven\repository\org\springframework\cloud\spring-cloud-netflix-ribbon\2.0.1.RELEASE\spring-cloud-netflix-ribbon-2.0.1.RELEASE.jar;D:\maven\repository\org\springframework\cloud\spring-cloud-netflix-archaius\2.0.1.RELEASE\spring-cloud-netflix-archaius-2.0.1.RELEASE.jar;D:\maven\repository\commons-configuration\commons-configuration\1.8\commons-configuration-1.8.jar;D:\maven\repository\commons-lang\commons-lang\2.6\commons-lang-2.6.jar;D:\maven\repository\org\springframework\cloud\spring-cloud-starter-netflix-ribbon\2.0.1.RELEASE\spring-cloud-starter-netflix-ribbon-2.0.1.RELEASE.jar;D:\maven\repository\com\netflix\ribbon\ribbon\2.2.5\ribbon-2.2.5.jar;D:\maven\repository\com\netflix\ribbon\ribbon-transport\2.2.5\ribbon-transport-2.2.5.jar;D:\maven\repository\io\reactivex\rxnetty-contexts\0.4.9\rxnetty-contexts-0.4.9.jar;D:\maven\repository\io\reactivex\rxnetty-servo\0.4.9\rxnetty-servo-0.4.9.jar;D:\maven\repository\io\reactivex\rxnetty\0.4.9\rxnetty-0.4.9.jar;D:\maven\repository\io\netty\netty-codec-http\4.1.24.Final\netty-codec-http-4.1.24.Final.jar;D:\maven\repository\io\netty\netty-codec\4.1.24.Final\netty-codec-4.1.24.Final.jar;D:\maven\repository\io\netty\netty-transport-native-epoll\4.1.24.Final\netty-transport-native-epoll-4.1.24.Final.jar;D:\maven\repository\io\netty\netty-common\4.1.24.Final\netty-common-4.1.24.Final.jar;D:\maven\repository\io\netty\netty-buffer\4.1.24.Final\netty-buffer-4.1.24.Final.jar;D:\maven\repository\io\netty\netty-transport-native-unix-common\4.1.24.Final\netty-transport-native-unix-common-4.1.24.Final.jar;D:\maven\repository\io\netty\netty-transport\4.1.24.Final\netty-transport-4.1.24.Final.jar;D:\maven\repository\io\netty\netty-resolver\4.1.24.Final\netty-resolver-4.1.24.Final.jar;D:\maven\repository\com\netflix\ribbon\ribbon-core\2.2.5\ribbon-core-2.2.5.jar;D:\maven\repository\com\netflix\ribbon\ribbon-httpclient\2.2.5\ribbon-httpclient-2.2.5.jar;D:\maven\repository\com\netflix\netflix-commons\netflix-commons-util\0.3.0\netflix-commons-util-0.3.0.jar;D:\maven\repository\com\netflix\ribbon\ribbon-loadbalancer\2.2.5\ribbon-loadbalancer-2.2.5.jar;D:\maven\repository\com\netflix\netflix-commons\netflix-statistics\0.1.1\netflix-statistics-0.1.1.jar;D:\maven\repository\io\reactivex\rxjava\1.2.0\rxjava-1.2.0.jar;D:\maven\repository\com\netflix\ribbon\ribbon-eureka\2.2.5\ribbon-eureka-2.2.5.jar;D:\maven\repository\com\thoughtworks\xstream\xstream\1.4.10\xstream-1.4.10.jar;D:\maven\repository\xmlpull\xmlpull\1.1.3.1\xmlpull-1.1.3.1.jar;D:\maven\repository\xpp3\xpp3_min\1.1.4c\xpp3_min-1.1.4c.jar;D:\maven\repository\org\springframework\cloud\spring-cloud-starter-sleuth\2.0.1.RELEASE\spring-cloud-starter-sleuth-2.0.1.RELEASE.jar;D:\maven\repository\org\springframework\cloud\spring-cloud-sleuth-core\2.0.1.RELEASE\spring-cloud-sleuth-core-2.0.1.RELEASE.jar;D:\maven\repository\org\aspectj\aspectjrt\1.8.13\aspectjrt-1.8.13.jar;D:\maven\repository\io\zipkin\brave\brave\5.1.4\brave-5.1.4.jar;D:\maven\repository\io\zipkin\brave\brave-context-log4j2\5.1.4\brave-context-log4j2-5.1.4.jar;D:\maven\repository\io\zipkin\brave\brave-instrumentation-spring-web\5.1.4\brave-instrumentation-spring-web-5.1.4.jar;D:\maven\repository\io\zipkin\brave\brave-instrumentation-http\5.1.4\brave-instrumentation-http-5.1.4.jar;D:\maven\repository\io\zipkin\brave\brave-instrumentation-spring-rabbit\5.1.4\brave-instrumentation-spring-rabbit-5.1.4.jar;D:\maven\repository\io\zipkin\brave\brave-instrumentation-kafka-clients\5.1.4\brave-instrumentation-kafka-clients-5.1.4.jar;D:\maven\repository\io\zipkin\brave\brave-instrumentation-httpclient\5.1.4\brave-instrumentation-httpclient-5.1.4.jar;D:\maven\repository\io\zipkin\brave\brave-instrumentation-httpasyncclient\5.1.4\brave-instrumentation-httpasyncclient-5.1.4.jar;D:\maven\repository\io\zipkin\brave\brave-instrumentation-spring-webmvc\5.1.4\brave-instrumentation-spring-webmvc-5.1.4.jar;D:\maven\repository\io\zipkin\brave\brave-instrumentation-servlet\5.1.4\brave-instrumentation-servlet-5.1.4.jar;D:\maven\repository\org\springframework\cloud\spring-cloud-sleuth-zipkin\2.0.1.RELEASE\spring-cloud-sleuth-zipkin-2.0.1.RELEASE.jar;D:\maven\repository\org\springframework\spring-web\5.0.6.RELEASE\spring-web-5.0.6.RELEASE.jar;D:\maven\repository\org\springframework\cloud\spring-cloud-commons\2.0.1.RELEASE\spring-cloud-commons-2.0.1.RELEASE.jar;D:\maven\repository\org\springframework\security\spring-security-crypto\5.0.5.RELEASE\spring-security-crypto-5.0.5.RELEASE.jar;D:\maven\repository\io\zipkin\zipkin2\zipkin\2.10.4\zipkin-2.10.4.jar;D:\maven\repository\io\zipkin\reporter2\zipkin-reporter\2.7.7\zipkin-reporter-2.7.7.jar;D:\maven\repository\io\zipkin\reporter2\zipkin-sender-kafka11\2.7.7\zipkin-sender-kafka11-2.7.7.jar;D:\maven\repository\io\zipkin\reporter2\zipkin-sender-amqp-client\2.7.7\zipkin-sender-amqp-client-2.7.7.jar;D:\maven\repository\tk\mybatis\mapper-spring-boot-starter\2.0.2\mapper-spring-boot-starter-2.0.2.jar;D:\maven\repository\tk\mybatis\mapper-base\1.0.1\mapper-base-1.0.1.jar;D:\maven\repository\tk\mybatis\mapper-weekend\1.1.3\mapper-weekend-1.1.3.jar;D:\maven\repository\tk\mybatis\mapper-spring\1.0.1\mapper-spring-1.0.1.jar;D:\maven\repository\tk\mybatis\mapper-extra\1.0.1\mapper-extra-1.0.1.jar;D:\maven\repository\tk\mybatis\mapper-spring-boot-autoconfigure\2.0.2\mapper-spring-boot-autoconfigure-2.0.2.jar;D:\workspack\project\gostyu\passcloud-master\passcloud-common\passcloud-common-util\target\passcloud-common-util-0.0.1-SNAPSHOT.jar;D:\maven\repository\org\apache\commons\commons-lang3\3.7\commons-lang3-3.7.jar;D:\maven\repository\ch\qos\logback\logback-classic\1.2.3\logback-classic-1.2.3.jar;D:\maven\repository\org\codehaus\jackson\jackson-smile\1.9.13\jackson-smile-1.9.13.jar;D:\maven\repository\org\codehaus\jackson\jackson-core-asl\1.9.13\jackson-core-asl-1.9.13.jar;D:\maven\repository\org\codehaus\jackson\jackson-mapper-asl\1.9.13\jackson-mapper-asl-1.9.13.jar;D:\maven\repository\com\xiaoleilu\hutool-all\3.3.2\hutool-all-3.3.2.jar;D:\maven\repository\commons-beanutils\commons-beanutils\1.9.3\commons-beanutils-1.9.3.jar;D:\maven\repository\commons-logging\commons-logging\1.2\commons-logging-1.2.jar;D:\maven\repository\commons-collections\commons-collections\3.2.2\commons-collections-3.2.2.jar;D:\maven\repository\org\springframework\boot\spring-boot-starter-data-redis\2.0.2.RELEASE\spring-boot-starter-data-redis-2.0.2.RELEASE.jar;D:\maven\repository\org\springframework\data\spring-data-redis\2.0.7.RELEASE\spring-data-redis-2.0.7.RELEASE.jar;D:\maven\repository\org\springframework\data\spring-data-keyvalue\2.0.7.RELEASE\spring-data-keyvalue-2.0.7.RELEASE.jar;D:\maven\repository\org\springframework\data\spring-data-commons\2.0.7.RELEASE\spring-data-commons-2.0.7.RELEASE.jar;D:\maven\repository\org\springframework\spring-oxm\5.0.6.RELEASE\spring-oxm-5.0.6.RELEASE.jar;D:\maven\repository\redis\clients\jedis\2.9.0\jedis-2.9.0.jar;D:\maven\repository\org\apache\commons\commons-pool2\2.5.0\commons-pool2-2.5.0.jar;D:\maven\repository\com\alibaba\fastjson\1.2.47\fastjson-1.2.47.jar;D:\workspack\project\gostyu\passcloud-master\passcloud-common\passcloud-common-core\target\passcloud-common-core-0.0.1-SNAPSHOT.jar;D:\maven\repository\org\springframework\cloud\spring-cloud-starter-oauth2\2.0.0.RELEASE\spring-cloud-starter-oauth2-2.0.0.RELEASE.jar;D:\maven\repository\org\springframework\cloud\spring-cloud-starter-security\2.0.0.RELEASE\spring-cloud-starter-security-2.0.0.RELEASE.jar;D:\maven\repository\org\springframework\cloud\spring-cloud-security\2.0.0.RELEASE\spring-cloud-security-2.0.0.RELEASE.jar;D:\maven\repository\org\springframework\boot\spring-boot-starter-security\2.0.2.RELEASE\spring-boot-starter-security-2.0.2.RELEASE.jar;D:\maven\repository\org\springframework\security\oauth\boot\spring-security-oauth2-autoconfigure\2.0.0.RELEASE\spring-security-oauth2-autoconfigure-2.0.0.RELEASE.jar;D:\maven\repository\org\springframework\security\oauth\spring-security-oauth2\2.2.1.RELEASE\spring-security-oauth2-2.2.1.RELEASE.jar;D:\maven\repository\org\springframework\security\spring-security-core\5.0.5.RELEASE\spring-security-core-5.0.5.RELEASE.jar;D:\maven\repository\org\springframework\security\spring-security-config\5.0.5.RELEASE\spring-security-config-5.0.5.RELEASE.jar;D:\maven\repository\org\springframework\security\spring-security-web\5.0.5.RELEASE\spring-security-web-5.0.5.RELEASE.jar;D:\workspack\project\gostyu\passcloud-master\passcloud-common\passcloud-common-conf\target\passcloud-common-conf-0.0.1-SNAPSHOT.jar;D:\maven\repository\eu\bitwalker\UserAgentUtils\1.20\UserAgentUtils-1.20.jar;D:\maven\repository\com\fasterxml\jackson\module\jackson-module-parameter-names\2.9.5\jackson-module-parameter-names-2.9.5.jar;D:\maven\repository\com\fasterxml\jackson\datatype\jackson-datatype-jdk8\2.9.5\jackson-datatype-jdk8-2.9.5.jar;D:\maven\repository\com\fasterxml\jackson\datatype\jackson-datatype-jsr310\2.9.5\jackson-datatype-jsr310-2.9.5.jar;D:\maven\repository\io\jsonwebtoken\jjwt\0.9.0\jjwt-0.9.0.jar;D:\maven\repository\com\arronlong\httpclientutil\httpclientutil\1.0\httpclientutil-1.0.jar;D:\maven\repository\org\apache\httpcomponents\httpmime\4.5.5\httpmime-4.5.5.jar;D:\maven\repository\org\apache\httpcomponents\httpasyncclient\4.1.3\httpasyncclient-4.1.3.jar;D:\maven\repository\org\apache\httpcomponents\httpcore-nio\4.4.9\httpcore-nio-4.4.9.jar;D:\maven\repository\log4j\log4j\1.2.17\log4j-1.2.17.jar;D:\maven\repository\com\netflix\hystrix\hystrix-core\1.5.12\hystrix-core-1.5.12.jar;D:\maven\repository\org\hdrhistogram\HdrHistogram\2.1.9\HdrHistogram-2.1.9.jar;D:\maven\repository\org\springframework\boot\spring-boot-starter-actuator\2.0.2.RELEASE\spring-boot-starter-actuator-2.0.2.RELEASE.jar;D:\maven\repository\org\springframework\boot\spring-boot-actuator-autoconfigure\2.0.2.RELEASE\spring-boot-actuator-autoconfigure-2.0.2.RELEASE.jar;D:\maven\repository\org\springframework\boot\spring-boot-actuator\2.0.2.RELEASE\spring-boot-actuator-2.0.2.RELEASE.jar;D:\maven\repository\io\micrometer\micrometer-core\1.0.4\micrometer-core-1.0.4.jar;D:\maven\repository\org\latencyutils\LatencyUtils\2.0.3\LatencyUtils-2.0.3.jar;D:\maven\repository\org\springframework\cloud\spring-cloud-starter-hystrix\1.4.5.RELEASE\spring-cloud-starter-hystrix-1.4.5.RELEASE.jar;D:\maven\repository\org\springframework\cloud\spring-cloud-starter-netflix-hystrix\2.0.1.RELEASE\spring-cloud-starter-netflix-hystrix-2.0.1.RELEASE.jar;D:\maven\repository\com\netflix\hystrix\hystrix-serialization\1.5.12\hystrix-serialization-1.5.12.jar;D:\maven\repository\com\fasterxml\jackson\module\jackson-module-afterburner\2.9.5\jackson-module-afterburner-2.9.5.jar;D:\maven\repository\com\netflix\hystrix\hystrix-metrics-event-stream\1.5.12\hystrix-metrics-event-stream-1.5.12.jar;D:\maven\repository\io\reactivex\rxjava-reactive-streams\1.2.1\rxjava-reactive-streams-1.2.1.jar;D:\maven\repository\org\reactivestreams\reactive-streams\1.0.2\reactive-streams-1.0.2.jar;D:\maven\repository\org\springframework\boot\spring-boot-starter-web\2.0.2.RELEASE\spring-boot-starter-web-2.0.2.RELEASE.jar;D:\maven\repository\org\springframework\boot\spring-boot-starter-json\2.0.2.RELEASE\spring-boot-starter-json-2.0.2.RELEASE.jar;D:\maven\repository\org\springframework\boot\spring-boot-starter-tomcat\2.0.2.RELEASE\spring-boot-starter-tomcat-2.0.2.RELEASE.jar;D:\maven\repository\org\apache\tomcat\embed\tomcat-embed-core\8.5.31\tomcat-embed-core-8.5.31.jar;D:\maven\repository\org\apache\tomcat\embed\tomcat-embed-websocket\8.5.31\tomcat-embed-websocket-8.5.31.jar;D:\maven\repository\org\hibernate\validator\hibernate-validator\6.0.9.Final\hibernate-validator-6.0.9.Final.jar;D:\maven\repository\javax\validation\validation-api\2.0.1.Final\validation-api-2.0.1.Final.jar;D:\maven\repository\org\jboss\logging\jboss-logging\3.3.2.Final\jboss-logging-3.3.2.Final.jar;D:\maven\repository\org\springframework\spring-webmvc\5.0.6.RELEASE\spring-webmvc-5.0.6.RELEASE.jar;D:\maven\repository\net\logstash\logback\logstash-logback-encoder\5.1\logstash-logback-encoder-5.1.jar;D:\maven\repository\ch\qos\logback\logback-core\1.2.3\logback-core-1.2.3.jar;D:\maven\repository\com\google\guava\guava\26.0-jre\guava-26.0-jre.jar;D:\maven\repository\com\google\code\findbugs\jsr305\3.0.2\jsr305-3.0.2.jar;D:\maven\repository\org\checkerframework\checker-qual\2.5.2\checker-qual-2.5.2.jar;D:\maven\repository\com\google\errorprone\error_prone_annotations\2.1.3\error_prone_annotations-2.1.3.jar;D:\maven\repository\com\google\j2objc\j2objc-annotations\1.1\j2objc-annotations-1.1.jar;D:\maven\repository\org\codehaus\mojo\animal-sniffer-annotations\1.14\animal-sniffer-annotations-1.14.jar;D:\maven\repository\org\springframework\boot\spring-boot-starter-validation\2.0.2.RELEASE\spring-boot-starter-validation-2.0.2.RELEASE.jar;D:\maven\repository\org\apache\tomcat\embed\tomcat-embed-el\8.5.31\tomcat-embed-el-8.5.31.jar;D:\maven\repository\io\springfox\springfox-swagger-ui\2.8.0\springfox-swagger-ui-2.8.0.jar;D:\maven\repository\io\springfox\springfox-spring-web\2.8.0\springfox-spring-web-2.8.0.jar;D:\maven\repository\org\reflections\reflections\0.9.11\reflections-0.9.11.jar;D:\maven\repository\org\javassist\javassist\3.21.0-GA\javassist-3.21.0-GA.jar;D:\maven\repository\io\springfox\springfox-swagger2\2.8.0\springfox-swagger2-2.8.0.jar;D:\maven\repository\io\swagger\swagger-annotations\1.5.18\swagger-annotations-1.5.18.jar;D:\maven\repository\io\swagger\swagger-models\1.5.14\swagger-models-1.5.14.jar;D:\maven\repository\io\springfox\springfox-spi\2.8.0\springfox-spi-2.8.0.jar;D:\maven\repository\io\springfox\springfox-core\2.8.0\springfox-core-2.8.0.jar;D:\maven\repository\io\springfox\springfox-schema\2.8.0\springfox-schema-2.8.0.jar;D:\maven\repository\io\springfox\springfox-swagger-common\2.8.0\springfox-swagger-common-2.8.0.jar;D:\maven\repository\com\fasterxml\classmate\1.3.4\classmate-1.3.4.jar;D:\maven\repository\org\springframework\plugin\spring-plugin-core\1.2.0.RELEASE\spring-plugin-core-1.2.0.RELEASE.jar;D:\maven\repository\org\springframework\plugin\spring-plugin-metadata\1.2.0.RELEASE\spring-plugin-metadata-1.2.0.RELEASE.jar;D:\maven\repository\org\mapstruct\mapstruct\1.2.0.Final\mapstruct-1.2.0.Final.jar;D:\maven\repository\commons-codec\commons-codec\1.11\commons-codec-1.11.jar;D:\maven\repository\com\alibaba\druid\1.1.10\druid-1.1.10.jar;D:\maven\repository\org\mybatis\generator\mybatis-generator-core\1.3.7\mybatis-generator-core-1.3.7.jar;D:\maven\repository\org\springframework\boot\spring-boot-configuration-processor\2.0.2.RELEASE\spring-boot-configuration-processor-2.0.2.RELEASE.jar;D:\maven\repository\org\springframework\boot\spring-boot-devtools\2.0.2.RELEASE\spring-boot-devtools-2.0.2.RELEASE.jar;D:\maven\repository\org\springframework\boot\spring-boot\2.0.2.RELEASE\spring-boot-2.0.2.RELEASE.jar;D:\maven\repository\org\springframework\boot\spring-boot-starter-aop\2.0.2.RELEASE\spring-boot-starter-aop-2.0.2.RELEASE.jar;D:\maven\repository\org\springframework\spring-aop\5.0.6.RELEASE\spring-aop-5.0.6.RELEASE.jar;D:\maven\repository\org\modelmapper\modelmapper\2.1.1\modelmapper-2.1.1.jar;D:\maven\repository\org\jolokia\jolokia-core\1.5.0\jolokia-core-1.5.0.jar;D:\maven\repository\com\googlecode\json-simple\json-simple\1.1.1\json-simple-1.1.1.jar;D:\maven\repository\org\springframework\security\spring-security-jwt\1.0.9.RELEASE\spring-security-jwt-1.0.9.RELEASE.jar;D:\maven\repository\org\bouncycastle\bcpkix-jdk15on\1.56\bcpkix-jdk15on-1.56.jar;D:\maven\repository\org\bouncycastle\bcprov-jdk15on\1.56\bcprov-jdk15on-1.56.jar;D:\maven\repository\org\liquibase\liquibase-core\3.5.3\liquibase-core-3.5.3.jar;D:\maven\repository\org\yaml\snakeyaml\1.19\snakeyaml-1.19.jar;D:\maven\repository\org\springframework\cloud\spring-cloud-starter-zipkin\2.0.1.RELEASE\spring-cloud-starter-zipkin-2.0.1.RELEASE.jar;D:\maven\repository\org\springframework\amqp\spring-rabbit\2.0.3.RELEASE\spring-rabbit-2.0.3.RELEASE.jar;D:\maven\repository\org\springframework\amqp\spring-amqp\2.0.3.RELEASE\spring-amqp-2.0.3.RELEASE.jar;D:\maven\repository\com\rabbitmq\amqp-client\5.1.2\amqp-client-5.1.2.jar;D:\maven\repository\org\springframework\spring-messaging\5.0.6.RELEASE\spring-messaging-5.0.6.RELEASE.jar;D:\maven\repository\org\springframework\boot\spring-boot-starter-undertow\2.0.2.RELEASE\spring-boot-starter-undertow-2.0.2.RELEASE.jar;D:\maven\repository\io\undertow\undertow-core\1.4.25.Final\undertow-core-1.4.25.Final.jar;D:\maven\repository\org\jboss\xnio\xnio-api\3.3.8.Final\xnio-api-3.3.8.Final.jar;D:\maven\repository\org\jboss\xnio\xnio-nio\3.3.8.Final\xnio-nio-3.3.8.Final.jar;D:\maven\repository\io\undertow\undertow-servlet\1.4.25.Final\undertow-servlet-1.4.25.Final.jar;D:\maven\repository\org\jboss\spec\javax\annotation\jboss-annotations-api_1.2_spec\1.0.2.Final\jboss-annotations-api_1.2_spec-1.0.2.Final.jar;D:\maven\repository\io\undertow\undertow-websockets-jsr\1.4.25.Final\undertow-websockets-jsr-1.4.25.Final.jar;D:\maven\repository\org\jboss\spec\javax\websocket\jboss-websocket-api_1.1_spec\1.1.3.Final\jboss-websocket-api_1.1_spec-1.1.3.Final.jar;D:\maven\repository\org\glassfish\javax.el\3.0.0\javax.el-3.0.0.jar;D:\maven\repository\org\springframework\boot\spring-boot-starter-test\2.0.2.RELEASE\spring-boot-starter-test-2.0.2.RELEASE.jar;D:\maven\repository\org\springframework\boot\spring-boot-test\2.0.2.RELEASE\spring-boot-test-2.0.2.RELEASE.jar;D:\maven\repository\org\springframework\boot\spring-boot-test-autoconfigure\2.0.2.RELEASE\spring-boot-test-autoconfigure-2.0.2.RELEASE.jar;D:\maven\repository\com\jayway\jsonpath\json-path\2.4.0\json-path-2.4.0.jar;D:\maven\repository\net\minidev\json-smart\2.3\json-smart-2.3.jar;D:\maven\repository\net\minidev\accessors-smart\1.2\accessors-smart-1.2.jar;D:\maven\repository\junit\junit\4.12\junit-4.12.jar;D:\maven\repository\org\assertj\assertj-core\3.9.1\assertj-core-3.9.1.jar;D:\maven\repository\org\mockito\mockito-core\2.15.0\mockito-core-2.15.0.jar;D:\maven\repository\net\bytebuddy\byte-buddy\1.7.11\byte-buddy-1.7.11.jar;D:\maven\repository\net\bytebuddy\byte-buddy-agent\1.7.11\byte-buddy-agent-1.7.11.jar;D:\maven\repository\org\objenesis\objenesis\2.6\objenesis-2.6.jar;D:\maven\repository\org\hamcrest\hamcrest-core\1.3\hamcrest-core-1.3.jar;D:\maven\repository\org\hamcrest\hamcrest-library\1.3\hamcrest-library-1.3.jar;D:\maven\repository\org\skyscreamer\jsonassert\1.5.0\jsonassert-1.5.0.jar;D:\maven\repository\com\vaadin\external\google\android-json\0.0.20131108.vaadin1\android-json-0.0.20131108.vaadin1.jar;D:\maven\repository\org\springframework\spring-test\5.0.6.RELEASE\spring-test-5.0.6.RELEASE.jar;D:\maven\repository\org\xmlunit\xmlunit-core\2.5.1\xmlunit-core-2.5.1.jar;D:\maven\repository\org\springframework\boot\spring-boot-properties-migrator\2.0.4.RELEASE\spring-boot-properties-migrator-2.0.4.RELEASE.jar;D:\maven\repository\org\springframework\boot\spring-boot-configuration-metadata\2.0.2.RELEASE\spring-boot-configuration-metadata-2.0.2.RELEASE.jar;D:\maven\repository\com\netflix\hystrix\hystrix-javanica\1.5.12\hystrix-javanica-1.5.12.jar;D:\maven\repository\org\ow2\asm\asm\5.0.4\asm-5.0.4.jar;D:\maven\repository\org\projectlombok\lombok\1.16.20\lombok-1.16.20.jar;, java.specification.name=Java Platform API Specification, java.class.version=52.0, sun.management.compiler=HotSpot 64-Bit Tiered Compilers, os.version=6.3, user.home=C:\Users\Shinelon, user.timezone=Asia/Shanghai, java.awt.printerjob=sun.awt.windows.WPrinterJob, file.encoding=GBK, java.specification.version=1.8, java.class.path=D:\workspack\project\gostyu\passcloud-master\paascloud-provider\paascloud-provider-opc\target\test-classes;D:\workspack\project\gostyu\passcloud-master\paascloud-provider\paascloud-provider-opc\target\classes;D:\maven\repository\mysql\mysql-connector-java\5.1.46\mysql-connector-java-5.1.46.jar;D:\maven\repository\joda-time\joda-time\2.9.9\joda-time-2.9.9.jar;D:\maven\repository\org\mybatis\spring\boot\mybatis-spring-boot-starter\1.3.2\mybatis-spring-boot-starter-1.3.2.jar;D:\maven\repository\org\springframework\boot\spring-boot-starter\2.0.2.RELEASE\spring-boot-starter-2.0.2.RELEASE.jar;D:\maven\repository\org\springframework\boot\spring-boot-starter-logging\2.0.2.RELEASE\spring-boot-starter-logging-2.0.2.RELEASE.jar;D:\maven\repository\org\apache\logging\log4j\log4j-to-slf4j\2.10.0\log4j-to-slf4j-2.10.0.jar;D:\maven\repository\org\apache\logging\log4j\log4j-api\2.10.0\log4j-api-2.10.0.jar;D:\maven\repository\org\slf4j\jul-to-slf4j\1.7.25\jul-to-slf4j-1.7.25.jar;D:\maven\repository\javax\annotation\javax.annotation-api\1.3.2\javax.annotation-api-1.3.2.jar;D:\maven\repository\org\springframework\boot\spring-boot-starter-jdbc\2.0.2.RELEASE\spring-boot-starter-jdbc-2.0.2.RELEASE.jar;D:\maven\repository\com\zaxxer\HikariCP\2.7.9\HikariCP-2.7.9.jar;D:\maven\repository\org\springframework\spring-jdbc\5.0.6.RELEASE\spring-jdbc-5.0.6.RELEASE.jar;D:\maven\repository\org\mybatis\spring\boot\mybatis-spring-boot-autoconfigure\1.3.2\mybatis-spring-boot-autoconfigure-1.3.2.jar;D:\maven\repository\org\mybatis\mybatis\3.4.6\mybatis-3.4.6.jar;D:\maven\repository\org\mybatis\mybatis-spring\1.3.2\mybatis-spring-1.3.2.jar;D:\maven\repository\com\github\pagehelper\pagehelper-spring-boot-starter\1.2.5\pagehelper-spring-boot-starter-1.2.5.jar;D:\maven\repository\com\github\pagehelper\pagehelper-spring-boot-autoconfigure\1.2.5\pagehelper-spring-boot-autoconfigure-1.2.5.jar;D:\maven\repository\com\github\pagehelper\pagehelper\5.1.4\pagehelper-5.1.4.jar;D:\maven\repository\com\github\jsqlparser\jsqlparser\1.0\jsqlparser-1.0.jar;D:\maven\repository\com\alibaba\druid-spring-boot-starter\1.1.10\druid-spring-boot-starter-1.1.10.jar;D:\maven\repository\org\slf4j\slf4j-api\1.7.25\slf4j-api-1.7.25.jar;D:\maven\repository\org\springframework\boot\spring-boot-autoconfigure\2.0.2.RELEASE\spring-boot-autoconfigure-2.0.2.RELEASE.jar;D:\maven\repository\org\springframework\cloud\spring-cloud-starter-feign\1.4.5.RELEASE\spring-cloud-starter-feign-1.4.5.RELEASE.jar;D:\maven\repository\org\springframework\cloud\spring-cloud-starter-openfeign\2.0.1.RELEASE\spring-cloud-starter-openfeign-2.0.1.RELEASE.jar;D:\maven\repository\org\springframework\cloud\spring-cloud-openfeign-core\2.0.1.RELEASE\spring-cloud-openfeign-core-2.0.1.RELEASE.jar;D:\maven\repository\io\github\openfeign\feign-core\9.5.1\feign-core-9.5.1.jar;D:\maven\repository\io\github\openfeign\feign-slf4j\9.5.1\feign-slf4j-9.5.1.jar;D:\maven\repository\io\github\openfeign\feign-hystrix\9.5.1\feign-hystrix-9.5.1.jar;D:\maven\repository\io\github\openfeign\feign-java8\9.5.1\feign-java8-9.5.1.jar;D:\maven\repository\com\fasterxml\jackson\core\jackson-databind\2.9.5\jackson-databind-2.9.5.jar;D:\maven\repository\com\fasterxml\jackson\core\jackson-annotations\2.9.0\jackson-annotations-2.9.0.jar;D:\maven\repository\com\fasterxml\jackson\core\jackson-core\2.9.5\jackson-core-2.9.5.jar;D:\workspack\project\gostyu\passcloud-master\paascloud-provider-api\paascloud-provider-omc-api\target\paascloud-provider-omc-api-0.0.1-SNAPSHOT.jar;D:\workspack\project\gostyu\passcloud-master\passcloud-common\passcloud-common-base\target\passcloud-common-base-0.0.1-SNAPSHOT.jar;D:\workspack\project\gostyu\passcloud-master\passcloud-common\passcloud-security-feign\target\passcloud-security-feign-0.0.1-SNAPSHOT.jar;D:\maven\repository\com\netflix\feign\feign-okhttp\8.18.0\feign-okhttp-8.18.0.jar;D:\maven\repository\com\netflix\feign\feign-core\8.18.0\feign-core-8.18.0.jar;D:\maven\repository\org\jvnet\animal-sniffer-annotation\1.0\animal-sniffer-annotation-1.0.jar;D:\workspack\project\gostyu\passcloud-master\paascloud-provider-api\paascloud-provider-mdc-api\target\paascloud-provider-mdc-api-0.0.1-SNAPSHOT.jar;D:\workspack\project\gostyu\passcloud-master\paascloud-provider-api\paascloud-provider-opc-api\target\paascloud-provider-opc-api-0.0.1-SNAPSHOT.jar;D:\maven\repository\io\github\openfeign\form\feign-form\3.0.3\feign-form-3.0.3.jar;D:\maven\repository\io\github\openfeign\form\feign-form-spring\3.0.3\feign-form-spring-3.0.3.jar;D:\workspack\project\gostyu\passcloud-master\paascloud-provider-api\paascloud-provider-sdk-api\target\paascloud-provider-sdk-api-0.0.1-SNAPSHOT.jar;D:\workspack\project\gostyu\passcloud-master\paascloud-provider-api\paascloud-provider-tpc-api\target\paascloud-provider-tpc-api-0.0.1-SNAPSHOT.jar;D:\workspack\project\gostyu\passcloud-master\passcloud-common\passcloud-common-zk\target\passcloud-common-zk-0.0.1-SNAPSHOT.jar;D:\maven\repository\org\apache\curator\curator-framework\4.0.1\curator-framework-4.0.1.jar;D:\maven\repository\org\apache\curator\curator-recipes\4.0.1\curator-recipes-4.0.1.jar;D:\maven\repository\org\apache\curator\curator-client\4.0.1\curator-client-4.0.1.jar;D:\maven\repository\org\apache\zookeeper\zookeeper\3.5.3-beta\zookeeper-3.5.3-beta.jar;D:\maven\repository\commons-cli\commons-cli\1.2\commons-cli-1.2.jar;D:\maven\repository\io\netty\netty\3.10.5.Final\netty-3.10.5.Final.jar;D:\maven\repository\tk\mybatis\mapper\4.0.3\mapper-4.0.3.jar;D:\maven\repository\javax\persistence\persistence-api\1.0.2\persistence-api-1.0.2.jar;D:\maven\repository\org\aspectj\aspectjweaver\1.8.13\aspectjweaver-1.8.13.jar;D:\maven\repository\org\springframework\spring-tx\5.0.6.RELEASE\spring-tx-5.0.6.RELEASE.jar;D:\maven\repository\org\springframework\spring-beans\5.0.6.RELEASE\spring-beans-5.0.6.RELEASE.jar;D:\maven\repository\org\apache\rocketmq\rocketmq-client\4.3.0\rocketmq-client-4.3.0.jar;D:\maven\repository\org\apache\rocketmq\rocketmq-common\4.3.0\rocketmq-common-4.3.0.jar;D:\maven\repository\org\apache\rocketmq\rocketmq-remoting\4.3.0\rocketmq-remoting-4.3.0.jar;D:\maven\repository\io\netty\netty-all\4.1.24.Final\netty-all-4.1.24.Final.jar;D:\maven\repository\org\apache\rocketmq\rocketmq-logging\4.3.0\rocketmq-logging-4.3.0.jar;D:\maven\repository\io\netty\netty-tcnative-boringssl-static\1.1.33.Fork26\netty-tcnative-boringssl-static-1.1.33.Fork26.jar;D:\maven\repository\com\aliyun\aliyun-java-sdk-core\4.0.7\aliyun-java-sdk-core-4.0.7.jar;D:\maven\repository\com\google\code\gson\gson\2.8.4\gson-2.8.4.jar;D:\maven\repository\org\apache\httpcomponents\httpclient\4.5.5\httpclient-4.5.5.jar;D:\maven\repository\org\apache\httpcomponents\httpcore\4.4.9\httpcore-4.4.9.jar;D:\maven\repository\javax\xml\bind\jaxb-api\2.3.0\jaxb-api-2.3.0.jar;D:\maven\repository\com\sun\xml\bind\jaxb-core\2.1.14\jaxb-core-2.1.14.jar;D:\maven\repository\com\sun\xml\bind\jaxb-impl\2.1\jaxb-impl-2.1.jar;D:\maven\repository\javax\activation\activation\1.1.1\activation-1.1.1.jar;D:\maven\repository\com\aliyun\aliyun-java-sdk-dysmsapi\1.1.0\aliyun-java-sdk-dysmsapi-1.1.0.jar;D:\maven\repository\com\qiniu\qiniu-java-sdk\7.2.14\qiniu-java-sdk-7.2.14.jar;D:\maven\repository\com\squareup\okhttp3\okhttp\3.8.1\okhttp-3.8.1.jar;D:\maven\repository\com\squareup\okio\okio\1.13.0\okio-1.13.0.jar;D:\maven\repository\com\qiniu\happy-dns-java\0.1.6\happy-dns-java-0.1.6.jar;D:\maven\repository\org\springframework\boot\spring-boot-starter-mail\2.0.2.RELEASE\spring-boot-starter-mail-2.0.2.RELEASE.jar;D:\maven\repository\org\springframework\spring-context\5.0.6.RELEASE\spring-context-5.0.6.RELEASE.jar;D:\maven\repository\org\springframework\spring-expression\5.0.6.RELEASE\spring-expression-5.0.6.RELEASE.jar;D:\maven\repository\org\springframework\spring-context-support\5.0.6.RELEASE\spring-context-support-5.0.6.RELEASE.jar;D:\maven\repository\com\sun\mail\javax.mail\1.6.1\javax.mail-1.6.1.jar;D:\maven\repository\org\springframework\boot\spring-boot-starter-freemarker\2.0.2.RELEASE\spring-boot-starter-freemarker-2.0.2.RELEASE.jar;D:\maven\repository\org\freemarker\freemarker\2.3.28\freemarker-2.3.28.jar;D:\maven\repository\de\codecentric\spring-boot-admin-starter-client\2.0.0\spring-boot-admin-starter-client-2.0.0.jar;D:\maven\repository\de\codecentric\spring-boot-admin-client\2.0.0\spring-boot-admin-client-2.0.0.jar;D:\maven\repository\com\github\penggle\kaptcha\2.3.2\kaptcha-2.3.2.jar;D:\maven\repository\javax\servlet\javax.servlet-api\3.1.0\javax.servlet-api-3.1.0.jar;D:\maven\repository\com\jhlabs\filters\2.0.235-1\filters-2.0.235-1.jar;D:\maven\repository\commons-io\commons-io\2.6\commons-io-2.6.jar;D:\maven\repository\org\springframework\retry\spring-retry\1.2.2.RELEASE\spring-retry-1.2.2.RELEASE.jar;D:\maven\repository\org\springframework\spring-core\5.0.6.RELEASE\spring-core-5.0.6.RELEASE.jar;D:\maven\repository\org\springframework\spring-jcl\5.0.6.RELEASE\spring-jcl-5.0.6.RELEASE.jar;D:\maven\repository\org\springframework\cloud\spring-cloud-starter-config\2.0.1.RELEASE\spring-cloud-starter-config-2.0.1.RELEASE.jar;D:\maven\repository\org\springframework\cloud\spring-cloud-starter\2.0.1.RELEASE\spring-cloud-starter-2.0.1.RELEASE.jar;D:\maven\repository\org\springframework\cloud\spring-cloud-context\2.0.1.RELEASE\spring-cloud-context-2.0.1.RELEASE.jar;D:\maven\repository\org\springframework\security\spring-security-rsa\1.0.5.RELEASE\spring-security-rsa-1.0.5.RELEASE.jar;D:\maven\repository\org\springframework\cloud\spring-cloud-config-client\2.0.1.RELEASE\spring-cloud-config-client-2.0.1.RELEASE.jar;D:\maven\repository\org\springframework\cloud\spring-cloud-starter-netflix-eureka-client\2.0.1.RELEASE\spring-cloud-starter-netflix-eureka-client-2.0.1.RELEASE.jar;D:\maven\repository\org\springframework\cloud\spring-cloud-netflix-core\2.0.1.RELEASE\spring-cloud-netflix-core-2.0.1.RELEASE.jar;D:\maven\repository\org\springframework\cloud\spring-cloud-netflix-eureka-client\2.0.1.RELEASE\spring-cloud-netflix-eureka-client-2.0.1.RELEASE.jar;D:\maven\repository\com\netflix\eureka\eureka-client\1.9.3\eureka-client-1.9.3.jar;D:\maven\repository\org\codehaus\jettison\jettison\1.3.7\jettison-1.3.7.jar;D:\maven\repository\stax\stax-api\1.0.1\stax-api-1.0.1.jar;D:\maven\repository\com\netflix\netflix-commons\netflix-eventbus\0.3.0\netflix-eventbus-0.3.0.jar;D:\maven\repository\com\netflix\netflix-commons\netflix-infix\0.3.0\netflix-infix-0.3.0.jar;D:\maven\repository\commons-jxpath\commons-jxpath\1.3\commons-jxpath-1.3.jar;D:\maven\repository\org\antlr\antlr-runtime\3.4\antlr-runtime-3.4.jar;D:\maven\repository\org\antlr\stringtemplate\3.2.1\stringtemplate-3.2.1.jar;D:\maven\repository\antlr\antlr\2.7.7\antlr-2.7.7.jar;D:\maven\repository\org\apache\commons\commons-math\2.2\commons-math-2.2.jar;D:\maven\repository\com\netflix\archaius\archaius-core\0.7.6\archaius-core-0.7.6.jar;D:\maven\repository\javax\ws\rs\jsr311-api\1.1.1\jsr311-api-1.1.1.jar;D:\maven\repository\com\netflix\servo\servo-core\0.12.21\servo-core-0.12.21.jar;D:\maven\repository\com\sun\jersey\jersey-core\1.19.1\jersey-core-1.19.1.jar;D:\maven\repository\com\sun\jersey\jersey-client\1.19.1\jersey-client-1.19.1.jar;D:\maven\repository\com\sun\jersey\contribs\jersey-apache-client4\1.19.1\jersey-apache-client4-1.19.1.jar;D:\maven\repository\com\google\inject\guice\4.1.0\guice-4.1.0.jar;D:\maven\repository\javax\inject\javax.inject\1\javax.inject-1.jar;D:\maven\repository\aopalliance\aopalliance\1.0\aopalliance-1.0.jar;D:\maven\repository\com\github\vlsi\compactmap\compactmap\1.2.1\compactmap-1.2.1.jar;D:\maven\repository\com\github\andrewoma\dexx\dexx-collections\0.2\dexx-collections-0.2.jar;D:\maven\repository\com\netflix\eureka\eureka-core\1.9.3\eureka-core-1.9.3.jar;D:\maven\repository\org\codehaus\woodstox\woodstox-core-asl\4.4.1\woodstox-core-asl-4.4.1.jar;D:\maven\repository\javax\xml\stream\stax-api\1.0-2\stax-api-1.0-2.jar;D:\maven\repository\org\codehaus\woodstox\stax2-api\3.1.4\stax2-api-3.1.4.jar;D:\maven\repository\org\springframework\cloud\spring-cloud-starter-netflix-archaius\2.0.1.RELEASE\spring-cloud-starter-netflix-archaius-2.0.1.RELEASE.jar;D:\maven\repository\org\springframework\cloud\spring-cloud-netflix-ribbon\2.0.1.RELEASE\spring-cloud-netflix-ribbon-2.0.1.RELEASE.jar;D:\maven\repository\org\springframework\cloud\spring-cloud-netflix-archaius\2.0.1.RELEASE\spring-cloud-netflix-archaius-2.0.1.RELEASE.jar;D:\maven\repository\commons-configuration\commons-configuration\1.8\commons-configuration-1.8.jar;D:\maven\repository\commons-lang\commons-lang\2.6\commons-lang-2.6.jar;D:\maven\repository\org\springframework\cloud\spring-cloud-starter-netflix-ribbon\2.0.1.RELEASE\spring-cloud-starter-netflix-ribbon-2.0.1.RELEASE.jar;D:\maven\repository\com\netflix\ribbon\ribbon\2.2.5\ribbon-2.2.5.jar;D:\maven\repository\com\netflix\ribbon\ribbon-transport\2.2.5\ribbon-transport-2.2.5.jar;D:\maven\repository\io\reactivex\rxnetty-contexts\0.4.9\rxnetty-contexts-0.4.9.jar;D:\maven\repository\io\reactivex\rxnetty-servo\0.4.9\rxnetty-servo-0.4.9.jar;D:\maven\repository\io\reactivex\rxnetty\0.4.9\rxnetty-0.4.9.jar;D:\maven\repository\io\netty\netty-codec-http\4.1.24.Final\netty-codec-http-4.1.24.Final.jar;D:\maven\repository\io\netty\netty-codec\4.1.24.Final\netty-codec-4.1.24.Final.jar;D:\maven\repository\io\netty\netty-transport-native-epoll\4.1.24.Final\netty-transport-native-epoll-4.1.24.Final.jar;D:\maven\repository\io\netty\netty-common\4.1.24.Final\netty-common-4.1.24.Final.jar;D:\maven\repository\io\netty\netty-buffer\4.1.24.Final\netty-buffer-4.1.24.Final.jar;D:\maven\repository\io\netty\netty-transport-native-unix-common\4.1.24.Final\netty-transport-native-unix-common-4.1.24.Final.jar;D:\maven\repository\io\netty\netty-transport\4.1.24.Final\netty-transport-4.1.24.Final.jar;D:\maven\repository\io\netty\netty-resolver\4.1.24.Final\netty-resolver-4.1.24.Final.jar;D:\maven\repository\com\netflix\ribbon\ribbon-core\2.2.5\ribbon-core-2.2.5.jar;D:\maven\repository\com\netflix\ribbon\ribbon-httpclient\2.2.5\ribbon-httpclient-2.2.5.jar;D:\maven\repository\com\netflix\netflix-commons\netflix-commons-util\0.3.0\netflix-commons-util-0.3.0.jar;D:\maven\repository\com\netflix\ribbon\ribbon-loadbalancer\2.2.5\ribbon-loadbalancer-2.2.5.jar;D:\maven\repository\com\netflix\netflix-commons\netflix-statistics\0.1.1\netflix-statistics-0.1.1.jar;D:\maven\repository\io\reactivex\rxjava\1.2.0\rxjava-1.2.0.jar;D:\maven\repository\com\netflix\ribbon\ribbon-eureka\2.2.5\ribbon-eureka-2.2.5.jar;D:\maven\repository\com\thoughtworks\xstream\xstream\1.4.10\xstream-1.4.10.jar;D:\maven\repository\xmlpull\xmlpull\1.1.3.1\xmlpull-1.1.3.1.jar;D:\maven\repository\xpp3\xpp3_min\1.1.4c\xpp3_min-1.1.4c.jar;D:\maven\repository\org\springframework\cloud\spring-cloud-starter-sleuth\2.0.1.RELEASE\spring-cloud-starter-sleuth-2.0.1.RELEASE.jar;D:\maven\repository\org\springframework\cloud\spring-cloud-sleuth-core\2.0.1.RELEASE\spring-cloud-sleuth-core-2.0.1.RELEASE.jar;D:\maven\repository\org\aspectj\aspectjrt\1.8.13\aspectjrt-1.8.13.jar;D:\maven\repository\io\zipkin\brave\brave\5.1.4\brave-5.1.4.jar;D:\maven\repository\io\zipkin\brave\brave-context-log4j2\5.1.4\brave-context-log4j2-5.1.4.jar;D:\maven\repository\io\zipkin\brave\brave-instrumentation-spring-web\5.1.4\brave-instrumentation-spring-web-5.1.4.jar;D:\maven\repository\io\zipkin\brave\brave-instrumentation-http\5.1.4\brave-instrumentation-http-5.1.4.jar;D:\maven\repository\io\zipkin\brave\brave-instrumentation-spring-rabbit\5.1.4\brave-instrumentation-spring-rabbit-5.1.4.jar;D:\maven\repository\io\zipkin\brave\brave-instrumentation-kafka-clients\5.1.4\brave-instrumentation-kafka-clients-5.1.4.jar;D:\maven\repository\io\zipkin\brave\brave-instrumentation-httpclient\5.1.4\brave-instrumentation-httpclient-5.1.4.jar;D:\maven\repository\io\zipkin\brave\brave-instrumentation-httpasyncclient\5.1.4\brave-instrumentation-httpasyncclient-5.1.4.jar;D:\maven\repository\io\zipkin\brave\brave-instrumentation-spring-webmvc\5.1.4\brave-instrumentation-spring-webmvc-5.1.4.jar;D:\maven\repository\io\zipkin\brave\brave-instrumentation-servlet\5.1.4\brave-instrumentation-servlet-5.1.4.jar;D:\maven\repository\org\springframework\cloud\spring-cloud-sleuth-zipkin\2.0.1.RELEASE\spring-cloud-sleuth-zipkin-2.0.1.RELEASE.jar;D:\maven\repository\org\springframework\spring-web\5.0.6.RELEASE\spring-web-5.0.6.RELEASE.jar;D:\maven\repository\org\springframework\cloud\spring-cloud-commons\2.0.1.RELEASE\spring-cloud-commons-2.0.1.RELEASE.jar;D:\maven\repository\org\springframework\security\spring-security-crypto\5.0.5.RELEASE\spring-security-crypto-5.0.5.RELEASE.jar;D:\maven\repository\io\zipkin\zipkin2\zipkin\2.10.4\zipkin-2.10.4.jar;D:\maven\repository\io\zipkin\reporter2\zipkin-reporter\2.7.7\zipkin-reporter-2.7.7.jar;D:\maven\repository\io\zipkin\reporter2\zipkin-sender-kafka11\2.7.7\zipkin-sender-kafka11-2.7.7.jar;D:\maven\repository\io\zipkin\reporter2\zipkin-sender-amqp-client\2.7.7\zipkin-sender-amqp-client-2.7.7.jar;D:\maven\repository\tk\mybatis\mapper-spring-boot-starter\2.0.2\mapper-spring-boot-starter-2.0.2.jar;D:\maven\repository\tk\mybatis\mapper-base\1.0.1\mapper-base-1.0.1.jar;D:\maven\repository\tk\mybatis\mapper-weekend\1.1.3\mapper-weekend-1.1.3.jar;D:\maven\repository\tk\mybatis\mapper-spring\1.0.1\mapper-spring-1.0.1.jar;D:\maven\repository\tk\mybatis\mapper-extra\1.0.1\mapper-extra-1.0.1.jar;D:\maven\repository\tk\mybatis\mapper-spring-boot-autoconfigure\2.0.2\mapper-spring-boot-autoconfigure-2.0.2.jar;D:\workspack\project\gostyu\passcloud-master\passcloud-common\passcloud-common-util\target\passcloud-common-util-0.0.1-SNAPSHOT.jar;D:\maven\repository\org\apache\commons\commons-lang3\3.7\commons-lang3-3.7.jar;D:\maven\repository\ch\qos\logback\logback-classic\1.2.3\logback-classic-1.2.3.jar;D:\maven\repository\org\codehaus\jackson\jackson-smile\1.9.13\jackson-smile-1.9.13.jar;D:\maven\repository\org\codehaus\jackson\jackson-core-asl\1.9.13\jackson-core-asl-1.9.13.jar;D:\maven\repository\org\codehaus\jackson\jackson-mapper-asl\1.9.13\jackson-mapper-asl-1.9.13.jar;D:\maven\repository\com\xiaoleilu\hutool-all\3.3.2\hutool-all-3.3.2.jar;D:\maven\repository\commons-beanutils\commons-beanutils\1.9.3\commons-beanutils-1.9.3.jar;D:\maven\repository\commons-logging\commons-logging\1.2\commons-logging-1.2.jar;D:\maven\repository\commons-collections\commons-collections\3.2.2\commons-collections-3.2.2.jar;D:\maven\repository\org\springframework\boot\spring-boot-starter-data-redis\2.0.2.RELEASE\spring-boot-starter-data-redis-2.0.2.RELEASE.jar;D:\maven\repository\org\springframework\data\spring-data-redis\2.0.7.RELEASE\spring-data-redis-2.0.7.RELEASE.jar;D:\maven\repository\org\springframework\data\spring-data-keyvalue\2.0.7.RELEASE\spring-data-keyvalue-2.0.7.RELEASE.jar;D:\maven\repository\org\springframework\data\spring-data-commons\2.0.7.RELEASE\spring-data-commons-2.0.7.RELEASE.jar;D:\maven\repository\org\springframework\spring-oxm\5.0.6.RELEASE\spring-oxm-5.0.6.RELEASE.jar;D:\maven\repository\redis\clients\jedis\2.9.0\jedis-2.9.0.jar;D:\maven\repository\org\apache\commons\commons-pool2\2.5.0\commons-pool2-2.5.0.jar;D:\maven\repository\com\alibaba\fastjson\1.2.47\fastjson-1.2.47.jar;D:\workspack\project\gostyu\passcloud-master\passcloud-common\passcloud-common-core\target\passcloud-common-core-0.0.1-SNAPSHOT.jar;D:\maven\repository\org\springframework\cloud\spring-cloud-starter-oauth2\2.0.0.RELEASE\spring-cloud-starter-oauth2-2.0.0.RELEASE.jar;D:\maven\repository\org\springframework\cloud\spring-cloud-starter-security\2.0.0.RELEASE\spring-cloud-starter-security-2.0.0.RELEASE.jar;D:\maven\repository\org\springframework\cloud\spring-cloud-security\2.0.0.RELEASE\spring-cloud-security-2.0.0.RELEASE.jar;D:\maven\repository\org\springframework\boot\spring-boot-starter-security\2.0.2.RELEASE\spring-boot-starter-security-2.0.2.RELEASE.jar;D:\maven\repository\org\springframework\security\oauth\boot\spring-security-oauth2-autoconfigure\2.0.0.RELEASE\spring-security-oauth2-autoconfigure-2.0.0.RELEASE.jar;D:\maven\repository\org\springframework\security\oauth\spring-security-oauth2\2.2.1.RELEASE\spring-security-oauth2-2.2.1.RELEASE.jar;D:\maven\repository\org\springframework\security\spring-security-core\5.0.5.RELEASE\spring-security-core-5.0.5.RELEASE.jar;D:\maven\repository\org\springframework\security\spring-security-config\5.0.5.RELEASE\spring-security-config-5.0.5.RELEASE.jar;D:\maven\repository\org\springframework\security\spring-security-web\5.0.5.RELEASE\spring-security-web-5.0.5.RELEASE.jar;D:\workspack\project\gostyu\passcloud-master\passcloud-common\passcloud-common-conf\target\passcloud-common-conf-0.0.1-SNAPSHOT.jar;D:\maven\repository\eu\bitwalker\UserAgentUtils\1.20\UserAgentUtils-1.20.jar;D:\maven\repository\com\fasterxml\jackson\module\jackson-module-parameter-names\2.9.5\jackson-module-parameter-names-2.9.5.jar;D:\maven\repository\com\fasterxml\jackson\datatype\jackson-datatype-jdk8\2.9.5\jackson-datatype-jdk8-2.9.5.jar;D:\maven\repository\com\fasterxml\jackson\datatype\jackson-datatype-jsr310\2.9.5\jackson-datatype-jsr310-2.9.5.jar;D:\maven\repository\io\jsonwebtoken\jjwt\0.9.0\jjwt-0.9.0.jar;D:\maven\repository\com\arronlong\httpclientutil\httpclientutil\1.0\httpclientutil-1.0.jar;D:\maven\repository\org\apache\httpcomponents\httpmime\4.5.5\httpmime-4.5.5.jar;D:\maven\repository\org\apache\httpcomponents\httpasyncclient\4.1.3\httpasyncclient-4.1.3.jar;D:\maven\repository\org\apache\httpcomponents\httpcore-nio\4.4.9\httpcore-nio-4.4.9.jar;D:\maven\repository\log4j\log4j\1.2.17\log4j-1.2.17.jar;D:\maven\repository\com\netflix\hystrix\hystrix-core\1.5.12\hystrix-core-1.5.12.jar;D:\maven\repository\org\hdrhistogram\HdrHistogram\2.1.9\HdrHistogram-2.1.9.jar;D:\maven\repository\org\springframework\boot\spring-boot-starter-actuator\2.0.2.RELEASE\spring-boot-starter-actuator-2.0.2.RELEASE.jar;D:\maven\repository\org\springframework\boot\spring-boot-actuator-autoconfigure\2.0.2.RELEASE\spring-boot-actuator-autoconfigure-2.0.2.RELEASE.jar;D:\maven\repository\org\springframework\boot\spring-boot-actuator\2.0.2.RELEASE\spring-boot-actuator-2.0.2.RELEASE.jar;D:\maven\repository\io\micrometer\micrometer-core\1.0.4\micrometer-core-1.0.4.jar;D:\maven\repository\org\latencyutils\LatencyUtils\2.0.3\LatencyUtils-2.0.3.jar;D:\maven\repository\org\springframework\cloud\spring-cloud-starter-hystrix\1.4.5.RELEASE\spring-cloud-starter-hystrix-1.4.5.RELEASE.jar;D:\maven\repository\org\springframework\cloud\spring-cloud-starter-netflix-hystrix\2.0.1.RELEASE\spring-cloud-starter-netflix-hystrix-2.0.1.RELEASE.jar;D:\maven\repository\com\netflix\hystrix\hystrix-serialization\1.5.12\hystrix-serialization-1.5.12.jar;D:\maven\repository\com\fasterxml\jackson\module\jackson-module-afterburner\2.9.5\jackson-module-afterburner-2.9.5.jar;D:\maven\repository\com\netflix\hystrix\hystrix-metrics-event-stream\1.5.12\hystrix-metrics-event-stream-1.5.12.jar;D:\maven\repository\io\reactivex\rxjava-reactive-streams\1.2.1\rxjava-reactive-streams-1.2.1.jar;D:\maven\repository\org\reactivestreams\reactive-streams\1.0.2\reactive-streams-1.0.2.jar;D:\maven\repository\org\springframework\boot\spring-boot-starter-web\2.0.2.RELEASE\spring-boot-starter-web-2.0.2.RELEASE.jar;D:\maven\repository\org\springframework\boot\spring-boot-starter-json\2.0.2.RELEASE\spring-boot-starter-json-2.0.2.RELEASE.jar;D:\maven\repository\org\springframework\boot\spring-boot-starter-tomcat\2.0.2.RELEASE\spring-boot-starter-tomcat-2.0.2.RELEASE.jar;D:\maven\repository\org\apache\tomcat\embed\tomcat-embed-core\8.5.31\tomcat-embed-core-8.5.31.jar;D:\maven\repository\org\apache\tomcat\embed\tomcat-embed-websocket\8.5.31\tomcat-embed-websocket-8.5.31.jar;D:\maven\repository\org\hibernate\validator\hibernate-validator\6.0.9.Final\hibernate-validator-6.0.9.Final.jar;D:\maven\repository\javax\validation\validation-api\2.0.1.Final\validation-api-2.0.1.Final.jar;D:\maven\repository\org\jboss\logging\jboss-logging\3.3.2.Final\jboss-logging-3.3.2.Final.jar;D:\maven\repository\org\springframework\spring-webmvc\5.0.6.RELEASE\spring-webmvc-5.0.6.RELEASE.jar;D:\maven\repository\net\logstash\logback\logstash-logback-encoder\5.1\logstash-logback-encoder-5.1.jar;D:\maven\repository\ch\qos\logback\logback-core\1.2.3\logback-core-1.2.3.jar;D:\maven\repository\com\google\guava\guava\26.0-jre\guava-26.0-jre.jar;D:\maven\repository\com\google\code\findbugs\jsr305\3.0.2\jsr305-3.0.2.jar;D:\maven\repository\org\checkerframework\checker-qual\2.5.2\checker-qual-2.5.2.jar;D:\maven\repository\com\google\errorprone\error_prone_annotations\2.1.3\error_prone_annotations-2.1.3.jar;D:\maven\repository\com\google\j2objc\j2objc-annotations\1.1\j2objc-annotations-1.1.jar;D:\maven\repository\org\codehaus\mojo\animal-sniffer-annotations\1.14\animal-sniffer-annotations-1.14.jar;D:\maven\repository\org\springframework\boot\spring-boot-starter-validation\2.0.2.RELEASE\spring-boot-starter-validation-2.0.2.RELEASE.jar;D:\maven\repository\org\apache\tomcat\embed\tomcat-embed-el\8.5.31\tomcat-embed-el-8.5.31.jar;D:\maven\repository\io\springfox\springfox-swagger-ui\2.8.0\springfox-swagger-ui-2.8.0.jar;D:\maven\repository\io\springfox\springfox-spring-web\2.8.0\springfox-spring-web-2.8.0.jar;D:\maven\repository\org\reflections\reflections\0.9.11\reflections-0.9.11.jar;D:\maven\repository\org\javassist\javassist\3.21.0-GA\javassist-3.21.0-GA.jar;D:\maven\repository\io\springfox\springfox-swagger2\2.8.0\springfox-swagger2-2.8.0.jar;D:\maven\repository\io\swagger\swagger-annotations\1.5.18\swagger-annotations-1.5.18.jar;D:\maven\repository\io\swagger\swagger-models\1.5.14\swagger-models-1.5.14.jar;D:\maven\repository\io\springfox\springfox-spi\2.8.0\springfox-spi-2.8.0.jar;D:\maven\repository\io\springfox\springfox-core\2.8.0\springfox-core-2.8.0.jar;D:\maven\repository\io\springfox\springfox-schema\2.8.0\springfox-schema-2.8.0.jar;D:\maven\repository\io\springfox\springfox-swagger-common\2.8.0\springfox-swagger-common-2.8.0.jar;D:\maven\repository\com\fasterxml\classmate\1.3.4\classmate-1.3.4.jar;D:\maven\repository\org\springframework\plugin\spring-plugin-core\1.2.0.RELEASE\spring-plugin-core-1.2.0.RELEASE.jar;D:\maven\repository\org\springframework\plugin\spring-plugin-metadata\1.2.0.RELEASE\spring-plugin-metadata-1.2.0.RELEASE.jar;D:\maven\repository\org\mapstruct\mapstruct\1.2.0.Final\mapstruct-1.2.0.Final.jar;D:\maven\repository\commons-codec\commons-codec\1.11\commons-codec-1.11.jar;D:\maven\repository\com\alibaba\druid\1.1.10\druid-1.1.10.jar;D:\maven\repository\org\mybatis\generator\mybatis-generator-core\1.3.7\mybatis-generator-core-1.3.7.jar;D:\maven\repository\org\springframework\boot\spring-boot-configuration-processor\2.0.2.RELEASE\spring-boot-configuration-processor-2.0.2.RELEASE.jar;D:\maven\repository\org\springframework\boot\spring-boot-devtools\2.0.2.RELEASE\spring-boot-devtools-2.0.2.RELEASE.jar;D:\maven\repository\org\springframework\boot\spring-boot\2.0.2.RELEASE\spring-boot-2.0.2.RELEASE.jar;D:\maven\repository\org\springframework\boot\spring-boot-starter-aop\2.0.2.RELEASE\spring-boot-starter-aop-2.0.2.RELEASE.jar;D:\maven\repository\org\springframework\spring-aop\5.0.6.RELEASE\spring-aop-5.0.6.RELEASE.jar;D:\maven\repository\org\modelmapper\modelmapper\2.1.1\modelmapper-2.1.1.jar;D:\maven\repository\org\jolokia\jolokia-core\1.5.0\jolokia-core-1.5.0.jar;D:\maven\repository\com\googlecode\json-simple\json-simple\1.1.1\json-simple-1.1.1.jar;D:\maven\repository\org\springframework\security\spring-security-jwt\1.0.9.RELEASE\spring-security-jwt-1.0.9.RELEASE.jar;D:\maven\repository\org\bouncycastle\bcpkix-jdk15on\1.56\bcpkix-jdk15on-1.56.jar;D:\maven\repository\org\bouncycastle\bcprov-jdk15on\1.56\bcprov-jdk15on-1.56.jar;D:\maven\repository\org\liquibase\liquibase-core\3.5.3\liquibase-core-3.5.3.jar;D:\maven\repository\org\yaml\snakeyaml\1.19\snakeyaml-1.19.jar;D:\maven\repository\org\springframework\cloud\spring-cloud-starter-zipkin\2.0.1.RELEASE\spring-cloud-starter-zipkin-2.0.1.RELEASE.jar;D:\maven\repository\org\springframework\amqp\spring-rabbit\2.0.3.RELEASE\spring-rabbit-2.0.3.RELEASE.jar;D:\maven\repository\org\springframework\amqp\spring-amqp\2.0.3.RELEASE\spring-amqp-2.0.3.RELEASE.jar;D:\maven\repository\com\rabbitmq\amqp-client\5.1.2\amqp-client-5.1.2.jar;D:\maven\repository\org\springframework\spring-messaging\5.0.6.RELEASE\spring-messaging-5.0.6.RELEASE.jar;D:\maven\repository\org\springframework\boot\spring-boot-starter-undertow\2.0.2.RELEASE\spring-boot-starter-undertow-2.0.2.RELEASE.jar;D:\maven\repository\io\undertow\undertow-core\1.4.25.Final\undertow-core-1.4.25.Final.jar;D:\maven\repository\org\jboss\xnio\xnio-api\3.3.8.Final\xnio-api-3.3.8.Final.jar;D:\maven\repository\org\jboss\xnio\xnio-nio\3.3.8.Final\xnio-nio-3.3.8.Final.jar;D:\maven\repository\io\undertow\undertow-servlet\1.4.25.Final\undertow-servlet-1.4.25.Final.jar;D:\maven\repository\org\jboss\spec\javax\annotation\jboss-annotations-api_1.2_spec\1.0.2.Final\jboss-annotations-api_1.2_spec-1.0.2.Final.jar;D:\maven\repository\io\undertow\undertow-websockets-jsr\1.4.25.Final\undertow-websockets-jsr-1.4.25.Final.jar;D:\maven\repository\org\jboss\spec\javax\websocket\jboss-websocket-api_1.1_spec\1.1.3.Final\jboss-websocket-api_1.1_spec-1.1.3.Final.jar;D:\maven\repository\org\glassfish\javax.el\3.0.0\javax.el-3.0.0.jar;D:\maven\repository\org\springframework\boot\spring-boot-starter-test\2.0.2.RELEASE\spring-boot-starter-test-2.0.2.RELEASE.jar;D:\maven\repository\org\springframework\boot\spring-boot-test\2.0.2.RELEASE\spring-boot-test-2.0.2.RELEASE.jar;D:\maven\repository\org\springframework\boot\spring-boot-test-autoconfigure\2.0.2.RELEASE\spring-boot-test-autoconfigure-2.0.2.RELEASE.jar;D:\maven\repository\com\jayway\jsonpath\json-path\2.4.0\json-path-2.4.0.jar;D:\maven\repository\net\minidev\json-smart\2.3\json-smart-2.3.jar;D:\maven\repository\net\minidev\accessors-smart\1.2\accessors-smart-1.2.jar;D:\maven\repository\junit\junit\4.12\junit-4.12.jar;D:\maven\repository\org\assertj\assertj-core\3.9.1\assertj-core-3.9.1.jar;D:\maven\repository\org\mockito\mockito-core\2.15.0\mockito-core-2.15.0.jar;D:\maven\repository\net\bytebuddy\byte-buddy\1.7.11\byte-buddy-1.7.11.jar;D:\maven\repository\net\bytebuddy\byte-buddy-agent\1.7.11\byte-buddy-agent-1.7.11.jar;D:\maven\repository\org\objenesis\objenesis\2.6\objenesis-2.6.jar;D:\maven\repository\org\hamcrest\hamcrest-core\1.3\hamcrest-core-1.3.jar;D:\maven\repository\org\hamcrest\hamcrest-library\1.3\hamcrest-library-1.3.jar;D:\maven\repository\org\skyscreamer\jsonassert\1.5.0\jsonassert-1.5.0.jar;D:\maven\repository\com\vaadin\external\google\android-json\0.0.20131108.vaadin1\android-json-0.0.20131108.vaadin1.jar;D:\maven\repository\org\springframework\spring-test\5.0.6.RELEASE\spring-test-5.0.6.RELEASE.jar;D:\maven\repository\org\xmlunit\xmlunit-core\2.5.1\xmlunit-core-2.5.1.jar;D:\maven\repository\org\springframework\boot\spring-boot-properties-migrator\2.0.4.RELEASE\spring-boot-properties-migrator-2.0.4.RELEASE.jar;D:\maven\repository\org\springframework\boot\spring-boot-configuration-metadata\2.0.2.RELEASE\spring-boot-configuration-metadata-2.0.2.RELEASE.jar;D:\maven\repository\com\netflix\hystrix\hystrix-javanica\1.5.12\hystrix-javanica-1.5.12.jar;D:\maven\repository\org\ow2\asm\asm\5.0.4\asm-5.0.4.jar;D:\maven\repository\org\projectlombok\lombok\1.16.20\lombok-1.16.20.jar;, user.name=Shinelon, java.vm.specification.version=1.8, sun.java.command=D:\workspack\project\gostyu\passcloud-master\paascloud-provider\paascloud-provider-opc\target\surefire\surefirebooter3556540888258900826.jar D:\workspack\project\gostyu\passcloud-master\paascloud-provider\paascloud-provider-opc\target\surefire\surefire5527348084519158593tmp D:\workspack\project\gostyu\passcloud-master\paascloud-provider\paascloud-provider-opc\target\surefire\surefire_02092144012449020107tmp, java.home=C:\Program Files\Java\jdk1.8.0_40\jre, sun.arch.data.model=64, user.language=zh, java.specification.vendor=Oracle Corporation, awt.toolkit=sun.awt.windows.WToolkit, java.vm.info=mixed mode, java.version=1.8.0_25, java.ext.dirs=C:\Program Files\Java\jdk1.8.0_40\jre\lib\ext;C:\WINDOWS\Sun\Java\lib\ext, sun.boot.class.path=C:\Program Files\Java\jdk1.8.0_40\jre\lib\resources.jar;C:\Program Files\Java\jdk1.8.0_40\jre\lib\rt.jar;C:\Program Files\Java\jdk1.8.0_40\jre\lib\sunrsasign.jar;C:\Program Files\Java\jdk1.8.0_40\jre\lib\jsse.jar;C:\Program Files\Java\jdk1.8.0_40\jre\lib\jce.jar;C:\Program Files\Java\jdk1.8.0_40\jre\lib\charsets.jar;C:\Program Files\Java\jdk1.8.0_40\jre\lib\jfr.jar;C:\Program Files\Java\jdk1.8.0_40\jre\classes, java.vendor=Oracle Corporation, localRepository=D:\maven\repository, file.separator=\, java.vendor.url.bug=http://bugreport.sun.com/bugreport/, sun.io.unicode.encoding=UnicodeLittle, sun.cpu.endian=little, sun.desktop=windows, sun.cpu.isalist=amd64}}, SystemEnvironmentPropertySource@1989184704 {name=&apos;systemEnvironment&apos;, properties={GOOGLE_DEFAULT_CLIENT_ID=793783891518 - b6tl35b6fjk3mid3aaag4d5egnj9dlf0.apps.googleusercontent.com, PATH=D:\workspack\python\Scripts\;D:\workspack\python\;D:\workspack\oracle\app\oracle\product\11.2.0\server\bin;C:\ProgramData\Oracle\Java\javapath;C:\Program Files (x86)\Intel\iCLS Client\;C:\Program Files\Intel\iCLS Client\;C:\Windows\system32;C:\Windows;C:\Windows\System32\Wbem;C:\Windows\System32\WindowsPowerShell\v1.0\;C:\Program Files (x86)\Intel\Intel(R) Management Engine Components\DAL;C:\Program Files\Intel\Intel(R) Management Engine Components\DAL;C:\Program Files (x86)\Intel\Intel(R) Management Engine Components\IPT;C:\Program Files\Intel\Intel(R) Management Engine Components\IPT;D:\workspack\MySql\MySQL Server 5.5\bin;D:\maven\apache-maven-3.5.0\bin;D:\gradle\gradle-3.5-all\gradle-3.5\bin;D:\workspack\SVN\bin;C:\Program Files\Intel\WiFi\bin\;C:\Program Files\Common Files\Intel\WirelessCommon\;C:\WINDOWS\system32;C:\WINDOWS;C:\WINDOWS\System32\Wbem;C:\WINDOWS\System32\WindowsPowerShell\v1.0\;C:\Program Files (x86)\NVIDIA Corporation\PhysX\Common;C:\Program Files\erl9.3\bin;C:\Program Files\Java\jdk1.7.0_13\bin;D:\workspack\nodejs\;D:\workspack\GIT\Git\cmd;D:\workspack\consul;;C:\WINDOWS\system32;C:\WINDOWS;C:\WINDOWS\System32\Wbem;C:\WINDOWS\System32\WindowsPowerShell\v1.0\;C:\WINDOWS\System32\OpenSSH\;D:\workspack\gpg\Gpg4win\..\GnuPG\bin;C:\Program Files\Intel\WiFi\bin\;C:\Program Files\Common Files\Intel\WirelessCommon\;C:\Users\Shinelon\AppData\Local\Microsoft\WindowsApps;C:\Users\Shinelon\AppData\Local\GitHubDesktop\bin;C:\Users\Shinelon\AppData\Roaming\npm;%USERPROFILE%\AppData\Local\Microsoft\WindowsApps;, USERDOMAIN_ROAMINGPROFILE=DESKTOP-RM2KR9C, PROCESSOR_LEVEL=6, SYSTEMDRIVE=C:, RELANG_HOME=C:\Program Files\erl9.3, SESSIONNAME=Console, ALLUSERSPROFILE=C:\ProgramData, JAVA_OPTS=-server -Xms2048m -Xmx2048m, LNKEVN=C:\Program Files (x86)\Internet Explorer\iexplore.exe, PROCESSOR_ARCHITECTURE=AMD64, DRIVERDATA=C:\Windows\System32\Drivers\DriverData, GOOGLE_DEFAULT_CLIENT_SECRET=XPnofOhGhHOYYrgTxhSSA8Jg, PROGRAMFILES=C:\Program Files, PSMODULEPATH=C:\Users\Shinelon\Documents\WindowsPowerShell\Modules, PROGRAMDATA=C:\ProgramData, USERNAME=Shinelon, VISUALSVN_SERVER=D:\dashixun\SVN\, FPS_BROWSER_USER_PROFILE_STRING=Default, ONEDRIVE=C:\Users\Shinelon\OneDrive, PATHEXT=.COM;.EXE;.BAT;.CMD;.VBS;.VBE;.JS;.JSE;.WSF;.WSH;.MSC;.PY;.PYW, WINDIR=C:\WINDOWS, ES_HEAP_SIZE=5G, HOMEPATH=\Users\Shinelon, PROCESSOR_IDENTIFIER=Intel64 Family 6 Model 158 Stepping 9, GenuineIntel, PUBLIC=C:\Users\Public, =::=::\, LOCALAPPDATA=C:\Users\Shinelon\AppData\Local, COMMONPROGRAMFILES(X86)=C:\Program Files (x86)\Common Files, USERDOMAIN=DESKTOP-RM2KR9C, FPS_BROWSER_APP_PROFILE_STRING=Internet Explorer, LOGONSERVER=\\DESKTOP-RM2KR9C, JAVA_HOME=C:\Program Files\Java\jdk1.8.0_131, PROMPT=$P$G, PROGRAMFILES(X86)=C:\Program Files (x86), GRADLE_HOME=D:\gradle\gradle-3.5-all\gradle-3.5, ERLANG_HOME=C:\Program Files\erl9.3, APPDATA=C:\Users\Shinelon\AppData\Roaming, PROGRAMW6432=C:\Program Files, SYSTEMROOT=C:\WINDOWS, GOOGLE_API_KEY=AIzaSyCvk4foxTnm - gNIPY - WI5Hq - fiYN8zm4fw, OS=Windows_NT, COMMONPROGRAMW6432=C:\Program Files\Common Files, COMPUTERNAME=DESKTOP-RM2KR9C, COMMONPROGRAMFILES=C:\Program Files\Common Files, COMSPEC=C:\WINDOWS\system32\cmd.exe, PROCESSOR_REVISION=9e09, CLASSPATH=.;C:\Program Files\Java\jdk1.8.0_131\lib;C:\Program Files\Java\jdk1.8.0_131\lib\tools.jar, =D:=D:\workspack\project\gostyu\passcloud-master\paascloud-provider\paascloud-provider-opc, TEMP=C:\Users\Shinelon\AppData\Local\Temp, HOMEDRIVE=C:, USERPROFILE=C:\Users\Shinelon, TMP=C:\Users\Shinelon\AppData\Local\Temp, NUMBER_OF_PROCESSORS=8}}]
10:01:58.320 [main] DEBUG org.springframework.core.io.support.PathMatchingResourcePatternResolver - Resolved classpath location [com/paascloud/provider/aliyun/] to resources [URL [file:/D:/workspack/project/gostyu/passcloud-master/paascloud-provider/paascloud-provider-opc/target/test-classes/com/paascloud/provider/aliyun/]]
10:01:58.320 [main] DEBUG org.springframework.core.io.support.PathMatchingResourcePatternResolver - Looking for matching resources in directory tree [D:\workspack\project\gostyu\passcloud-master\paascloud-provider\paascloud-provider-opc\target\test-classes\com\paascloud\provider\aliyun]
10:01:58.320 [main] DEBUG org.springframework.core.io.support.PathMatchingResourcePatternResolver - Searching directory [D:\workspack\project\gostyu\passcloud-master\paascloud-provider\paascloud-provider-opc\target\test-classes\com\paascloud\provider\aliyun] for files matching pattern [D:/workspack/project/gostyu/passcloud-master/paascloud-provider/paascloud-provider-opc/target/test-classes/com/paascloud/provider/aliyun/*.class]
10:01:58.323 [main] DEBUG org.springframework.core.io.support.PathMatchingResourcePatternResolver - Resolved location pattern [classpath*:com/paascloud/provider/aliyun/*.class] to resources [file [D:\workspack\project\gostyu\passcloud-master\paascloud-provider\paascloud-provider-opc\target\test-classes\com\paascloud\provider\aliyun\MqProducerTest.class], file [D:\workspack\project\gostyu\passcloud-master\paascloud-provider\paascloud-provider-opc\target\test-classes\com\paascloud\provider\aliyun\OptSmsServiceTest.class]]
10:01:58.342 [main] DEBUG org.springframework.core.io.support.PathMatchingResourcePatternResolver - Resolved classpath location [com/paascloud/provider/] to resources [URL [file:/D:/workspack/project/gostyu/passcloud-master/paascloud-provider/paascloud-provider-opc/target/test-classes/com/paascloud/provider/], URL [file:/D:/workspack/project/gostyu/passcloud-master/paascloud-provider/paascloud-provider-opc/target/classes/com/paascloud/provider/], URL [jar:file:/D:/workspack/project/gostyu/passcloud-master/paascloud-provider-api/paascloud-provider-omc-api/target/paascloud-provider-omc-api-0.0.1-SNAPSHOT.jar!/com/paascloud/provider/], URL [jar:file:/D:/workspack/project/gostyu/passcloud-master/paascloud-provider-api/paascloud-provider-mdc-api/target/paascloud-provider-mdc-api-0.0.1-SNAPSHOT.jar!/com/paascloud/provider/], URL [jar:file:/D:/workspack/project/gostyu/passcloud-master/paascloud-provider-api/paascloud-provider-opc-api/target/paascloud-provider-opc-api-0.0.1-SNAPSHOT.jar!/com/paascloud/provider/], URL [jar:file:/D:/workspack/project/gostyu/passcloud-master/paascloud-provider-api/paascloud-provider-sdk-api/target/paascloud-provider-sdk-api-0.0.1-SNAPSHOT.jar!/com/paascloud/provider/], URL [jar:file:/D:/workspack/project/gostyu/passcloud-master/paascloud-provider-api/paascloud-provider-tpc-api/target/paascloud-provider-tpc-api-0.0.1-SNAPSHOT.jar!/com/paascloud/provider/]]
10:01:58.342 [main] DEBUG org.springframework.core.io.support.PathMatchingResourcePatternResolver - Looking for matching resources in directory tree [D:\workspack\project\gostyu\passcloud-master\paascloud-provider\paascloud-provider-opc\target\test-classes\com\paascloud\provider]
10:01:58.342 [main] DEBUG org.springframework.core.io.support.PathMatchingResourcePatternResolver - Searching directory [D:\workspack\project\gostyu\passcloud-master\paascloud-provider\paascloud-provider-opc\target\test-classes\com\paascloud\provider] for files matching pattern [D:/workspack/project/gostyu/passcloud-master/paascloud-provider/paascloud-provider-opc/target/test-classes/com/paascloud/provider/*.class]
10:01:58.343 [main] DEBUG org.springframework.core.io.support.PathMatchingResourcePatternResolver - Looking for matching resources in directory tree [D:\workspack\project\gostyu\passcloud-master\paascloud-provider\paascloud-provider-opc\target\classes\com\paascloud\provider]
10:01:58.343 [main] DEBUG org.springframework.core.io.support.PathMatchingResourcePatternResolver - Searching directory [D:\workspack\project\gostyu\passcloud-master\paascloud-provider\paascloud-provider-opc\target\classes\com\paascloud\provider] for files matching pattern [D:/workspack/project/gostyu/passcloud-master/paascloud-provider/paascloud-provider-opc/target/classes/com/paascloud/provider/*.class]
10:01:58.345 [main] DEBUG org.springframework.core.io.support.PathMatchingResourcePatternResolver - Looking for matching resources in jar file [file:/D:/workspack/project/gostyu/passcloud-master/paascloud-provider-api/paascloud-provider-omc-api/target/paascloud-provider-omc-api-0.0.1-SNAPSHOT.jar]
10:01:58.346 [main] DEBUG org.springframework.core.io.support.PathMatchingResourcePatternResolver - Looking for matching resources in jar file [file:/D:/workspack/project/gostyu/passcloud-master/paascloud-provider-api/paascloud-provider-mdc-api/target/paascloud-provider-mdc-api-0.0.1-SNAPSHOT.jar]
10:01:58.349 [main] DEBUG org.springframework.core.io.support.PathMatchingResourcePatternResolver - Looking for matching resources in jar file [file:/D:/workspack/project/gostyu/passcloud-master/paascloud-provider-api/paascloud-provider-opc-api/target/paascloud-provider-opc-api-0.0.1-SNAPSHOT.jar]
10:01:58.350 [main] DEBUG org.springframework.core.io.support.PathMatchingResourcePatternResolver - Looking for matching resources in jar file [file:/D:/workspack/project/gostyu/passcloud-master/paascloud-provider-api/paascloud-provider-sdk-api/target/paascloud-provider-sdk-api-0.0.1-SNAPSHOT.jar]
10:01:58.351 [main] DEBUG org.springframework.core.io.support.PathMatchingResourcePatternResolver - Looking for matching resources in jar file [file:/D:/workspack/project/gostyu/passcloud-master/paascloud-provider-api/paascloud-provider-tpc-api/target/paascloud-provider-tpc-api-0.0.1-SNAPSHOT.jar]
10:01:58.352 [main] DEBUG org.springframework.core.io.support.PathMatchingResourcePatternResolver - Resolved location pattern [classpath*:com/paascloud/provider/*.class] to resources [file [D:\workspack\project\gostyu\passcloud-master\paascloud-provider\paascloud-provider-opc\target\test-classes\com\paascloud\provider\PaasCloudOmcApplicationTests.class]]
10:01:58.354 [main] DEBUG org.springframework.core.io.support.PathMatchingResourcePatternResolver - Resolved classpath location [com/paascloud/] to resources [URL [file:/D:/workspack/project/gostyu/passcloud-master/paascloud-provider/paascloud-provider-opc/target/test-classes/com/paascloud/], URL [file:/D:/workspack/project/gostyu/passcloud-master/paascloud-provider/paascloud-provider-opc/target/classes/com/paascloud/], URL [jar:file:/D:/workspack/project/gostyu/passcloud-master/paascloud-provider-api/paascloud-provider-omc-api/target/paascloud-provider-omc-api-0.0.1-SNAPSHOT.jar!/com/paascloud/], URL [jar:file:/D:/workspack/project/gostyu/passcloud-master/paascloud-provider-api/paascloud-provider-mdc-api/target/paascloud-provider-mdc-api-0.0.1-SNAPSHOT.jar!/com/paascloud/], URL [jar:file:/D:/workspack/project/gostyu/passcloud-master/paascloud-provider-api/paascloud-provider-opc-api/target/paascloud-provider-opc-api-0.0.1-SNAPSHOT.jar!/com/paascloud/], URL [jar:file:/D:/workspack/project/gostyu/passcloud-master/paascloud-provider-api/paascloud-provider-sdk-api/target/paascloud-provider-sdk-api-0.0.1-SNAPSHOT.jar!/com/paascloud/], URL [jar:file:/D:/workspack/project/gostyu/passcloud-master/paascloud-provider-api/paascloud-provider-tpc-api/target/paascloud-provider-tpc-api-0.0.1-SNAPSHOT.jar!/com/paascloud/]]
10:01:58.354 [main] DEBUG org.springframework.core.io.support.PathMatchingResourcePatternResolver - Looking for matching resources in directory tree [D:\workspack\project\gostyu\passcloud-master\paascloud-provider\paascloud-provider-opc\target\test-classes\com\paascloud]
10:01:58.354 [main] DEBUG org.springframework.core.io.support.PathMatchingResourcePatternResolver - Searching directory [D:\workspack\project\gostyu\passcloud-master\paascloud-provider\paascloud-provider-opc\target\test-classes\com\paascloud] for files matching pattern [D:/workspack/project/gostyu/passcloud-master/paascloud-provider/paascloud-provider-opc/target/test-classes/com/paascloud/*.class]
10:01:58.355 [main] DEBUG org.springframework.core.io.support.PathMatchingResourcePatternResolver - Looking for matching resources in directory tree [D:\workspack\project\gostyu\passcloud-master\paascloud-provider\paascloud-provider-opc\target\classes\com\paascloud]
10:01:58.355 [main] DEBUG org.springframework.core.io.support.PathMatchingResourcePatternResolver - Searching directory [D:\workspack\project\gostyu\passcloud-master\paascloud-provider\paascloud-provider-opc\target\classes\com\paascloud] for files matching pattern [D:/workspack/project/gostyu/passcloud-master/paascloud-provider/paascloud-provider-opc/target/classes/com/paascloud/*.class]
10:01:58.355 [main] DEBUG org.springframework.core.io.support.PathMatchingResourcePatternResolver - Looking for matching resources in jar file [file:/D:/workspack/project/gostyu/passcloud-master/paascloud-provider-api/paascloud-provider-omc-api/target/paascloud-provider-omc-api-0.0.1-SNAPSHOT.jar]
10:01:58.356 [main] DEBUG org.springframework.core.io.support.PathMatchingResourcePatternResolver - Looking for matching resources in jar file [file:/D:/workspack/project/gostyu/passcloud-master/paascloud-provider-api/paascloud-provider-mdc-api/target/paascloud-provider-mdc-api-0.0.1-SNAPSHOT.jar]
10:01:58.357 [main] DEBUG org.springframework.core.io.support.PathMatchingResourcePatternResolver - Looking for matching resources in jar file [file:/D:/workspack/project/gostyu/passcloud-master/paascloud-provider-api/paascloud-provider-opc-api/target/paascloud-provider-opc-api-0.0.1-SNAPSHOT.jar]
10:01:58.358 [main] DEBUG org.springframework.core.io.support.PathMatchingResourcePatternResolver - Looking for matching resources in jar file [file:/D:/workspack/project/gostyu/passcloud-master/paascloud-provider-api/paascloud-provider-sdk-api/target/paascloud-provider-sdk-api-0.0.1-SNAPSHOT.jar]
10:01:58.358 [main] DEBUG org.springframework.core.io.support.PathMatchingResourcePatternResolver - Looking for matching resources in jar file [file:/D:/workspack/project/gostyu/passcloud-master/paascloud-provider-api/paascloud-provider-tpc-api/target/paascloud-provider-tpc-api-0.0.1-SNAPSHOT.jar]
10:01:58.358 [main] DEBUG org.springframework.core.io.support.PathMatchingResourcePatternResolver - Resolved location pattern [classpath*:com/paascloud/*.class] to resources [file [D:\workspack\project\gostyu\passcloud-master\paascloud-provider\paascloud-provider-opc\target\classes\com\paascloud\PaasCloudOpcApplication.class]]
10:01:58.413 [main] DEBUG org.springframework.context.annotation.ClassPathScanningCandidateComponentProvider - Identified candidate component class: file [D:\workspack\project\gostyu\passcloud-master\paascloud-provider\paascloud-provider-opc\target\classes\com\paascloud\PaasCloudOpcApplication.class]
10:01:58.415 [main] INFO org.springframework.boot.test.context.SpringBootTestContextBootstrapper - Found @SpringBootConfiguration com.paascloud.PaasCloudOpcApplication for test class com.paascloud.provider.aliyun.MqProducerTest
10:01:58.571 [main] DEBUG org.springframework.boot.test.context.SpringBootTestContextBootstrapper - @TestExecutionListeners is not present for class [com.paascloud.provider.aliyun.MqProducerTest]: using defaults.
10:01:58.572 [main] INFO org.springframework.boot.test.context.SpringBootTestContextBootstrapper - Loaded default TestExecutionListener class names from location [META-INF/spring.factories]: [org.springframework.boot.test.mock.mockito.MockitoTestExecutionListener, org.springframework.boot.test.mock.mockito.ResetMocksTestExecutionListener, org.springframework.boot.test.autoconfigure.restdocs.RestDocsTestExecutionListener, org.springframework.boot.test.autoconfigure.web.client.MockRestServiceServerResetTestExecutionListener, org.springframework.boot.test.autoconfigure.web.servlet.MockMvcPrintOnlyOnFailureTestExecutionListener, org.springframework.boot.test.autoconfigure.web.servlet.WebDriverTestExecutionListener, org.springframework.test.context.web.ServletTestExecutionListener, org.springframework.test.context.support.DirtiesContextBeforeModesTestExecutionListener, org.springframework.test.context.support.DependencyInjectionTestExecutionListener, org.springframework.test.context.support.DirtiesContextTestExecutionListener, org.springframework.test.context.transaction.TransactionalTestExecutionListener, org.springframework.test.context.jdbc.SqlScriptsTestExecutionListener]
10:01:58.623 [main] INFO org.springframework.boot.test.context.SpringBootTestContextBootstrapper - Using TestExecutionListeners: [org.springframework.test.context.web.ServletTestExecutionListener@4a003cbe, org.springframework.test.context.support.DirtiesContextBeforeModesTestExecutionListener@4082ba93, org.springframework.boot.test.mock.mockito.MockitoTestExecutionListener@17fc391b, org.springframework.boot.test.autoconfigure.SpringBootDependencyInjectionTestExecutionListener@2b30a42c, org.springframework.test.context.support.DirtiesContextTestExecutionListener@609e8838, org.springframework.test.context.transaction.TransactionalTestExecutionListener@359df09a, org.springframework.test.context.jdbc.SqlScriptsTestExecutionListener@43df23d3, org.springframework.boot.test.mock.mockito.ResetMocksTestExecutionListener@6d60fe40, org.springframework.boot.test.autoconfigure.restdocs.RestDocsTestExecutionListener@792b749c, org.springframework.boot.test.autoconfigure.web.client.MockRestServiceServerResetTestExecutionListener@23e84203, org.springframework.boot.test.autoconfigure.web.servlet.MockMvcPrintOnlyOnFailureTestExecutionListener@19932c16, org.springframework.boot.test.autoconfigure.web.servlet.WebDriverTestExecutionListener@73eb439a]
10:01:58.625 [main] DEBUG org.springframework.test.annotation.ProfileValueUtils - Retrieved @ProfileValueSourceConfiguration [null] for test class [com.paascloud.provider.aliyun.MqProducerTest]
10:01:58.626 [main] DEBUG org.springframework.test.annotation.ProfileValueUtils - Retrieved ProfileValueSource type [class org.springframework.test.annotation.SystemProfileValueSource] for class [com.paascloud.provider.aliyun.MqProducerTest]
10:01:58.644 [main] DEBUG org.springframework.test.annotation.ProfileValueUtils - Retrieved @ProfileValueSourceConfiguration [null] for test class [com.paascloud.provider.aliyun.MqProducerTest]
10:01:58.644 [main] DEBUG org.springframework.test.annotation.ProfileValueUtils - Retrieved ProfileValueSource type [class org.springframework.test.annotation.SystemProfileValueSource] for class [com.paascloud.provider.aliyun.MqProducerTest]
10:01:58.650 [main] DEBUG org.springframework.test.context.support.AbstractDirtiesContextTestExecutionListener - Before test class: context [DefaultTestContext@4bdeaabb testClass = MqProducerTest, testInstance = [null], testMethod = [null], testException = [null], mergedContextConfiguration = [WebMergedContextConfiguration@6c4906d3 testClass = MqProducerTest, locations = &apos;{}&apos;, classes = &apos;{class com.paascloud.PaasCloudOpcApplication}&apos;, contextInitializerClasses = &apos;[]&apos;, activeProfiles = &apos;{}&apos;, propertySourceLocations = &apos;{}&apos;, propertySourceProperties = &apos;{org.springframework.boot.test.context.SpringBootTestContextBootstrapper=true}&apos;, contextCustomizers = set[org.springframework.boot.test.context.filter.ExcludeFilterContextCustomizer@14d3bc22, org.springframework.boot.test.json.DuplicateJsonObjectContextCustomizerFactory$DuplicateJsonObjectContextCustomizer@7b227d8d, org.springframework.boot.test.mock.mockito.MockitoContextCustomizer@0, org.springframework.boot.test.web.client.TestRestTemplateContextCustomizer@318ba8c8, org.springframework.boot.test.autoconfigure.properties.PropertyMappingContextCustomizer@0, org.springframework.boot.test.autoconfigure.web.servlet.WebDriverContextCustomizerFactory$Customizer@6ac13091], resourceBasePath = &apos;src/main/webapp&apos;, contextLoader = &apos;org.springframework.boot.test.context.SpringBootContextLoader&apos;, parent = [null]], attributes = map[&apos;org.springframework.test.context.web.ServletTestExecutionListener.activateListener&apos; -&gt; true]], class annotated with @DirtiesContext [false] with mode [null].
10:01:58.650 [main] DEBUG org.springframework.test.annotation.ProfileValueUtils - Retrieved @ProfileValueSourceConfiguration [null] for test class [com.paascloud.provider.aliyun.MqProducerTest]
10:01:58.651 [main] DEBUG org.springframework.test.annotation.ProfileValueUtils - Retrieved ProfileValueSource type [class org.springframework.test.annotation.SystemProfileValueSource] for class [com.paascloud.provider.aliyun.MqProducerTest]
10:01:58.684 [main] DEBUG org.springframework.core.env.StandardEnvironment - Adding PropertySource &apos;systemProperties&apos; with lowest search precedence
10:01:58.685 [main] DEBUG org.springframework.core.env.StandardEnvironment - Adding PropertySource &apos;systemEnvironment&apos; with lowest search precedence
10:01:58.685 [main] DEBUG org.springframework.core.env.StandardEnvironment - Initialized StandardEnvironment with PropertySources [MapPropertySource@983595261 {name=&apos;systemProperties&apos;, properties={idea.version=2017.3.2, java.runtime.name=Java(TM) SE Runtime Environment, sun.boot.library.path=C:\Program Files\Java\jdk1.8.0_40\jre\bin, java.vm.version=25.25-b02, java.vm.vendor=Oracle Corporation, java.vendor.url=http://java.oracle.com/, path.separator=;, java.vm.name=Java HotSpot(TM) 64-Bit Server VM, file.encoding.pkg=sun.io, user.country=CN, user.script=, sun.java.launcher=SUN_STANDARD, sun.os.patch.level=, java.vm.specification.name=Java Virtual Machine Specification, user.dir=D:\workspack\project\gostyu\passcloud-master\paascloud-provider\paascloud-provider-opc, java.runtime.version=1.8.0_25-b18, basedir=D:\workspack\project\gostyu\passcloud-master\paascloud-provider\paascloud-provider-opc, java.awt.graphicsenv=sun.awt.Win32GraphicsEnvironment, java.endorsed.dirs=C:\Program Files\Java\jdk1.8.0_40\jre\lib\endorsed, os.arch=amd64, surefire.real.class.path=D:\workspack\project\gostyu\passcloud-master\paascloud-provider\paascloud-provider-opc\target\surefire\surefirebooter3556540888258900826.jar, java.io.tmpdir=C:\Users\Shinelon\AppData\Local\Temp\, line.separator=
, java.vm.specification.vendor=Oracle Corporation, user.variant=, os.name=Windows 8.1, sun.jnu.encoding=GBK, java.library.path=C:\Program Files\Java\jdk1.8.0_40\jre\bin;C:\WINDOWS\Sun\Java\bin;C:\WINDOWS\system32;C:\WINDOWS;D:\workspack\python\Scripts\;D:\workspack\python\;D:\workspack\oracle\app\oracle\product\11.2.0\server\bin;C:\ProgramData\Oracle\Java\javapath;C:\Program Files (x86)\Intel\iCLS Client\;C:\Program Files\Intel\iCLS Client\;C:\Windows\system32;C:\Windows;C:\Windows\System32\Wbem;C:\Windows\System32\WindowsPowerShell\v1.0\;C:\Program Files (x86)\Intel\Intel(R) Management Engine Components\DAL;C:\Program Files\Intel\Intel(R) Management Engine Components\DAL;C:\Program Files (x86)\Intel\Intel(R) Management Engine Components\IPT;C:\Program Files\Intel\Intel(R) Management Engine Components\IPT;D:\workspack\MySql\MySQL Server 5.5\bin;D:\maven\apache-maven-3.5.0\bin;D:\gradle\gradle-3.5-all\gradle-3.5\bin;D:\workspack\SVN\bin;C:\Program Files\Intel\WiFi\bin\;C:\Program Files\Common Files\Intel\WirelessCommon\;C:\WINDOWS\system32;C:\WINDOWS;C:\WINDOWS\System32\Wbem;C:\WINDOWS\System32\WindowsPowerShell\v1.0\;C:\Program Files (x86)\NVIDIA Corporation\PhysX\Common;C:\Program Files\erl9.3\bin;C:\Program Files\Java\jdk1.7.0_13\bin;D:\workspack\nodejs\;D:\workspack\GIT\Git\cmd;D:\workspack\consul;;C:\WINDOWS\system32;C:\WINDOWS;C:\WINDOWS\System32\Wbem;C:\WINDOWS\System32\WindowsPowerShell\v1.0\;C:\WINDOWS\System32\OpenSSH\;D:\workspack\gpg\Gpg4win\..\GnuPG\bin;C:\Program Files\Intel\WiFi\bin\;C:\Program Files\Common Files\Intel\WirelessCommon\;C:\Users\Shinelon\AppData\Local\Microsoft\WindowsApps;C:\Users\Shinelon\AppData\Local\GitHubDesktop\bin;C:\Users\Shinelon\AppData\Roaming\npm;%USERPROFILE%\AppData\Local\Microsoft\WindowsApps;;., surefire.test.class.path=D:\workspack\project\gostyu\passcloud-master\paascloud-provider\paascloud-provider-opc\target\test-classes;D:\workspack\project\gostyu\passcloud-master\paascloud-provider\paascloud-provider-opc\target\classes;D:\maven\repository\mysql\mysql-connector-java\5.1.46\mysql-connector-java-5.1.46.jar;D:\maven\repository\joda-time\joda-time\2.9.9\joda-time-2.9.9.jar;D:\maven\repository\org\mybatis\spring\boot\mybatis-spring-boot-starter\1.3.2\mybatis-spring-boot-starter-1.3.2.jar;D:\maven\repository\org\springframework\boot\spring-boot-starter\2.0.2.RELEASE\spring-boot-starter-2.0.2.RELEASE.jar;D:\maven\repository\org\springframework\boot\spring-boot-starter-logging\2.0.2.RELEASE\spring-boot-starter-logging-2.0.2.RELEASE.jar;D:\maven\repository\org\apache\logging\log4j\log4j-to-slf4j\2.10.0\log4j-to-slf4j-2.10.0.jar;D:\maven\repository\org\apache\logging\log4j\log4j-api\2.10.0\log4j-api-2.10.0.jar;D:\maven\repository\org\slf4j\jul-to-slf4j\1.7.25\jul-to-slf4j-1.7.25.jar;D:\maven\repository\javax\annotation\javax.annotation-api\1.3.2\javax.annotation-api-1.3.2.jar;D:\maven\repository\org\springframework\boot\spring-boot-starter-jdbc\2.0.2.RELEASE\spring-boot-starter-jdbc-2.0.2.RELEASE.jar;D:\maven\repository\com\zaxxer\HikariCP\2.7.9\HikariCP-2.7.9.jar;D:\maven\repository\org\springframework\spring-jdbc\5.0.6.RELEASE\spring-jdbc-5.0.6.RELEASE.jar;D:\maven\repository\org\mybatis\spring\boot\mybatis-spring-boot-autoconfigure\1.3.2\mybatis-spring-boot-autoconfigure-1.3.2.jar;D:\maven\repository\org\mybatis\mybatis\3.4.6\mybatis-3.4.6.jar;D:\maven\repository\org\mybatis\mybatis-spring\1.3.2\mybatis-spring-1.3.2.jar;D:\maven\repository\com\github\pagehelper\pagehelper-spring-boot-starter\1.2.5\pagehelper-spring-boot-starter-1.2.5.jar;D:\maven\repository\com\github\pagehelper\pagehelper-spring-boot-autoconfigure\1.2.5\pagehelper-spring-boot-autoconfigure-1.2.5.jar;D:\maven\repository\com\github\pagehelper\pagehelper\5.1.4\pagehelper-5.1.4.jar;D:\maven\repository\com\github\jsqlparser\jsqlparser\1.0\jsqlparser-1.0.jar;D:\maven\repository\com\alibaba\druid-spring-boot-starter\1.1.10\druid-spring-boot-starter-1.1.10.jar;D:\maven\repository\org\slf4j\slf4j-api\1.7.25\slf4j-api-1.7.25.jar;D:\maven\repository\org\springframework\boot\spring-boot-autoconfigure\2.0.2.RELEASE\spring-boot-autoconfigure-2.0.2.RELEASE.jar;D:\maven\repository\org\springframework\cloud\spring-cloud-starter-feign\1.4.5.RELEASE\spring-cloud-starter-feign-1.4.5.RELEASE.jar;D:\maven\repository\org\springframework\cloud\spring-cloud-starter-openfeign\2.0.1.RELEASE\spring-cloud-starter-openfeign-2.0.1.RELEASE.jar;D:\maven\repository\org\springframework\cloud\spring-cloud-openfeign-core\2.0.1.RELEASE\spring-cloud-openfeign-core-2.0.1.RELEASE.jar;D:\maven\repository\io\github\openfeign\feign-core\9.5.1\feign-core-9.5.1.jar;D:\maven\repository\io\github\openfeign\feign-slf4j\9.5.1\feign-slf4j-9.5.1.jar;D:\maven\repository\io\github\openfeign\feign-hystrix\9.5.1\feign-hystrix-9.5.1.jar;D:\maven\repository\io\github\openfeign\feign-java8\9.5.1\feign-java8-9.5.1.jar;D:\maven\repository\com\fasterxml\jackson\core\jackson-databind\2.9.5\jackson-databind-2.9.5.jar;D:\maven\repository\com\fasterxml\jackson\core\jackson-annotations\2.9.0\jackson-annotations-2.9.0.jar;D:\maven\repository\com\fasterxml\jackson\core\jackson-core\2.9.5\jackson-core-2.9.5.jar;D:\workspack\project\gostyu\passcloud-master\paascloud-provider-api\paascloud-provider-omc-api\target\paascloud-provider-omc-api-0.0.1-SNAPSHOT.jar;D:\workspack\project\gostyu\passcloud-master\passcloud-common\passcloud-common-base\target\passcloud-common-base-0.0.1-SNAPSHOT.jar;D:\workspack\project\gostyu\passcloud-master\passcloud-common\passcloud-security-feign\target\passcloud-security-feign-0.0.1-SNAPSHOT.jar;D:\maven\repository\com\netflix\feign\feign-okhttp\8.18.0\feign-okhttp-8.18.0.jar;D:\maven\repository\com\netflix\feign\feign-core\8.18.0\feign-core-8.18.0.jar;D:\maven\repository\org\jvnet\animal-sniffer-annotation\1.0\animal-sniffer-annotation-1.0.jar;D:\workspack\project\gostyu\passcloud-master\paascloud-provider-api\paascloud-provider-mdc-api\target\paascloud-provider-mdc-api-0.0.1-SNAPSHOT.jar;D:\workspack\project\gostyu\passcloud-master\paascloud-provider-api\paascloud-provider-opc-api\target\paascloud-provider-opc-api-0.0.1-SNAPSHOT.jar;D:\maven\repository\io\github\openfeign\form\feign-form\3.0.3\feign-form-3.0.3.jar;D:\maven\repository\io\github\openfeign\form\feign-form-spring\3.0.3\feign-form-spring-3.0.3.jar;D:\workspack\project\gostyu\passcloud-master\paascloud-provider-api\paascloud-provider-sdk-api\target\paascloud-provider-sdk-api-0.0.1-SNAPSHOT.jar;D:\workspack\project\gostyu\passcloud-master\paascloud-provider-api\paascloud-provider-tpc-api\target\paascloud-provider-tpc-api-0.0.1-SNAPSHOT.jar;D:\workspack\project\gostyu\passcloud-master\passcloud-common\passcloud-common-zk\target\passcloud-common-zk-0.0.1-SNAPSHOT.jar;D:\maven\repository\org\apache\curator\curator-framework\4.0.1\curator-framework-4.0.1.jar;D:\maven\repository\org\apache\curator\curator-recipes\4.0.1\curator-recipes-4.0.1.jar;D:\maven\repository\org\apache\curator\curator-client\4.0.1\curator-client-4.0.1.jar;D:\maven\repository\org\apache\zookeeper\zookeeper\3.5.3-beta\zookeeper-3.5.3-beta.jar;D:\maven\repository\commons-cli\commons-cli\1.2\commons-cli-1.2.jar;D:\maven\repository\io\netty\netty\3.10.5.Final\netty-3.10.5.Final.jar;D:\maven\repository\tk\mybatis\mapper\4.0.3\mapper-4.0.3.jar;D:\maven\repository\javax\persistence\persistence-api\1.0.2\persistence-api-1.0.2.jar;D:\maven\repository\org\aspectj\aspectjweaver\1.8.13\aspectjweaver-1.8.13.jar;D:\maven\repository\org\springframework\spring-tx\5.0.6.RELEASE\spring-tx-5.0.6.RELEASE.jar;D:\maven\repository\org\springframework\spring-beans\5.0.6.RELEASE\spring-beans-5.0.6.RELEASE.jar;D:\maven\repository\org\apache\rocketmq\rocketmq-client\4.3.0\rocketmq-client-4.3.0.jar;D:\maven\repository\org\apache\rocketmq\rocketmq-common\4.3.0\rocketmq-common-4.3.0.jar;D:\maven\repository\org\apache\rocketmq\rocketmq-remoting\4.3.0\rocketmq-remoting-4.3.0.jar;D:\maven\repository\io\netty\netty-all\4.1.24.Final\netty-all-4.1.24.Final.jar;D:\maven\repository\org\apache\rocketmq\rocketmq-logging\4.3.0\rocketmq-logging-4.3.0.jar;D:\maven\repository\io\netty\netty-tcnative-boringssl-static\1.1.33.Fork26\netty-tcnative-boringssl-static-1.1.33.Fork26.jar;D:\maven\repository\com\aliyun\aliyun-java-sdk-core\4.0.7\aliyun-java-sdk-core-4.0.7.jar;D:\maven\repository\com\google\code\gson\gson\2.8.4\gson-2.8.4.jar;D:\maven\repository\org\apache\httpcomponents\httpclient\4.5.5\httpclient-4.5.5.jar;D:\maven\repository\org\apache\httpcomponents\httpcore\4.4.9\httpcore-4.4.9.jar;D:\maven\repository\javax\xml\bind\jaxb-api\2.3.0\jaxb-api-2.3.0.jar;D:\maven\repository\com\sun\xml\bind\jaxb-core\2.1.14\jaxb-core-2.1.14.jar;D:\maven\repository\com\sun\xml\bind\jaxb-impl\2.1\jaxb-impl-2.1.jar;D:\maven\repository\javax\activation\activation\1.1.1\activation-1.1.1.jar;D:\maven\repository\com\aliyun\aliyun-java-sdk-dysmsapi\1.1.0\aliyun-java-sdk-dysmsapi-1.1.0.jar;D:\maven\repository\com\qiniu\qiniu-java-sdk\7.2.14\qiniu-java-sdk-7.2.14.jar;D:\maven\repository\com\squareup\okhttp3\okhttp\3.8.1\okhttp-3.8.1.jar;D:\maven\repository\com\squareup\okio\okio\1.13.0\okio-1.13.0.jar;D:\maven\repository\com\qiniu\happy-dns-java\0.1.6\happy-dns-java-0.1.6.jar;D:\maven\repository\org\springframework\boot\spring-boot-starter-mail\2.0.2.RELEASE\spring-boot-starter-mail-2.0.2.RELEASE.jar;D:\maven\repository\org\springframework\spring-context\5.0.6.RELEASE\spring-context-5.0.6.RELEASE.jar;D:\maven\repository\org\springframework\spring-expression\5.0.6.RELEASE\spring-expression-5.0.6.RELEASE.jar;D:\maven\repository\org\springframework\spring-context-support\5.0.6.RELEASE\spring-context-support-5.0.6.RELEASE.jar;D:\maven\repository\com\sun\mail\javax.mail\1.6.1\javax.mail-1.6.1.jar;D:\maven\repository\org\springframework\boot\spring-boot-starter-freemarker\2.0.2.RELEASE\spring-boot-starter-freemarker-2.0.2.RELEASE.jar;D:\maven\repository\org\freemarker\freemarker\2.3.28\freemarker-2.3.28.jar;D:\maven\repository\de\codecentric\spring-boot-admin-starter-client\2.0.0\spring-boot-admin-starter-client-2.0.0.jar;D:\maven\repository\de\codecentric\spring-boot-admin-client\2.0.0\spring-boot-admin-client-2.0.0.jar;D:\maven\repository\com\github\penggle\kaptcha\2.3.2\kaptcha-2.3.2.jar;D:\maven\repository\javax\servlet\javax.servlet-api\3.1.0\javax.servlet-api-3.1.0.jar;D:\maven\repository\com\jhlabs\filters\2.0.235-1\filters-2.0.235-1.jar;D:\maven\repository\commons-io\commons-io\2.6\commons-io-2.6.jar;D:\maven\repository\org\springframework\retry\spring-retry\1.2.2.RELEASE\spring-retry-1.2.2.RELEASE.jar;D:\maven\repository\org\springframework\spring-core\5.0.6.RELEASE\spring-core-5.0.6.RELEASE.jar;D:\maven\repository\org\springframework\spring-jcl\5.0.6.RELEASE\spring-jcl-5.0.6.RELEASE.jar;D:\maven\repository\org\springframework\cloud\spring-cloud-starter-config\2.0.1.RELEASE\spring-cloud-starter-config-2.0.1.RELEASE.jar;D:\maven\repository\org\springframework\cloud\spring-cloud-starter\2.0.1.RELEASE\spring-cloud-starter-2.0.1.RELEASE.jar;D:\maven\repository\org\springframework\cloud\spring-cloud-context\2.0.1.RELEASE\spring-cloud-context-2.0.1.RELEASE.jar;D:\maven\repository\org\springframework\security\spring-security-rsa\1.0.5.RELEASE\spring-security-rsa-1.0.5.RELEASE.jar;D:\maven\repository\org\springframework\cloud\spring-cloud-config-client\2.0.1.RELEASE\spring-cloud-config-client-2.0.1.RELEASE.jar;D:\maven\repository\org\springframework\cloud\spring-cloud-starter-netflix-eureka-client\2.0.1.RELEASE\spring-cloud-starter-netflix-eureka-client-2.0.1.RELEASE.jar;D:\maven\repository\org\springframework\cloud\spring-cloud-netflix-core\2.0.1.RELEASE\spring-cloud-netflix-core-2.0.1.RELEASE.jar;D:\maven\repository\org\springframework\cloud\spring-cloud-netflix-eureka-client\2.0.1.RELEASE\spring-cloud-netflix-eureka-client-2.0.1.RELEASE.jar;D:\maven\repository\com\netflix\eureka\eureka-client\1.9.3\eureka-client-1.9.3.jar;D:\maven\repository\org\codehaus\jettison\jettison\1.3.7\jettison-1.3.7.jar;D:\maven\repository\stax\stax-api\1.0.1\stax-api-1.0.1.jar;D:\maven\repository\com\netflix\netflix-commons\netflix-eventbus\0.3.0\netflix-eventbus-0.3.0.jar;D:\maven\repository\com\netflix\netflix-commons\netflix-infix\0.3.0\netflix-infix-0.3.0.jar;D:\maven\repository\commons-jxpath\commons-jxpath\1.3\commons-jxpath-1.3.jar;D:\maven\repository\org\antlr\antlr-runtime\3.4\antlr-runtime-3.4.jar;D:\maven\repository\org\antlr\stringtemplate\3.2.1\stringtemplate-3.2.1.jar;D:\maven\repository\antlr\antlr\2.7.7\antlr-2.7.7.jar;D:\maven\repository\org\apache\commons\commons-math\2.2\commons-math-2.2.jar;D:\maven\repository\com\netflix\archaius\archaius-core\0.7.6\archaius-core-0.7.6.jar;D:\maven\repository\javax\ws\rs\jsr311-api\1.1.1\jsr311-api-1.1.1.jar;D:\maven\repository\com\netflix\servo\servo-core\0.12.21\servo-core-0.12.21.jar;D:\maven\repository\com\sun\jersey\jersey-core\1.19.1\jersey-core-1.19.1.jar;D:\maven\repository\com\sun\jersey\jersey-client\1.19.1\jersey-client-1.19.1.jar;D:\maven\repository\com\sun\jersey\contribs\jersey-apache-client4\1.19.1\jersey-apache-client4-1.19.1.jar;D:\maven\repository\com\google\inject\guice\4.1.0\guice-4.1.0.jar;D:\maven\repository\javax\inject\javax.inject\1\javax.inject-1.jar;D:\maven\repository\aopalliance\aopalliance\1.0\aopalliance-1.0.jar;D:\maven\repository\com\github\vlsi\compactmap\compactmap\1.2.1\compactmap-1.2.1.jar;D:\maven\repository\com\github\andrewoma\dexx\dexx-collections\0.2\dexx-collections-0.2.jar;D:\maven\repository\com\netflix\eureka\eureka-core\1.9.3\eureka-core-1.9.3.jar;D:\maven\repository\org\codehaus\woodstox\woodstox-core-asl\4.4.1\woodstox-core-asl-4.4.1.jar;D:\maven\repository\javax\xml\stream\stax-api\1.0-2\stax-api-1.0-2.jar;D:\maven\repository\org\codehaus\woodstox\stax2-api\3.1.4\stax2-api-3.1.4.jar;D:\maven\repository\org\springframework\cloud\spring-cloud-starter-netflix-archaius\2.0.1.RELEASE\spring-cloud-starter-netflix-archaius-2.0.1.RELEASE.jar;D:\maven\repository\org\springframework\cloud\spring-cloud-netflix-ribbon\2.0.1.RELEASE\spring-cloud-netflix-ribbon-2.0.1.RELEASE.jar;D:\maven\repository\org\springframework\cloud\spring-cloud-netflix-archaius\2.0.1.RELEASE\spring-cloud-netflix-archaius-2.0.1.RELEASE.jar;D:\maven\repository\commons-configuration\commons-configuration\1.8\commons-configuration-1.8.jar;D:\maven\repository\commons-lang\commons-lang\2.6\commons-lang-2.6.jar;D:\maven\repository\org\springframework\cloud\spring-cloud-starter-netflix-ribbon\2.0.1.RELEASE\spring-cloud-starter-netflix-ribbon-2.0.1.RELEASE.jar;D:\maven\repository\com\netflix\ribbon\ribbon\2.2.5\ribbon-2.2.5.jar;D:\maven\repository\com\netflix\ribbon\ribbon-transport\2.2.5\ribbon-transport-2.2.5.jar;D:\maven\repository\io\reactivex\rxnetty-contexts\0.4.9\rxnetty-contexts-0.4.9.jar;D:\maven\repository\io\reactivex\rxnetty-servo\0.4.9\rxnetty-servo-0.4.9.jar;D:\maven\repository\io\reactivex\rxnetty\0.4.9\rxnetty-0.4.9.jar;D:\maven\repository\io\netty\netty-codec-http\4.1.24.Final\netty-codec-http-4.1.24.Final.jar;D:\maven\repository\io\netty\netty-codec\4.1.24.Final\netty-codec-4.1.24.Final.jar;D:\maven\repository\io\netty\netty-transport-native-epoll\4.1.24.Final\netty-transport-native-epoll-4.1.24.Final.jar;D:\maven\repository\io\netty\netty-common\4.1.24.Final\netty-common-4.1.24.Final.jar;D:\maven\repository\io\netty\netty-buffer\4.1.24.Final\netty-buffer-4.1.24.Final.jar;D:\maven\repository\io\netty\netty-transport-native-unix-common\4.1.24.Final\netty-transport-native-unix-common-4.1.24.Final.jar;D:\maven\repository\io\netty\netty-transport\4.1.24.Final\netty-transport-4.1.24.Final.jar;D:\maven\repository\io\netty\netty-resolver\4.1.24.Final\netty-resolver-4.1.24.Final.jar;D:\maven\repository\com\netflix\ribbon\ribbon-core\2.2.5\ribbon-core-2.2.5.jar;D:\maven\repository\com\netflix\ribbon\ribbon-httpclient\2.2.5\ribbon-httpclient-2.2.5.jar;D:\maven\repository\com\netflix\netflix-commons\netflix-commons-util\0.3.0\netflix-commons-util-0.3.0.jar;D:\maven\repository\com\netflix\ribbon\ribbon-loadbalancer\2.2.5\ribbon-loadbalancer-2.2.5.jar;D:\maven\repository\com\netflix\netflix-commons\netflix-statistics\0.1.1\netflix-statistics-0.1.1.jar;D:\maven\repository\io\reactivex\rxjava\1.2.0\rxjava-1.2.0.jar;D:\maven\repository\com\netflix\ribbon\ribbon-eureka\2.2.5\ribbon-eureka-2.2.5.jar;D:\maven\repository\com\thoughtworks\xstream\xstream\1.4.10\xstream-1.4.10.jar;D:\maven\repository\xmlpull\xmlpull\1.1.3.1\xmlpull-1.1.3.1.jar;D:\maven\repository\xpp3\xpp3_min\1.1.4c\xpp3_min-1.1.4c.jar;D:\maven\repository\org\springframework\cloud\spring-cloud-starter-sleuth\2.0.1.RELEASE\spring-cloud-starter-sleuth-2.0.1.RELEASE.jar;D:\maven\repository\org\springframework\cloud\spring-cloud-sleuth-core\2.0.1.RELEASE\spring-cloud-sleuth-core-2.0.1.RELEASE.jar;D:\maven\repository\org\aspectj\aspectjrt\1.8.13\aspectjrt-1.8.13.jar;D:\maven\repository\io\zipkin\brave\brave\5.1.4\brave-5.1.4.jar;D:\maven\repository\io\zipkin\brave\brave-context-log4j2\5.1.4\brave-context-log4j2-5.1.4.jar;D:\maven\repository\io\zipkin\brave\brave-instrumentation-spring-web\5.1.4\brave-instrumentation-spring-web-5.1.4.jar;D:\maven\repository\io\zipkin\brave\brave-instrumentation-http\5.1.4\brave-instrumentation-http-5.1.4.jar;D:\maven\repository\io\zipkin\brave\brave-instrumentation-spring-rabbit\5.1.4\brave-instrumentation-spring-rabbit-5.1.4.jar;D:\maven\repository\io\zipkin\brave\brave-instrumentation-kafka-clients\5.1.4\brave-instrumentation-kafka-clients-5.1.4.jar;D:\maven\repository\io\zipkin\brave\brave-instrumentation-httpclient\5.1.4\brave-instrumentation-httpclient-5.1.4.jar;D:\maven\repository\io\zipkin\brave\brave-instrumentation-httpasyncclient\5.1.4\brave-instrumentation-httpasyncclient-5.1.4.jar;D:\maven\repository\io\zipkin\brave\brave-instrumentation-spring-webmvc\5.1.4\brave-instrumentation-spring-webmvc-5.1.4.jar;D:\maven\repository\io\zipkin\brave\brave-instrumentation-servlet\5.1.4\brave-instrumentation-servlet-5.1.4.jar;D:\maven\repository\org\springframework\cloud\spring-cloud-sleuth-zipkin\2.0.1.RELEASE\spring-cloud-sleuth-zipkin-2.0.1.RELEASE.jar;D:\maven\repository\org\springframework\spring-web\5.0.6.RELEASE\spring-web-5.0.6.RELEASE.jar;D:\maven\repository\org\springframework\cloud\spring-cloud-commons\2.0.1.RELEASE\spring-cloud-commons-2.0.1.RELEASE.jar;D:\maven\repository\org\springframework\security\spring-security-crypto\5.0.5.RELEASE\spring-security-crypto-5.0.5.RELEASE.jar;D:\maven\repository\io\zipkin\zipkin2\zipkin\2.10.4\zipkin-2.10.4.jar;D:\maven\repository\io\zipkin\reporter2\zipkin-reporter\2.7.7\zipkin-reporter-2.7.7.jar;D:\maven\repository\io\zipkin\reporter2\zipkin-sender-kafka11\2.7.7\zipkin-sender-kafka11-2.7.7.jar;D:\maven\repository\io\zipkin\reporter2\zipkin-sender-amqp-client\2.7.7\zipkin-sender-amqp-client-2.7.7.jar;D:\maven\repository\tk\mybatis\mapper-spring-boot-starter\2.0.2\mapper-spring-boot-starter-2.0.2.jar;D:\maven\repository\tk\mybatis\mapper-base\1.0.1\mapper-base-1.0.1.jar;D:\maven\repository\tk\mybatis\mapper-weekend\1.1.3\mapper-weekend-1.1.3.jar;D:\maven\repository\tk\mybatis\mapper-spring\1.0.1\mapper-spring-1.0.1.jar;D:\maven\repository\tk\mybatis\mapper-extra\1.0.1\mapper-extra-1.0.1.jar;D:\maven\repository\tk\mybatis\mapper-spring-boot-autoconfigure\2.0.2\mapper-spring-boot-autoconfigure-2.0.2.jar;D:\workspack\project\gostyu\passcloud-master\passcloud-common\passcloud-common-util\target\passcloud-common-util-0.0.1-SNAPSHOT.jar;D:\maven\repository\org\apache\commons\commons-lang3\3.7\commons-lang3-3.7.jar;D:\maven\repository\ch\qos\logback\logback-classic\1.2.3\logback-classic-1.2.3.jar;D:\maven\repository\org\codehaus\jackson\jackson-smile\1.9.13\jackson-smile-1.9.13.jar;D:\maven\repository\org\codehaus\jackson\jackson-core-asl\1.9.13\jackson-core-asl-1.9.13.jar;D:\maven\repository\org\codehaus\jackson\jackson-mapper-asl\1.9.13\jackson-mapper-asl-1.9.13.jar;D:\maven\repository\com\xiaoleilu\hutool-all\3.3.2\hutool-all-3.3.2.jar;D:\maven\repository\commons-beanutils\commons-beanutils\1.9.3\commons-beanutils-1.9.3.jar;D:\maven\repository\commons-logging\commons-logging\1.2\commons-logging-1.2.jar;D:\maven\repository\commons-collections\commons-collections\3.2.2\commons-collections-3.2.2.jar;D:\maven\repository\org\springframework\boot\spring-boot-starter-data-redis\2.0.2.RELEASE\spring-boot-starter-data-redis-2.0.2.RELEASE.jar;D:\maven\repository\org\springframework\data\spring-data-redis\2.0.7.RELEASE\spring-data-redis-2.0.7.RELEASE.jar;D:\maven\repository\org\springframework\data\spring-data-keyvalue\2.0.7.RELEASE\spring-data-keyvalue-2.0.7.RELEASE.jar;D:\maven\repository\org\springframework\data\spring-data-commons\2.0.7.RELEASE\spring-data-commons-2.0.7.RELEASE.jar;D:\maven\repository\org\springframework\spring-oxm\5.0.6.RELEASE\spring-oxm-5.0.6.RELEASE.jar;D:\maven\repository\redis\clients\jedis\2.9.0\jedis-2.9.0.jar;D:\maven\repository\org\apache\commons\commons-pool2\2.5.0\commons-pool2-2.5.0.jar;D:\maven\repository\com\alibaba\fastjson\1.2.47\fastjson-1.2.47.jar;D:\workspack\project\gostyu\passcloud-master\passcloud-common\passcloud-common-core\target\passcloud-common-core-0.0.1-SNAPSHOT.jar;D:\maven\repository\org\springframework\cloud\spring-cloud-starter-oauth2\2.0.0.RELEASE\spring-cloud-starter-oauth2-2.0.0.RELEASE.jar;D:\maven\repository\org\springframework\cloud\spring-cloud-starter-security\2.0.0.RELEASE\spring-cloud-starter-security-2.0.0.RELEASE.jar;D:\maven\repository\org\springframework\cloud\spring-cloud-security\2.0.0.RELEASE\spring-cloud-security-2.0.0.RELEASE.jar;D:\maven\repository\org\springframework\boot\spring-boot-starter-security\2.0.2.RELEASE\spring-boot-starter-security-2.0.2.RELEASE.jar;D:\maven\repository\org\springframework\security\oauth\boot\spring-security-oauth2-autoconfigure\2.0.0.RELEASE\spring-security-oauth2-autoconfigure-2.0.0.RELEASE.jar;D:\maven\repository\org\springframework\security\oauth\spring-security-oauth2\2.2.1.RELEASE\spring-security-oauth2-2.2.1.RELEASE.jar;D:\maven\repository\org\springframework\security\spring-security-core\5.0.5.RELEASE\spring-security-core-5.0.5.RELEASE.jar;D:\maven\repository\org\springframework\security\spring-security-config\5.0.5.RELEASE\spring-security-config-5.0.5.RELEASE.jar;D:\maven\repository\org\springframework\security\spring-security-web\5.0.5.RELEASE\spring-security-web-5.0.5.RELEASE.jar;D:\workspack\project\gostyu\passcloud-master\passcloud-common\passcloud-common-conf\target\passcloud-common-conf-0.0.1-SNAPSHOT.jar;D:\maven\repository\eu\bitwalker\UserAgentUtils\1.20\UserAgentUtils-1.20.jar;D:\maven\repository\com\fasterxml\jackson\module\jackson-module-parameter-names\2.9.5\jackson-module-parameter-names-2.9.5.jar;D:\maven\repository\com\fasterxml\jackson\datatype\jackson-datatype-jdk8\2.9.5\jackson-datatype-jdk8-2.9.5.jar;D:\maven\repository\com\fasterxml\jackson\datatype\jackson-datatype-jsr310\2.9.5\jackson-datatype-jsr310-2.9.5.jar;D:\maven\repository\io\jsonwebtoken\jjwt\0.9.0\jjwt-0.9.0.jar;D:\maven\repository\com\arronlong\httpclientutil\httpclientutil\1.0\httpclientutil-1.0.jar;D:\maven\repository\org\apache\httpcomponents\httpmime\4.5.5\httpmime-4.5.5.jar;D:\maven\repository\org\apache\httpcomponents\httpasyncclient\4.1.3\httpasyncclient-4.1.3.jar;D:\maven\repository\org\apache\httpcomponents\httpcore-nio\4.4.9\httpcore-nio-4.4.9.jar;D:\maven\repository\log4j\log4j\1.2.17\log4j-1.2.17.jar;D:\maven\repository\com\netflix\hystrix\hystrix-core\1.5.12\hystrix-core-1.5.12.jar;D:\maven\repository\org\hdrhistogram\HdrHistogram\2.1.9\HdrHistogram-2.1.9.jar;D:\maven\repository\org\springframework\boot\spring-boot-starter-actuator\2.0.2.RELEASE\spring-boot-starter-actuator-2.0.2.RELEASE.jar;D:\maven\repository\org\springframework\boot\spring-boot-actuator-autoconfigure\2.0.2.RELEASE\spring-boot-actuator-autoconfigure-2.0.2.RELEASE.jar;D:\maven\repository\org\springframework\boot\spring-boot-actuator\2.0.2.RELEASE\spring-boot-actuator-2.0.2.RELEASE.jar;D:\maven\repository\io\micrometer\micrometer-core\1.0.4\micrometer-core-1.0.4.jar;D:\maven\repository\org\latencyutils\LatencyUtils\2.0.3\LatencyUtils-2.0.3.jar;D:\maven\repository\org\springframework\cloud\spring-cloud-starter-hystrix\1.4.5.RELEASE\spring-cloud-starter-hystrix-1.4.5.RELEASE.jar;D:\maven\repository\org\springframework\cloud\spring-cloud-starter-netflix-hystrix\2.0.1.RELEASE\spring-cloud-starter-netflix-hystrix-2.0.1.RELEASE.jar;D:\maven\repository\com\netflix\hystrix\hystrix-serialization\1.5.12\hystrix-serialization-1.5.12.jar;D:\maven\repository\com\fasterxml\jackson\module\jackson-module-afterburner\2.9.5\jackson-module-afterburner-2.9.5.jar;D:\maven\repository\com\netflix\hystrix\hystrix-metrics-event-stream\1.5.12\hystrix-metrics-event-stream-1.5.12.jar;D:\maven\repository\io\reactivex\rxjava-reactive-streams\1.2.1\rxjava-reactive-streams-1.2.1.jar;D:\maven\repository\org\reactivestreams\reactive-streams\1.0.2\reactive-streams-1.0.2.jar;D:\maven\repository\org\springframework\boot\spring-boot-starter-web\2.0.2.RELEASE\spring-boot-starter-web-2.0.2.RELEASE.jar;D:\maven\repository\org\springframework\boot\spring-boot-starter-json\2.0.2.RELEASE\spring-boot-starter-json-2.0.2.RELEASE.jar;D:\maven\repository\org\springframework\boot\spring-boot-starter-tomcat\2.0.2.RELEASE\spring-boot-starter-tomcat-2.0.2.RELEASE.jar;D:\maven\repository\org\apache\tomcat\embed\tomcat-embed-core\8.5.31\tomcat-embed-core-8.5.31.jar;D:\maven\repository\org\apache\tomcat\embed\tomcat-embed-websocket\8.5.31\tomcat-embed-websocket-8.5.31.jar;D:\maven\repository\org\hibernate\validator\hibernate-validator\6.0.9.Final\hibernate-validator-6.0.9.Final.jar;D:\maven\repository\javax\validation\validation-api\2.0.1.Final\validation-api-2.0.1.Final.jar;D:\maven\repository\org\jboss\logging\jboss-logging\3.3.2.Final\jboss-logging-3.3.2.Final.jar;D:\maven\repository\org\springframework\spring-webmvc\5.0.6.RELEASE\spring-webmvc-5.0.6.RELEASE.jar;D:\maven\repository\net\logstash\logback\logstash-logback-encoder\5.1\logstash-logback-encoder-5.1.jar;D:\maven\repository\ch\qos\logback\logback-core\1.2.3\logback-core-1.2.3.jar;D:\maven\repository\com\google\guava\guava\26.0-jre\guava-26.0-jre.jar;D:\maven\repository\com\google\code\findbugs\jsr305\3.0.2\jsr305-3.0.2.jar;D:\maven\repository\org\checkerframework\checker-qual\2.5.2\checker-qual-2.5.2.jar;D:\maven\repository\com\google\errorprone\error_prone_annotations\2.1.3\error_prone_annotations-2.1.3.jar;D:\maven\repository\com\google\j2objc\j2objc-annotations\1.1\j2objc-annotations-1.1.jar;D:\maven\repository\org\codehaus\mojo\animal-sniffer-annotations\1.14\animal-sniffer-annotations-1.14.jar;D:\maven\repository\org\springframework\boot\spring-boot-starter-validation\2.0.2.RELEASE\spring-boot-starter-validation-2.0.2.RELEASE.jar;D:\maven\repository\org\apache\tomcat\embed\tomcat-embed-el\8.5.31\tomcat-embed-el-8.5.31.jar;D:\maven\repository\io\springfox\springfox-swagger-ui\2.8.0\springfox-swagger-ui-2.8.0.jar;D:\maven\repository\io\springfox\springfox-spring-web\2.8.0\springfox-spring-web-2.8.0.jar;D:\maven\repository\org\reflections\reflections\0.9.11\reflections-0.9.11.jar;D:\maven\repository\org\javassist\javassist\3.21.0-GA\javassist-3.21.0-GA.jar;D:\maven\repository\io\springfox\springfox-swagger2\2.8.0\springfox-swagger2-2.8.0.jar;D:\maven\repository\io\swagger\swagger-annotations\1.5.18\swagger-annotations-1.5.18.jar;D:\maven\repository\io\swagger\swagger-models\1.5.14\swagger-models-1.5.14.jar;D:\maven\repository\io\springfox\springfox-spi\2.8.0\springfox-spi-2.8.0.jar;D:\maven\repository\io\springfox\springfox-core\2.8.0\springfox-core-2.8.0.jar;D:\maven\repository\io\springfox\springfox-schema\2.8.0\springfox-schema-2.8.0.jar;D:\maven\repository\io\springfox\springfox-swagger-common\2.8.0\springfox-swagger-common-2.8.0.jar;D:\maven\repository\com\fasterxml\classmate\1.3.4\classmate-1.3.4.jar;D:\maven\repository\org\springframework\plugin\spring-plugin-core\1.2.0.RELEASE\spring-plugin-core-1.2.0.RELEASE.jar;D:\maven\repository\org\springframework\plugin\spring-plugin-metadata\1.2.0.RELEASE\spring-plugin-metadata-1.2.0.RELEASE.jar;D:\maven\repository\org\mapstruct\mapstruct\1.2.0.Final\mapstruct-1.2.0.Final.jar;D:\maven\repository\commons-codec\commons-codec\1.11\commons-codec-1.11.jar;D:\maven\repository\com\alibaba\druid\1.1.10\druid-1.1.10.jar;D:\maven\repository\org\mybatis\generator\mybatis-generator-core\1.3.7\mybatis-generator-core-1.3.7.jar;D:\maven\repository\org\springframework\boot\spring-boot-configuration-processor\2.0.2.RELEASE\spring-boot-configuration-processor-2.0.2.RELEASE.jar;D:\maven\repository\org\springframework\boot\spring-boot-devtools\2.0.2.RELEASE\spring-boot-devtools-2.0.2.RELEASE.jar;D:\maven\repository\org\springframework\boot\spring-boot\2.0.2.RELEASE\spring-boot-2.0.2.RELEASE.jar;D:\maven\repository\org\springframework\boot\spring-boot-starter-aop\2.0.2.RELEASE\spring-boot-starter-aop-2.0.2.RELEASE.jar;D:\maven\repository\org\springframework\spring-aop\5.0.6.RELEASE\spring-aop-5.0.6.RELEASE.jar;D:\maven\repository\org\modelmapper\modelmapper\2.1.1\modelmapper-2.1.1.jar;D:\maven\repository\org\jolokia\jolokia-core\1.5.0\jolokia-core-1.5.0.jar;D:\maven\repository\com\googlecode\json-simple\json-simple\1.1.1\json-simple-1.1.1.jar;D:\maven\repository\org\springframework\security\spring-security-jwt\1.0.9.RELEASE\spring-security-jwt-1.0.9.RELEASE.jar;D:\maven\repository\org\bouncycastle\bcpkix-jdk15on\1.56\bcpkix-jdk15on-1.56.jar;D:\maven\repository\org\bouncycastle\bcprov-jdk15on\1.56\bcprov-jdk15on-1.56.jar;D:\maven\repository\org\liquibase\liquibase-core\3.5.3\liquibase-core-3.5.3.jar;D:\maven\repository\org\yaml\snakeyaml\1.19\snakeyaml-1.19.jar;D:\maven\repository\org\springframework\cloud\spring-cloud-starter-zipkin\2.0.1.RELEASE\spring-cloud-starter-zipkin-2.0.1.RELEASE.jar;D:\maven\repository\org\springframework\amqp\spring-rabbit\2.0.3.RELEASE\spring-rabbit-2.0.3.RELEASE.jar;D:\maven\repository\org\springframework\amqp\spring-amqp\2.0.3.RELEASE\spring-amqp-2.0.3.RELEASE.jar;D:\maven\repository\com\rabbitmq\amqp-client\5.1.2\amqp-client-5.1.2.jar;D:\maven\repository\org\springframework\spring-messaging\5.0.6.RELEASE\spring-messaging-5.0.6.RELEASE.jar;D:\maven\repository\org\springframework\boot\spring-boot-starter-undertow\2.0.2.RELEASE\spring-boot-starter-undertow-2.0.2.RELEASE.jar;D:\maven\repository\io\undertow\undertow-core\1.4.25.Final\undertow-core-1.4.25.Final.jar;D:\maven\repository\org\jboss\xnio\xnio-api\3.3.8.Final\xnio-api-3.3.8.Final.jar;D:\maven\repository\org\jboss\xnio\xnio-nio\3.3.8.Final\xnio-nio-3.3.8.Final.jar;D:\maven\repository\io\undertow\undertow-servlet\1.4.25.Final\undertow-servlet-1.4.25.Final.jar;D:\maven\repository\org\jboss\spec\javax\annotation\jboss-annotations-api_1.2_spec\1.0.2.Final\jboss-annotations-api_1.2_spec-1.0.2.Final.jar;D:\maven\repository\io\undertow\undertow-websockets-jsr\1.4.25.Final\undertow-websockets-jsr-1.4.25.Final.jar;D:\maven\repository\org\jboss\spec\javax\websocket\jboss-websocket-api_1.1_spec\1.1.3.Final\jboss-websocket-api_1.1_spec-1.1.3.Final.jar;D:\maven\repository\org\glassfish\javax.el\3.0.0\javax.el-3.0.0.jar;D:\maven\repository\org\springframework\boot\spring-boot-starter-test\2.0.2.RELEASE\spring-boot-starter-test-2.0.2.RELEASE.jar;D:\maven\repository\org\springframework\boot\spring-boot-test\2.0.2.RELEASE\spring-boot-test-2.0.2.RELEASE.jar;D:\maven\repository\org\springframework\boot\spring-boot-test-autoconfigure\2.0.2.RELEASE\spring-boot-test-autoconfigure-2.0.2.RELEASE.jar;D:\maven\repository\com\jayway\jsonpath\json-path\2.4.0\json-path-2.4.0.jar;D:\maven\repository\net\minidev\json-smart\2.3\json-smart-2.3.jar;D:\maven\repository\net\minidev\accessors-smart\1.2\accessors-smart-1.2.jar;D:\maven\repository\junit\junit\4.12\junit-4.12.jar;D:\maven\repository\org\assertj\assertj-core\3.9.1\assertj-core-3.9.1.jar;D:\maven\repository\org\mockito\mockito-core\2.15.0\mockito-core-2.15.0.jar;D:\maven\repository\net\bytebuddy\byte-buddy\1.7.11\byte-buddy-1.7.11.jar;D:\maven\repository\net\bytebuddy\byte-buddy-agent\1.7.11\byte-buddy-agent-1.7.11.jar;D:\maven\repository\org\objenesis\objenesis\2.6\objenesis-2.6.jar;D:\maven\repository\org\hamcrest\hamcrest-core\1.3\hamcrest-core-1.3.jar;D:\maven\repository\org\hamcrest\hamcrest-library\1.3\hamcrest-library-1.3.jar;D:\maven\repository\org\skyscreamer\jsonassert\1.5.0\jsonassert-1.5.0.jar;D:\maven\repository\com\vaadin\external\google\android-json\0.0.20131108.vaadin1\android-json-0.0.20131108.vaadin1.jar;D:\maven\repository\org\springframework\spring-test\5.0.6.RELEASE\spring-test-5.0.6.RELEASE.jar;D:\maven\repository\org\xmlunit\xmlunit-core\2.5.1\xmlunit-core-2.5.1.jar;D:\maven\repository\org\springframework\boot\spring-boot-properties-migrator\2.0.4.RELEASE\spring-boot-properties-migrator-2.0.4.RELEASE.jar;D:\maven\repository\org\springframework\boot\spring-boot-configuration-metadata\2.0.2.RELEASE\spring-boot-configuration-metadata-2.0.2.RELEASE.jar;D:\maven\repository\com\netflix\hystrix\hystrix-javanica\1.5.12\hystrix-javanica-1.5.12.jar;D:\maven\repository\org\ow2\asm\asm\5.0.4\asm-5.0.4.jar;D:\maven\repository\org\projectlombok\lombok\1.16.20\lombok-1.16.20.jar;, java.specification.name=Java Platform API Specification, java.class.version=52.0, sun.management.compiler=HotSpot 64-Bit Tiered Compilers, os.version=6.3, user.home=C:\Users\Shinelon, user.timezone=Asia/Shanghai, java.awt.printerjob=sun.awt.windows.WPrinterJob, file.encoding=GBK, java.specification.version=1.8, java.class.path=D:\workspack\project\gostyu\passcloud-master\paascloud-provider\paascloud-provider-opc\target\test-classes;D:\workspack\project\gostyu\passcloud-master\paascloud-provider\paascloud-provider-opc\target\classes;D:\maven\repository\mysql\mysql-connector-java\5.1.46\mysql-connector-java-5.1.46.jar;D:\maven\repository\joda-time\joda-time\2.9.9\joda-time-2.9.9.jar;D:\maven\repository\org\mybatis\spring\boot\mybatis-spring-boot-starter\1.3.2\mybatis-spring-boot-starter-1.3.2.jar;D:\maven\repository\org\springframework\boot\spring-boot-starter\2.0.2.RELEASE\spring-boot-starter-2.0.2.RELEASE.jar;D:\maven\repository\org\springframework\boot\spring-boot-starter-logging\2.0.2.RELEASE\spring-boot-starter-logging-2.0.2.RELEASE.jar;D:\maven\repository\org\apache\logging\log4j\log4j-to-slf4j\2.10.0\log4j-to-slf4j-2.10.0.jar;D:\maven\repository\org\apache\logging\log4j\log4j-api\2.10.0\log4j-api-2.10.0.jar;D:\maven\repository\org\slf4j\jul-to-slf4j\1.7.25\jul-to-slf4j-1.7.25.jar;D:\maven\repository\javax\annotation\javax.annotation-api\1.3.2\javax.annotation-api-1.3.2.jar;D:\maven\repository\org\springframework\boot\spring-boot-starter-jdbc\2.0.2.RELEASE\spring-boot-starter-jdbc-2.0.2.RELEASE.jar;D:\maven\repository\com\zaxxer\HikariCP\2.7.9\HikariCP-2.7.9.jar;D:\maven\repository\org\springframework\spring-jdbc\5.0.6.RELEASE\spring-jdbc-5.0.6.RELEASE.jar;D:\maven\repository\org\mybatis\spring\boot\mybatis-spring-boot-autoconfigure\1.3.2\mybatis-spring-boot-autoconfigure-1.3.2.jar;D:\maven\repository\org\mybatis\mybatis\3.4.6\mybatis-3.4.6.jar;D:\maven\repository\org\mybatis\mybatis-spring\1.3.2\mybatis-spring-1.3.2.jar;D:\maven\repository\com\github\pagehelper\pagehelper-spring-boot-starter\1.2.5\pagehelper-spring-boot-starter-1.2.5.jar;D:\maven\repository\com\github\pagehelper\pagehelper-spring-boot-autoconfigure\1.2.5\pagehelper-spring-boot-autoconfigure-1.2.5.jar;D:\maven\repository\com\github\pagehelper\pagehelper\5.1.4\pagehelper-5.1.4.jar;D:\maven\repository\com\github\jsqlparser\jsqlparser\1.0\jsqlparser-1.0.jar;D:\maven\repository\com\alibaba\druid-spring-boot-starter\1.1.10\druid-spring-boot-starter-1.1.10.jar;D:\maven\repository\org\slf4j\slf4j-api\1.7.25\slf4j-api-1.7.25.jar;D:\maven\repository\org\springframework\boot\spring-boot-autoconfigure\2.0.2.RELEASE\spring-boot-autoconfigure-2.0.2.RELEASE.jar;D:\maven\repository\org\springframework\cloud\spring-cloud-starter-feign\1.4.5.RELEASE\spring-cloud-starter-feign-1.4.5.RELEASE.jar;D:\maven\repository\org\springframework\cloud\spring-cloud-starter-openfeign\2.0.1.RELEASE\spring-cloud-starter-openfeign-2.0.1.RELEASE.jar;D:\maven\repository\org\springframework\cloud\spring-cloud-openfeign-core\2.0.1.RELEASE\spring-cloud-openfeign-core-2.0.1.RELEASE.jar;D:\maven\repository\io\github\openfeign\feign-core\9.5.1\feign-core-9.5.1.jar;D:\maven\repository\io\github\openfeign\feign-slf4j\9.5.1\feign-slf4j-9.5.1.jar;D:\maven\repository\io\github\openfeign\feign-hystrix\9.5.1\feign-hystrix-9.5.1.jar;D:\maven\repository\io\github\openfeign\feign-java8\9.5.1\feign-java8-9.5.1.jar;D:\maven\repository\com\fasterxml\jackson\core\jackson-databind\2.9.5\jackson-databind-2.9.5.jar;D:\maven\repository\com\fasterxml\jackson\core\jackson-annotations\2.9.0\jackson-annotations-2.9.0.jar;D:\maven\repository\com\fasterxml\jackson\core\jackson-core\2.9.5\jackson-core-2.9.5.jar;D:\workspack\project\gostyu\passcloud-master\paascloud-provider-api\paascloud-provider-omc-api\target\paascloud-provider-omc-api-0.0.1-SNAPSHOT.jar;D:\workspack\project\gostyu\passcloud-master\passcloud-common\passcloud-common-base\target\passcloud-common-base-0.0.1-SNAPSHOT.jar;D:\workspack\project\gostyu\passcloud-master\passcloud-common\passcloud-security-feign\target\passcloud-security-feign-0.0.1-SNAPSHOT.jar;D:\maven\repository\com\netflix\feign\feign-okhttp\8.18.0\feign-okhttp-8.18.0.jar;D:\maven\repository\com\netflix\feign\feign-core\8.18.0\feign-core-8.18.0.jar;D:\maven\repository\org\jvnet\animal-sniffer-annotation\1.0\animal-sniffer-annotation-1.0.jar;D:\workspack\project\gostyu\passcloud-master\paascloud-provider-api\paascloud-provider-mdc-api\target\paascloud-provider-mdc-api-0.0.1-SNAPSHOT.jar;D:\workspack\project\gostyu\passcloud-master\paascloud-provider-api\paascloud-provider-opc-api\target\paascloud-provider-opc-api-0.0.1-SNAPSHOT.jar;D:\maven\repository\io\github\openfeign\form\feign-form\3.0.3\feign-form-3.0.3.jar;D:\maven\repository\io\github\openfeign\form\feign-form-spring\3.0.3\feign-form-spring-3.0.3.jar;D:\workspack\project\gostyu\passcloud-master\paascloud-provider-api\paascloud-provider-sdk-api\target\paascloud-provider-sdk-api-0.0.1-SNAPSHOT.jar;D:\workspack\project\gostyu\passcloud-master\paascloud-provider-api\paascloud-provider-tpc-api\target\paascloud-provider-tpc-api-0.0.1-SNAPSHOT.jar;D:\workspack\project\gostyu\passcloud-master\passcloud-common\passcloud-common-zk\target\passcloud-common-zk-0.0.1-SNAPSHOT.jar;D:\maven\repository\org\apache\curator\curator-framework\4.0.1\curator-framework-4.0.1.jar;D:\maven\repository\org\apache\curator\curator-recipes\4.0.1\curator-recipes-4.0.1.jar;D:\maven\repository\org\apache\curator\curator-client\4.0.1\curator-client-4.0.1.jar;D:\maven\repository\org\apache\zookeeper\zookeeper\3.5.3-beta\zookeeper-3.5.3-beta.jar;D:\maven\repository\commons-cli\commons-cli\1.2\commons-cli-1.2.jar;D:\maven\repository\io\netty\netty\3.10.5.Final\netty-3.10.5.Final.jar;D:\maven\repository\tk\mybatis\mapper\4.0.3\mapper-4.0.3.jar;D:\maven\repository\javax\persistence\persistence-api\1.0.2\persistence-api-1.0.2.jar;D:\maven\repository\org\aspectj\aspectjweaver\1.8.13\aspectjweaver-1.8.13.jar;D:\maven\repository\org\springframework\spring-tx\5.0.6.RELEASE\spring-tx-5.0.6.RELEASE.jar;D:\maven\repository\org\springframework\spring-beans\5.0.6.RELEASE\spring-beans-5.0.6.RELEASE.jar;D:\maven\repository\org\apache\rocketmq\rocketmq-client\4.3.0\rocketmq-client-4.3.0.jar;D:\maven\repository\org\apache\rocketmq\rocketmq-common\4.3.0\rocketmq-common-4.3.0.jar;D:\maven\repository\org\apache\rocketmq\rocketmq-remoting\4.3.0\rocketmq-remoting-4.3.0.jar;D:\maven\repository\io\netty\netty-all\4.1.24.Final\netty-all-4.1.24.Final.jar;D:\maven\repository\org\apache\rocketmq\rocketmq-logging\4.3.0\rocketmq-logging-4.3.0.jar;D:\maven\repository\io\netty\netty-tcnative-boringssl-static\1.1.33.Fork26\netty-tcnative-boringssl-static-1.1.33.Fork26.jar;D:\maven\repository\com\aliyun\aliyun-java-sdk-core\4.0.7\aliyun-java-sdk-core-4.0.7.jar;D:\maven\repository\com\google\code\gson\gson\2.8.4\gson-2.8.4.jar;D:\maven\repository\org\apache\httpcomponents\httpclient\4.5.5\httpclient-4.5.5.jar;D:\maven\repository\org\apache\httpcomponents\httpcore\4.4.9\httpcore-4.4.9.jar;D:\maven\repository\javax\xml\bind\jaxb-api\2.3.0\jaxb-api-2.3.0.jar;D:\maven\repository\com\sun\xml\bind\jaxb-core\2.1.14\jaxb-core-2.1.14.jar;D:\maven\repository\com\sun\xml\bind\jaxb-impl\2.1\jaxb-impl-2.1.jar;D:\maven\repository\javax\activation\activation\1.1.1\activation-1.1.1.jar;D:\maven\repository\com\aliyun\aliyun-java-sdk-dysmsapi\1.1.0\aliyun-java-sdk-dysmsapi-1.1.0.jar;D:\maven\repository\com\qiniu\qiniu-java-sdk\7.2.14\qiniu-java-sdk-7.2.14.jar;D:\maven\repository\com\squareup\okhttp3\okhttp\3.8.1\okhttp-3.8.1.jar;D:\maven\repository\com\squareup\okio\okio\1.13.0\okio-1.13.0.jar;D:\maven\repository\com\qiniu\happy-dns-java\0.1.6\happy-dns-java-0.1.6.jar;D:\maven\repository\org\springframework\boot\spring-boot-starter-mail\2.0.2.RELEASE\spring-boot-starter-mail-2.0.2.RELEASE.jar;D:\maven\repository\org\springframework\spring-context\5.0.6.RELEASE\spring-context-5.0.6.RELEASE.jar;D:\maven\repository\org\springframework\spring-expression\5.0.6.RELEASE\spring-expression-5.0.6.RELEASE.jar;D:\maven\repository\org\springframework\spring-context-support\5.0.6.RELEASE\spring-context-support-5.0.6.RELEASE.jar;D:\maven\repository\com\sun\mail\javax.mail\1.6.1\javax.mail-1.6.1.jar;D:\maven\repository\org\springframework\boot\spring-boot-starter-freemarker\2.0.2.RELEASE\spring-boot-starter-freemarker-2.0.2.RELEASE.jar;D:\maven\repository\org\freemarker\freemarker\2.3.28\freemarker-2.3.28.jar;D:\maven\repository\de\codecentric\spring-boot-admin-starter-client\2.0.0\spring-boot-admin-starter-client-2.0.0.jar;D:\maven\repository\de\codecentric\spring-boot-admin-client\2.0.0\spring-boot-admin-client-2.0.0.jar;D:\maven\repository\com\github\penggle\kaptcha\2.3.2\kaptcha-2.3.2.jar;D:\maven\repository\javax\servlet\javax.servlet-api\3.1.0\javax.servlet-api-3.1.0.jar;D:\maven\repository\com\jhlabs\filters\2.0.235-1\filters-2.0.235-1.jar;D:\maven\repository\commons-io\commons-io\2.6\commons-io-2.6.jar;D:\maven\repository\org\springframework\retry\spring-retry\1.2.2.RELEASE\spring-retry-1.2.2.RELEASE.jar;D:\maven\repository\org\springframework\spring-core\5.0.6.RELEASE\spring-core-5.0.6.RELEASE.jar;D:\maven\repository\org\springframework\spring-jcl\5.0.6.RELEASE\spring-jcl-5.0.6.RELEASE.jar;D:\maven\repository\org\springframework\cloud\spring-cloud-starter-config\2.0.1.RELEASE\spring-cloud-starter-config-2.0.1.RELEASE.jar;D:\maven\repository\org\springframework\cloud\spring-cloud-starter\2.0.1.RELEASE\spring-cloud-starter-2.0.1.RELEASE.jar;D:\maven\repository\org\springframework\cloud\spring-cloud-context\2.0.1.RELEASE\spring-cloud-context-2.0.1.RELEASE.jar;D:\maven\repository\org\springframework\security\spring-security-rsa\1.0.5.RELEASE\spring-security-rsa-1.0.5.RELEASE.jar;D:\maven\repository\org\springframework\cloud\spring-cloud-config-client\2.0.1.RELEASE\spring-cloud-config-client-2.0.1.RELEASE.jar;D:\maven\repository\org\springframework\cloud\spring-cloud-starter-netflix-eureka-client\2.0.1.RELEASE\spring-cloud-starter-netflix-eureka-client-2.0.1.RELEASE.jar;D:\maven\repository\org\springframework\cloud\spring-cloud-netflix-core\2.0.1.RELEASE\spring-cloud-netflix-core-2.0.1.RELEASE.jar;D:\maven\repository\org\springframework\cloud\spring-cloud-netflix-eureka-client\2.0.1.RELEASE\spring-cloud-netflix-eureka-client-2.0.1.RELEASE.jar;D:\maven\repository\com\netflix\eureka\eureka-client\1.9.3\eureka-client-1.9.3.jar;D:\maven\repository\org\codehaus\jettison\jettison\1.3.7\jettison-1.3.7.jar;D:\maven\repository\stax\stax-api\1.0.1\stax-api-1.0.1.jar;D:\maven\repository\com\netflix\netflix-commons\netflix-eventbus\0.3.0\netflix-eventbus-0.3.0.jar;D:\maven\repository\com\netflix\netflix-commons\netflix-infix\0.3.0\netflix-infix-0.3.0.jar;D:\maven\repository\commons-jxpath\commons-jxpath\1.3\commons-jxpath-1.3.jar;D:\maven\repository\org\antlr\antlr-runtime\3.4\antlr-runtime-3.4.jar;D:\maven\repository\org\antlr\stringtemplate\3.2.1\stringtemplate-3.2.1.jar;D:\maven\repository\antlr\antlr\2.7.7\antlr-2.7.7.jar;D:\maven\repository\org\apache\commons\commons-math\2.2\commons-math-2.2.jar;D:\maven\repository\com\netflix\archaius\archaius-core\0.7.6\archaius-core-0.7.6.jar;D:\maven\repository\javax\ws\rs\jsr311-api\1.1.1\jsr311-api-1.1.1.jar;D:\maven\repository\com\netflix\servo\servo-core\0.12.21\servo-core-0.12.21.jar;D:\maven\repository\com\sun\jersey\jersey-core\1.19.1\jersey-core-1.19.1.jar;D:\maven\repository\com\sun\jersey\jersey-client\1.19.1\jersey-client-1.19.1.jar;D:\maven\repository\com\sun\jersey\contribs\jersey-apache-client4\1.19.1\jersey-apache-client4-1.19.1.jar;D:\maven\repository\com\google\inject\guice\4.1.0\guice-4.1.0.jar;D:\maven\repository\javax\inject\javax.inject\1\javax.inject-1.jar;D:\maven\repository\aopalliance\aopalliance\1.0\aopalliance-1.0.jar;D:\maven\repository\com\github\vlsi\compactmap\compactmap\1.2.1\compactmap-1.2.1.jar;D:\maven\repository\com\github\andrewoma\dexx\dexx-collections\0.2\dexx-collections-0.2.jar;D:\maven\repository\com\netflix\eureka\eureka-core\1.9.3\eureka-core-1.9.3.jar;D:\maven\repository\org\codehaus\woodstox\woodstox-core-asl\4.4.1\woodstox-core-asl-4.4.1.jar;D:\maven\repository\javax\xml\stream\stax-api\1.0-2\stax-api-1.0-2.jar;D:\maven\repository\org\codehaus\woodstox\stax2-api\3.1.4\stax2-api-3.1.4.jar;D:\maven\repository\org\springframework\cloud\spring-cloud-starter-netflix-archaius\2.0.1.RELEASE\spring-cloud-starter-netflix-archaius-2.0.1.RELEASE.jar;D:\maven\repository\org\springframework\cloud\spring-cloud-netflix-ribbon\2.0.1.RELEASE\spring-cloud-netflix-ribbon-2.0.1.RELEASE.jar;D:\maven\repository\org\springframework\cloud\spring-cloud-netflix-archaius\2.0.1.RELEASE\spring-cloud-netflix-archaius-2.0.1.RELEASE.jar;D:\maven\repository\commons-configuration\commons-configuration\1.8\commons-configuration-1.8.jar;D:\maven\repository\commons-lang\commons-lang\2.6\commons-lang-2.6.jar;D:\maven\repository\org\springframework\cloud\spring-cloud-starter-netflix-ribbon\2.0.1.RELEASE\spring-cloud-starter-netflix-ribbon-2.0.1.RELEASE.jar;D:\maven\repository\com\netflix\ribbon\ribbon\2.2.5\ribbon-2.2.5.jar;D:\maven\repository\com\netflix\ribbon\ribbon-transport\2.2.5\ribbon-transport-2.2.5.jar;D:\maven\repository\io\reactivex\rxnetty-contexts\0.4.9\rxnetty-contexts-0.4.9.jar;D:\maven\repository\io\reactivex\rxnetty-servo\0.4.9\rxnetty-servo-0.4.9.jar;D:\maven\repository\io\reactivex\rxnetty\0.4.9\rxnetty-0.4.9.jar;D:\maven\repository\io\netty\netty-codec-http\4.1.24.Final\netty-codec-http-4.1.24.Final.jar;D:\maven\repository\io\netty\netty-codec\4.1.24.Final\netty-codec-4.1.24.Final.jar;D:\maven\repository\io\netty\netty-transport-native-epoll\4.1.24.Final\netty-transport-native-epoll-4.1.24.Final.jar;D:\maven\repository\io\netty\netty-common\4.1.24.Final\netty-common-4.1.24.Final.jar;D:\maven\repository\io\netty\netty-buffer\4.1.24.Final\netty-buffer-4.1.24.Final.jar;D:\maven\repository\io\netty\netty-transport-native-unix-common\4.1.24.Final\netty-transport-native-unix-common-4.1.24.Final.jar;D:\maven\repository\io\netty\netty-transport\4.1.24.Final\netty-transport-4.1.24.Final.jar;D:\maven\repository\io\netty\netty-resolver\4.1.24.Final\netty-resolver-4.1.24.Final.jar;D:\maven\repository\com\netflix\ribbon\ribbon-core\2.2.5\ribbon-core-2.2.5.jar;D:\maven\repository\com\netflix\ribbon\ribbon-httpclient\2.2.5\ribbon-httpclient-2.2.5.jar;D:\maven\repository\com\netflix\netflix-commons\netflix-commons-util\0.3.0\netflix-commons-util-0.3.0.jar;D:\maven\repository\com\netflix\ribbon\ribbon-loadbalancer\2.2.5\ribbon-loadbalancer-2.2.5.jar;D:\maven\repository\com\netflix\netflix-commons\netflix-statistics\0.1.1\netflix-statistics-0.1.1.jar;D:\maven\repository\io\reactivex\rxjava\1.2.0\rxjava-1.2.0.jar;D:\maven\repository\com\netflix\ribbon\ribbon-eureka\2.2.5\ribbon-eureka-2.2.5.jar;D:\maven\repository\com\thoughtworks\xstream\xstream\1.4.10\xstream-1.4.10.jar;D:\maven\repository\xmlpull\xmlpull\1.1.3.1\xmlpull-1.1.3.1.jar;D:\maven\repository\xpp3\xpp3_min\1.1.4c\xpp3_min-1.1.4c.jar;D:\maven\repository\org\springframework\cloud\spring-cloud-starter-sleuth\2.0.1.RELEASE\spring-cloud-starter-sleuth-2.0.1.RELEASE.jar;D:\maven\repository\org\springframework\cloud\spring-cloud-sleuth-core\2.0.1.RELEASE\spring-cloud-sleuth-core-2.0.1.RELEASE.jar;D:\maven\repository\org\aspectj\aspectjrt\1.8.13\aspectjrt-1.8.13.jar;D:\maven\repository\io\zipkin\brave\brave\5.1.4\brave-5.1.4.jar;D:\maven\repository\io\zipkin\brave\brave-context-log4j2\5.1.4\brave-context-log4j2-5.1.4.jar;D:\maven\repository\io\zipkin\brave\brave-instrumentation-spring-web\5.1.4\brave-instrumentation-spring-web-5.1.4.jar;D:\maven\repository\io\zipkin\brave\brave-instrumentation-http\5.1.4\brave-instrumentation-http-5.1.4.jar;D:\maven\repository\io\zipkin\brave\brave-instrumentation-spring-rabbit\5.1.4\brave-instrumentation-spring-rabbit-5.1.4.jar;D:\maven\repository\io\zipkin\brave\brave-instrumentation-kafka-clients\5.1.4\brave-instrumentation-kafka-clients-5.1.4.jar;D:\maven\repository\io\zipkin\brave\brave-instrumentation-httpclient\5.1.4\brave-instrumentation-httpclient-5.1.4.jar;D:\maven\repository\io\zipkin\brave\brave-instrumentation-httpasyncclient\5.1.4\brave-instrumentation-httpasyncclient-5.1.4.jar;D:\maven\repository\io\zipkin\brave\brave-instrumentation-spring-webmvc\5.1.4\brave-instrumentation-spring-webmvc-5.1.4.jar;D:\maven\repository\io\zipkin\brave\brave-instrumentation-servlet\5.1.4\brave-instrumentation-servlet-5.1.4.jar;D:\maven\repository\org\springframework\cloud\spring-cloud-sleuth-zipkin\2.0.1.RELEASE\spring-cloud-sleuth-zipkin-2.0.1.RELEASE.jar;D:\maven\repository\org\springframework\spring-web\5.0.6.RELEASE\spring-web-5.0.6.RELEASE.jar;D:\maven\repository\org\springframework\cloud\spring-cloud-commons\2.0.1.RELEASE\spring-cloud-commons-2.0.1.RELEASE.jar;D:\maven\repository\org\springframework\security\spring-security-crypto\5.0.5.RELEASE\spring-security-crypto-5.0.5.RELEASE.jar;D:\maven\repository\io\zipkin\zipkin2\zipkin\2.10.4\zipkin-2.10.4.jar;D:\maven\repository\io\zipkin\reporter2\zipkin-reporter\2.7.7\zipkin-reporter-2.7.7.jar;D:\maven\repository\io\zipkin\reporter2\zipkin-sender-kafka11\2.7.7\zipkin-sender-kafka11-2.7.7.jar;D:\maven\repository\io\zipkin\reporter2\zipkin-sender-amqp-client\2.7.7\zipkin-sender-amqp-client-2.7.7.jar;D:\maven\repository\tk\mybatis\mapper-spring-boot-starter\2.0.2\mapper-spring-boot-starter-2.0.2.jar;D:\maven\repository\tk\mybatis\mapper-base\1.0.1\mapper-base-1.0.1.jar;D:\maven\repository\tk\mybatis\mapper-weekend\1.1.3\mapper-weekend-1.1.3.jar;D:\maven\repository\tk\mybatis\mapper-spring\1.0.1\mapper-spring-1.0.1.jar;D:\maven\repository\tk\mybatis\mapper-extra\1.0.1\mapper-extra-1.0.1.jar;D:\maven\repository\tk\mybatis\mapper-spring-boot-autoconfigure\2.0.2\mapper-spring-boot-autoconfigure-2.0.2.jar;D:\workspack\project\gostyu\passcloud-master\passcloud-common\passcloud-common-util\target\passcloud-common-util-0.0.1-SNAPSHOT.jar;D:\maven\repository\org\apache\commons\commons-lang3\3.7\commons-lang3-3.7.jar;D:\maven\repository\ch\qos\logback\logback-classic\1.2.3\logback-classic-1.2.3.jar;D:\maven\repository\org\codehaus\jackson\jackson-smile\1.9.13\jackson-smile-1.9.13.jar;D:\maven\repository\org\codehaus\jackson\jackson-core-asl\1.9.13\jackson-core-asl-1.9.13.jar;D:\maven\repository\org\codehaus\jackson\jackson-mapper-asl\1.9.13\jackson-mapper-asl-1.9.13.jar;D:\maven\repository\com\xiaoleilu\hutool-all\3.3.2\hutool-all-3.3.2.jar;D:\maven\repository\commons-beanutils\commons-beanutils\1.9.3\commons-beanutils-1.9.3.jar;D:\maven\repository\commons-logging\commons-logging\1.2\commons-logging-1.2.jar;D:\maven\repository\commons-collections\commons-collections\3.2.2\commons-collections-3.2.2.jar;D:\maven\repository\org\springframework\boot\spring-boot-starter-data-redis\2.0.2.RELEASE\spring-boot-starter-data-redis-2.0.2.RELEASE.jar;D:\maven\repository\org\springframework\data\spring-data-redis\2.0.7.RELEASE\spring-data-redis-2.0.7.RELEASE.jar;D:\maven\repository\org\springframework\data\spring-data-keyvalue\2.0.7.RELEASE\spring-data-keyvalue-2.0.7.RELEASE.jar;D:\maven\repository\org\springframework\data\spring-data-commons\2.0.7.RELEASE\spring-data-commons-2.0.7.RELEASE.jar;D:\maven\repository\org\springframework\spring-oxm\5.0.6.RELEASE\spring-oxm-5.0.6.RELEASE.jar;D:\maven\repository\redis\clients\jedis\2.9.0\jedis-2.9.0.jar;D:\maven\repository\org\apache\commons\commons-pool2\2.5.0\commons-pool2-2.5.0.jar;D:\maven\repository\com\alibaba\fastjson\1.2.47\fastjson-1.2.47.jar;D:\workspack\project\gostyu\passcloud-master\passcloud-common\passcloud-common-core\target\passcloud-common-core-0.0.1-SNAPSHOT.jar;D:\maven\repository\org\springframework\cloud\spring-cloud-starter-oauth2\2.0.0.RELEASE\spring-cloud-starter-oauth2-2.0.0.RELEASE.jar;D:\maven\repository\org\springframework\cloud\spring-cloud-starter-security\2.0.0.RELEASE\spring-cloud-starter-security-2.0.0.RELEASE.jar;D:\maven\repository\org\springframework\cloud\spring-cloud-security\2.0.0.RELEASE\spring-cloud-security-2.0.0.RELEASE.jar;D:\maven\repository\org\springframework\boot\spring-boot-starter-security\2.0.2.RELEASE\spring-boot-starter-security-2.0.2.RELEASE.jar;D:\maven\repository\org\springframework\security\oauth\boot\spring-security-oauth2-autoconfigure\2.0.0.RELEASE\spring-security-oauth2-autoconfigure-2.0.0.RELEASE.jar;D:\maven\repository\org\springframework\security\oauth\spring-security-oauth2\2.2.1.RELEASE\spring-security-oauth2-2.2.1.RELEASE.jar;D:\maven\repository\org\springframework\security\spring-security-core\5.0.5.RELEASE\spring-security-core-5.0.5.RELEASE.jar;D:\maven\repository\org\springframework\security\spring-security-config\5.0.5.RELEASE\spring-security-config-5.0.5.RELEASE.jar;D:\maven\repository\org\springframework\security\spring-security-web\5.0.5.RELEASE\spring-security-web-5.0.5.RELEASE.jar;D:\workspack\project\gostyu\passcloud-master\passcloud-common\passcloud-common-conf\target\passcloud-common-conf-0.0.1-SNAPSHOT.jar;D:\maven\repository\eu\bitwalker\UserAgentUtils\1.20\UserAgentUtils-1.20.jar;D:\maven\repository\com\fasterxml\jackson\module\jackson-module-parameter-names\2.9.5\jackson-module-parameter-names-2.9.5.jar;D:\maven\repository\com\fasterxml\jackson\datatype\jackson-datatype-jdk8\2.9.5\jackson-datatype-jdk8-2.9.5.jar;D:\maven\repository\com\fasterxml\jackson\datatype\jackson-datatype-jsr310\2.9.5\jackson-datatype-jsr310-2.9.5.jar;D:\maven\repository\io\jsonwebtoken\jjwt\0.9.0\jjwt-0.9.0.jar;D:\maven\repository\com\arronlong\httpclientutil\httpclientutil\1.0\httpclientutil-1.0.jar;D:\maven\repository\org\apache\httpcomponents\httpmime\4.5.5\httpmime-4.5.5.jar;D:\maven\repository\org\apache\httpcomponents\httpasyncclient\4.1.3\httpasyncclient-4.1.3.jar;D:\maven\repository\org\apache\httpcomponents\httpcore-nio\4.4.9\httpcore-nio-4.4.9.jar;D:\maven\repository\log4j\log4j\1.2.17\log4j-1.2.17.jar;D:\maven\repository\com\netflix\hystrix\hystrix-core\1.5.12\hystrix-core-1.5.12.jar;D:\maven\repository\org\hdrhistogram\HdrHistogram\2.1.9\HdrHistogram-2.1.9.jar;D:\maven\repository\org\springframework\boot\spring-boot-starter-actuator\2.0.2.RELEASE\spring-boot-starter-actuator-2.0.2.RELEASE.jar;D:\maven\repository\org\springframework\boot\spring-boot-actuator-autoconfigure\2.0.2.RELEASE\spring-boot-actuator-autoconfigure-2.0.2.RELEASE.jar;D:\maven\repository\org\springframework\boot\spring-boot-actuator\2.0.2.RELEASE\spring-boot-actuator-2.0.2.RELEASE.jar;D:\maven\repository\io\micrometer\micrometer-core\1.0.4\micrometer-core-1.0.4.jar;D:\maven\repository\org\latencyutils\LatencyUtils\2.0.3\LatencyUtils-2.0.3.jar;D:\maven\repository\org\springframework\cloud\spring-cloud-starter-hystrix\1.4.5.RELEASE\spring-cloud-starter-hystrix-1.4.5.RELEASE.jar;D:\maven\repository\org\springframework\cloud\spring-cloud-starter-netflix-hystrix\2.0.1.RELEASE\spring-cloud-starter-netflix-hystrix-2.0.1.RELEASE.jar;D:\maven\repository\com\netflix\hystrix\hystrix-serialization\1.5.12\hystrix-serialization-1.5.12.jar;D:\maven\repository\com\fasterxml\jackson\module\jackson-module-afterburner\2.9.5\jackson-module-afterburner-2.9.5.jar;D:\maven\repository\com\netflix\hystrix\hystrix-metrics-event-stream\1.5.12\hystrix-metrics-event-stream-1.5.12.jar;D:\maven\repository\io\reactivex\rxjava-reactive-streams\1.2.1\rxjava-reactive-streams-1.2.1.jar;D:\maven\repository\org\reactivestreams\reactive-streams\1.0.2\reactive-streams-1.0.2.jar;D:\maven\repository\org\springframework\boot\spring-boot-starter-web\2.0.2.RELEASE\spring-boot-starter-web-2.0.2.RELEASE.jar;D:\maven\repository\org\springframework\boot\spring-boot-starter-json\2.0.2.RELEASE\spring-boot-starter-json-2.0.2.RELEASE.jar;D:\maven\repository\org\springframework\boot\spring-boot-starter-tomcat\2.0.2.RELEASE\spring-boot-starter-tomcat-2.0.2.RELEASE.jar;D:\maven\repository\org\apache\tomcat\embed\tomcat-embed-core\8.5.31\tomcat-embed-core-8.5.31.jar;D:\maven\repository\org\apache\tomcat\embed\tomcat-embed-websocket\8.5.31\tomcat-embed-websocket-8.5.31.jar;D:\maven\repository\org\hibernate\validator\hibernate-validator\6.0.9.Final\hibernate-validator-6.0.9.Final.jar;D:\maven\repository\javax\validation\validation-api\2.0.1.Final\validation-api-2.0.1.Final.jar;D:\maven\repository\org\jboss\logging\jboss-logging\3.3.2.Final\jboss-logging-3.3.2.Final.jar;D:\maven\repository\org\springframework\spring-webmvc\5.0.6.RELEASE\spring-webmvc-5.0.6.RELEASE.jar;D:\maven\repository\net\logstash\logback\logstash-logback-encoder\5.1\logstash-logback-encoder-5.1.jar;D:\maven\repository\ch\qos\logback\logback-core\1.2.3\logback-core-1.2.3.jar;D:\maven\repository\com\google\guava\guava\26.0-jre\guava-26.0-jre.jar;D:\maven\repository\com\google\code\findbugs\jsr305\3.0.2\jsr305-3.0.2.jar;D:\maven\repository\org\checkerframework\checker-qual\2.5.2\checker-qual-2.5.2.jar;D:\maven\repository\com\google\errorprone\error_prone_annotations\2.1.3\error_prone_annotations-2.1.3.jar;D:\maven\repository\com\google\j2objc\j2objc-annotations\1.1\j2objc-annotations-1.1.jar;D:\maven\repository\org\codehaus\mojo\animal-sniffer-annotations\1.14\animal-sniffer-annotations-1.14.jar;D:\maven\repository\org\springframework\boot\spring-boot-starter-validation\2.0.2.RELEASE\spring-boot-starter-validation-2.0.2.RELEASE.jar;D:\maven\repository\org\apache\tomcat\embed\tomcat-embed-el\8.5.31\tomcat-embed-el-8.5.31.jar;D:\maven\repository\io\springfox\springfox-swagger-ui\2.8.0\springfox-swagger-ui-2.8.0.jar;D:\maven\repository\io\springfox\springfox-spring-web\2.8.0\springfox-spring-web-2.8.0.jar;D:\maven\repository\org\reflections\reflections\0.9.11\reflections-0.9.11.jar;D:\maven\repository\org\javassist\javassist\3.21.0-GA\javassist-3.21.0-GA.jar;D:\maven\repository\io\springfox\springfox-swagger2\2.8.0\springfox-swagger2-2.8.0.jar;D:\maven\repository\io\swagger\swagger-annotations\1.5.18\swagger-annotations-1.5.18.jar;D:\maven\repository\io\swagger\swagger-models\1.5.14\swagger-models-1.5.14.jar;D:\maven\repository\io\springfox\springfox-spi\2.8.0\springfox-spi-2.8.0.jar;D:\maven\repository\io\springfox\springfox-core\2.8.0\springfox-core-2.8.0.jar;D:\maven\repository\io\springfox\springfox-schema\2.8.0\springfox-schema-2.8.0.jar;D:\maven\repository\io\springfox\springfox-swagger-common\2.8.0\springfox-swagger-common-2.8.0.jar;D:\maven\repository\com\fasterxml\classmate\1.3.4\classmate-1.3.4.jar;D:\maven\repository\org\springframework\plugin\spring-plugin-core\1.2.0.RELEASE\spring-plugin-core-1.2.0.RELEASE.jar;D:\maven\repository\org\springframework\plugin\spring-plugin-metadata\1.2.0.RELEASE\spring-plugin-metadata-1.2.0.RELEASE.jar;D:\maven\repository\org\mapstruct\mapstruct\1.2.0.Final\mapstruct-1.2.0.Final.jar;D:\maven\repository\commons-codec\commons-codec\1.11\commons-codec-1.11.jar;D:\maven\repository\com\alibaba\druid\1.1.10\druid-1.1.10.jar;D:\maven\repository\org\mybatis\generator\mybatis-generator-core\1.3.7\mybatis-generator-core-1.3.7.jar;D:\maven\repository\org\springframework\boot\spring-boot-configuration-processor\2.0.2.RELEASE\spring-boot-configuration-processor-2.0.2.RELEASE.jar;D:\maven\repository\org\springframework\boot\spring-boot-devtools\2.0.2.RELEASE\spring-boot-devtools-2.0.2.RELEASE.jar;D:\maven\repository\org\springframework\boot\spring-boot\2.0.2.RELEASE\spring-boot-2.0.2.RELEASE.jar;D:\maven\repository\org\springframework\boot\spring-boot-starter-aop\2.0.2.RELEASE\spring-boot-starter-aop-2.0.2.RELEASE.jar;D:\maven\repository\org\springframework\spring-aop\5.0.6.RELEASE\spring-aop-5.0.6.RELEASE.jar;D:\maven\repository\org\modelmapper\modelmapper\2.1.1\modelmapper-2.1.1.jar;D:\maven\repository\org\jolokia\jolokia-core\1.5.0\jolokia-core-1.5.0.jar;D:\maven\repository\com\googlecode\json-simple\json-simple\1.1.1\json-simple-1.1.1.jar;D:\maven\repository\org\springframework\security\spring-security-jwt\1.0.9.RELEASE\spring-security-jwt-1.0.9.RELEASE.jar;D:\maven\repository\org\bouncycastle\bcpkix-jdk15on\1.56\bcpkix-jdk15on-1.56.jar;D:\maven\repository\org\bouncycastle\bcprov-jdk15on\1.56\bcprov-jdk15on-1.56.jar;D:\maven\repository\org\liquibase\liquibase-core\3.5.3\liquibase-core-3.5.3.jar;D:\maven\repository\org\yaml\snakeyaml\1.19\snakeyaml-1.19.jar;D:\maven\repository\org\springframework\cloud\spring-cloud-starter-zipkin\2.0.1.RELEASE\spring-cloud-starter-zipkin-2.0.1.RELEASE.jar;D:\maven\repository\org\springframework\amqp\spring-rabbit\2.0.3.RELEASE\spring-rabbit-2.0.3.RELEASE.jar;D:\maven\repository\org\springframework\amqp\spring-amqp\2.0.3.RELEASE\spring-amqp-2.0.3.RELEASE.jar;D:\maven\repository\com\rabbitmq\amqp-client\5.1.2\amqp-client-5.1.2.jar;D:\maven\repository\org\springframework\spring-messaging\5.0.6.RELEASE\spring-messaging-5.0.6.RELEASE.jar;D:\maven\repository\org\springframework\boot\spring-boot-starter-undertow\2.0.2.RELEASE\spring-boot-starter-undertow-2.0.2.RELEASE.jar;D:\maven\repository\io\undertow\undertow-core\1.4.25.Final\undertow-core-1.4.25.Final.jar;D:\maven\repository\org\jboss\xnio\xnio-api\3.3.8.Final\xnio-api-3.3.8.Final.jar;D:\maven\repository\org\jboss\xnio\xnio-nio\3.3.8.Final\xnio-nio-3.3.8.Final.jar;D:\maven\repository\io\undertow\undertow-servlet\1.4.25.Final\undertow-servlet-1.4.25.Final.jar;D:\maven\repository\org\jboss\spec\javax\annotation\jboss-annotations-api_1.2_spec\1.0.2.Final\jboss-annotations-api_1.2_spec-1.0.2.Final.jar;D:\maven\repository\io\undertow\undertow-websockets-jsr\1.4.25.Final\undertow-websockets-jsr-1.4.25.Final.jar;D:\maven\repository\org\jboss\spec\javax\websocket\jboss-websocket-api_1.1_spec\1.1.3.Final\jboss-websocket-api_1.1_spec-1.1.3.Final.jar;D:\maven\repository\org\glassfish\javax.el\3.0.0\javax.el-3.0.0.jar;D:\maven\repository\org\springframework\boot\spring-boot-starter-test\2.0.2.RELEASE\spring-boot-starter-test-2.0.2.RELEASE.jar;D:\maven\repository\org\springframework\boot\spring-boot-test\2.0.2.RELEASE\spring-boot-test-2.0.2.RELEASE.jar;D:\maven\repository\org\springframework\boot\spring-boot-test-autoconfigure\2.0.2.RELEASE\spring-boot-test-autoconfigure-2.0.2.RELEASE.jar;D:\maven\repository\com\jayway\jsonpath\json-path\2.4.0\json-path-2.4.0.jar;D:\maven\repository\net\minidev\json-smart\2.3\json-smart-2.3.jar;D:\maven\repository\net\minidev\accessors-smart\1.2\accessors-smart-1.2.jar;D:\maven\repository\junit\junit\4.12\junit-4.12.jar;D:\maven\repository\org\assertj\assertj-core\3.9.1\assertj-core-3.9.1.jar;D:\maven\repository\org\mockito\mockito-core\2.15.0\mockito-core-2.15.0.jar;D:\maven\repository\net\bytebuddy\byte-buddy\1.7.11\byte-buddy-1.7.11.jar;D:\maven\repository\net\bytebuddy\byte-buddy-agent\1.7.11\byte-buddy-agent-1.7.11.jar;D:\maven\repository\org\objenesis\objenesis\2.6\objenesis-2.6.jar;D:\maven\repository\org\hamcrest\hamcrest-core\1.3\hamcrest-core-1.3.jar;D:\maven\repository\org\hamcrest\hamcrest-library\1.3\hamcrest-library-1.3.jar;D:\maven\repository\org\skyscreamer\jsonassert\1.5.0\jsonassert-1.5.0.jar;D:\maven\repository\com\vaadin\external\google\android-json\0.0.20131108.vaadin1\android-json-0.0.20131108.vaadin1.jar;D:\maven\repository\org\springframework\spring-test\5.0.6.RELEASE\spring-test-5.0.6.RELEASE.jar;D:\maven\repository\org\xmlunit\xmlunit-core\2.5.1\xmlunit-core-2.5.1.jar;D:\maven\repository\org\springframework\boot\spring-boot-properties-migrator\2.0.4.RELEASE\spring-boot-properties-migrator-2.0.4.RELEASE.jar;D:\maven\repository\org\springframework\boot\spring-boot-configuration-metadata\2.0.2.RELEASE\spring-boot-configuration-metadata-2.0.2.RELEASE.jar;D:\maven\repository\com\netflix\hystrix\hystrix-javanica\1.5.12\hystrix-javanica-1.5.12.jar;D:\maven\repository\org\ow2\asm\asm\5.0.4\asm-5.0.4.jar;D:\maven\repository\org\projectlombok\lombok\1.16.20\lombok-1.16.20.jar;, user.name=Shinelon, java.vm.specification.version=1.8, sun.java.command=D:\workspack\project\gostyu\passcloud-master\paascloud-provider\paascloud-provider-opc\target\surefire\surefirebooter3556540888258900826.jar D:\workspack\project\gostyu\passcloud-master\paascloud-provider\paascloud-provider-opc\target\surefire\surefire5527348084519158593tmp D:\workspack\project\gostyu\passcloud-master\paascloud-provider\paascloud-provider-opc\target\surefire\surefire_02092144012449020107tmp, java.home=C:\Program Files\Java\jdk1.8.0_40\jre, sun.arch.data.model=64, user.language=zh, java.specification.vendor=Oracle Corporation, awt.toolkit=sun.awt.windows.WToolkit, java.vm.info=mixed mode, java.version=1.8.0_25, java.ext.dirs=C:\Program Files\Java\jdk1.8.0_40\jre\lib\ext;C:\WINDOWS\Sun\Java\lib\ext, sun.boot.class.path=C:\Program Files\Java\jdk1.8.0_40\jre\lib\resources.jar;C:\Program Files\Java\jdk1.8.0_40\jre\lib\rt.jar;C:\Program Files\Java\jdk1.8.0_40\jre\lib\sunrsasign.jar;C:\Program Files\Java\jdk1.8.0_40\jre\lib\jsse.jar;C:\Program Files\Java\jdk1.8.0_40\jre\lib\jce.jar;C:\Program Files\Java\jdk1.8.0_40\jre\lib\charsets.jar;C:\Program Files\Java\jdk1.8.0_40\jre\lib\jfr.jar;C:\Program Files\Java\jdk1.8.0_40\jre\classes, java.vendor=Oracle Corporation, localRepository=D:\maven\repository, file.separator=\, java.vendor.url.bug=http://bugreport.sun.com/bugreport/, sun.io.unicode.encoding=UnicodeLittle, sun.cpu.endian=little, sun.desktop=windows, sun.cpu.isalist=amd64}}, SystemEnvironmentPropertySource@220454978 {name=&apos;systemEnvironment&apos;, properties={GOOGLE_DEFAULT_CLIENT_ID=793783891518 - b6tl35b6fjk3mid3aaag4d5egnj9dlf0.apps.googleusercontent.com, PATH=D:\workspack\python\Scripts\;D:\workspack\python\;D:\workspack\oracle\app\oracle\product\11.2.0\server\bin;C:\ProgramData\Oracle\Java\javapath;C:\Program Files (x86)\Intel\iCLS Client\;C:\Program Files\Intel\iCLS Client\;C:\Windows\system32;C:\Windows;C:\Windows\System32\Wbem;C:\Windows\System32\WindowsPowerShell\v1.0\;C:\Program Files (x86)\Intel\Intel(R) Management Engine Components\DAL;C:\Program Files\Intel\Intel(R) Management Engine Components\DAL;C:\Program Files (x86)\Intel\Intel(R) Management Engine Components\IPT;C:\Program Files\Intel\Intel(R) Management Engine Components\IPT;D:\workspack\MySql\MySQL Server 5.5\bin;D:\maven\apache-maven-3.5.0\bin;D:\gradle\gradle-3.5-all\gradle-3.5\bin;D:\workspack\SVN\bin;C:\Program Files\Intel\WiFi\bin\;C:\Program Files\Common Files\Intel\WirelessCommon\;C:\WINDOWS\system32;C:\WINDOWS;C:\WINDOWS\System32\Wbem;C:\WINDOWS\System32\WindowsPowerShell\v1.0\;C:\Program Files (x86)\NVIDIA Corporation\PhysX\Common;C:\Program Files\erl9.3\bin;C:\Program Files\Java\jdk1.7.0_13\bin;D:\workspack\nodejs\;D:\workspack\GIT\Git\cmd;D:\workspack\consul;;C:\WINDOWS\system32;C:\WINDOWS;C:\WINDOWS\System32\Wbem;C:\WINDOWS\System32\WindowsPowerShell\v1.0\;C:\WINDOWS\System32\OpenSSH\;D:\workspack\gpg\Gpg4win\..\GnuPG\bin;C:\Program Files\Intel\WiFi\bin\;C:\Program Files\Common Files\Intel\WirelessCommon\;C:\Users\Shinelon\AppData\Local\Microsoft\WindowsApps;C:\Users\Shinelon\AppData\Local\GitHubDesktop\bin;C:\Users\Shinelon\AppData\Roaming\npm;%USERPROFILE%\AppData\Local\Microsoft\WindowsApps;, USERDOMAIN_ROAMINGPROFILE=DESKTOP-RM2KR9C, PROCESSOR_LEVEL=6, SYSTEMDRIVE=C:, RELANG_HOME=C:\Program Files\erl9.3, SESSIONNAME=Console, ALLUSERSPROFILE=C:\ProgramData, JAVA_OPTS=-server -Xms2048m -Xmx2048m, LNKEVN=C:\Program Files (x86)\Internet Explorer\iexplore.exe, PROCESSOR_ARCHITECTURE=AMD64, DRIVERDATA=C:\Windows\System32\Drivers\DriverData, GOOGLE_DEFAULT_CLIENT_SECRET=XPnofOhGhHOYYrgTxhSSA8Jg, PROGRAMFILES=C:\Program Files, PSMODULEPATH=C:\Users\Shinelon\Documents\WindowsPowerShell\Modules, PROGRAMDATA=C:\ProgramData, USERNAME=Shinelon, VISUALSVN_SERVER=D:\dashixun\SVN\, FPS_BROWSER_USER_PROFILE_STRING=Default, ONEDRIVE=C:\Users\Shinelon\OneDrive, PATHEXT=.COM;.EXE;.BAT;.CMD;.VBS;.VBE;.JS;.JSE;.WSF;.WSH;.MSC;.PY;.PYW, WINDIR=C:\WINDOWS, ES_HEAP_SIZE=5G, HOMEPATH=\Users\Shinelon, PROCESSOR_IDENTIFIER=Intel64 Family 6 Model 158 Stepping 9, GenuineIntel, PUBLIC=C:\Users\Public, =::=::\, LOCALAPPDATA=C:\Users\Shinelon\AppData\Local, COMMONPROGRAMFILES(X86)=C:\Program Files (x86)\Common Files, USERDOMAIN=DESKTOP-RM2KR9C, FPS_BROWSER_APP_PROFILE_STRING=Internet Explorer, LOGONSERVER=\\DESKTOP-RM2KR9C, JAVA_HOME=C:\Program Files\Java\jdk1.8.0_131, PROMPT=$P$G, PROGRAMFILES(X86)=C:\Program Files (x86), GRADLE_HOME=D:\gradle\gradle-3.5-all\gradle-3.5, ERLANG_HOME=C:\Program Files\erl9.3, APPDATA=C:\Users\Shinelon\AppData\Roaming, PROGRAMW6432=C:\Program Files, SYSTEMROOT=C:\WINDOWS, GOOGLE_API_KEY=AIzaSyCvk4foxTnm - gNIPY - WI5Hq - fiYN8zm4fw, OS=Windows_NT, COMMONPROGRAMW6432=C:\Program Files\Common Files, COMPUTERNAME=DESKTOP-RM2KR9C, COMMONPROGRAMFILES=C:\Program Files\Common Files, COMSPEC=C:\WINDOWS\system32\cmd.exe, PROCESSOR_REVISION=9e09, CLASSPATH=.;C:\Program Files\Java\jdk1.8.0_131\lib;C:\Program Files\Java\jdk1.8.0_131\lib\tools.jar, =D:=D:\workspack\project\gostyu\passcloud-master\paascloud-provider\paascloud-provider-opc, TEMP=C:\Users\Shinelon\AppData\Local\Temp, HOMEDRIVE=C:, USERPROFILE=C:\Users\Shinelon, TMP=C:\Users\Shinelon\AppData\Local\Temp, NUMBER_OF_PROCESSORS=8}}]
10:01:58.688 [main] DEBUG org.springframework.test.context.support.TestPropertySourceUtils - Adding inlined properties to environment: {spring.jmx.enabled=false, org.springframework.boot.test.context.SpringBootTestContextBootstrapper=true, server.port=-1}
10:01:58.688 [main] DEBUG org.springframework.core.env.StandardEnvironment - Adding PropertySource &apos;Inlined Test Properties&apos; with highest search precedence
2018-10-08 10:02:01.432 DEBUG [-,,,] [springAppName_IS_UNDEFINED,,,,] 14256 --- [           main] o.s.c.e.PropertySourcesPropertyResolver  : Could not find key &apos;logging.register-shutdown-hook&apos; in any property source
2018-10-08 10:02:01.498 DEBUG [-,,,] [springAppName_IS_UNDEFINED,,,,] 14256 --- [           main] .c.l.ClasspathLoggingApplicationListener : Application started with classpath: [file:/D:/workspack/project/gostyu/passcloud-master/paascloud-provider/paascloud-provider-opc/target/surefire/surefirebooter3556540888258900826.jar]
2018-10-08 10:02:01.499 DEBUG [-,,,] [springAppName_IS_UNDEFINED,,,,] 14256 --- [           main] o.s.c.e.PropertySourcesPropertyResolver  : Could not find key &apos;context.listener.classes&apos; in any property source
2018-10-08 10:02:01.534 DEBUG [-,,,] [springAppName_IS_UNDEFINED,,,,] 14256 --- [           main] org.springframework.beans.BeanUtils      : No property editor [org.springframework.boot.WebApplicationTypeEditor] found for type org.springframework.boot.WebApplicationType according to &apos;Editor&apos; suffix convention
2018-10-08 10:02:01.541 DEBUG [-,,,] [springAppName_IS_UNDEFINED,,,,] 14256 --- [           main] o.s.core.env.StandardEnvironment         : Removing PropertySource &apos;configurationProperties&apos;
2018-10-08 10:02:01.542 DEBUG [-,,,] [springAppName_IS_UNDEFINED,,,,] 14256 --- [           main] o.s.core.env.StandardEnvironment         : Adding PropertySource &apos;configurationProperties&apos; with highest search precedence
2018-10-08 10:02:01.544 DEBUG [-,,,] [springAppName_IS_UNDEFINED,,,,] 14256 --- [           main] o.s.c.e.PropertySourcesPropertyResolver  : Could not find key &apos;spring.beaninfo.ignore&apos; in any property source
2018-10-08 10:02:01.573 DEBUG [-,,,] [springAppName_IS_UNDEFINED,,,,] 14256 --- [           main] o.s.core.env.StandardEnvironment         : Adding PropertySource &apos;systemProperties&apos; with lowest search precedence
2018-10-08 10:02:01.574 DEBUG [-,,,] [springAppName_IS_UNDEFINED,,,,] 14256 --- [           main] o.s.core.env.StandardEnvironment         : Adding PropertySource &apos;systemEnvironment&apos; with lowest search precedence
2018-10-08 10:02:01.575 DEBUG [-,,,] [springAppName_IS_UNDEFINED,,,,] 14256 --- [           main] o.s.core.env.StandardEnvironment         : Initialized StandardEnvironment with PropertySources [MapPropertySource@970890202 {name=&apos;systemProperties&apos;, properties={idea.version=2017.3.2, java.runtime.name=Java(TM) SE Runtime Environment, sun.boot.library.path=C:\Program Files\Java\jdk1.8.0_40\jre\bin, java.vm.version=25.25-b02, java.vm.vendor=Oracle Corporation, java.vendor.url=http://java.oracle.com/, path.separator=;, java.vm.name=Java HotSpot(TM) 64-Bit Server VM, file.encoding.pkg=sun.io, user.country=CN, user.script=, sun.java.launcher=SUN_STANDARD, sun.os.patch.level=, PID=14256, java.vm.specification.name=Java Virtual Machine Specification, user.dir=D:\workspack\project\gostyu\passcloud-master\paascloud-provider\paascloud-provider-opc, java.runtime.version=1.8.0_25-b18, basedir=D:\workspack\project\gostyu\passcloud-master\paascloud-provider\paascloud-provider-opc, java.awt.graphicsenv=sun.awt.Win32GraphicsEnvironment, java.endorsed.dirs=C:\Program Files\Java\jdk1.8.0_40\jre\lib\endorsed, os.arch=amd64, surefire.real.class.path=D:\workspack\project\gostyu\passcloud-master\paascloud-provider\paascloud-provider-opc\target\surefire\surefirebooter3556540888258900826.jar, java.io.tmpdir=C:\Users\Shinelon\AppData\Local\Temp\, line.separator=
, java.vm.specification.vendor=Oracle Corporation, user.variant=, os.name=Windows 8.1, LOG_LEVEL_PATTERN=%5p [-,%X{X-B3-TraceId:-},%X{X-B3-SpanId:-},%X{X-Span-Export:-}], sun.jnu.encoding=GBK, spring.beaninfo.ignore=true, java.library.path=C:\Program Files\Java\jdk1.8.0_40\jre\bin;C:\WINDOWS\Sun\Java\bin;C:\WINDOWS\system32;C:\WINDOWS;D:\workspack\python\Scripts\;D:\workspack\python\;D:\workspack\oracle\app\oracle\product\11.2.0\server\bin;C:\ProgramData\Oracle\Java\javapath;C:\Program Files (x86)\Intel\iCLS Client\;C:\Program Files\Intel\iCLS Client\;C:\Windows\system32;C:\Windows;C:\Windows\System32\Wbem;C:\Windows\System32\WindowsPowerShell\v1.0\;C:\Program Files (x86)\Intel\Intel(R) Management Engine Components\DAL;C:\Program Files\Intel\Intel(R) Management Engine Components\DAL;C:\Program Files (x86)\Intel\Intel(R) Management Engine Components\IPT;C:\Program Files\Intel\Intel(R) Management Engine Components\IPT;D:\workspack\MySql\MySQL Server 5.5\bin;D:\maven\apache-maven-3.5.0\bin;D:\gradle\gradle-3.5-all\gradle-3.5\bin;D:\workspack\SVN\bin;C:\Program Files\Intel\WiFi\bin\;C:\Program Files\Common Files\Intel\WirelessCommon\;C:\WINDOWS\system32;C:\WINDOWS;C:\WINDOWS\System32\Wbem;C:\WINDOWS\System32\WindowsPowerShell\v1.0\;C:\Program Files (x86)\NVIDIA Corporation\PhysX\Common;C:\Program Files\erl9.3\bin;C:\Program Files\Java\jdk1.7.0_13\bin;D:\workspack\nodejs\;D:\workspack\GIT\Git\cmd;D:\workspack\consul;;C:\WINDOWS\system32;C:\WINDOWS;C:\WINDOWS\System32\Wbem;C:\WINDOWS\System32\WindowsPowerShell\v1.0\;C:\WINDOWS\System32\OpenSSH\;D:\workspack\gpg\Gpg4win\..\GnuPG\bin;C:\Program Files\Intel\WiFi\bin\;C:\Program Files\Common Files\Intel\WirelessCommon\;C:\Users\Shinelon\AppData\Local\Microsoft\WindowsApps;C:\Users\Shinelon\AppData\Local\GitHubDesktop\bin;C:\Users\Shinelon\AppData\Roaming\npm;%USERPROFILE%\AppData\Local\Microsoft\WindowsApps;;., surefire.test.class.path=D:\workspack\project\gostyu\passcloud-master\paascloud-provider\paascloud-provider-opc\target\test-classes;D:\workspack\project\gostyu\passcloud-master\paascloud-provider\paascloud-provider-opc\target\classes;D:\maven\repository\mysql\mysql-connector-java\5.1.46\mysql-connector-java-5.1.46.jar;D:\maven\repository\joda-time\joda-time\2.9.9\joda-time-2.9.9.jar;D:\maven\repository\org\mybatis\spring\boot\mybatis-spring-boot-starter\1.3.2\mybatis-spring-boot-starter-1.3.2.jar;D:\maven\repository\org\springframework\boot\spring-boot-starter\2.0.2.RELEASE\spring-boot-starter-2.0.2.RELEASE.jar;D:\maven\repository\org\springframework\boot\spring-boot-starter-logging\2.0.2.RELEASE\spring-boot-starter-logging-2.0.2.RELEASE.jar;D:\maven\repository\org\apache\logging\log4j\log4j-to-slf4j\2.10.0\log4j-to-slf4j-2.10.0.jar;D:\maven\repository\org\apache\logging\log4j\log4j-api\2.10.0\log4j-api-2.10.0.jar;D:\maven\repository\org\slf4j\jul-to-slf4j\1.7.25\jul-to-slf4j-1.7.25.jar;D:\maven\repository\javax\annotation\javax.annotation-api\1.3.2\javax.annotation-api-1.3.2.jar;D:\maven\repository\org\springframework\boot\spring-boot-starter-jdbc\2.0.2.RELEASE\spring-boot-starter-jdbc-2.0.2.RELEASE.jar;D:\maven\repository\com\zaxxer\HikariCP\2.7.9\HikariCP-2.7.9.jar;D:\maven\repository\org\springframework\spring-jdbc\5.0.6.RELEASE\spring-jdbc-5.0.6.RELEASE.jar;D:\maven\repository\org\mybatis\spring\boot\mybatis-spring-boot-autoconfigure\1.3.2\mybatis-spring-boot-autoconfigure-1.3.2.jar;D:\maven\repository\org\mybatis\mybatis\3.4.6\mybatis-3.4.6.jar;D:\maven\repository\org\mybatis\mybatis-spring\1.3.2\mybatis-spring-1.3.2.jar;D:\maven\repository\com\github\pagehelper\pagehelper-spring-boot-starter\1.2.5\pagehelper-spring-boot-starter-1.2.5.jar;D:\maven\repository\com\github\pagehelper\pagehelper-spring-boot-autoconfigure\1.2.5\pagehelper-spring-boot-autoconfigure-1.2.5.jar;D:\maven\repository\com\github\pagehelper\pagehelper\5.1.4\pagehelper-5.1.4.jar;D:\maven\repository\com\github\jsqlparser\jsqlparser\1.0\jsqlparser-1.0.jar;D:\maven\repository\com\alibaba\druid-spring-boot-starter\1.1.10\druid-spring-boot-starter-1.1.10.jar;D:\maven\repository\org\slf4j\slf4j-api\1.7.25\slf4j-api-1.7.25.jar;D:\maven\repository\org\springframework\boot\spring-boot-autoconfigure\2.0.2.RELEASE\spring-boot-autoconfigure-2.0.2.RELEASE.jar;D:\maven\repository\org\springframework\cloud\spring-cloud-starter-feign\1.4.5.RELEASE\spring-cloud-starter-feign-1.4.5.RELEASE.jar;D:\maven\repository\org\springframework\cloud\spring-cloud-starter-openfeign\2.0.1.RELEASE\spring-cloud-starter-openfeign-2.0.1.RELEASE.jar;D:\maven\repository\org\springframework\cloud\spring-cloud-openfeign-core\2.0.1.RELEASE\spring-cloud-openfeign-core-2.0.1.RELEASE.jar;D:\maven\repository\io\github\openfeign\feign-core\9.5.1\feign-core-9.5.1.jar;D:\maven\repository\io\github\openfeign\feign-slf4j\9.5.1\feign-slf4j-9.5.1.jar;D:\maven\repository\io\github\openfeign\feign-hystrix\9.5.1\feign-hystrix-9.5.1.jar;D:\maven\repository\io\github\openfeign\feign-java8\9.5.1\feign-java8-9.5.1.jar;D:\maven\repository\com\fasterxml\jackson\core\jackson-databind\2.9.5\jackson-databind-2.9.5.jar;D:\maven\repository\com\fasterxml\jackson\core\jackson-annotations\2.9.0\jackson-annotations-2.9.0.jar;D:\maven\repository\com\fasterxml\jackson\core\jackson-core\2.9.5\jackson-core-2.9.5.jar;D:\workspack\project\gostyu\passcloud-master\paascloud-provider-api\paascloud-provider-omc-api\target\paascloud-provider-omc-api-0.0.1-SNAPSHOT.jar;D:\workspack\project\gostyu\passcloud-master\passcloud-common\passcloud-common-base\target\passcloud-common-base-0.0.1-SNAPSHOT.jar;D:\workspack\project\gostyu\passcloud-master\passcloud-common\passcloud-security-feign\target\passcloud-security-feign-0.0.1-SNAPSHOT.jar;D:\maven\repository\com\netflix\feign\feign-okhttp\8.18.0\feign-okhttp-8.18.0.jar;D:\maven\repository\com\netflix\feign\feign-core\8.18.0\feign-core-8.18.0.jar;D:\maven\repository\org\jvnet\animal-sniffer-annotation\1.0\animal-sniffer-annotation-1.0.jar;D:\workspack\project\gostyu\passcloud-master\paascloud-provider-api\paascloud-provider-mdc-api\target\paascloud-provider-mdc-api-0.0.1-SNAPSHOT.jar;D:\workspack\project\gostyu\passcloud-master\paascloud-provider-api\paascloud-provider-opc-api\target\paascloud-provider-opc-api-0.0.1-SNAPSHOT.jar;D:\maven\repository\io\github\openfeign\form\feign-form\3.0.3\feign-form-3.0.3.jar;D:\maven\repository\io\github\openfeign\form\feign-form-spring\3.0.3\feign-form-spring-3.0.3.jar;D:\workspack\project\gostyu\passcloud-master\paascloud-provider-api\paascloud-provider-sdk-api\target\paascloud-provider-sdk-api-0.0.1-SNAPSHOT.jar;D:\workspack\project\gostyu\passcloud-master\paascloud-provider-api\paascloud-provider-tpc-api\target\paascloud-provider-tpc-api-0.0.1-SNAPSHOT.jar;D:\workspack\project\gostyu\passcloud-master\passcloud-common\passcloud-common-zk\target\passcloud-common-zk-0.0.1-SNAPSHOT.jar;D:\maven\repository\org\apache\curator\curator-framework\4.0.1\curator-framework-4.0.1.jar;D:\maven\repository\org\apache\curator\curator-recipes\4.0.1\curator-recipes-4.0.1.jar;D:\maven\repository\org\apache\curator\curator-client\4.0.1\curator-client-4.0.1.jar;D:\maven\repository\org\apache\zookeeper\zookeeper\3.5.3-beta\zookeeper-3.5.3-beta.jar;D:\maven\repository\commons-cli\commons-cli\1.2\commons-cli-1.2.jar;D:\maven\repository\io\netty\netty\3.10.5.Final\netty-3.10.5.Final.jar;D:\maven\repository\tk\mybatis\mapper\4.0.3\mapper-4.0.3.jar;D:\maven\repository\javax\persistence\persistence-api\1.0.2\persistence-api-1.0.2.jar;D:\maven\repository\org\aspectj\aspectjweaver\1.8.13\aspectjweaver-1.8.13.jar;D:\maven\repository\org\springframework\spring-tx\5.0.6.RELEASE\spring-tx-5.0.6.RELEASE.jar;D:\maven\repository\org\springframework\spring-beans\5.0.6.RELEASE\spring-beans-5.0.6.RELEASE.jar;D:\maven\repository\org\apache\rocketmq\rocketmq-client\4.3.0\rocketmq-client-4.3.0.jar;D:\maven\repository\org\apache\rocketmq\rocketmq-common\4.3.0\rocketmq-common-4.3.0.jar;D:\maven\repository\org\apache\rocketmq\rocketmq-remoting\4.3.0\rocketmq-remoting-4.3.0.jar;D:\maven\repository\io\netty\netty-all\4.1.24.Final\netty-all-4.1.24.Final.jar;D:\maven\repository\org\apache\rocketmq\rocketmq-logging\4.3.0\rocketmq-logging-4.3.0.jar;D:\maven\repository\io\netty\netty-tcnative-boringssl-static\1.1.33.Fork26\netty-tcnative-boringssl-static-1.1.33.Fork26.jar;D:\maven\repository\com\aliyun\aliyun-java-sdk-core\4.0.7\aliyun-java-sdk-core-4.0.7.jar;D:\maven\repository\com\google\code\gson\gson\2.8.4\gson-2.8.4.jar;D:\maven\repository\org\apache\httpcomponents\httpclient\4.5.5\httpclient-4.5.5.jar;D:\maven\repository\org\apache\httpcomponents\httpcore\4.4.9\httpcore-4.4.9.jar;D:\maven\repository\javax\xml\bind\jaxb-api\2.3.0\jaxb-api-2.3.0.jar;D:\maven\repository\com\sun\xml\bind\jaxb-core\2.1.14\jaxb-core-2.1.14.jar;D:\maven\repository\com\sun\xml\bind\jaxb-impl\2.1\jaxb-impl-2.1.jar;D:\maven\repository\javax\activation\activation\1.1.1\activation-1.1.1.jar;D:\maven\repository\com\aliyun\aliyun-java-sdk-dysmsapi\1.1.0\aliyun-java-sdk-dysmsapi-1.1.0.jar;D:\maven\repository\com\qiniu\qiniu-java-sdk\7.2.14\qiniu-java-sdk-7.2.14.jar;D:\maven\repository\com\squareup\okhttp3\okhttp\3.8.1\okhttp-3.8.1.jar;D:\maven\repository\com\squareup\okio\okio\1.13.0\okio-1.13.0.jar;D:\maven\repository\com\qiniu\happy-dns-java\0.1.6\happy-dns-java-0.1.6.jar;D:\maven\repository\org\springframework\boot\spring-boot-starter-mail\2.0.2.RELEASE\spring-boot-starter-mail-2.0.2.RELEASE.jar;D:\maven\repository\org\springframework\spring-context\5.0.6.RELEASE\spring-context-5.0.6.RELEASE.jar;D:\maven\repository\org\springframework\spring-expression\5.0.6.RELEASE\spring-expression-5.0.6.RELEASE.jar;D:\maven\repository\org\springframework\spring-context-support\5.0.6.RELEASE\spring-context-support-5.0.6.RELEASE.jar;D:\maven\repository\com\sun\mail\javax.mail\1.6.1\javax.mail-1.6.1.jar;D:\maven\repository\org\springframework\boot\spring-boot-starter-freemarker\2.0.2.RELEASE\spring-boot-starter-freemarker-2.0.2.RELEASE.jar;D:\maven\repository\org\freemarker\freemarker\2.3.28\freemarker-2.3.28.jar;D:\maven\repository\de\codecentric\spring-boot-admin-starter-client\2.0.0\spring-boot-admin-starter-client-2.0.0.jar;D:\maven\repository\de\codecentric\spring-boot-admin-client\2.0.0\spring-boot-admin-client-2.0.0.jar;D:\maven\repository\com\github\penggle\kaptcha\2.3.2\kaptcha-2.3.2.jar;D:\maven\repository\javax\servlet\javax.servlet-api\3.1.0\javax.servlet-api-3.1.0.jar;D:\maven\repository\com\jhlabs\filters\2.0.235-1\filters-2.0.235-1.jar;D:\maven\repository\commons-io\commons-io\2.6\commons-io-2.6.jar;D:\maven\repository\org\springframework\retry\spring-retry\1.2.2.RELEASE\spring-retry-1.2.2.RELEASE.jar;D:\maven\repository\org\springframework\spring-core\5.0.6.RELEASE\spring-core-5.0.6.RELEASE.jar;D:\maven\repository\org\springframework\spring-jcl\5.0.6.RELEASE\spring-jcl-5.0.6.RELEASE.jar;D:\maven\repository\org\springframework\cloud\spring-cloud-starter-config\2.0.1.RELEASE\spring-cloud-starter-config-2.0.1.RELEASE.jar;D:\maven\repository\org\springframework\cloud\spring-cloud-starter\2.0.1.RELEASE\spring-cloud-starter-2.0.1.RELEASE.jar;D:\maven\repository\org\springframework\cloud\spring-cloud-context\2.0.1.RELEASE\spring-cloud-context-2.0.1.RELEASE.jar;D:\maven\repository\org\springframework\security\spring-security-rsa\1.0.5.RELEASE\spring-security-rsa-1.0.5.RELEASE.jar;D:\maven\repository\org\springframework\cloud\spring-cloud-config-client\2.0.1.RELEASE\spring-cloud-config-client-2.0.1.RELEASE.jar;D:\maven\repository\org\springframework\cloud\spring-cloud-starter-netflix-eureka-client\2.0.1.RELEASE\spring-cloud-starter-netflix-eureka-client-2.0.1.RELEASE.jar;D:\maven\repository\org\springframework\cloud\spring-cloud-netflix-core\2.0.1.RELEASE\spring-cloud-netflix-core-2.0.1.RELEASE.jar;D:\maven\repository\org\springframework\cloud\spring-cloud-netflix-eureka-client\2.0.1.RELEASE\spring-cloud-netflix-eureka-client-2.0.1.RELEASE.jar;D:\maven\repository\com\netflix\eureka\eureka-client\1.9.3\eureka-client-1.9.3.jar;D:\maven\repository\org\codehaus\jettison\jettison\1.3.7\jettison-1.3.7.jar;D:\maven\repository\stax\stax-api\1.0.1\stax-api-1.0.1.jar;D:\maven\repository\com\netflix\netflix-commons\netflix-eventbus\0.3.0\netflix-eventbus-0.3.0.jar;D:\maven\repository\com\netflix\netflix-commons\netflix-infix\0.3.0\netflix-infix-0.3.0.jar;D:\maven\repository\commons-jxpath\commons-jxpath\1.3\commons-jxpath-1.3.jar;D:\maven\repository\org\antlr\antlr-runtime\3.4\antlr-runtime-3.4.jar;D:\maven\repository\org\antlr\stringtemplate\3.2.1\stringtemplate-3.2.1.jar;D:\maven\repository\antlr\antlr\2.7.7\antlr-2.7.7.jar;D:\maven\repository\org\apache\commons\commons-math\2.2\commons-math-2.2.jar;D:\maven\repository\com\netflix\archaius\archaius-core\0.7.6\archaius-core-0.7.6.jar;D:\maven\repository\javax\ws\rs\jsr311-api\1.1.1\jsr311-api-1.1.1.jar;D:\maven\repository\com\netflix\servo\servo-core\0.12.21\servo-core-0.12.21.jar;D:\maven\repository\com\sun\jersey\jersey-core\1.19.1\jersey-core-1.19.1.jar;D:\maven\repository\com\sun\jersey\jersey-client\1.19.1\jersey-client-1.19.1.jar;D:\maven\repository\com\sun\jersey\contribs\jersey-apache-client4\1.19.1\jersey-apache-client4-1.19.1.jar;D:\maven\repository\com\google\inject\guice\4.1.0\guice-4.1.0.jar;D:\maven\repository\javax\inject\javax.inject\1\javax.inject-1.jar;D:\maven\repository\aopalliance\aopalliance\1.0\aopalliance-1.0.jar;D:\maven\repository\com\github\vlsi\compactmap\compactmap\1.2.1\compactmap-1.2.1.jar;D:\maven\repository\com\github\andrewoma\dexx\dexx-collections\0.2\dexx-collections-0.2.jar;D:\maven\repository\com\netflix\eureka\eureka-core\1.9.3\eureka-core-1.9.3.jar;D:\maven\repository\org\codehaus\woodstox\woodstox-core-asl\4.4.1\woodstox-core-asl-4.4.1.jar;D:\maven\repository\javax\xml\stream\stax-api\1.0-2\stax-api-1.0-2.jar;D:\maven\repository\org\codehaus\woodstox\stax2-api\3.1.4\stax2-api-3.1.4.jar;D:\maven\repository\org\springframework\cloud\spring-cloud-starter-netflix-archaius\2.0.1.RELEASE\spring-cloud-starter-netflix-archaius-2.0.1.RELEASE.jar;D:\maven\repository\org\springframework\cloud\spring-cloud-netflix-ribbon\2.0.1.RELEASE\spring-cloud-netflix-ribbon-2.0.1.RELEASE.jar;D:\maven\repository\org\springframework\cloud\spring-cloud-netflix-archaius\2.0.1.RELEASE\spring-cloud-netflix-archaius-2.0.1.RELEASE.jar;D:\maven\repository\commons-configuration\commons-configuration\1.8\commons-configuration-1.8.jar;D:\maven\repository\commons-lang\commons-lang\2.6\commons-lang-2.6.jar;D:\maven\repository\org\springframework\cloud\spring-cloud-starter-netflix-ribbon\2.0.1.RELEASE\spring-cloud-starter-netflix-ribbon-2.0.1.RELEASE.jar;D:\maven\repository\com\netflix\ribbon\ribbon\2.2.5\ribbon-2.2.5.jar;D:\maven\repository\com\netflix\ribbon\ribbon-transport\2.2.5\ribbon-transport-2.2.5.jar;D:\maven\repository\io\reactivex\rxnetty-contexts\0.4.9\rxnetty-contexts-0.4.9.jar;D:\maven\repository\io\reactivex\rxnetty-servo\0.4.9\rxnetty-servo-0.4.9.jar;D:\maven\repository\io\reactivex\rxnetty\0.4.9\rxnetty-0.4.9.jar;D:\maven\repository\io\netty\netty-codec-http\4.1.24.Final\netty-codec-http-4.1.24.Final.jar;D:\maven\repository\io\netty\netty-codec\4.1.24.Final\netty-codec-4.1.24.Final.jar;D:\maven\repository\io\netty\netty-transport-native-epoll\4.1.24.Final\netty-transport-native-epoll-4.1.24.Final.jar;D:\maven\repository\io\netty\netty-common\4.1.24.Final\netty-common-4.1.24.Final.jar;D:\maven\repository\io\netty\netty-buffer\4.1.24.Final\netty-buffer-4.1.24.Final.jar;D:\maven\repository\io\netty\netty-transport-native-unix-common\4.1.24.Final\netty-transport-native-unix-common-4.1.24.Final.jar;D:\maven\repository\io\netty\netty-transport\4.1.24.Final\netty-transport-4.1.24.Final.jar;D:\maven\repository\io\netty\netty-resolver\4.1.24.Final\netty-resolver-4.1.24.Final.jar;D:\maven\repository\com\netflix\ribbon\ribbon-core\2.2.5\ribbon-core-2.2.5.jar;D:\maven\repository\com\netflix\ribbon\ribbon-httpclient\2.2.5\ribbon-httpclient-2.2.5.jar;D:\maven\repository\com\netflix\netflix-commons\netflix-commons-util\0.3.0\netflix-commons-util-0.3.0.jar;D:\maven\repository\com\netflix\ribbon\ribbon-loadbalancer\2.2.5\ribbon-loadbalancer-2.2.5.jar;D:\maven\repository\com\netflix\netflix-commons\netflix-statistics\0.1.1\netflix-statistics-0.1.1.jar;D:\maven\repository\io\reactivex\rxjava\1.2.0\rxjava-1.2.0.jar;D:\maven\repository\com\netflix\ribbon\ribbon-eureka\2.2.5\ribbon-eureka-2.2.5.jar;D:\maven\repository\com\thoughtworks\xstream\xstream\1.4.10\xstream-1.4.10.jar;D:\maven\repository\xmlpull\xmlpull\1.1.3.1\xmlpull-1.1.3.1.jar;D:\maven\repository\xpp3\xpp3_min\1.1.4c\xpp3_min-1.1.4c.jar;D:\maven\repository\org\springframework\cloud\spring-cloud-starter-sleuth\2.0.1.RELEASE\spring-cloud-starter-sleuth-2.0.1.RELEASE.jar;D:\maven\repository\org\springframework\cloud\spring-cloud-sleuth-core\2.0.1.RELEASE\spring-cloud-sleuth-core-2.0.1.RELEASE.jar;D:\maven\repository\org\aspectj\aspectjrt\1.8.13\aspectjrt-1.8.13.jar;D:\maven\repository\io\zipkin\brave\brave\5.1.4\brave-5.1.4.jar;D:\maven\repository\io\zipkin\brave\brave-context-log4j2\5.1.4\brave-context-log4j2-5.1.4.jar;D:\maven\repository\io\zipkin\brave\brave-instrumentation-spring-web\5.1.4\brave-instrumentation-spring-web-5.1.4.jar;D:\maven\repository\io\zipkin\brave\brave-instrumentation-http\5.1.4\brave-instrumentation-http-5.1.4.jar;D:\maven\repository\io\zipkin\brave\brave-instrumentation-spring-rabbit\5.1.4\brave-instrumentation-spring-rabbit-5.1.4.jar;D:\maven\repository\io\zipkin\brave\brave-instrumentation-kafka-clients\5.1.4\brave-instrumentation-kafka-clients-5.1.4.jar;D:\maven\repository\io\zipkin\brave\brave-instrumentation-httpclient\5.1.4\brave-instrumentation-httpclient-5.1.4.jar;D:\maven\repository\io\zipkin\brave\brave-instrumentation-httpasyncclient\5.1.4\brave-instrumentation-httpasyncclient-5.1.4.jar;D:\maven\repository\io\zipkin\brave\brave-instrumentation-spring-webmvc\5.1.4\brave-instrumentation-spring-webmvc-5.1.4.jar;D:\maven\repository\io\zipkin\brave\brave-instrumentation-servlet\5.1.4\brave-instrumentation-servlet-5.1.4.jar;D:\maven\repository\org\springframework\cloud\spring-cloud-sleuth-zipkin\2.0.1.RELEASE\spring-cloud-sleuth-zipkin-2.0.1.RELEASE.jar;D:\maven\repository\org\springframework\spring-web\5.0.6.RELEASE\spring-web-5.0.6.RELEASE.jar;D:\maven\repository\org\springframework\cloud\spring-cloud-commons\2.0.1.RELEASE\spring-cloud-commons-2.0.1.RELEASE.jar;D:\maven\repository\org\springframework\security\spring-security-crypto\5.0.5.RELEASE\spring-security-crypto-5.0.5.RELEASE.jar;D:\maven\repository\io\zipkin\zipkin2\zipkin\2.10.4\zipkin-2.10.4.jar;D:\maven\repository\io\zipkin\reporter2\zipkin-reporter\2.7.7\zipkin-reporter-2.7.7.jar;D:\maven\repository\io\zipkin\reporter2\zipkin-sender-kafka11\2.7.7\zipkin-sender-kafka11-2.7.7.jar;D:\maven\repository\io\zipkin\reporter2\zipkin-sender-amqp-client\2.7.7\zipkin-sender-amqp-client-2.7.7.jar;D:\maven\repository\tk\mybatis\mapper-spring-boot-starter\2.0.2\mapper-spring-boot-starter-2.0.2.jar;D:\maven\repository\tk\mybatis\mapper-base\1.0.1\mapper-base-1.0.1.jar;D:\maven\repository\tk\mybatis\mapper-weekend\1.1.3\mapper-weekend-1.1.3.jar;D:\maven\repository\tk\mybatis\mapper-spring\1.0.1\mapper-spring-1.0.1.jar;D:\maven\repository\tk\mybatis\mapper-extra\1.0.1\mapper-extra-1.0.1.jar;D:\maven\repository\tk\mybatis\mapper-spring-boot-autoconfigure\2.0.2\mapper-spring-boot-autoconfigure-2.0.2.jar;D:\workspack\project\gostyu\passcloud-master\passcloud-common\passcloud-common-util\target\passcloud-common-util-0.0.1-SNAPSHOT.jar;D:\maven\repository\org\apache\commons\commons-lang3\3.7\commons-lang3-3.7.jar;D:\maven\repository\ch\qos\logback\logback-classic\1.2.3\logback-classic-1.2.3.jar;D:\maven\repository\org\codehaus\jackson\jackson-smile\1.9.13\jackson-smile-1.9.13.jar;D:\maven\repository\org\codehaus\jackson\jackson-core-asl\1.9.13\jackson-core-asl-1.9.13.jar;D:\maven\repository\org\codehaus\jackson\jackson-mapper-asl\1.9.13\jackson-mapper-asl-1.9.13.jar;D:\maven\repository\com\xiaoleilu\hutool-all\3.3.2\hutool-all-3.3.2.jar;D:\maven\repository\commons-beanutils\commons-beanutils\1.9.3\commons-beanutils-1.9.3.jar;D:\maven\repository\commons-logging\commons-logging\1.2\commons-logging-1.2.jar;D:\maven\repository\commons-collections\commons-collections\3.2.2\commons-collections-3.2.2.jar;D:\maven\repository\org\springframework\boot\spring-boot-starter-data-redis\2.0.2.RELEASE\spring-boot-starter-data-redis-2.0.2.RELEASE.jar;D:\maven\repository\org\springframework\data\spring-data-redis\2.0.7.RELEASE\spring-data-redis-2.0.7.RELEASE.jar;D:\maven\repository\org\springframework\data\spring-data-keyvalue\2.0.7.RELEASE\spring-data-keyvalue-2.0.7.RELEASE.jar;D:\maven\repository\org\springframework\data\spring-data-commons\2.0.7.RELEASE\spring-data-commons-2.0.7.RELEASE.jar;D:\maven\repository\org\springframework\spring-oxm\5.0.6.RELEASE\spring-oxm-5.0.6.RELEASE.jar;D:\maven\repository\redis\clients\jedis\2.9.0\jedis-2.9.0.jar;D:\maven\repository\org\apache\commons\commons-pool2\2.5.0\commons-pool2-2.5.0.jar;D:\maven\repository\com\alibaba\fastjson\1.2.47\fastjson-1.2.47.jar;D:\workspack\project\gostyu\passcloud-master\passcloud-common\passcloud-common-core\target\passcloud-common-core-0.0.1-SNAPSHOT.jar;D:\maven\repository\org\springframework\cloud\spring-cloud-starter-oauth2\2.0.0.RELEASE\spring-cloud-starter-oauth2-2.0.0.RELEASE.jar;D:\maven\repository\org\springframework\cloud\spring-cloud-starter-security\2.0.0.RELEASE\spring-cloud-starter-security-2.0.0.RELEASE.jar;D:\maven\repository\org\springframework\cloud\spring-cloud-security\2.0.0.RELEASE\spring-cloud-security-2.0.0.RELEASE.jar;D:\maven\repository\org\springframework\boot\spring-boot-starter-security\2.0.2.RELEASE\spring-boot-starter-security-2.0.2.RELEASE.jar;D:\maven\repository\org\springframework\security\oauth\boot\spring-security-oauth2-autoconfigure\2.0.0.RELEASE\spring-security-oauth2-autoconfigure-2.0.0.RELEASE.jar;D:\maven\repository\org\springframework\security\oauth\spring-security-oauth2\2.2.1.RELEASE\spring-security-oauth2-2.2.1.RELEASE.jar;D:\maven\repository\org\springframework\security\spring-security-core\5.0.5.RELEASE\spring-security-core-5.0.5.RELEASE.jar;D:\maven\repository\org\springframework\security\spring-security-config\5.0.5.RELEASE\spring-security-config-5.0.5.RELEASE.jar;D:\maven\repository\org\springframework\security\spring-security-web\5.0.5.RELEASE\spring-security-web-5.0.5.RELEASE.jar;D:\workspack\project\gostyu\passcloud-master\passcloud-common\passcloud-common-conf\target\passcloud-common-conf-0.0.1-SNAPSHOT.jar;D:\maven\repository\eu\bitwalker\UserAgentUtils\1.20\UserAgentUtils-1.20.jar;D:\maven\repository\com\fasterxml\jackson\module\jackson-module-parameter-names\2.9.5\jackson-module-parameter-names-2.9.5.jar;D:\maven\repository\com\fasterxml\jackson\datatype\jackson-datatype-jdk8\2.9.5\jackson-datatype-jdk8-2.9.5.jar;D:\maven\repository\com\fasterxml\jackson\datatype\jackson-datatype-jsr310\2.9.5\jackson-datatype-jsr310-2.9.5.jar;D:\maven\repository\io\jsonwebtoken\jjwt\0.9.0\jjwt-0.9.0.jar;D:\maven\repository\com\arronlong\httpclientutil\httpclientutil\1.0\httpclientutil-1.0.jar;D:\maven\repository\org\apache\httpcomponents\httpmime\4.5.5\httpmime-4.5.5.jar;D:\maven\repository\org\apache\httpcomponents\httpasyncclient\4.1.3\httpasyncclient-4.1.3.jar;D:\maven\repository\org\apache\httpcomponents\httpcore-nio\4.4.9\httpcore-nio-4.4.9.jar;D:\maven\repository\log4j\log4j\1.2.17\log4j-1.2.17.jar;D:\maven\repository\com\netflix\hystrix\hystrix-core\1.5.12\hystrix-core-1.5.12.jar;D:\maven\repository\org\hdrhistogram\HdrHistogram\2.1.9\HdrHistogram-2.1.9.jar;D:\maven\repository\org\springframework\boot\spring-boot-starter-actuator\2.0.2.RELEASE\spring-boot-starter-actuator-2.0.2.RELEASE.jar;D:\maven\repository\org\springframework\boot\spring-boot-actuator-autoconfigure\2.0.2.RELEASE\spring-boot-actuator-autoconfigure-2.0.2.RELEASE.jar;D:\maven\repository\org\springframework\boot\spring-boot-actuator\2.0.2.RELEASE\spring-boot-actuator-2.0.2.RELEASE.jar;D:\maven\repository\io\micrometer\micrometer-core\1.0.4\micrometer-core-1.0.4.jar;D:\maven\repository\org\latencyutils\LatencyUtils\2.0.3\LatencyUtils-2.0.3.jar;D:\maven\repository\org\springframework\cloud\spring-cloud-starter-hystrix\1.4.5.RELEASE\spring-cloud-starter-hystrix-1.4.5.RELEASE.jar;D:\maven\repository\org\springframework\cloud\spring-cloud-starter-netflix-hystrix\2.0.1.RELEASE\spring-cloud-starter-netflix-hystrix-2.0.1.RELEASE.jar;D:\maven\repository\com\netflix\hystrix\hystrix-serialization\1.5.12\hystrix-serialization-1.5.12.jar;D:\maven\repository\com\fasterxml\jackson\module\jackson-module-afterburner\2.9.5\jackson-module-afterburner-2.9.5.jar;D:\maven\repository\com\netflix\hystrix\hystrix-metrics-event-stream\1.5.12\hystrix-metrics-event-stream-1.5.12.jar;D:\maven\repository\io\reactivex\rxjava-reactive-streams\1.2.1\rxjava-reactive-streams-1.2.1.jar;D:\maven\repository\org\reactivestreams\reactive-streams\1.0.2\reactive-streams-1.0.2.jar;D:\maven\repository\org\springframework\boot\spring-boot-starter-web\2.0.2.RELEASE\spring-boot-starter-web-2.0.2.RELEASE.jar;D:\maven\repository\org\springframework\boot\spring-boot-starter-json\2.0.2.RELEASE\spring-boot-starter-json-2.0.2.RELEASE.jar;D:\maven\repository\org\springframework\boot\spring-boot-starter-tomcat\2.0.2.RELEASE\spring-boot-starter-tomcat-2.0.2.RELEASE.jar;D:\maven\repository\org\apache\tomcat\embed\tomcat-embed-core\8.5.31\tomcat-embed-core-8.5.31.jar;D:\maven\repository\org\apache\tomcat\embed\tomcat-embed-websocket\8.5.31\tomcat-embed-websocket-8.5.31.jar;D:\maven\repository\org\hibernate\validator\hibernate-validator\6.0.9.Final\hibernate-validator-6.0.9.Final.jar;D:\maven\repository\javax\validation\validation-api\2.0.1.Final\validation-api-2.0.1.Final.jar;D:\maven\repository\org\jboss\logging\jboss-logging\3.3.2.Final\jboss-logging-3.3.2.Final.jar;D:\maven\repository\org\springframework\spring-webmvc\5.0.6.RELEASE\spring-webmvc-5.0.6.RELEASE.jar;D:\maven\repository\net\logstash\logback\logstash-logback-encoder\5.1\logstash-logback-encoder-5.1.jar;D:\maven\repository\ch\qos\logback\logback-core\1.2.3\logback-core-1.2.3.jar;D:\maven\repository\com\google\guava\guava\26.0-jre\guava-26.0-jre.jar;D:\maven\repository\com\google\code\findbugs\jsr305\3.0.2\jsr305-3.0.2.jar;D:\maven\repository\org\checkerframework\checker-qual\2.5.2\checker-qual-2.5.2.jar;D:\maven\repository\com\google\errorprone\error_prone_annotations\2.1.3\error_prone_annotations-2.1.3.jar;D:\maven\repository\com\google\j2objc\j2objc-annotations\1.1\j2objc-annotations-1.1.jar;D:\maven\repository\org\codehaus\mojo\animal-sniffer-annotations\1.14\animal-sniffer-annotations-1.14.jar;D:\maven\repository\org\springframework\boot\spring-boot-starter-validation\2.0.2.RELEASE\spring-boot-starter-validation-2.0.2.RELEASE.jar;D:\maven\repository\org\apache\tomcat\embed\tomcat-embed-el\8.5.31\tomcat-embed-el-8.5.31.jar;D:\maven\repository\io\springfox\springfox-swagger-ui\2.8.0\springfox-swagger-ui-2.8.0.jar;D:\maven\repository\io\springfox\springfox-spring-web\2.8.0\springfox-spring-web-2.8.0.jar;D:\maven\repository\org\reflections\reflections\0.9.11\reflections-0.9.11.jar;D:\maven\repository\org\javassist\javassist\3.21.0-GA\javassist-3.21.0-GA.jar;D:\maven\repository\io\springfox\springfox-swagger2\2.8.0\springfox-swagger2-2.8.0.jar;D:\maven\repository\io\swagger\swagger-annotations\1.5.18\swagger-annotations-1.5.18.jar;D:\maven\repository\io\swagger\swagger-models\1.5.14\swagger-models-1.5.14.jar;D:\maven\repository\io\springfox\springfox-spi\2.8.0\springfox-spi-2.8.0.jar;D:\maven\repository\io\springfox\springfox-core\2.8.0\springfox-core-2.8.0.jar;D:\maven\repository\io\springfox\springfox-schema\2.8.0\springfox-schema-2.8.0.jar;D:\maven\repository\io\springfox\springfox-swagger-common\2.8.0\springfox-swagger-common-2.8.0.jar;D:\maven\repository\com\fasterxml\classmate\1.3.4\classmate-1.3.4.jar;D:\maven\repository\org\springframework\plugin\spring-plugin-core\1.2.0.RELEASE\spring-plugin-core-1.2.0.RELEASE.jar;D:\maven\repository\org\springframework\plugin\spring-plugin-metadata\1.2.0.RELEASE\spring-plugin-metadata-1.2.0.RELEASE.jar;D:\maven\repository\org\mapstruct\mapstruct\1.2.0.Final\mapstruct-1.2.0.Final.jar;D:\maven\repository\commons-codec\commons-codec\1.11\commons-codec-1.11.jar;D:\maven\repository\com\alibaba\druid\1.1.10\druid-1.1.10.jar;D:\maven\repository\org\mybatis\generator\mybatis-generator-core\1.3.7\mybatis-generator-core-1.3.7.jar;D:\maven\repository\org\springframework\boot\spring-boot-configuration-processor\2.0.2.RELEASE\spring-boot-configuration-processor-2.0.2.RELEASE.jar;D:\maven\repository\org\springframework\boot\spring-boot-devtools\2.0.2.RELEASE\spring-boot-devtools-2.0.2.RELEASE.jar;D:\maven\repository\org\springframework\boot\spring-boot\2.0.2.RELEASE\spring-boot-2.0.2.RELEASE.jar;D:\maven\repository\org\springframework\boot\spring-boot-starter-aop\2.0.2.RELEASE\spring-boot-starter-aop-2.0.2.RELEASE.jar;D:\maven\repository\org\springframework\spring-aop\5.0.6.RELEASE\spring-aop-5.0.6.RELEASE.jar;D:\maven\repository\org\modelmapper\modelmapper\2.1.1\modelmapper-2.1.1.jar;D:\maven\repository\org\jolokia\jolokia-core\1.5.0\jolokia-core-1.5.0.jar;D:\maven\repository\com\googlecode\json-simple\json-simple\1.1.1\json-simple-1.1.1.jar;D:\maven\repository\org\springframework\security\spring-security-jwt\1.0.9.RELEASE\spring-security-jwt-1.0.9.RELEASE.jar;D:\maven\repository\org\bouncycastle\bcpkix-jdk15on\1.56\bcpkix-jdk15on-1.56.jar;D:\maven\repository\org\bouncycastle\bcprov-jdk15on\1.56\bcprov-jdk15on-1.56.jar;D:\maven\repository\org\liquibase\liquibase-core\3.5.3\liquibase-core-3.5.3.jar;D:\maven\repository\org\yaml\snakeyaml\1.19\snakeyaml-1.19.jar;D:\maven\repository\org\springframework\cloud\spring-cloud-starter-zipkin\2.0.1.RELEASE\spring-cloud-starter-zipkin-2.0.1.RELEASE.jar;D:\maven\repository\org\springframework\amqp\spring-rabbit\2.0.3.RELEASE\spring-rabbit-2.0.3.RELEASE.jar;D:\maven\repository\org\springframework\amqp\spring-amqp\2.0.3.RELEASE\spring-amqp-2.0.3.RELEASE.jar;D:\maven\repository\com\rabbitmq\amqp-client\5.1.2\amqp-client-5.1.2.jar;D:\maven\repository\org\springframework\spring-messaging\5.0.6.RELEASE\spring-messaging-5.0.6.RELEASE.jar;D:\maven\repository\org\springframework\boot\spring-boot-starter-undertow\2.0.2.RELEASE\spring-boot-starter-undertow-2.0.2.RELEASE.jar;D:\maven\repository\io\undertow\undertow-core\1.4.25.Final\undertow-core-1.4.25.Final.jar;D:\maven\repository\org\jboss\xnio\xnio-api\3.3.8.Final\xnio-api-3.3.8.Final.jar;D:\maven\repository\org\jboss\xnio\xnio-nio\3.3.8.Final\xnio-nio-3.3.8.Final.jar;D:\maven\repository\io\undertow\undertow-servlet\1.4.25.Final\undertow-servlet-1.4.25.Final.jar;D:\maven\repository\org\jboss\spec\javax\annotation\jboss-annotations-api_1.2_spec\1.0.2.Final\jboss-annotations-api_1.2_spec-1.0.2.Final.jar;D:\maven\repository\io\undertow\undertow-websockets-jsr\1.4.25.Final\undertow-websockets-jsr-1.4.25.Final.jar;D:\maven\repository\org\jboss\spec\javax\websocket\jboss-websocket-api_1.1_spec\1.1.3.Final\jboss-websocket-api_1.1_spec-1.1.3.Final.jar;D:\maven\repository\org\glassfish\javax.el\3.0.0\javax.el-3.0.0.jar;D:\maven\repository\org\springframework\boot\spring-boot-starter-test\2.0.2.RELEASE\spring-boot-starter-test-2.0.2.RELEASE.jar;D:\maven\repository\org\springframework\boot\spring-boot-test\2.0.2.RELEASE\spring-boot-test-2.0.2.RELEASE.jar;D:\maven\repository\org\springframework\boot\spring-boot-test-autoconfigure\2.0.2.RELEASE\spring-boot-test-autoconfigure-2.0.2.RELEASE.jar;D:\maven\repository\com\jayway\jsonpath\json-path\2.4.0\json-path-2.4.0.jar;D:\maven\repository\net\minidev\json-smart\2.3\json-smart-2.3.jar;D:\maven\repository\net\minidev\accessors-smart\1.2\accessors-smart-1.2.jar;D:\maven\repository\junit\junit\4.12\junit-4.12.jar;D:\maven\repository\org\assertj\assertj-core\3.9.1\assertj-core-3.9.1.jar;D:\maven\repository\org\mockito\mockito-core\2.15.0\mockito-core-2.15.0.jar;D:\maven\repository\net\bytebuddy\byte-buddy\1.7.11\byte-buddy-1.7.11.jar;D:\maven\repository\net\bytebuddy\byte-buddy-agent\1.7.11\byte-buddy-agent-1.7.11.jar;D:\maven\repository\org\objenesis\objenesis\2.6\objenesis-2.6.jar;D:\maven\repository\org\hamcrest\hamcrest-core\1.3\hamcrest-core-1.3.jar;D:\maven\repository\org\hamcrest\hamcrest-library\1.3\hamcrest-library-1.3.jar;D:\maven\repository\org\skyscreamer\jsonassert\1.5.0\jsonassert-1.5.0.jar;D:\maven\repository\com\vaadin\external\google\android-json\0.0.20131108.vaadin1\android-json-0.0.20131108.vaadin1.jar;D:\maven\repository\org\springframework\spring-test\5.0.6.RELEASE\spring-test-5.0.6.RELEASE.jar;D:\maven\repository\org\xmlunit\xmlunit-core\2.5.1\xmlunit-core-2.5.1.jar;D:\maven\repository\org\springframework\boot\spring-boot-properties-migrator\2.0.4.RELEASE\spring-boot-properties-migrator-2.0.4.RELEASE.jar;D:\maven\repository\org\springframework\boot\spring-boot-configuration-metadata\2.0.2.RELEASE\spring-boot-configuration-metadata-2.0.2.RELEASE.jar;D:\maven\repository\com\netflix\hystrix\hystrix-javanica\1.5.12\hystrix-javanica-1.5.12.jar;D:\maven\repository\org\ow2\asm\asm\5.0.4\asm-5.0.4.jar;D:\maven\repository\org\projectlombok\lombok\1.16.20\lombok-1.16.20.jar;, java.specification.name=Java Platform API Specification, java.class.version=52.0, sun.management.compiler=HotSpot 64-Bit Tiered Compilers, os.version=6.3, user.home=C:\Users\Shinelon, user.timezone=Asia/Shanghai, java.awt.printerjob=sun.awt.windows.WPrinterJob, file.encoding=GBK, java.specification.version=1.8, java.class.path=D:\workspack\project\gostyu\passcloud-master\paascloud-provider\paascloud-provider-opc\target\test-classes;D:\workspack\project\gostyu\passcloud-master\paascloud-provider\paascloud-provider-opc\target\classes;D:\maven\repository\mysql\mysql-connector-java\5.1.46\mysql-connector-java-5.1.46.jar;D:\maven\repository\joda-time\joda-time\2.9.9\joda-time-2.9.9.jar;D:\maven\repository\org\mybatis\spring\boot\mybatis-spring-boot-starter\1.3.2\mybatis-spring-boot-starter-1.3.2.jar;D:\maven\repository\org\springframework\boot\spring-boot-starter\2.0.2.RELEASE\spring-boot-starter-2.0.2.RELEASE.jar;D:\maven\repository\org\springframework\boot\spring-boot-starter-logging\2.0.2.RELEASE\spring-boot-starter-logging-2.0.2.RELEASE.jar;D:\maven\repository\org\apache\logging\log4j\log4j-to-slf4j\2.10.0\log4j-to-slf4j-2.10.0.jar;D:\maven\repository\org\apache\logging\log4j\log4j-api\2.10.0\log4j-api-2.10.0.jar;D:\maven\repository\org\slf4j\jul-to-slf4j\1.7.25\jul-to-slf4j-1.7.25.jar;D:\maven\repository\javax\annotation\javax.annotation-api\1.3.2\javax.annotation-api-1.3.2.jar;D:\maven\repository\org\springframework\boot\spring-boot-starter-jdbc\2.0.2.RELEASE\spring-boot-starter-jdbc-2.0.2.RELEASE.jar;D:\maven\repository\com\zaxxer\HikariCP\2.7.9\HikariCP-2.7.9.jar;D:\maven\repository\org\springframework\spring-jdbc\5.0.6.RELEASE\spring-jdbc-5.0.6.RELEASE.jar;D:\maven\repository\org\mybatis\spring\boot\mybatis-spring-boot-autoconfigure\1.3.2\mybatis-spring-boot-autoconfigure-1.3.2.jar;D:\maven\repository\org\mybatis\mybatis\3.4.6\mybatis-3.4.6.jar;D:\maven\repository\org\mybatis\mybatis-spring\1.3.2\mybatis-spring-1.3.2.jar;D:\maven\repository\com\github\pagehelper\pagehelper-spring-boot-starter\1.2.5\pagehelper-spring-boot-starter-1.2.5.jar;D:\maven\repository\com\github\pagehelper\pagehelper-spring-boot-autoconfigure\1.2.5\pagehelper-spring-boot-autoconfigure-1.2.5.jar;D:\maven\repository\com\github\pagehelper\pagehelper\5.1.4\pagehelper-5.1.4.jar;D:\maven\repository\com\github\jsqlparser\jsqlparser\1.0\jsqlparser-1.0.jar;D:\maven\repository\com\alibaba\druid-spring-boot-starter\1.1.10\druid-spring-boot-starter-1.1.10.jar;D:\maven\repository\org\slf4j\slf4j-api\1.7.25\slf4j-api-1.7.25.jar;D:\maven\repository\org\springframework\boot\spring-boot-autoconfigure\2.0.2.RELEASE\spring-boot-autoconfigure-2.0.2.RELEASE.jar;D:\maven\repository\org\springframework\cloud\spring-cloud-starter-feign\1.4.5.RELEASE\spring-cloud-starter-feign-1.4.5.RELEASE.jar;D:\maven\repository\org\springframework\cloud\spring-cloud-starter-openfeign\2.0.1.RELEASE\spring-cloud-starter-openfeign-2.0.1.RELEASE.jar;D:\maven\repository\org\springframework\cloud\spring-cloud-openfeign-core\2.0.1.RELEASE\spring-cloud-openfeign-core-2.0.1.RELEASE.jar;D:\maven\repository\io\github\openfeign\feign-core\9.5.1\feign-core-9.5.1.jar;D:\maven\repository\io\github\openfeign\feign-slf4j\9.5.1\feign-slf4j-9.5.1.jar;D:\maven\repository\io\github\openfeign\feign-hystrix\9.5.1\feign-hystrix-9.5.1.jar;D:\maven\repository\io\github\openfeign\feign-java8\9.5.1\feign-java8-9.5.1.jar;D:\maven\repository\com\fasterxml\jackson\core\jackson-databind\2.9.5\jackson-databind-2.9.5.jar;D:\maven\repository\com\fasterxml\jackson\core\jackson-annotations\2.9.0\jackson-annotations-2.9.0.jar;D:\maven\repository\com\fasterxml\jackson\core\jackson-core\2.9.5\jackson-core-2.9.5.jar;D:\workspack\project\gostyu\passcloud-master\paascloud-provider-api\paascloud-provider-omc-api\target\paascloud-provider-omc-api-0.0.1-SNAPSHOT.jar;D:\workspack\project\gostyu\passcloud-master\passcloud-common\passcloud-common-base\target\passcloud-common-base-0.0.1-SNAPSHOT.jar;D:\workspack\project\gostyu\passcloud-master\passcloud-common\passcloud-security-feign\target\passcloud-security-feign-0.0.1-SNAPSHOT.jar;D:\maven\repository\com\netflix\feign\feign-okhttp\8.18.0\feign-okhttp-8.18.0.jar;D:\maven\repository\com\netflix\feign\feign-core\8.18.0\feign-core-8.18.0.jar;D:\maven\repository\org\jvnet\animal-sniffer-annotation\1.0\animal-sniffer-annotation-1.0.jar;D:\workspack\project\gostyu\passcloud-master\paascloud-provider-api\paascloud-provider-mdc-api\target\paascloud-provider-mdc-api-0.0.1-SNAPSHOT.jar;D:\workspack\project\gostyu\passcloud-master\paascloud-provider-api\paascloud-provider-opc-api\target\paascloud-provider-opc-api-0.0.1-SNAPSHOT.jar;D:\maven\repository\io\github\openfeign\form\feign-form\3.0.3\feign-form-3.0.3.jar;D:\maven\repository\io\github\openfeign\form\feign-form-spring\3.0.3\feign-form-spring-3.0.3.jar;D:\workspack\project\gostyu\passcloud-master\paascloud-provider-api\paascloud-provider-sdk-api\target\paascloud-provider-sdk-api-0.0.1-SNAPSHOT.jar;D:\workspack\project\gostyu\passcloud-master\paascloud-provider-api\paascloud-provider-tpc-api\target\paascloud-provider-tpc-api-0.0.1-SNAPSHOT.jar;D:\workspack\project\gostyu\passcloud-master\passcloud-common\passcloud-common-zk\target\passcloud-common-zk-0.0.1-SNAPSHOT.jar;D:\maven\repository\org\apache\curator\curator-framework\4.0.1\curator-framework-4.0.1.jar;D:\maven\repository\org\apache\curator\curator-recipes\4.0.1\curator-recipes-4.0.1.jar;D:\maven\repository\org\apache\curator\curator-client\4.0.1\curator-client-4.0.1.jar;D:\maven\repository\org\apache\zookeeper\zookeeper\3.5.3-beta\zookeeper-3.5.3-beta.jar;D:\maven\repository\commons-cli\commons-cli\1.2\commons-cli-1.2.jar;D:\maven\repository\io\netty\netty\3.10.5.Final\netty-3.10.5.Final.jar;D:\maven\repository\tk\mybatis\mapper\4.0.3\mapper-4.0.3.jar;D:\maven\repository\javax\persistence\persistence-api\1.0.2\persistence-api-1.0.2.jar;D:\maven\repository\org\aspectj\aspectjweaver\1.8.13\aspectjweaver-1.8.13.jar;D:\maven\repository\org\springframework\spring-tx\5.0.6.RELEASE\spring-tx-5.0.6.RELEASE.jar;D:\maven\repository\org\springframework\spring-beans\5.0.6.RELEASE\spring-beans-5.0.6.RELEASE.jar;D:\maven\repository\org\apache\rocketmq\rocketmq-client\4.3.0\rocketmq-client-4.3.0.jar;D:\maven\repository\org\apache\rocketmq\rocketmq-common\4.3.0\rocketmq-common-4.3.0.jar;D:\maven\repository\org\apache\rocketmq\rocketmq-remoting\4.3.0\rocketmq-remoting-4.3.0.jar;D:\maven\repository\io\netty\netty-all\4.1.24.Final\netty-all-4.1.24.Final.jar;D:\maven\repository\org\apache\rocketmq\rocketmq-logging\4.3.0\rocketmq-logging-4.3.0.jar;D:\maven\repository\io\netty\netty-tcnative-boringssl-static\1.1.33.Fork26\netty-tcnative-boringssl-static-1.1.33.Fork26.jar;D:\maven\repository\com\aliyun\aliyun-java-sdk-core\4.0.7\aliyun-java-sdk-core-4.0.7.jar;D:\maven\repository\com\google\code\gson\gson\2.8.4\gson-2.8.4.jar;D:\maven\repository\org\apache\httpcomponents\httpclient\4.5.5\httpclient-4.5.5.jar;D:\maven\repository\org\apache\httpcomponents\httpcore\4.4.9\httpcore-4.4.9.jar;D:\maven\repository\javax\xml\bind\jaxb-api\2.3.0\jaxb-api-2.3.0.jar;D:\maven\repository\com\sun\xml\bind\jaxb-core\2.1.14\jaxb-core-2.1.14.jar;D:\maven\repository\com\sun\xml\bind\jaxb-impl\2.1\jaxb-impl-2.1.jar;D:\maven\repository\javax\activation\activation\1.1.1\activation-1.1.1.jar;D:\maven\repository\com\aliyun\aliyun-java-sdk-dysmsapi\1.1.0\aliyun-java-sdk-dysmsapi-1.1.0.jar;D:\maven\repository\com\qiniu\qiniu-java-sdk\7.2.14\qiniu-java-sdk-7.2.14.jar;D:\maven\repository\com\squareup\okhttp3\okhttp\3.8.1\okhttp-3.8.1.jar;D:\maven\repository\com\squareup\okio\okio\1.13.0\okio-1.13.0.jar;D:\maven\repository\com\qiniu\happy-dns-java\0.1.6\happy-dns-java-0.1.6.jar;D:\maven\repository\org\springframework\boot\spring-boot-starter-mail\2.0.2.RELEASE\spring-boot-starter-mail-2.0.2.RELEASE.jar;D:\maven\repository\org\springframework\spring-context\5.0.6.RELEASE\spring-context-5.0.6.RELEASE.jar;D:\maven\repository\org\springframework\spring-expression\5.0.6.RELEASE\spring-expression-5.0.6.RELEASE.jar;D:\maven\repository\org\springframework\spring-context-support\5.0.6.RELEASE\spring-context-support-5.0.6.RELEASE.jar;D:\maven\repository\com\sun\mail\javax.mail\1.6.1\javax.mail-1.6.1.jar;D:\maven\repository\org\springframework\boot\spring-boot-starter-freemarker\2.0.2.RELEASE\spring-boot-starter-freemarker-2.0.2.RELEASE.jar;D:\maven\repository\org\freemarker\freemarker\2.3.28\freemarker-2.3.28.jar;D:\maven\repository\de\codecentric\spring-boot-admin-starter-client\2.0.0\spring-boot-admin-starter-client-2.0.0.jar;D:\maven\repository\de\codecentric\spring-boot-admin-client\2.0.0\spring-boot-admin-client-2.0.0.jar;D:\maven\repository\com\github\penggle\kaptcha\2.3.2\kaptcha-2.3.2.jar;D:\maven\repository\javax\servlet\javax.servlet-api\3.1.0\javax.servlet-api-3.1.0.jar;D:\maven\repository\com\jhlabs\filters\2.0.235-1\filters-2.0.235-1.jar;D:\maven\repository\commons-io\commons-io\2.6\commons-io-2.6.jar;D:\maven\repository\org\springframework\retry\spring-retry\1.2.2.RELEASE\spring-retry-1.2.2.RELEASE.jar;D:\maven\repository\org\springframework\spring-core\5.0.6.RELEASE\spring-core-5.0.6.RELEASE.jar;D:\maven\repository\org\springframework\spring-jcl\5.0.6.RELEASE\spring-jcl-5.0.6.RELEASE.jar;D:\maven\repository\org\springframework\cloud\spring-cloud-starter-config\2.0.1.RELEASE\spring-cloud-starter-config-2.0.1.RELEASE.jar;D:\maven\repository\org\springframework\cloud\spring-cloud-starter\2.0.1.RELEASE\spring-cloud-starter-2.0.1.RELEASE.jar;D:\maven\repository\org\springframework\cloud\spring-cloud-context\2.0.1.RELEASE\spring-cloud-context-2.0.1.RELEASE.jar;D:\maven\repository\org\springframework\security\spring-security-rsa\1.0.5.RELEASE\spring-security-rsa-1.0.5.RELEASE.jar;D:\maven\repository\org\springframework\cloud\spring-cloud-config-client\2.0.1.RELEASE\spring-cloud-config-client-2.0.1.RELEASE.jar;D:\maven\repository\org\springframework\cloud\spring-cloud-starter-netflix-eureka-client\2.0.1.RELEASE\spring-cloud-starter-netflix-eureka-client-2.0.1.RELEASE.jar;D:\maven\repository\org\springframework\cloud\spring-cloud-netflix-core\2.0.1.RELEASE\spring-cloud-netflix-core-2.0.1.RELEASE.jar;D:\maven\repository\org\springframework\cloud\spring-cloud-netflix-eureka-client\2.0.1.RELEASE\spring-cloud-netflix-eureka-client-2.0.1.RELEASE.jar;D:\maven\repository\com\netflix\eureka\eureka-client\1.9.3\eureka-client-1.9.3.jar;D:\maven\repository\org\codehaus\jettison\jettison\1.3.7\jettison-1.3.7.jar;D:\maven\repository\stax\stax-api\1.0.1\stax-api-1.0.1.jar;D:\maven\repository\com\netflix\netflix-commons\netflix-eventbus\0.3.0\netflix-eventbus-0.3.0.jar;D:\maven\repository\com\netflix\netflix-commons\netflix-infix\0.3.0\netflix-infix-0.3.0.jar;D:\maven\repository\commons-jxpath\commons-jxpath\1.3\commons-jxpath-1.3.jar;D:\maven\repository\org\antlr\antlr-runtime\3.4\antlr-runtime-3.4.jar;D:\maven\repository\org\antlr\stringtemplate\3.2.1\stringtemplate-3.2.1.jar;D:\maven\repository\antlr\antlr\2.7.7\antlr-2.7.7.jar;D:\maven\repository\org\apache\commons\commons-math\2.2\commons-math-2.2.jar;D:\maven\repository\com\netflix\archaius\archaius-core\0.7.6\archaius-core-0.7.6.jar;D:\maven\repository\javax\ws\rs\jsr311-api\1.1.1\jsr311-api-1.1.1.jar;D:\maven\repository\com\netflix\servo\servo-core\0.12.21\servo-core-0.12.21.jar;D:\maven\repository\com\sun\jersey\jersey-core\1.19.1\jersey-core-1.19.1.jar;D:\maven\repository\com\sun\jersey\jersey-client\1.19.1\jersey-client-1.19.1.jar;D:\maven\repository\com\sun\jersey\contribs\jersey-apache-client4\1.19.1\jersey-apache-client4-1.19.1.jar;D:\maven\repository\com\google\inject\guice\4.1.0\guice-4.1.0.jar;D:\maven\repository\javax\inject\javax.inject\1\javax.inject-1.jar;D:\maven\repository\aopalliance\aopalliance\1.0\aopalliance-1.0.jar;D:\maven\repository\com\github\vlsi\compactmap\compactmap\1.2.1\compactmap-1.2.1.jar;D:\maven\repository\com\github\andrewoma\dexx\dexx-collections\0.2\dexx-collections-0.2.jar;D:\maven\repository\com\netflix\eureka\eureka-core\1.9.3\eureka-core-1.9.3.jar;D:\maven\repository\org\codehaus\woodstox\woodstox-core-asl\4.4.1\woodstox-core-asl-4.4.1.jar;D:\maven\repository\javax\xml\stream\stax-api\1.0-2\stax-api-1.0-2.jar;D:\maven\repository\org\codehaus\woodstox\stax2-api\3.1.4\stax2-api-3.1.4.jar;D:\maven\repository\org\springframework\cloud\spring-cloud-starter-netflix-archaius\2.0.1.RELEASE\spring-cloud-starter-netflix-archaius-2.0.1.RELEASE.jar;D:\maven\repository\org\springframework\cloud\spring-cloud-netflix-ribbon\2.0.1.RELEASE\spring-cloud-netflix-ribbon-2.0.1.RELEASE.jar;D:\maven\repository\org\springframework\cloud\spring-cloud-netflix-archaius\2.0.1.RELEASE\spring-cloud-netflix-archaius-2.0.1.RELEASE.jar;D:\maven\repository\commons-configuration\commons-configuration\1.8\commons-configuration-1.8.jar;D:\maven\repository\commons-lang\commons-lang\2.6\commons-lang-2.6.jar;D:\maven\repository\org\springframework\cloud\spring-cloud-starter-netflix-ribbon\2.0.1.RELEASE\spring-cloud-starter-netflix-ribbon-2.0.1.RELEASE.jar;D:\maven\repository\com\netflix\ribbon\ribbon\2.2.5\ribbon-2.2.5.jar;D:\maven\repository\com\netflix\ribbon\ribbon-transport\2.2.5\ribbon-transport-2.2.5.jar;D:\maven\repository\io\reactivex\rxnetty-contexts\0.4.9\rxnetty-contexts-0.4.9.jar;D:\maven\repository\io\reactivex\rxnetty-servo\0.4.9\rxnetty-servo-0.4.9.jar;D:\maven\repository\io\reactivex\rxnetty\0.4.9\rxnetty-0.4.9.jar;D:\maven\repository\io\netty\netty-codec-http\4.1.24.Final\netty-codec-http-4.1.24.Final.jar;D:\maven\repository\io\netty\netty-codec\4.1.24.Final\netty-codec-4.1.24.Final.jar;D:\maven\repository\io\netty\netty-transport-native-epoll\4.1.24.Final\netty-transport-native-epoll-4.1.24.Final.jar;D:\maven\repository\io\netty\netty-common\4.1.24.Final\netty-common-4.1.24.Final.jar;D:\maven\repository\io\netty\netty-buffer\4.1.24.Final\netty-buffer-4.1.24.Final.jar;D:\maven\repository\io\netty\netty-transport-native-unix-common\4.1.24.Final\netty-transport-native-unix-common-4.1.24.Final.jar;D:\maven\repository\io\netty\netty-transport\4.1.24.Final\netty-transport-4.1.24.Final.jar;D:\maven\repository\io\netty\netty-resolver\4.1.24.Final\netty-resolver-4.1.24.Final.jar;D:\maven\repository\com\netflix\ribbon\ribbon-core\2.2.5\ribbon-core-2.2.5.jar;D:\maven\repository\com\netflix\ribbon\ribbon-httpclient\2.2.5\ribbon-httpclient-2.2.5.jar;D:\maven\repository\com\netflix\netflix-commons\netflix-commons-util\0.3.0\netflix-commons-util-0.3.0.jar;D:\maven\repository\com\netflix\ribbon\ribbon-loadbalancer\2.2.5\ribbon-loadbalancer-2.2.5.jar;D:\maven\repository\com\netflix\netflix-commons\netflix-statistics\0.1.1\netflix-statistics-0.1.1.jar;D:\maven\repository\io\reactivex\rxjava\1.2.0\rxjava-1.2.0.jar;D:\maven\repository\com\netflix\ribbon\ribbon-eureka\2.2.5\ribbon-eureka-2.2.5.jar;D:\maven\repository\com\thoughtworks\xstream\xstream\1.4.10\xstream-1.4.10.jar;D:\maven\repository\xmlpull\xmlpull\1.1.3.1\xmlpull-1.1.3.1.jar;D:\maven\repository\xpp3\xpp3_min\1.1.4c\xpp3_min-1.1.4c.jar;D:\maven\repository\org\springframework\cloud\spring-cloud-starter-sleuth\2.0.1.RELEASE\spring-cloud-starter-sleuth-2.0.1.RELEASE.jar;D:\maven\repository\org\springframework\cloud\spring-cloud-sleuth-core\2.0.1.RELEASE\spring-cloud-sleuth-core-2.0.1.RELEASE.jar;D:\maven\repository\org\aspectj\aspectjrt\1.8.13\aspectjrt-1.8.13.jar;D:\maven\repository\io\zipkin\brave\brave\5.1.4\brave-5.1.4.jar;D:\maven\repository\io\zipkin\brave\brave-context-log4j2\5.1.4\brave-context-log4j2-5.1.4.jar;D:\maven\repository\io\zipkin\brave\brave-instrumentation-spring-web\5.1.4\brave-instrumentation-spring-web-5.1.4.jar;D:\maven\repository\io\zipkin\brave\brave-instrumentation-http\5.1.4\brave-instrumentation-http-5.1.4.jar;D:\maven\repository\io\zipkin\brave\brave-instrumentation-spring-rabbit\5.1.4\brave-instrumentation-spring-rabbit-5.1.4.jar;D:\maven\repository\io\zipkin\brave\brave-instrumentation-kafka-clients\5.1.4\brave-instrumentation-kafka-clients-5.1.4.jar;D:\maven\repository\io\zipkin\brave\brave-instrumentation-httpclient\5.1.4\brave-instrumentation-httpclient-5.1.4.jar;D:\maven\repository\io\zipkin\brave\brave-instrumentation-httpasyncclient\5.1.4\brave-instrumentation-httpasyncclient-5.1.4.jar;D:\maven\repository\io\zipkin\brave\brave-instrumentation-spring-webmvc\5.1.4\brave-instrumentation-spring-webmvc-5.1.4.jar;D:\maven\repository\io\zipkin\brave\brave-instrumentation-servlet\5.1.4\brave-instrumentation-servlet-5.1.4.jar;D:\maven\repository\org\springframework\cloud\spring-cloud-sleuth-zipkin\2.0.1.RELEASE\spring-cloud-sleuth-zipkin-2.0.1.RELEASE.jar;D:\maven\repository\org\springframework\spring-web\5.0.6.RELEASE\spring-web-5.0.6.RELEASE.jar;D:\maven\repository\org\springframework\cloud\spring-cloud-commons\2.0.1.RELEASE\spring-cloud-commons-2.0.1.RELEASE.jar;D:\maven\repository\org\springframework\security\spring-security-crypto\5.0.5.RELEASE\spring-security-crypto-5.0.5.RELEASE.jar;D:\maven\repository\io\zipkin\zipkin2\zipkin\2.10.4\zipkin-2.10.4.jar;D:\maven\repository\io\zipkin\reporter2\zipkin-reporter\2.7.7\zipkin-reporter-2.7.7.jar;D:\maven\repository\io\zipkin\reporter2\zipkin-sender-kafka11\2.7.7\zipkin-sender-kafka11-2.7.7.jar;D:\maven\repository\io\zipkin\reporter2\zipkin-sender-amqp-client\2.7.7\zipkin-sender-amqp-client-2.7.7.jar;D:\maven\repository\tk\mybatis\mapper-spring-boot-starter\2.0.2\mapper-spring-boot-starter-2.0.2.jar;D:\maven\repository\tk\mybatis\mapper-base\1.0.1\mapper-base-1.0.1.jar;D:\maven\repository\tk\mybatis\mapper-weekend\1.1.3\mapper-weekend-1.1.3.jar;D:\maven\repository\tk\mybatis\mapper-spring\1.0.1\mapper-spring-1.0.1.jar;D:\maven\repository\tk\mybatis\mapper-extra\1.0.1\mapper-extra-1.0.1.jar;D:\maven\repository\tk\mybatis\mapper-spring-boot-autoconfigure\2.0.2\mapper-spring-boot-autoconfigure-2.0.2.jar;D:\workspack\project\gostyu\passcloud-master\passcloud-common\passcloud-common-util\target\passcloud-common-util-0.0.1-SNAPSHOT.jar;D:\maven\repository\org\apache\commons\commons-lang3\3.7\commons-lang3-3.7.jar;D:\maven\repository\ch\qos\logback\logback-classic\1.2.3\logback-classic-1.2.3.jar;D:\maven\repository\org\codehaus\jackson\jackson-smile\1.9.13\jackson-smile-1.9.13.jar;D:\maven\repository\org\codehaus\jackson\jackson-core-asl\1.9.13\jackson-core-asl-1.9.13.jar;D:\maven\repository\org\codehaus\jackson\jackson-mapper-asl\1.9.13\jackson-mapper-asl-1.9.13.jar;D:\maven\repository\com\xiaoleilu\hutool-all\3.3.2\hutool-all-3.3.2.jar;D:\maven\repository\commons-beanutils\commons-beanutils\1.9.3\commons-beanutils-1.9.3.jar;D:\maven\repository\commons-logging\commons-logging\1.2\commons-logging-1.2.jar;D:\maven\repository\commons-collections\commons-collections\3.2.2\commons-collections-3.2.2.jar;D:\maven\repository\org\springframework\boot\spring-boot-starter-data-redis\2.0.2.RELEASE\spring-boot-starter-data-redis-2.0.2.RELEASE.jar;D:\maven\repository\org\springframework\data\spring-data-redis\2.0.7.RELEASE\spring-data-redis-2.0.7.RELEASE.jar;D:\maven\repository\org\springframework\data\spring-data-keyvalue\2.0.7.RELEASE\spring-data-keyvalue-2.0.7.RELEASE.jar;D:\maven\repository\org\springframework\data\spring-data-commons\2.0.7.RELEASE\spring-data-commons-2.0.7.RELEASE.jar;D:\maven\repository\org\springframework\spring-oxm\5.0.6.RELEASE\spring-oxm-5.0.6.RELEASE.jar;D:\maven\repository\redis\clients\jedis\2.9.0\jedis-2.9.0.jar;D:\maven\repository\org\apache\commons\commons-pool2\2.5.0\commons-pool2-2.5.0.jar;D:\maven\repository\com\alibaba\fastjson\1.2.47\fastjson-1.2.47.jar;D:\workspack\project\gostyu\passcloud-master\passcloud-common\passcloud-common-core\target\passcloud-common-core-0.0.1-SNAPSHOT.jar;D:\maven\repository\org\springframework\cloud\spring-cloud-starter-oauth2\2.0.0.RELEASE\spring-cloud-starter-oauth2-2.0.0.RELEASE.jar;D:\maven\repository\org\springframework\cloud\spring-cloud-starter-security\2.0.0.RELEASE\spring-cloud-starter-security-2.0.0.RELEASE.jar;D:\maven\repository\org\springframework\cloud\spring-cloud-security\2.0.0.RELEASE\spring-cloud-security-2.0.0.RELEASE.jar;D:\maven\repository\org\springframework\boot\spring-boot-starter-security\2.0.2.RELEASE\spring-boot-starter-security-2.0.2.RELEASE.jar;D:\maven\repository\org\springframework\security\oauth\boot\spring-security-oauth2-autoconfigure\2.0.0.RELEASE\spring-security-oauth2-autoconfigure-2.0.0.RELEASE.jar;D:\maven\repository\org\springframework\security\oauth\spring-security-oauth2\2.2.1.RELEASE\spring-security-oauth2-2.2.1.RELEASE.jar;D:\maven\repository\org\springframework\security\spring-security-core\5.0.5.RELEASE\spring-security-core-5.0.5.RELEASE.jar;D:\maven\repository\org\springframework\security\spring-security-config\5.0.5.RELEASE\spring-security-config-5.0.5.RELEASE.jar;D:\maven\repository\org\springframework\security\spring-security-web\5.0.5.RELEASE\spring-security-web-5.0.5.RELEASE.jar;D:\workspack\project\gostyu\passcloud-master\passcloud-common\passcloud-common-conf\target\passcloud-common-conf-0.0.1-SNAPSHOT.jar;D:\maven\repository\eu\bitwalker\UserAgentUtils\1.20\UserAgentUtils-1.20.jar;D:\maven\repository\com\fasterxml\jackson\module\jackson-module-parameter-names\2.9.5\jackson-module-parameter-names-2.9.5.jar;D:\maven\repository\com\fasterxml\jackson\datatype\jackson-datatype-jdk8\2.9.5\jackson-datatype-jdk8-2.9.5.jar;D:\maven\repository\com\fasterxml\jackson\datatype\jackson-datatype-jsr310\2.9.5\jackson-datatype-jsr310-2.9.5.jar;D:\maven\repository\io\jsonwebtoken\jjwt\0.9.0\jjwt-0.9.0.jar;D:\maven\repository\com\arronlong\httpclientutil\httpclientutil\1.0\httpclientutil-1.0.jar;D:\maven\repository\org\apache\httpcomponents\httpmime\4.5.5\httpmime-4.5.5.jar;D:\maven\repository\org\apache\httpcomponents\httpasyncclient\4.1.3\httpasyncclient-4.1.3.jar;D:\maven\repository\org\apache\httpcomponents\httpcore-nio\4.4.9\httpcore-nio-4.4.9.jar;D:\maven\repository\log4j\log4j\1.2.17\log4j-1.2.17.jar;D:\maven\repository\com\netflix\hystrix\hystrix-core\1.5.12\hystrix-core-1.5.12.jar;D:\maven\repository\org\hdrhistogram\HdrHistogram\2.1.9\HdrHistogram-2.1.9.jar;D:\maven\repository\org\springframework\boot\spring-boot-starter-actuator\2.0.2.RELEASE\spring-boot-starter-actuator-2.0.2.RELEASE.jar;D:\maven\repository\org\springframework\boot\spring-boot-actuator-autoconfigure\2.0.2.RELEASE\spring-boot-actuator-autoconfigure-2.0.2.RELEASE.jar;D:\maven\repository\org\springframework\boot\spring-boot-actuator\2.0.2.RELEASE\spring-boot-actuator-2.0.2.RELEASE.jar;D:\maven\repository\io\micrometer\micrometer-core\1.0.4\micrometer-core-1.0.4.jar;D:\maven\repository\org\latencyutils\LatencyUtils\2.0.3\LatencyUtils-2.0.3.jar;D:\maven\repository\org\springframework\cloud\spring-cloud-starter-hystrix\1.4.5.RELEASE\spring-cloud-starter-hystrix-1.4.5.RELEASE.jar;D:\maven\repository\org\springframework\cloud\spring-cloud-starter-netflix-hystrix\2.0.1.RELEASE\spring-cloud-starter-netflix-hystrix-2.0.1.RELEASE.jar;D:\maven\repository\com\netflix\hystrix\hystrix-serialization\1.5.12\hystrix-serialization-1.5.12.jar;D:\maven\repository\com\fasterxml\jackson\module\jackson-module-afterburner\2.9.5\jackson-module-afterburner-2.9.5.jar;D:\maven\repository\com\netflix\hystrix\hystrix-metrics-event-stream\1.5.12\hystrix-metrics-event-stream-1.5.12.jar;D:\maven\repository\io\reactivex\rxjava-reactive-streams\1.2.1\rxjava-reactive-streams-1.2.1.jar;D:\maven\repository\org\reactivestreams\reactive-streams\1.0.2\reactive-streams-1.0.2.jar;D:\maven\repository\org\springframework\boot\spring-boot-starter-web\2.0.2.RELEASE\spring-boot-starter-web-2.0.2.RELEASE.jar;D:\maven\repository\org\springframework\boot\spring-boot-starter-json\2.0.2.RELEASE\spring-boot-starter-json-2.0.2.RELEASE.jar;D:\maven\repository\org\springframework\boot\spring-boot-starter-tomcat\2.0.2.RELEASE\spring-boot-starter-tomcat-2.0.2.RELEASE.jar;D:\maven\repository\org\apache\tomcat\embed\tomcat-embed-core\8.5.31\tomcat-embed-core-8.5.31.jar;D:\maven\repository\org\apache\tomcat\embed\tomcat-embed-websocket\8.5.31\tomcat-embed-websocket-8.5.31.jar;D:\maven\repository\org\hibernate\validator\hibernate-validator\6.0.9.Final\hibernate-validator-6.0.9.Final.jar;D:\maven\repository\javax\validation\validation-api\2.0.1.Final\validation-api-2.0.1.Final.jar;D:\maven\repository\org\jboss\logging\jboss-logging\3.3.2.Final\jboss-logging-3.3.2.Final.jar;D:\maven\repository\org\springframework\spring-webmvc\5.0.6.RELEASE\spring-webmvc-5.0.6.RELEASE.jar;D:\maven\repository\net\logstash\logback\logstash-logback-encoder\5.1\logstash-logback-encoder-5.1.jar;D:\maven\repository\ch\qos\logback\logback-core\1.2.3\logback-core-1.2.3.jar;D:\maven\repository\com\google\guava\guava\26.0-jre\guava-26.0-jre.jar;D:\maven\repository\com\google\code\findbugs\jsr305\3.0.2\jsr305-3.0.2.jar;D:\maven\repository\org\checkerframework\checker-qual\2.5.2\checker-qual-2.5.2.jar;D:\maven\repository\com\google\errorprone\error_prone_annotations\2.1.3\error_prone_annotations-2.1.3.jar;D:\maven\repository\com\google\j2objc\j2objc-annotations\1.1\j2objc-annotations-1.1.jar;D:\maven\repository\org\codehaus\mojo\animal-sniffer-annotations\1.14\animal-sniffer-annotations-1.14.jar;D:\maven\repository\org\springframework\boot\spring-boot-starter-validation\2.0.2.RELEASE\spring-boot-starter-validation-2.0.2.RELEASE.jar;D:\maven\repository\org\apache\tomcat\embed\tomcat-embed-el\8.5.31\tomcat-embed-el-8.5.31.jar;D:\maven\repository\io\springfox\springfox-swagger-ui\2.8.0\springfox-swagger-ui-2.8.0.jar;D:\maven\repository\io\springfox\springfox-spring-web\2.8.0\springfox-spring-web-2.8.0.jar;D:\maven\repository\org\reflections\reflections\0.9.11\reflections-0.9.11.jar;D:\maven\repository\org\javassist\javassist\3.21.0-GA\javassist-3.21.0-GA.jar;D:\maven\repository\io\springfox\springfox-swagger2\2.8.0\springfox-swagger2-2.8.0.jar;D:\maven\repository\io\swagger\swagger-annotations\1.5.18\swagger-annotations-1.5.18.jar;D:\maven\repository\io\swagger\swagger-models\1.5.14\swagger-models-1.5.14.jar;D:\maven\repository\io\springfox\springfox-spi\2.8.0\springfox-spi-2.8.0.jar;D:\maven\repository\io\springfox\springfox-core\2.8.0\springfox-core-2.8.0.jar;D:\maven\repository\io\springfox\springfox-schema\2.8.0\springfox-schema-2.8.0.jar;D:\maven\repository\io\springfox\springfox-swagger-common\2.8.0\springfox-swagger-common-2.8.0.jar;D:\maven\repository\com\fasterxml\classmate\1.3.4\classmate-1.3.4.jar;D:\maven\repository\org\springframework\plugin\spring-plugin-core\1.2.0.RELEASE\spring-plugin-core-1.2.0.RELEASE.jar;D:\maven\repository\org\springframework\plugin\spring-plugin-metadata\1.2.0.RELEASE\spring-plugin-metadata-1.2.0.RELEASE.jar;D:\maven\repository\org\mapstruct\mapstruct\1.2.0.Final\mapstruct-1.2.0.Final.jar;D:\maven\repository\commons-codec\commons-codec\1.11\commons-codec-1.11.jar;D:\maven\repository\com\alibaba\druid\1.1.10\druid-1.1.10.jar;D:\maven\repository\org\mybatis\generator\mybatis-generator-core\1.3.7\mybatis-generator-core-1.3.7.jar;D:\maven\repository\org\springframework\boot\spring-boot-configuration-processor\2.0.2.RELEASE\spring-boot-configuration-processor-2.0.2.RELEASE.jar;D:\maven\repository\org\springframework\boot\spring-boot-devtools\2.0.2.RELEASE\spring-boot-devtools-2.0.2.RELEASE.jar;D:\maven\repository\org\springframework\boot\spring-boot\2.0.2.RELEASE\spring-boot-2.0.2.RELEASE.jar;D:\maven\repository\org\springframework\boot\spring-boot-starter-aop\2.0.2.RELEASE\spring-boot-starter-aop-2.0.2.RELEASE.jar;D:\maven\repository\org\springframework\spring-aop\5.0.6.RELEASE\spring-aop-5.0.6.RELEASE.jar;D:\maven\repository\org\modelmapper\modelmapper\2.1.1\modelmapper-2.1.1.jar;D:\maven\repository\org\jolokia\jolokia-core\1.5.0\jolokia-core-1.5.0.jar;D:\maven\repository\com\googlecode\json-simple\json-simple\1.1.1\json-simple-1.1.1.jar;D:\maven\repository\org\springframework\security\spring-security-jwt\1.0.9.RELEASE\spring-security-jwt-1.0.9.RELEASE.jar;D:\maven\repository\org\bouncycastle\bcpkix-jdk15on\1.56\bcpkix-jdk15on-1.56.jar;D:\maven\repository\org\bouncycastle\bcprov-jdk15on\1.56\bcprov-jdk15on-1.56.jar;D:\maven\repository\org\liquibase\liquibase-core\3.5.3\liquibase-core-3.5.3.jar;D:\maven\repository\org\yaml\snakeyaml\1.19\snakeyaml-1.19.jar;D:\maven\repository\org\springframework\cloud\spring-cloud-starter-zipkin\2.0.1.RELEASE\spring-cloud-starter-zipkin-2.0.1.RELEASE.jar;D:\maven\repository\org\springframework\amqp\spring-rabbit\2.0.3.RELEASE\spring-rabbit-2.0.3.RELEASE.jar;D:\maven\repository\org\springframework\amqp\spring-amqp\2.0.3.RELEASE\spring-amqp-2.0.3.RELEASE.jar;D:\maven\repository\com\rabbitmq\amqp-client\5.1.2\amqp-client-5.1.2.jar;D:\maven\repository\org\springframework\spring-messaging\5.0.6.RELEASE\spring-messaging-5.0.6.RELEASE.jar;D:\maven\repository\org\springframework\boot\spring-boot-starter-undertow\2.0.2.RELEASE\spring-boot-starter-undertow-2.0.2.RELEASE.jar;D:\maven\repository\io\undertow\undertow-core\1.4.25.Final\undertow-core-1.4.25.Final.jar;D:\maven\repository\org\jboss\xnio\xnio-api\3.3.8.Final\xnio-api-3.3.8.Final.jar;D:\maven\repository\org\jboss\xnio\xnio-nio\3.3.8.Final\xnio-nio-3.3.8.Final.jar;D:\maven\repository\io\undertow\undertow-servlet\1.4.25.Final\undertow-servlet-1.4.25.Final.jar;D:\maven\repository\org\jboss\spec\javax\annotation\jboss-annotations-api_1.2_spec\1.0.2.Final\jboss-annotations-api_1.2_spec-1.0.2.Final.jar;D:\maven\repository\io\undertow\undertow-websockets-jsr\1.4.25.Final\undertow-websockets-jsr-1.4.25.Final.jar;D:\maven\repository\org\jboss\spec\javax\websocket\jboss-websocket-api_1.1_spec\1.1.3.Final\jboss-websocket-api_1.1_spec-1.1.3.Final.jar;D:\maven\repository\org\glassfish\javax.el\3.0.0\javax.el-3.0.0.jar;D:\maven\repository\org\springframework\boot\spring-boot-starter-test\2.0.2.RELEASE\spring-boot-starter-test-2.0.2.RELEASE.jar;D:\maven\repository\org\springframework\boot\spring-boot-test\2.0.2.RELEASE\spring-boot-test-2.0.2.RELEASE.jar;D:\maven\repository\org\springframework\boot\spring-boot-test-autoconfigure\2.0.2.RELEASE\spring-boot-test-autoconfigure-2.0.2.RELEASE.jar;D:\maven\repository\com\jayway\jsonpath\json-path\2.4.0\json-path-2.4.0.jar;D:\maven\repository\net\minidev\json-smart\2.3\json-smart-2.3.jar;D:\maven\repository\net\minidev\accessors-smart\1.2\accessors-smart-1.2.jar;D:\maven\repository\junit\junit\4.12\junit-4.12.jar;D:\maven\repository\org\assertj\assertj-core\3.9.1\assertj-core-3.9.1.jar;D:\maven\repository\org\mockito\mockito-core\2.15.0\mockito-core-2.15.0.jar;D:\maven\repository\net\bytebuddy\byte-buddy\1.7.11\byte-buddy-1.7.11.jar;D:\maven\repository\net\bytebuddy\byte-buddy-agent\1.7.11\byte-buddy-agent-1.7.11.jar;D:\maven\repository\org\objenesis\objenesis\2.6\objenesis-2.6.jar;D:\maven\repository\org\hamcrest\hamcrest-core\1.3\hamcrest-core-1.3.jar;D:\maven\repository\org\hamcrest\hamcrest-library\1.3\hamcrest-library-1.3.jar;D:\maven\repository\org\skyscreamer\jsonassert\1.5.0\jsonassert-1.5.0.jar;D:\maven\repository\com\vaadin\external\google\android-json\0.0.20131108.vaadin1\android-json-0.0.20131108.vaadin1.jar;D:\maven\repository\org\springframework\spring-test\5.0.6.RELEASE\spring-test-5.0.6.RELEASE.jar;D:\maven\repository\org\xmlunit\xmlunit-core\2.5.1\xmlunit-core-2.5.1.jar;D:\maven\repository\org\springframework\boot\spring-boot-properties-migrator\2.0.4.RELEASE\spring-boot-properties-migrator-2.0.4.RELEASE.jar;D:\maven\repository\org\springframework\boot\spring-boot-configuration-metadata\2.0.2.RELEASE\spring-boot-configuration-metadata-2.0.2.RELEASE.jar;D:\maven\repository\com\netflix\hystrix\hystrix-javanica\1.5.12\hystrix-javanica-1.5.12.jar;D:\maven\repository\org\ow2\asm\asm\5.0.4\asm-5.0.4.jar;D:\maven\repository\org\projectlombok\lombok\1.16.20\lombok-1.16.20.jar;, user.name=Shinelon, java.vm.specification.version=1.8, sun.java.command=D:\workspack\project\gostyu\passcloud-master\paascloud-provider\paascloud-provider-opc\target\surefire\surefirebooter3556540888258900826.jar D:\workspack\project\gostyu\passcloud-master\paascloud-provider\paascloud-provider-opc\target\surefire\surefire5527348084519158593tmp D:\workspack\project\gostyu\passcloud-master\paascloud-provider\paascloud-provider-opc\target\surefire\surefire_02092144012449020107tmp, java.home=C:\Program Files\Java\jdk1.8.0_40\jre, sun.arch.data.model=64, user.language=zh, java.specification.vendor=Oracle Corporation, awt.toolkit=sun.awt.windows.WToolkit, java.vm.info=mixed mode, java.version=1.8.0_25, java.ext.dirs=C:\Program Files\Java\jdk1.8.0_40\jre\lib\ext;C:\WINDOWS\Sun\Java\lib\ext, sun.boot.class.path=C:\Program Files\Java\jdk1.8.0_40\jre\lib\resources.jar;C:\Program Files\Java\jdk1.8.0_40\jre\lib\rt.jar;C:\Program Files\Java\jdk1.8.0_40\jre\lib\sunrsasign.jar;C:\Program Files\Java\jdk1.8.0_40\jre\lib\jsse.jar;C:\Program Files\Java\jdk1.8.0_40\jre\lib\jce.jar;C:\Program Files\Java\jdk1.8.0_40\jre\lib\charsets.jar;C:\Program Files\Java\jdk1.8.0_40\jre\lib\jfr.jar;C:\Program Files\Java\jdk1.8.0_40\jre\classes, java.awt.headless=true, java.vendor=Oracle Corporation, localRepository=D:\maven\repository, file.separator=\, java.vendor.url.bug=http://bugreport.sun.com/bugreport/, sun.io.unicode.encoding=UnicodeLittle, sun.cpu.endian=little, sun.desktop=windows, sun.cpu.isalist=amd64}}, SystemEnvironmentPropertySource@1192529727 {name=&apos;systemEnvironment&apos;, properties={GOOGLE_DEFAULT_CLIENT_ID=793783891518 - b6tl35b6fjk3mid3aaag4d5egnj9dlf0.apps.googleusercontent.com, PATH=D:\workspack\python\Scripts\;D:\workspack\python\;D:\workspack\oracle\app\oracle\product\11.2.0\server\bin;C:\ProgramData\Oracle\Java\javapath;C:\Program Files (x86)\Intel\iCLS Client\;C:\Program Files\Intel\iCLS Client\;C:\Windows\system32;C:\Windows;C:\Windows\System32\Wbem;C:\Windows\System32\WindowsPowerShell\v1.0\;C:\Program Files (x86)\Intel\Intel(R) Management Engine Components\DAL;C:\Program Files\Intel\Intel(R) Management Engine Components\DAL;C:\Program Files (x86)\Intel\Intel(R) Management Engine Components\IPT;C:\Program Files\Intel\Intel(R) Management Engine Components\IPT;D:\workspack\MySql\MySQL Server 5.5\bin;D:\maven\apache-maven-3.5.0\bin;D:\gradle\gradle-3.5-all\gradle-3.5\bin;D:\workspack\SVN\bin;C:\Program Files\Intel\WiFi\bin\;C:\Program Files\Common Files\Intel\WirelessCommon\;C:\WINDOWS\system32;C:\WINDOWS;C:\WINDOWS\System32\Wbem;C:\WINDOWS\System32\WindowsPowerShell\v1.0\;C:\Program Files (x86)\NVIDIA Corporation\PhysX\Common;C:\Program Files\erl9.3\bin;C:\Program Files\Java\jdk1.7.0_13\bin;D:\workspack\nodejs\;D:\workspack\GIT\Git\cmd;D:\workspack\consul;;C:\WINDOWS\system32;C:\WINDOWS;C:\WINDOWS\System32\Wbem;C:\WINDOWS\System32\WindowsPowerShell\v1.0\;C:\WINDOWS\System32\OpenSSH\;D:\workspack\gpg\Gpg4win\..\GnuPG\bin;C:\Program Files\Intel\WiFi\bin\;C:\Program Files\Common Files\Intel\WirelessCommon\;C:\Users\Shinelon\AppData\Local\Microsoft\WindowsApps;C:\Users\Shinelon\AppData\Local\GitHubDesktop\bin;C:\Users\Shinelon\AppData\Roaming\npm;%USERPROFILE%\AppData\Local\Microsoft\WindowsApps;, USERDOMAIN_ROAMINGPROFILE=DESKTOP-RM2KR9C, PROCESSOR_LEVEL=6, SYSTEMDRIVE=C:, RELANG_HOME=C:\Program Files\erl9.3, SESSIONNAME=Console, ALLUSERSPROFILE=C:\ProgramData, JAVA_OPTS=-server -Xms2048m -Xmx2048m, LNKEVN=C:\Program Files (x86)\Internet Explorer\iexplore.exe, PROCESSOR_ARCHITECTURE=AMD64, DRIVERDATA=C:\Windows\System32\Drivers\DriverData, GOOGLE_DEFAULT_CLIENT_SECRET=XPnofOhGhHOYYrgTxhSSA8Jg, PROGRAMFILES=C:\Program Files, PSMODULEPATH=C:\Users\Shinelon\Documents\WindowsPowerShell\Modules, PROGRAMDATA=C:\ProgramData, USERNAME=Shinelon, VISUALSVN_SERVER=D:\dashixun\SVN\, FPS_BROWSER_USER_PROFILE_STRING=Default, ONEDRIVE=C:\Users\Shinelon\OneDrive, PATHEXT=.COM;.EXE;.BAT;.CMD;.VBS;.VBE;.JS;.JSE;.WSF;.WSH;.MSC;.PY;.PYW, WINDIR=C:\WINDOWS, ES_HEAP_SIZE=5G, HOMEPATH=\Users\Shinelon, PROCESSOR_IDENTIFIER=Intel64 Family 6 Model 158 Stepping 9, GenuineIntel, PUBLIC=C:\Users\Public, =::=::\, LOCALAPPDATA=C:\Users\Shinelon\AppData\Local, COMMONPROGRAMFILES(X86)=C:\Program Files (x86)\Common Files, USERDOMAIN=DESKTOP-RM2KR9C, FPS_BROWSER_APP_PROFILE_STRING=Internet Explorer, LOGONSERVER=\\DESKTOP-RM2KR9C, JAVA_HOME=C:\Program Files\Java\jdk1.8.0_131, PROMPT=$P$G, PROGRAMFILES(X86)=C:\Program Files (x86), GRADLE_HOME=D:\gradle\gradle-3.5-all\gradle-3.5, ERLANG_HOME=C:\Program Files\erl9.3, APPDATA=C:\Users\Shinelon\AppData\Roaming, PROGRAMW6432=C:\Program Files, SYSTEMROOT=C:\WINDOWS, GOOGLE_API_KEY=AIzaSyCvk4foxTnm - gNIPY - WI5Hq - fiYN8zm4fw, OS=Windows_NT, COMMONPROGRAMW6432=C:\Program Files\Common Files, COMPUTERNAME=DESKTOP-RM2KR9C, COMMONPROGRAMFILES=C:\Program Files\Common Files, COMSPEC=C:\WINDOWS\system32\cmd.exe, PROCESSOR_REVISION=9e09, CLASSPATH=.;C:\Program Files\Java\jdk1.8.0_131\lib;C:\Program Files\Java\jdk1.8.0_131\lib\tools.jar, =D:=D:\workspack\project\gostyu\passcloud-master\paascloud-provider\paascloud-provider-opc, TEMP=C:\Users\Shinelon\AppData\Local\Temp, HOMEDRIVE=C:, USERPROFILE=C:\Users\Shinelon, TMP=C:\Users\Shinelon\AppData\Local\Temp, NUMBER_OF_PROCESSORS=8}}]
2018-10-08 10:02:01.604 DEBUG [-,,,] [springAppName_IS_UNDEFINED,,,,] 14256 --- [           main] o.s.c.a.ClassPathBeanDefinitionScanner   : JSR-250 &apos;javax.annotation.ManagedBean&apos; found and supported for component scanning
2018-10-08 10:02:01.605 DEBUG [-,,,] [springAppName_IS_UNDEFINED,,,,] 14256 --- [           main] o.s.c.a.ClassPathBeanDefinitionScanner   : JSR-330 &apos;javax.inject.Named&apos; annotation found and supported for component scanning
2018-10-08 10:02:01.625 DEBUG [-,,,] [springAppName_IS_UNDEFINED,,,,] 14256 --- [           main] o.s.c.e.PropertySourcesPropertyResolver  : Could not find key &apos;context.initializer.classes&apos; in any property source
2018-10-08 10:02:01.626 DEBUG [-,,,] [springAppName_IS_UNDEFINED,,,,] 14256 --- [           main] o.s.c.e.PropertySourcesPropertyResolver  : Could not find key &apos;spring.application.name&apos; in any property source
2018-10-08 10:02:01.627 DEBUG [-,,,] [springAppName_IS_UNDEFINED,,,,] 14256 --- [           main] o.s.b.f.s.DefaultListableBeanFactory     : Returning cached instance of singleton bean &apos;autoConfigurationReport&apos;
2018-10-08 10:02:01.629 DEBUG [-,,,] [springAppName_IS_UNDEFINED,,,,] 14256 --- [           main] o.s.b.f.s.DefaultListableBeanFactory     : Registering scope &apos;restart&apos; with implementation [org.springframework.boot.devtools.restart.RestartScopeInitializer$RestartScope@9b23822]
2018-10-08 10:02:01.631 DEBUG [-,,,] [springAppName_IS_UNDEFINED,,,,] 14256 --- [           main] o.s.boot.SpringApplication               : Loading source class org.springframework.cloud.bootstrap.config.PropertySourceBootstrapConfiguration,class org.springframework.cloud.bootstrap.encrypt.EncryptionBootstrapConfiguration,class org.springframework.cloud.autoconfigure.ConfigurationPropertiesRebinderAutoConfiguration,class org.springframework.boot.autoconfigure.context.PropertyPlaceholderAutoConfiguration,class org.springframework.cloud.config.client.ConfigServiceBootstrapConfiguration,class org.springframework.cloud.config.client.DiscoveryClientConfigServiceBootstrapConfiguration,class org.springframework.cloud.netflix.eureka.config.EurekaDiscoveryClientConfigServiceBootstrapConfiguration
2018-10-08 10:02:01.655 DEBUG [-,,,] [springAppName_IS_UNDEFINED,,,,] 14256 --- [           main] o.s.c.a.ClassPathBeanDefinitionScanner   : JSR-250 &apos;javax.annotation.ManagedBean&apos; found and supported for component scanning
2018-10-08 10:02:01.655 DEBUG [-,,,] [springAppName_IS_UNDEFINED,,,,] 14256 --- [           main] o.s.c.a.ClassPathBeanDefinitionScanner   : JSR-330 &apos;javax.inject.Named&apos; annotation found and supported for component scanning
2018-10-08 10:02:01.671 DEBUG [-,,,] [springAppName_IS_UNDEFINED,,,,] 14256 --- [           main] o.s.b.f.s.DefaultListableBeanFactory     : Returning cached instance of singleton bean &apos;autoConfigurationReport&apos;
2018-10-08 10:02:01.683 DEBUG [-,,,] [springAppName_IS_UNDEFINED,,,,] 14256 --- [           main] o.s.b.f.s.DefaultListableBeanFactory     : Returning cached instance of singleton bean &apos;autoConfigurationReport&apos;
2018-10-08 10:02:01.684 DEBUG [-,,,] [springAppName_IS_UNDEFINED,,,,] 14256 --- [           main] o.s.b.f.s.DefaultListableBeanFactory     : Returning cached instance of singleton bean &apos;autoConfigurationReport&apos;
2018-10-08 10:02:01.685 DEBUG [-,,,] [springAppName_IS_UNDEFINED,,,,] 14256 --- [           main] o.s.b.f.s.DefaultListableBeanFactory     : Returning cached instance of singleton bean &apos;autoConfigurationReport&apos;
2018-10-08 10:02:01.689 DEBUG [-,,,] [springAppName_IS_UNDEFINED,,,,] 14256 --- [           main] o.s.b.c.c.ConfigFileApplicationListener  : Loaded config file &apos;file:/D:/workspack/project/gostyu/passcloud-master/paascloud-provider/paascloud-provider-opc/target/classes/bootstrap.yml&apos; (classpath:/bootstrap.yml)
2018-10-08 10:02:01.696 DEBUG [-,,,] [springAppName_IS_UNDEFINED,,,,] 14256 --- [           main] .i.s.PathMatchingResourcePatternResolver : Resolved classpath location [/META-INF/spring-configuration-metadata.json] to resources [URL [jar:file:/D:/maven/repository/org/mybatis/spring/boot/mybatis-spring-boot-autoconfigure/1.3.2/mybatis-spring-boot-autoconfigure-1.3.2.jar!/META-INF/spring-configuration-metadata.json], URL [jar:file:/D:/maven/repository/com/github/pagehelper/pagehelper-spring-boot-autoconfigure/1.2.5/pagehelper-spring-boot-autoconfigure-1.2.5.jar!/META-INF/spring-configuration-metadata.json], URL [jar:file:/D:/maven/repository/com/alibaba/druid-spring-boot-starter/1.1.10/druid-spring-boot-starter-1.1.10.jar!/META-INF/spring-configuration-metadata.json], URL [jar:file:/D:/maven/repository/org/springframework/boot/spring-boot-autoconfigure/2.0.2.RELEASE/spring-boot-autoconfigure-2.0.2.RELEASE.jar!/META-INF/spring-configuration-metadata.json], URL [jar:file:/D:/maven/repository/de/codecentric/spring-boot-admin-client/2.0.0/spring-boot-admin-client-2.0.0.jar!/META-INF/spring-configuration-metadata.json], URL [jar:file:/D:/maven/repository/org/springframework/cloud/spring-cloud-context/2.0.1.RELEASE/spring-cloud-context-2.0.1.RELEASE.jar!/META-INF/spring-configuration-metadata.json], URL [jar:file:/D:/maven/repository/org/springframework/cloud/spring-cloud-config-client/2.0.1.RELEASE/spring-cloud-config-client-2.0.1.RELEASE.jar!/META-INF/spring-configuration-metadata.json], URL [jar:file:/D:/maven/repository/org/springframework/cloud/spring-cloud-netflix-core/2.0.1.RELEASE/spring-cloud-netflix-core-2.0.1.RELEASE.jar!/META-INF/spring-configuration-metadata.json], URL [jar:file:/D:/maven/repository/org/springframework/cloud/spring-cloud-netflix-eureka-client/2.0.1.RELEASE/spring-cloud-netflix-eureka-client-2.0.1.RELEASE.jar!/META-INF/spring-configuration-metadata.json], URL [jar:file:/D:/maven/repository/org/springframework/cloud/spring-cloud-netflix-ribbon/2.0.1.RELEASE/spring-cloud-netflix-ribbon-2.0.1.RELEASE.jar!/META-INF/spring-configuration-metadata.json], URL [jar:file:/D:/maven/repository/org/springframework/cloud/spring-cloud-sleuth-core/2.0.1.RELEASE/spring-cloud-sleuth-core-2.0.1.RELEASE.jar!/META-INF/spring-configuration-metadata.json], URL [jar:file:/D:/maven/repository/org/springframework/cloud/spring-cloud-sleuth-zipkin/2.0.1.RELEASE/spring-cloud-sleuth-zipkin-2.0.1.RELEASE.jar!/META-INF/spring-configuration-metadata.json], URL [jar:file:/D:/maven/repository/org/springframework/cloud/spring-cloud-commons/2.0.1.RELEASE/spring-cloud-commons-2.0.1.RELEASE.jar!/META-INF/spring-configuration-metadata.json], URL [jar:file:/D:/maven/repository/tk/mybatis/mapper-spring-boot-autoconfigure/2.0.2/mapper-spring-boot-autoconfigure-2.0.2.jar!/META-INF/spring-configuration-metadata.json], URL [jar:file:/D:/workspack/project/gostyu/passcloud-master/passcloud-common/passcloud-common-core/target/passcloud-common-core-0.0.1-SNAPSHOT.jar!/META-INF/spring-configuration-metadata.json], URL [jar:file:/D:/maven/repository/org/springframework/cloud/spring-cloud-security/2.0.0.RELEASE/spring-cloud-security-2.0.0.RELEASE.jar!/META-INF/spring-configuration-metadata.json], URL [jar:file:/D:/maven/repository/org/springframework/security/oauth/boot/spring-security-oauth2-autoconfigure/2.0.0.RELEASE/spring-security-oauth2-autoconfigure-2.0.0.RELEASE.jar!/META-INF/spring-configuration-metadata.json], URL [jar:file:/D:/workspack/project/gostyu/passcloud-master/passcloud-common/passcloud-common-conf/target/passcloud-common-conf-0.0.1-SNAPSHOT.jar!/META-INF/spring-configuration-metadata.json], URL [jar:file:/D:/maven/repository/org/springframework/boot/spring-boot-actuator-autoconfigure/2.0.2.RELEASE/spring-boot-actuator-autoconfigure-2.0.2.RELEASE.jar!/META-INF/spring-configuration-metadata.json], URL [jar:file:/D:/maven/repository/org/springframework/boot/spring-boot-actuator/2.0.2.RELEASE/spring-boot-actuator-2.0.2.RELEASE.jar!/META-INF/spring-configuration-metadata.json], URL [jar:file:/D:/maven/repository/org/springframework/boot/spring-boot-devtools/2.0.2.RELEASE/spring-boot-devtools-2.0.2.RELEASE.jar!/META-INF/spring-configuration-metadata.json], URL [jar:file:/D:/maven/repository/org/springframework/boot/spring-boot/2.0.2.RELEASE/spring-boot-2.0.2.RELEASE.jar!/META-INF/spring-configuration-metadata.json], URL [jar:file:/D:/maven/repository/org/springframework/boot/spring-boot-test-autoconfigure/2.0.2.RELEASE/spring-boot-test-autoconfigure-2.0.2.RELEASE.jar!/META-INF/spring-configuration-metadata.json]]
2018-10-08 10:02:01.795  INFO [-,,,] [springAppName_IS_UNDEFINED,,,,] 14256 --- [           main] s.c.a.AnnotationConfigApplicationContext : Refreshing org.springframework.context.annotation.AnnotationConfigApplicationContext@3b98b809: startup date [Mon Oct 08 10:02:01 CST 2018]; root of context hierarchy
2018-10-08 10:02:01.796 DEBUG [-,,,] [springAppName_IS_UNDEFINED,,,,] 14256 --- [           main] s.c.a.AnnotationConfigApplicationContext : Bean factory for org.springframework.context.annotation.AnnotationConfigApplicationContext@3b98b809: org.springframework.beans.factory.support.DefaultListableBeanFactory@28157173: defining beans [org.springframework.context.annotation.internalConfigurationAnnotationProcessor,org.springframework.context.annotation.internalAutowiredAnnotationProcessor,org.springframework.context.annotation.internalRequiredAnnotationProcessor,org.springframework.context.annotation.internalCommonAnnotationProcessor,org.springframework.context.event.internalEventListenerProcessor,org.springframework.context.event.internalEventListenerFactory,propertySourceBootstrapConfiguration,encryptionBootstrapConfiguration,configurationPropertiesRebinderAutoConfiguration,propertyPlaceholderAutoConfiguration,configServiceBootstrapConfiguration]; root of factory hierarchy
2018-10-08 10:02:01.813 DEBUG [-,,,] [springAppName_IS_UNDEFINED,,,,] 14256 --- [           main] o.s.b.f.s.DefaultListableBeanFactory     : Creating shared instance of singleton bean &apos;org.springframework.context.annotation.internalConfigurationAnnotationProcessor&apos;
2018-10-08 10:02:01.813 DEBUG [-,,,] [springAppName_IS_UNDEFINED,,,,] 14256 --- [           main] o.s.b.f.s.DefaultListableBeanFactory     : Creating instance of bean &apos;org.springframework.context.annotation.internalConfigurationAnnotationProcessor&apos;
2018-10-08 10:02:01.820 DEBUG [-,,,] [springAppName_IS_UNDEFINED,,,,] 14256 --- [           main] o.s.b.f.s.DefaultListableBeanFactory     : Eagerly caching bean &apos;org.springframework.context.annotation.internalConfigurationAnnotationProcessor&apos; to allow for resolving potential circular references
2018-10-08 10:02:01.828 DEBUG [-,,,] [springAppName_IS_UNDEFINED,,,,] 14256 --- [           main] o.s.b.f.s.DefaultListableBeanFactory     : Creating shared instance of singleton bean &apos;org.springframework.boot.autoconfigure.internalCachingMetadataReaderFactory&apos;
2018-10-08 10:02:01.828 DEBUG [-,,,] [springAppName_IS_UNDEFINED,,,,] 14256 --- [           main] o.s.b.f.s.DefaultListableBeanFactory     : Creating instance of bean &apos;org.springframework.boot.autoconfigure.internalCachingMetadataReaderFactory&apos;
2018-10-08 10:02:01.829 DEBUG [-,,,] [springAppName_IS_UNDEFINED,,,,] 14256 --- [           main] o.s.b.f.s.DefaultListableBeanFactory     : Eagerly caching bean &apos;org.springframework.boot.autoconfigure.internalCachingMetadataReaderFactory&apos; to allow for resolving potential circular references
2018-10-08 10:02:01.831 DEBUG [-,,,] [springAppName_IS_UNDEFINED,,,,] 14256 --- [           main] o.s.b.f.s.DefaultListableBeanFactory     : Finished creating instance of bean &apos;org.springframework.boot.autoconfigure.internalCachingMetadataReaderFactory&apos;
2018-10-08 10:02:01.844 DEBUG [-,,,] [springAppName_IS_UNDEFINED,,,,] 14256 --- [           main] o.s.b.f.s.DefaultListableBeanFactory     : Finished creating instance of bean &apos;org.springframework.context.annotation.internalConfigurationAnnotationProcessor&apos;
2018-10-08 10:02:01.866 DEBUG [-,,,] [springAppName_IS_UNDEFINED,,,,] 14256 --- [           main] o.s.b.f.s.DefaultListableBeanFactory     : Returning cached instance of singleton bean &apos;autoConfigurationReport&apos;
2018-10-08 10:02:01.874 DEBUG [-,,,] [springAppName_IS_UNDEFINED,,,,] 14256 --- [           main] o.s.b.f.s.DefaultListableBeanFactory     : Returning cached instance of singleton bean &apos;autoConfigurationReport&apos;
2018-10-08 10:02:01.875 DEBUG [-,,,] [springAppName_IS_UNDEFINED,,,,] 14256 --- [           main] o.s.b.f.s.DefaultListableBeanFactory     : Returning cached instance of singleton bean &apos;autoConfigurationReport&apos;
2018-10-08 10:02:01.876 DEBUG [-,,,] [springAppName_IS_UNDEFINED,,,,] 14256 --- [           main] o.s.c.e.PropertySourcesPropertyResolver  : Could not find key &apos;encrypt.key-store.location&apos; in any property source
2018-10-08 10:02:01.876 DEBUG [-,,,] [springAppName_IS_UNDEFINED,,,,] 14256 --- [           main] o.s.c.e.PropertySourcesPropertyResolver  : Could not find key &apos;encrypt.key&apos; in any property source
2018-10-08 10:02:01.876 DEBUG [-,,,] [springAppName_IS_UNDEFINED,,,,] 14256 --- [           main] o.s.b.f.s.DefaultListableBeanFactory     : Returning cached instance of singleton bean &apos;autoConfigurationReport&apos;
2018-10-08 10:02:01.893 DEBUG [-,,,] [springAppName_IS_UNDEFINED,,,,] 14256 --- [           main] o.s.b.f.s.DefaultListableBeanFactory     : Returning cached instance of singleton bean &apos;autoConfigurationReport&apos;
2018-10-08 10:02:01.894 DEBUG [-,,,] [springAppName_IS_UNDEFINED,,,,] 14256 --- [           main] o.s.c.e.PropertySourcesPropertyResolver  : Found key &apos;spring.cloud.config.fail-fast&apos; in PropertySource &apos;configurationProperties&apos; with value of type Boolean
2018-10-08 10:02:01.895 DEBUG [-,,,] [springAppName_IS_UNDEFINED,,,,] 14256 --- [           main] o.s.b.f.s.DefaultListableBeanFactory     : Returning cached instance of singleton bean &apos;autoConfigurationReport&apos;
2018-10-08 10:02:01.904 DEBUG [-,,,] [springAppName_IS_UNDEFINED,,,,] 14256 --- [           main] o.s.b.f.s.DefaultListableBeanFactory     : Returning cached instance of singleton bean &apos;autoConfigurationReport&apos;
2018-10-08 10:02:01.904 DEBUG [-,,,] [springAppName_IS_UNDEFINED,,,,] 14256 --- [           main] o.s.b.f.s.DefaultListableBeanFactory     : Returning cached instance of singleton bean &apos;autoConfigurationReport&apos;
2018-10-08 10:02:01.906 DEBUG [-,,,] [springAppName_IS_UNDEFINED,,,,] 14256 --- [           main] o.s.b.f.s.DefaultListableBeanFactory     : Returning cached instance of singleton bean &apos;autoConfigurationReport&apos;
2018-10-08 10:02:01.907 DEBUG [-,,,] [springAppName_IS_UNDEFINED,,,,] 14256 --- [           main] o.s.b.f.s.DefaultListableBeanFactory     : Returning cached instance of singleton bean &apos;autoConfigurationReport&apos;
2018-10-08 10:02:01.918 DEBUG [-,,,] [springAppName_IS_UNDEFINED,,,,] 14256 --- [           main] o.s.b.f.s.DefaultListableBeanFactory     : Returning cached instance of singleton bean &apos;autoConfigurationReport&apos;
2018-10-08 10:02:01.921 DEBUG [-,,,] [springAppName_IS_UNDEFINED,,,,] 14256 --- [           main] a.ConfigurationClassBeanDefinitionReader : Registering bean definition for @Bean method org.springframework.cloud.bootstrap.encrypt.EncryptionBootstrapConfiguration.environmentDecryptApplicationListener()
2018-10-08 10:02:01.926 DEBUG [-,,,] [springAppName_IS_UNDEFINED,,,,] 14256 --- [           main] o.s.b.f.s.DefaultListableBeanFactory     : Creating shared instance of singleton bean &apos;org.springframework.boot.autoconfigure.condition.BeanTypeRegistry&apos;
2018-10-08 10:02:01.926 DEBUG [-,,,] [springAppName_IS_UNDEFINED,,,,] 14256 --- [           main] o.s.b.f.s.DefaultListableBeanFactory     : Creating instance of bean &apos;org.springframework.boot.autoconfigure.condition.BeanTypeRegistry&apos;
2018-10-08 10:02:01.933 DEBUG [-,,,] [springAppName_IS_UNDEFINED,,,,] 14256 --- [           main] o.s.b.f.s.DefaultListableBeanFactory     : Eagerly caching bean &apos;org.springframework.boot.autoconfigure.condition.BeanTypeRegistry&apos; to allow for resolving potential circular references
2018-10-08 10:02:01.934 DEBUG [-,,,] [springAppName_IS_UNDEFINED,,,,] 14256 --- [           main] o.s.b.f.s.DefaultListableBeanFactory     : Finished creating instance of bean &apos;org.springframework.boot.autoconfigure.condition.BeanTypeRegistry&apos;
2018-10-08 10:02:01.938 DEBUG [-,,,] [springAppName_IS_UNDEFINED,,,,] 14256 --- [           main] o.s.b.f.s.DefaultListableBeanFactory     : Returning cached instance of singleton bean &apos;autoConfigurationReport&apos;
2018-10-08 10:02:01.939 DEBUG [-,,,] [springAppName_IS_UNDEFINED,,,,] 14256 --- [           main] o.s.b.f.s.DefaultListableBeanFactory     : Returning cached instance of singleton bean &apos;org.springframework.boot.autoconfigure.condition.BeanTypeRegistry&apos;
2018-10-08 10:02:01.939 DEBUG [-,,,] [springAppName_IS_UNDEFINED,,,,] 14256 --- [           main] o.s.b.f.s.DefaultListableBeanFactory     : Returning cached instance of singleton bean &apos;autoConfigurationReport&apos;
2018-10-08 10:02:01.939 DEBUG [-,,,] [springAppName_IS_UNDEFINED,,,,] 14256 --- [           main] a.ConfigurationClassBeanDefinitionReader : Registering bean definition for @Bean method org.springframework.cloud.autoconfigure.ConfigurationPropertiesRebinderAutoConfiguration.configurationPropertiesBeans()
2018-10-08 10:02:01.940 DEBUG [-,,,] [springAppName_IS_UNDEFINED,,,,] 14256 --- [           main] o.s.b.f.s.DefaultListableBeanFactory     : Returning cached instance of singleton bean &apos;org.springframework.boot.autoconfigure.condition.BeanTypeRegistry&apos;
2018-10-08 10:02:01.940 DEBUG [-,,,] [springAppName_IS_UNDEFINED,,,,] 14256 --- [           main] o.s.b.f.s.DefaultListableBeanFactory     : Returning cached instance of singleton bean &apos;autoConfigurationReport&apos;
2018-10-08 10:02:01.941 DEBUG [-,,,] [springAppName_IS_UNDEFINED,,,,] 14256 --- [           main] a.ConfigurationClassBeanDefinitionReader : Registering bean definition for @Bean method org.springframework.cloud.autoconfigure.ConfigurationPropertiesRebinderAutoConfiguration.configurationPropertiesRebinder()
2018-10-08 10:02:01.942 DEBUG [-,,,] [springAppName_IS_UNDEFINED,,,,] 14256 --- [           main] o.s.b.f.s.DefaultListableBeanFactory     : Returning cached instance of singleton bean &apos;org.springframework.boot.autoconfigure.condition.BeanTypeRegistry&apos;
2018-10-08 10:02:01.942 DEBUG [-,,,] [springAppName_IS_UNDEFINED,,,,] 14256 --- [           main] o.s.b.f.s.DefaultListableBeanFactory     : Returning cached instance of singleton bean &apos;autoConfigurationReport&apos;
2018-10-08 10:02:01.943 DEBUG [-,,,] [springAppName_IS_UNDEFINED,,,,] 14256 --- [           main] a.ConfigurationClassBeanDefinitionReader : Registering bean definition for @Bean method org.springframework.boot.autoconfigure.context.PropertyPlaceholderAutoConfiguration.propertySourcesPlaceholderConfigurer()
2018-10-08 10:02:01.944 DEBUG [-,,,] [springAppName_IS_UNDEFINED,,,,] 14256 --- [           main] o.s.b.f.s.DefaultListableBeanFactory     : Returning cached instance of singleton bean &apos;autoConfigurationReport&apos;
2018-10-08 10:02:01.945 DEBUG [-,,,] [springAppName_IS_UNDEFINED,,,,] 14256 --- [           main] o.s.c.e.PropertySourcesPropertyResolver  : Found key &apos;spring.cloud.config.fail-fast&apos; in PropertySource &apos;configurationProperties&apos; with value of type Boolean
2018-10-08 10:02:01.945 DEBUG [-,,,] [springAppName_IS_UNDEFINED,,,,] 14256 --- [           main] o.s.b.f.s.DefaultListableBeanFactory     : Returning cached instance of singleton bean &apos;autoConfigurationReport&apos;
2018-10-08 10:02:01.946 DEBUG [-,,,] [springAppName_IS_UNDEFINED,,,,] 14256 --- [           main] a.ConfigurationClassBeanDefinitionReader : Registered bean definition for imported class &apos;org.springframework.retry.annotation.RetryConfiguration&apos;
2018-10-08 10:02:01.947 DEBUG [-,,,] [springAppName_IS_UNDEFINED,,,,] 14256 --- [           main] o.s.b.f.s.DefaultListableBeanFactory     : Returning cached instance of singleton bean &apos;autoConfigurationReport&apos;
2018-10-08 10:02:01.948 DEBUG [-,,,] [springAppName_IS_UNDEFINED,,,,] 14256 --- [           main] o.s.b.f.s.DefaultListableBeanFactory     : Returning cached instance of singleton bean &apos;autoConfigurationReport&apos;
2018-10-08 10:02:01.948 DEBUG [-,,,] [springAppName_IS_UNDEFINED,,,,] 14256 --- [           main] o.s.b.f.s.DefaultListableBeanFactory     : Returning cached instance of singleton bean &apos;autoConfigurationReport&apos;
2018-10-08 10:02:01.949 DEBUG [-,,,] [springAppName_IS_UNDEFINED,,,,] 14256 --- [           main] a.ConfigurationClassBeanDefinitionReader : Registered bean definition for imported class &apos;org.springframework.boot.autoconfigure.aop.AopAutoConfiguration$CglibAutoProxyConfiguration&apos;
2018-10-08 10:02:01.956 DEBUG [-,,,] [springAppName_IS_UNDEFINED,,,,] 14256 --- [           main] a.ConfigurationClassBeanDefinitionReader : Registered bean definition for imported class &apos;org.springframework.boot.autoconfigure.aop.AopAutoConfiguration&apos;
2018-10-08 10:02:01.958 DEBUG [-,,,] [springAppName_IS_UNDEFINED,,,,] 14256 --- [           main] a.ConfigurationClassBeanDefinitionReader : Registered bean definition for imported class &apos;org.springframework.cloud.config.client.ConfigServiceBootstrapConfiguration$RetryConfiguration&apos;
2018-10-08 10:02:01.958 DEBUG [-,,,] [springAppName_IS_UNDEFINED,,,,] 14256 --- [           main] o.s.b.f.s.DefaultListableBeanFactory     : Returning cached instance of singleton bean &apos;autoConfigurationReport&apos;
2018-10-08 10:02:01.960 DEBUG [-,,,] [springAppName_IS_UNDEFINED,,,,] 14256 --- [           main] a.ConfigurationClassBeanDefinitionReader : Registering bean definition for @Bean method org.springframework.cloud.config.client.ConfigServiceBootstrapConfiguration$RetryConfiguration.configServerRetryInterceptor()
2018-10-08 10:02:01.961 DEBUG [-,,,] [springAppName_IS_UNDEFINED,,,,] 14256 --- [           main] a.ConfigurationClassBeanDefinitionReader : Registering bean definition for @Bean method org.springframework.cloud.config.client.ConfigServiceBootstrapConfiguration.configClientProperties()
2018-10-08 10:02:01.962 DEBUG [-,,,] [springAppName_IS_UNDEFINED,,,,] 14256 --- [           main] o.s.b.f.s.DefaultListableBeanFactory     : Returning cached instance of singleton bean &apos;autoConfigurationReport&apos;
2018-10-08 10:02:01.962 DEBUG [-,,,] [springAppName_IS_UNDEFINED,,,,] 14256 --- [           main] o.s.b.f.s.DefaultListableBeanFactory     : Returning cached instance of singleton bean &apos;org.springframework.boot.autoconfigure.condition.BeanTypeRegistry&apos;
2018-10-08 10:02:01.963 DEBUG [-,,,] [springAppName_IS_UNDEFINED,,,,] 14256 --- [           main] o.s.b.f.s.DefaultListableBeanFactory     : Returning cached instance of singleton bean &apos;autoConfigurationReport&apos;
2018-10-08 10:02:01.963 DEBUG [-,,,] [springAppName_IS_UNDEFINED,,,,] 14256 --- [           main] a.ConfigurationClassBeanDefinitionReader : Registering bean definition for @Bean method org.springframework.cloud.config.client.ConfigServiceBootstrapConfiguration.configServicePropertySource()
2018-10-08 10:02:02.036 DEBUG [-,,,] [springAppName_IS_UNDEFINED,,,,] 14256 --- [           main] o.s.c.a.ConfigurationClassEnhancer       : Successfully enhanced org.springframework.cloud.bootstrap.config.PropertySourceBootstrapConfiguration; enhanced class name is: org.springframework.cloud.bootstrap.config.PropertySourceBootstrapConfiguration$$EnhancerBySpringCGLIB$$32d9d8ca
2018-10-08 10:02:02.037 DEBUG [-,,,] [springAppName_IS_UNDEFINED,,,,] 14256 --- [           main] o.s.c.a.ConfigurationClassPostProcessor  : Replacing bean definition &apos;propertySourceBootstrapConfiguration&apos; existing class &apos;org.springframework.cloud.bootstrap.config.PropertySourceBootstrapConfiguration&apos; with enhanced class &apos;org.springframework.cloud.bootstrap.config.PropertySourceBootstrapConfiguration$$EnhancerBySpringCGLIB$$32d9d8ca&apos;
2018-10-08 10:02:02.039 DEBUG [-,,,] [springAppName_IS_UNDEFINED,,,,] 14256 --- [           main] o.s.c.a.ConfigurationClassEnhancer       : Successfully enhanced org.springframework.cloud.bootstrap.encrypt.EncryptionBootstrapConfiguration; enhanced class name is: org.springframework.cloud.bootstrap.encrypt.EncryptionBootstrapConfiguration$$EnhancerBySpringCGLIB$$8f961bba
2018-10-08 10:02:02.040 DEBUG [-,,,] [springAppName_IS_UNDEFINED,,,,] 14256 --- [           main] o.s.c.a.ConfigurationClassPostProcessor  : Replacing bean definition &apos;encryptionBootstrapConfiguration&apos; existing class &apos;org.springframework.cloud.bootstrap.encrypt.EncryptionBootstrapConfiguration&apos; with enhanced class &apos;org.springframework.cloud.bootstrap.encrypt.EncryptionBootstrapConfiguration$$EnhancerBySpringCGLIB$$8f961bba&apos;
2018-10-08 10:02:02.043 DEBUG [-,,,] [springAppName_IS_UNDEFINED,,,,] 14256 --- [           main] o.s.c.a.ConfigurationClassEnhancer       : Successfully enhanced org.springframework.cloud.autoconfigure.ConfigurationPropertiesRebinderAutoConfiguration; enhanced class name is: org.springframework.cloud.autoconfigure.ConfigurationPropertiesRebinderAutoConfiguration$$EnhancerBySpringCGLIB$$9f46bd5e
2018-10-08 10:02:02.043 DEBUG [-,,,] [springAppName_IS_UNDEFINED,,,,] 14256 --- [           main] o.s.c.a.ConfigurationClassPostProcessor  : Replacing bean definition &apos;configurationPropertiesRebinderAutoConfiguration&apos; existing class &apos;org.springframework.cloud.autoconfigure.ConfigurationPropertiesRebinderAutoConfiguration&apos; with enhanced class &apos;org.springframework.cloud.autoconfigure.ConfigurationPropertiesRebinderAutoConfiguration$$EnhancerBySpringCGLIB$$9f46bd5e&apos;
2018-10-08 10:02:02.045 DEBUG [-,,,] [springAppName_IS_UNDEFINED,,,,] 14256 --- [           main] o.s.c.a.ConfigurationClassEnhancer       : Successfully enhanced org.springframework.boot.autoconfigure.context.PropertyPlaceholderAutoConfiguration; enhanced class name is: org.springframework.boot.autoconfigure.context.PropertyPlaceholderAutoConfiguration$$EnhancerBySpringCGLIB$$83e32c9a
2018-10-08 10:02:02.045 DEBUG [-,,,] [springAppName_IS_UNDEFINED,,,,] 14256 --- [           main] o.s.c.a.ConfigurationClassPostProcessor  : Replacing bean definition &apos;propertyPlaceholderAutoConfiguration&apos; existing class &apos;org.springframework.boot.autoconfigure.context.PropertyPlaceholderAutoConfiguration&apos; with enhanced class &apos;org.springframework.boot.autoconfigure.context.PropertyPlaceholderAutoConfiguration$$EnhancerBySpringCGLIB$$83e32c9a&apos;
2018-10-08 10:02:02.048 DEBUG [-,,,] [springAppName_IS_UNDEFINED,,,,] 14256 --- [           main] o.s.c.a.ConfigurationClassEnhancer       : Successfully enhanced org.springframework.cloud.config.client.ConfigServiceBootstrapConfiguration; enhanced class name is: org.springframework.cloud.config.client.ConfigServiceBootstrapConfiguration$$EnhancerBySpringCGLIB$$94d054ea
2018-10-08 10:02:02.049 DEBUG [-,,,] [springAppName_IS_UNDEFINED,,,,] 14256 --- [           main] o.s.c.a.ConfigurationClassPostProcessor  : Replacing bean definition &apos;configServiceBootstrapConfiguration&apos; existing class &apos;org.springframework.cloud.config.client.ConfigServiceBootstrapConfiguration&apos; with enhanced class &apos;org.springframework.cloud.config.client.ConfigServiceBootstrapConfiguration$$EnhancerBySpringCGLIB$$94d054ea&apos;
2018-10-08 10:02:02.051 DEBUG [-,,,] [springAppName_IS_UNDEFINED,,,,] 14256 --- [           main] o.s.c.a.ConfigurationClassEnhancer       : Successfully enhanced org.springframework.retry.annotation.RetryConfiguration; enhanced class name is: org.springframework.retry.annotation.RetryConfiguration$$EnhancerBySpringCGLIB$$78f05286
2018-10-08 10:02:02.051 DEBUG [-,,,] [springAppName_IS_UNDEFINED,,,,] 14256 --- [           main] o.s.c.a.ConfigurationClassPostProcessor  : Replacing bean definition &apos;org.springframework.retry.annotation.RetryConfiguration&apos; existing class &apos;org.springframework.retry.annotation.RetryConfiguration&apos; with enhanced class &apos;org.springframework.retry.annotation.RetryConfiguration$$EnhancerBySpringCGLIB$$78f05286&apos;
2018-10-08 10:02:02.054 DEBUG [-,,,] [springAppName_IS_UNDEFINED,,,,] 14256 --- [           main] o.s.c.a.ConfigurationClassEnhancer       : Successfully enhanced org.springframework.boot.autoconfigure.aop.AopAutoConfiguration$CglibAutoProxyConfiguration; enhanced class name is: org.springframework.boot.autoconfigure.aop.AopAutoConfiguration$CglibAutoProxyConfiguration$$EnhancerBySpringCGLIB$$bf493997
2018-10-08 10:02:02.054 DEBUG [-,,,] [springAppName_IS_UNDEFINED,,,,] 14256 --- [           main] o.s.c.a.ConfigurationClassPostProcessor  : Replacing bean definition &apos;org.springframework.boot.autoconfigure.aop.AopAutoConfiguration$CglibAutoProxyConfiguration&apos; existing class &apos;org.springframework.boot.autoconfigure.aop.AopAutoConfiguration$CglibAutoProxyConfiguration&apos; with enhanced class &apos;org.springframework.boot.autoconfigure.aop.AopAutoConfiguration$CglibAutoProxyConfiguration$$EnhancerBySpringCGLIB$$bf493997&apos;
2018-10-08 10:02:02.056 DEBUG [-,,,] [springAppName_IS_UNDEFINED,,,,] 14256 --- [           main] o.s.c.a.ConfigurationClassEnhancer       : Successfully enhanced org.springframework.boot.autoconfigure.aop.AopAutoConfiguration; enhanced class name is: org.springframework.boot.autoconfigure.aop.AopAutoConfiguration$$EnhancerBySpringCGLIB$$ce833923
2018-10-08 10:02:02.056 DEBUG [-,,,] [springAppName_IS_UNDEFINED,,,,] 14256 --- [           main] o.s.c.a.ConfigurationClassPostProcessor  : Replacing bean definition &apos;org.springframework.boot.autoconfigure.aop.AopAutoConfiguration&apos; existing class &apos;org.springframework.boot.autoconfigure.aop.AopAutoConfiguration&apos; with enhanced class &apos;org.springframework.boot.autoconfigure.aop.AopAutoConfiguration$$EnhancerBySpringCGLIB$$ce833923&apos;
2018-10-08 10:02:02.058 DEBUG [-,,,] [springAppName_IS_UNDEFINED,,,,] 14256 --- [           main] o.s.c.a.ConfigurationClassEnhancer       : Successfully enhanced org.springframework.cloud.config.client.ConfigServiceBootstrapConfiguration$RetryConfiguration; enhanced class name is: org.springframework.cloud.config.client.ConfigServiceBootstrapConfiguration$RetryConfiguration$$EnhancerBySpringCGLIB$$344f76d4
2018-10-08 10:02:02.058 DEBUG [-,,,] [springAppName_IS_UNDEFINED,,,,] 14256 --- [           main] o.s.c.a.ConfigurationClassPostProcessor  : Replacing bean definition &apos;org.springframework.cloud.config.client.ConfigServiceBootstrapConfiguration$RetryConfiguration&apos; existing class &apos;org.springframework.cloud.config.client.ConfigServiceBootstrapConfiguration$RetryConfiguration&apos; with enhanced class &apos;org.springframework.cloud.config.client.ConfigServiceBootstrapConfiguration$RetryConfiguration$$EnhancerBySpringCGLIB$$344f76d4&apos;
2018-10-08 10:02:02.059 DEBUG [-,,,] [springAppName_IS_UNDEFINED,,,,] 14256 --- [           main] o.s.core.env.StandardEnvironment         : Removing PropertySource &apos;defaultProperties&apos;
2018-10-08 10:02:02.059 DEBUG [-,,,] [springAppName_IS_UNDEFINED,,,,] 14256 --- [           main] o.s.core.env.StandardEnvironment         : Adding PropertySource &apos;defaultProperties&apos; with lowest search precedence
2018-10-08 10:02:02.059 DEBUG [-,,,] [springAppName_IS_UNDEFINED,,,,] 14256 --- [           main] o.s.b.f.s.DefaultListableBeanFactory     : Creating shared instance of singleton bean &apos;propertySourcesPlaceholderConfigurer&apos;
2018-10-08 10:02:02.060 DEBUG [-,,,] [springAppName_IS_UNDEFINED,,,,] 14256 --- [           main] o.s.b.f.s.DefaultListableBeanFactory     : Creating instance of bean &apos;propertySourcesPlaceholderConfigurer&apos;
2018-10-08 10:02:02.063 DEBUG [-,,,] [springAppName_IS_UNDEFINED,,,,] 14256 --- [           main] o.s.b.f.s.DefaultListableBeanFactory     : Eagerly caching bean &apos;propertySourcesPlaceholderConfigurer&apos; to allow for resolving potential circular references
2018-10-08 10:02:02.078 DEBUG [-,,,] [springAppName_IS_UNDEFINED,,,,] 14256 --- [           main] o.s.b.f.s.DefaultListableBeanFactory     : Finished creating instance of bean &apos;propertySourcesPlaceholderConfigurer&apos;
2018-10-08 10:02:02.079 DEBUG [-,,,] [springAppName_IS_UNDEFINED,,,,] 14256 --- [           main] o.s.core.env.MutablePropertySources      : Adding PropertySource &apos;environmentProperties&apos; with lowest search precedence
2018-10-08 10:02:02.079 DEBUG [-,,,] [springAppName_IS_UNDEFINED,,,,] 14256 --- [           main] o.s.core.env.MutablePropertySources      : Adding PropertySource &apos;localProperties&apos; with lowest search precedence
2018-10-08 10:02:02.082 DEBUG [-,,,] [springAppName_IS_UNDEFINED,,,,] 14256 --- [           main] o.s.b.f.s.DefaultListableBeanFactory     : Creating shared instance of singleton bean &apos;org.springframework.boot.context.properties.ConfigurationBeanFactoryMetadata&apos;
2018-10-08 10:02:02.082 DEBUG [-,,,] [springAppName_IS_UNDEFINED,,,,] 14256 --- [           main] o.s.b.f.s.DefaultListableBeanFactory     : Creating instance of bean &apos;org.springframework.boot.context.properties.ConfigurationBeanFactoryMetadata&apos;
2018-10-08 10:02:02.082 DEBUG [-,,,] [springAppName_IS_UNDEFINED,,,,] 14256 --- [           main] o.s.b.f.s.DefaultListableBeanFactory     : Eagerly caching bean &apos;org.springframework.boot.context.properties.ConfigurationBeanFactoryMetadata&apos; to allow for resolving potential circular references
2018-10-08 10:02:02.087 DEBUG [-,,,] [springAppName_IS_UNDEFINED,,,,] 14256 --- [           main] o.s.b.f.s.DefaultListableBeanFactory     : Finished creating instance of bean &apos;org.springframework.boot.context.properties.ConfigurationBeanFactoryMetadata&apos;
2018-10-08 10:02:02.090 DEBUG [-,,,] [springAppName_IS_UNDEFINED,,,,] 14256 --- [           main] o.s.b.f.s.DefaultListableBeanFactory     : Creating shared instance of singleton bean &apos;org.springframework.context.annotation.internalAutowiredAnnotationProcessor&apos;
2018-10-08 10:02:02.090 DEBUG [-,,,] [springAppName_IS_UNDEFINED,,,,] 14256 --- [           main] o.s.b.f.s.DefaultListableBeanFactory     : Creating instance of bean &apos;org.springframework.context.annotation.internalAutowiredAnnotationProcessor&apos;
2018-10-08 10:02:02.091  INFO [-,,,] [springAppName_IS_UNDEFINED,,,,] 14256 --- [           main] f.a.AutowiredAnnotationBeanPostProcessor : JSR-330 &apos;javax.inject.Inject&apos; annotation found and supported for autowiring
2018-10-08 10:02:02.091 DEBUG [-,,,] [springAppName_IS_UNDEFINED,,,,] 14256 --- [           main] o.s.b.f.s.DefaultListableBeanFactory     : Eagerly caching bean &apos;org.springframework.context.annotation.internalAutowiredAnnotationProcessor&apos; to allow for resolving potential circular references
2018-10-08 10:02:02.101 DEBUG [-,,,] [springAppName_IS_UNDEFINED,,,,] 14256 --- [           main] o.s.b.f.s.DefaultListableBeanFactory     : Finished creating instance of bean &apos;org.springframework.context.annotation.internalAutowiredAnnotationProcessor&apos;
2018-10-08 10:02:02.102 DEBUG [-,,,] [springAppName_IS_UNDEFINED,,,,] 14256 --- [           main] o.s.b.f.s.DefaultListableBeanFactory     : Creating shared instance of singleton bean &apos;org.springframework.context.annotation.internalRequiredAnnotationProcessor&apos;
2018-10-08 10:02:02.102 DEBUG [-,,,] [springAppName_IS_UNDEFINED,,,,] 14256 --- [           main] o.s.b.f.s.DefaultListableBeanFactory     : Creating instance of bean &apos;org.springframework.context.annotation.internalRequiredAnnotationProcessor&apos;
2018-10-08 10:02:02.103 DEBUG [-,,,] [springAppName_IS_UNDEFINED,,,,] 14256 --- [           main] o.s.b.f.s.DefaultListableBeanFactory     : Eagerly caching bean &apos;org.springframework.context.annotation.internalRequiredAnnotationProcessor&apos; to allow for resolving potential circular references
2018-10-08 10:02:02.113 DEBUG [-,,,] [springAppName_IS_UNDEFINED,,,,] 14256 --- [           main] o.s.b.f.s.DefaultListableBeanFactory     : Finished creating instance of bean &apos;org.springframework.context.annotation.internalRequiredAnnotationProcessor&apos;
2018-10-08 10:02:02.113 DEBUG [-,,,] [springAppName_IS_UNDEFINED,,,,] 14256 --- [           main] o.s.b.f.s.DefaultListableBeanFactory     : Creating shared instance of singleton bean &apos;org.springframework.context.annotation.internalCommonAnnotationProcessor&apos;
2018-10-08 10:02:02.114 DEBUG [-,,,] [springAppName_IS_UNDEFINED,,,,] 14256 --- [           main] o.s.b.f.s.DefaultListableBeanFactory     : Creating instance of bean &apos;org.springframework.context.annotation.internalCommonAnnotationProcessor&apos;
2018-10-08 10:02:02.119 DEBUG [-,,,] [springAppName_IS_UNDEFINED,,,,] 14256 --- [           main] o.s.b.f.s.DefaultListableBeanFactory     : Eagerly caching bean &apos;org.springframework.context.annotation.internalCommonAnnotationProcessor&apos; to allow for resolving potential circular references
2018-10-08 10:02:02.133 DEBUG [-,,,] [springAppName_IS_UNDEFINED,,,,] 14256 --- [           main] o.s.b.f.s.DefaultListableBeanFactory     : Finished creating instance of bean &apos;org.springframework.context.annotation.internalCommonAnnotationProcessor&apos;
2018-10-08 10:02:02.133 DEBUG [-,,,] [springAppName_IS_UNDEFINED,,,,] 14256 --- [           main] o.s.b.f.s.DefaultListableBeanFactory     : Creating shared instance of singleton bean &apos;org.springframework.boot.context.properties.ConfigurationPropertiesBindingPostProcessor&apos;
2018-10-08 10:02:02.134 DEBUG [-,,,] [springAppName_IS_UNDEFINED,,,,] 14256 --- [           main] o.s.b.f.s.DefaultListableBeanFactory     : Creating instance of bean &apos;org.springframework.boot.context.properties.ConfigurationPropertiesBindingPostProcessor&apos;
2018-10-08 10:02:02.134 DEBUG [-,,,] [springAppName_IS_UNDEFINED,,,,] 14256 --- [           main] o.s.b.f.s.DefaultListableBeanFactory     : Eagerly caching bean &apos;org.springframework.boot.context.properties.ConfigurationPropertiesBindingPostProcessor&apos; to allow for resolving potential circular references
2018-10-08 10:02:02.143 DEBUG [-,,,] [springAppName_IS_UNDEFINED,,,,] 14256 --- [           main] o.s.b.f.s.DefaultListableBeanFactory     : Invoking afterPropertiesSet() on bean with name &apos;org.springframework.boot.context.properties.ConfigurationPropertiesBindingPostProcessor&apos;
2018-10-08 10:02:02.144 DEBUG [-,,,] [springAppName_IS_UNDEFINED,,,,] 14256 --- [           main] o.s.b.f.s.DefaultListableBeanFactory     : Returning cached instance of singleton bean &apos;org.springframework.boot.context.properties.ConfigurationBeanFactoryMetadata&apos;
2018-10-08 10:02:02.147 DEBUG [-,,,] [springAppName_IS_UNDEFINED,,,,] 14256 --- [           main] o.s.b.f.s.DefaultListableBeanFactory     : Returning cached instance of singleton bean &apos;propertySourcesPlaceholderConfigurer&apos;
2018-10-08 10:02:02.151 DEBUG [-,,,] [springAppName_IS_UNDEFINED,,,,] 14256 --- [           main] o.s.b.f.s.DefaultListableBeanFactory     : Finished creating instance of bean &apos;org.springframework.boot.context.properties.ConfigurationPropertiesBindingPostProcessor&apos;
2018-10-08 10:02:02.152 DEBUG [-,,,] [springAppName_IS_UNDEFINED,,,,] 14256 --- [           main] o.s.b.f.s.DefaultListableBeanFactory     : Creating shared instance of singleton bean &apos;org.springframework.aop.config.internalAutoProxyCreator&apos;
2018-10-08 10:02:02.152 DEBUG [-,,,] [springAppName_IS_UNDEFINED,,,,] 14256 --- [           main] o.s.b.f.s.DefaultListableBeanFactory     : Creating instance of bean &apos;org.springframework.aop.config.internalAutoProxyCreator&apos;
2018-10-08 10:02:02.174 DEBUG [-,,,] [springAppName_IS_UNDEFINED,,,,] 14256 --- [           main] o.s.b.f.s.DefaultListableBeanFactory     : Eagerly caching bean &apos;org.springframework.aop.config.internalAutoProxyCreator&apos; to allow for resolving potential circular references
2018-10-08 10:02:02.207 DEBUG [-,,,] [springAppName_IS_UNDEFINED,,,,] 14256 --- [           main] o.s.b.f.s.DefaultListableBeanFactory     : Finished creating instance of bean &apos;org.springframework.aop.config.internalAutoProxyCreator&apos;
2018-10-08 10:02:02.208 DEBUG [-,,,] [springAppName_IS_UNDEFINED,,,,] 14256 --- [           main] o.s.b.f.s.DefaultListableBeanFactory     : Creating shared instance of singleton bean &apos;configurationPropertiesBeans&apos;
2018-10-08 10:02:02.208 DEBUG [-,,,] [springAppName_IS_UNDEFINED,,,,] 14256 --- [           main] o.s.b.f.s.DefaultListableBeanFactory     : Creating instance of bean &apos;configurationPropertiesBeans&apos;
2018-10-08 10:02:02.208 DEBUG [-,,,] [springAppName_IS_UNDEFINED,,,,] 14256 --- [           main] o.s.b.f.s.DefaultListableBeanFactory     : Creating shared instance of singleton bean &apos;org.springframework.retry.annotation.RetryConfiguration&apos;
2018-10-08 10:02:02.208 DEBUG [-,,,] [springAppName_IS_UNDEFINED,,,,] 14256 --- [           main] o.s.b.f.s.DefaultListableBeanFactory     : Creating instance of bean &apos;org.springframework.retry.annotation.RetryConfiguration&apos;
2018-10-08 10:02:02.209 DEBUG [-,,,] [springAppName_IS_UNDEFINED,,,,] 14256 --- [           main] .s.c.a.CommonAnnotationBeanPostProcessor : Found init method on class [org.springframework.retry.annotation.RetryConfiguration$$EnhancerBySpringCGLIB$$78f05286]: public void org.springframework.retry.annotation.RetryConfiguration.init()
2018-10-08 10:02:02.210 DEBUG [-,,,] [springAppName_IS_UNDEFINED,,,,] 14256 --- [           main] .s.c.a.CommonAnnotationBeanPostProcessor : Registered init method on class [org.springframework.retry.annotation.RetryConfiguration$$EnhancerBySpringCGLIB$$78f05286]: org.springframework.beans.factory.annotation.InitDestroyAnnotationBeanPostProcessor$LifecycleElement@316510
2018-10-08 10:02:02.215 DEBUG [-,,,] [springAppName_IS_UNDEFINED,,,,] 14256 --- [           main] o.s.b.f.annotation.InjectionMetadata     : Registered injected element on class [org.springframework.retry.annotation.RetryConfiguration$$EnhancerBySpringCGLIB$$78f05286]: AutowiredFieldElement for private org.springframework.retry.policy.RetryContextCache org.springframework.retry.annotation.RetryConfiguration.retryContextCache
2018-10-08 10:02:02.216 DEBUG [-,,,] [springAppName_IS_UNDEFINED,,,,] 14256 --- [           main] o.s.b.f.annotation.InjectionMetadata     : Registered injected element on class [org.springframework.retry.annotation.RetryConfiguration$$EnhancerBySpringCGLIB$$78f05286]: AutowiredFieldElement for private java.util.List org.springframework.retry.annotation.RetryConfiguration.retryListeners
2018-10-08 10:02:02.216 DEBUG [-,,,] [springAppName_IS_UNDEFINED,,,,] 14256 --- [           main] o.s.b.f.annotation.InjectionMetadata     : Registered injected element on class [org.springframework.retry.annotation.RetryConfiguration$$EnhancerBySpringCGLIB$$78f05286]: AutowiredFieldElement for private org.springframework.retry.interceptor.MethodArgumentsKeyGenerator org.springframework.retry.annotation.RetryConfiguration.methodArgumentsKeyGenerator
2018-10-08 10:02:02.216 DEBUG [-,,,] [springAppName_IS_UNDEFINED,,,,] 14256 --- [           main] o.s.b.f.annotation.InjectionMetadata     : Registered injected element on class [org.springframework.retry.annotation.RetryConfiguration$$EnhancerBySpringCGLIB$$78f05286]: AutowiredFieldElement for private org.springframework.retry.interceptor.NewMethodArgumentsIdentifier org.springframework.retry.annotation.RetryConfiguration.newMethodArgumentsIdentifier
2018-10-08 10:02:02.216 DEBUG [-,,,] [springAppName_IS_UNDEFINED,,,,] 14256 --- [           main] o.s.b.f.annotation.InjectionMetadata     : Registered injected element on class [org.springframework.retry.annotation.RetryConfiguration$$EnhancerBySpringCGLIB$$78f05286]: AutowiredFieldElement for private org.springframework.retry.backoff.Sleeper org.springframework.retry.annotation.RetryConfiguration.sleeper
2018-10-08 10:02:02.216 DEBUG [-,,,] [springAppName_IS_UNDEFINED,,,,] 14256 --- [           main] o.s.b.f.s.DefaultListableBeanFactory     : Eagerly caching bean &apos;org.springframework.retry.annotation.RetryConfiguration&apos; to allow for resolving potential circular references
2018-10-08 10:02:02.241 DEBUG [-,,,] [springAppName_IS_UNDEFINED,,,,] 14256 --- [           main] o.s.b.f.annotation.InjectionMetadata     : Processing injected element of bean &apos;org.springframework.retry.annotation.RetryConfiguration&apos;: AutowiredFieldElement for private org.springframework.retry.policy.RetryContextCache org.springframework.retry.annotation.RetryConfiguration.retryContextCache
2018-10-08 10:02:02.243 DEBUG [-,,,] [springAppName_IS_UNDEFINED,,,,] 14256 --- [           main] o.s.b.f.annotation.InjectionMetadata     : Processing injected element of bean &apos;org.springframework.retry.annotation.RetryConfiguration&apos;: AutowiredFieldElement for private java.util.List org.springframework.retry.annotation.RetryConfiguration.retryListeners
2018-10-08 10:02:02.245 DEBUG [-,,,] [springAppName_IS_UNDEFINED,,,,] 14256 --- [           main] o.s.b.f.annotation.InjectionMetadata     : Processing injected element of bean &apos;org.springframework.retry.annotation.RetryConfiguration&apos;: AutowiredFieldElement for private org.springframework.retry.interceptor.MethodArgumentsKeyGenerator org.springframework.retry.annotation.RetryConfiguration.methodArgumentsKeyGenerator
2018-10-08 10:02:02.246 DEBUG [-,,,] [springAppName_IS_UNDEFINED,,,,] 14256 --- [           main] o.s.b.f.annotation.InjectionMetadata     : Processing injected element of bean &apos;org.springframework.retry.annotation.RetryConfiguration&apos;: AutowiredFieldElement for private org.springframework.retry.interceptor.NewMethodArgumentsIdentifier org.springframework.retry.annotation.RetryConfiguration.newMethodArgumentsIdentifier
2018-10-08 10:02:02.246 DEBUG [-,,,] [springAppName_IS_UNDEFINED,,,,] 14256 --- [           main] o.s.b.f.annotation.InjectionMetadata     : Processing injected element of bean &apos;org.springframework.retry.annotation.RetryConfiguration&apos;: AutowiredFieldElement for private org.springframework.retry.backoff.Sleeper org.springframework.retry.annotation.RetryConfiguration.sleeper
2018-10-08 10:02:02.247 DEBUG [-,,,] [springAppName_IS_UNDEFINED,,,,] 14256 --- [           main] .s.c.a.CommonAnnotationBeanPostProcessor : Invoking init method on bean &apos;org.springframework.retry.annotation.RetryConfiguration&apos;: public void org.springframework.retry.annotation.RetryConfiguration.init()
2018-10-08 10:02:02.255  INFO [-,,,] [springAppName_IS_UNDEFINED,,,,] 14256 --- [           main] trationDelegate$BeanPostProcessorChecker : Bean &apos;org.springframework.retry.annotation.RetryConfiguration&apos; of type [org.springframework.retry.annotation.RetryConfiguration$$EnhancerBySpringCGLIB$$78f05286] is not eligible for getting processed by all BeanPostProcessors (for example: not eligible for auto-proxying)
2018-10-08 10:02:02.255 DEBUG [-,,,] [springAppName_IS_UNDEFINED,,,,] 14256 --- [           main] o.s.b.f.s.DefaultListableBeanFactory     : Finished creating instance of bean &apos;org.springframework.retry.annotation.RetryConfiguration&apos;
2018-10-08 10:02:02.258 DEBUG [-,,,] [springAppName_IS_UNDEFINED,,,,] 14256 --- [           main] o.s.b.f.s.DefaultListableBeanFactory     : Creating shared instance of singleton bean &apos;configurationPropertiesRebinderAutoConfiguration&apos;
2018-10-08 10:02:02.258 DEBUG [-,,,] [springAppName_IS_UNDEFINED,,,,] 14256 --- [           main] o.s.b.f.s.DefaultListableBeanFactory     : Creating instance of bean &apos;configurationPropertiesRebinderAutoConfiguration&apos;
2018-10-08 10:02:02.259 DEBUG [-,,,] [springAppName_IS_UNDEFINED,,,,] 14256 --- [           main] o.s.b.f.s.DefaultListableBeanFactory     : Returning cached instance of singleton bean &apos;org.springframework.retry.annotation.RetryConfiguration&apos;
2018-10-08 10:02:02.259 DEBUG [-,,,] [springAppName_IS_UNDEFINED,,,,] 14256 --- [           main] o.s.b.f.s.DefaultListableBeanFactory     : Eagerly caching bean &apos;configurationPropertiesRebinderAutoConfiguration&apos; to allow for resolving potential circular references
2018-10-08 10:02:02.265  INFO [-,,,] [springAppName_IS_UNDEFINED,,,,] 14256 --- [           main] trationDelegate$BeanPostProcessorChecker : Bean &apos;configurationPropertiesRebinderAutoConfiguration&apos; of type [org.springframework.cloud.autoconfigure.ConfigurationPropertiesRebinderAutoConfiguration$$EnhancerBySpringCGLIB$$9f46bd5e] is not eligible for getting processed by all BeanPostProcessors (for example: not eligible for auto-proxying)
2018-10-08 10:02:02.265 DEBUG [-,,,] [springAppName_IS_UNDEFINED,,,,] 14256 --- [           main] o.s.b.f.s.DefaultListableBeanFactory     : Returning cached instance of singleton bean &apos;org.springframework.retry.annotation.RetryConfiguration&apos;
2018-10-08 10:02:02.266 DEBUG [-,,,] [springAppName_IS_UNDEFINED,,,,] 14256 --- [           main] o.s.b.f.s.DefaultListableBeanFactory     : Returning cached instance of singleton bean &apos;org.springframework.retry.annotation.RetryConfiguration&apos;
2018-10-08 10:02:02.268 DEBUG [-,,,] [springAppName_IS_UNDEFINED,,,,] 14256 --- [           main] o.s.b.f.s.DefaultListableBeanFactory     : Finished creating instance of bean &apos;configurationPropertiesRebinderAutoConfiguration&apos;
2018-10-08 10:02:02.272 DEBUG [-,,,] [springAppName_IS_UNDEFINED,,,,] 14256 --- [           main] o.s.b.f.s.DefaultListableBeanFactory     : Returning cached instance of singleton bean &apos;org.springframework.boot.context.properties.ConfigurationBeanFactoryMetadata&apos;
2018-10-08 10:02:02.273 DEBUG [-,,,] [springAppName_IS_UNDEFINED,,,,] 14256 --- [           main] o.s.b.f.s.DefaultListableBeanFactory     : Eagerly caching bean &apos;configurationPropertiesBeans&apos; to allow for resolving potential circular references
2018-10-08 10:02:02.278 DEBUG [-,,,] [springAppName_IS_UNDEFINED,,,,] 14256 --- [           main] o.s.b.f.s.DefaultListableBeanFactory     : Returning cached instance of singleton bean &apos;org.springframework.retry.annotation.RetryConfiguration&apos;
2018-10-08 10:02:02.278 DEBUG [-,,,] [springAppName_IS_UNDEFINED,,,,] 14256 --- [           main] o.s.b.f.s.DefaultListableBeanFactory     : Returning cached instance of singleton bean &apos;org.springframework.retry.annotation.RetryConfiguration&apos;
2018-10-08 10:02:02.278 DEBUG [-,,,] [springAppName_IS_UNDEFINED,,,,] 14256 --- [           main] o.s.b.f.s.DefaultListableBeanFactory     : Finished creating instance of bean &apos;configurationPropertiesBeans&apos;
2018-10-08 10:02:02.281 DEBUG [-,,,] [springAppName_IS_UNDEFINED,,,,] 14256 --- [           main] s.c.a.AnnotationConfigApplicationContext : Unable to locate MessageSource with name &apos;messageSource&apos;: using default [org.springframework.context.support.DelegatingMessageSource@27a6fef2]
2018-10-08 10:02:02.281 DEBUG [-,,,] [springAppName_IS_UNDEFINED,,,,] 14256 --- [           main] s.c.a.AnnotationConfigApplicationContext : Unable to locate ApplicationEventMulticaster with name &apos;applicationEventMulticaster&apos;: using default [org.springframework.context.event.SimpleApplicationEventMulticaster@7fe8c7db]
2018-10-08 10:02:02.282 DEBUG [-,,,] [springAppName_IS_UNDEFINED,,,,] 14256 --- [           main] o.s.b.f.s.DefaultListableBeanFactory     : Pre-instantiating singletons in org.springframework.beans.factory.support.DefaultListableBeanFactory@28157173: defining beans [org.springframework.context.annotation.internalConfigurationAnnotationProcessor,org.springframework.context.annotation.internalAutowiredAnnotationProcessor,org.springframework.context.annotation.internalRequiredAnnotationProcessor,org.springframework.context.annotation.internalCommonAnnotationProcessor,org.springframework.context.event.internalEventListenerProcessor,org.springframework.context.event.internalEventListenerFactory,propertySourceBootstrapConfiguration,encryptionBootstrapConfiguration,configurationPropertiesRebinderAutoConfiguration,propertyPlaceholderAutoConfiguration,configServiceBootstrapConfiguration,org.springframework.boot.autoconfigure.internalCachingMetadataReaderFactory,spring.cloud.config-org.springframework.cloud.bootstrap.config.PropertySourceBootstrapProperties,org.springframework.boot.context.properties.ConfigurationPropertiesBindingPostProcessor,org.springframework.boot.context.properties.ConfigurationBeanFactoryMetadata,environmentDecryptApplicationListener,encrypt-org.springframework.cloud.bootstrap.encrypt.KeyProperties,org.springframework.boot.autoconfigure.condition.BeanTypeRegistry,configurationPropertiesBeans,configurationPropertiesRebinder,propertySourcesPlaceholderConfigurer,org.springframework.retry.annotation.RetryConfiguration,org.springframework.boot.autoconfigure.aop.AopAutoConfiguration$CglibAutoProxyConfiguration,org.springframework.aop.config.internalAutoProxyCreator,org.springframework.boot.autoconfigure.aop.AopAutoConfiguration,org.springframework.cloud.config.client.ConfigServiceBootstrapConfiguration$RetryConfiguration,configServerRetryInterceptor,spring.cloud.config.retry-org.springframework.cloud.config.client.RetryProperties,configClientProperties,configServicePropertySource]; root of factory hierarchy
2018-10-08 10:02:02.282 DEBUG [-,,,] [springAppName_IS_UNDEFINED,,,,] 14256 --- [           main] o.s.b.f.s.DefaultListableBeanFactory     : Returning cached instance of singleton bean &apos;org.springframework.context.annotation.internalConfigurationAnnotationProcessor&apos;
2018-10-08 10:02:02.283 DEBUG [-,,,] [springAppName_IS_UNDEFINED,,,,] 14256 --- [           main] o.s.b.f.s.DefaultListableBeanFactory     : Returning cached instance of singleton bean &apos;org.springframework.context.annotation.internalAutowiredAnnotationProcessor&apos;
2018-10-08 10:02:02.283 DEBUG [-,,,] [springAppName_IS_UNDEFINED,,,,] 14256 --- [           main] o.s.b.f.s.DefaultListableBeanFactory     : Returning cached instance of singleton bean &apos;org.springframework.context.annotation.internalRequiredAnnotationProcessor&apos;
2018-10-08 10:02:02.283 DEBUG [-,,,] [springAppName_IS_UNDEFINED,,,,] 14256 --- [           main] o.s.b.f.s.DefaultListableBeanFactory     : Returning cached instance of singleton bean &apos;org.springframework.context.annotation.internalCommonAnnotationProcessor&apos;
2018-10-08 10:02:02.283 DEBUG [-,,,] [springAppName_IS_UNDEFINED,,,,] 14256 --- [           main] o.s.b.f.s.DefaultListableBeanFactory     : Creating shared instance of singleton bean &apos;org.springframework.context.event.internalEventListenerProcessor&apos;
2018-10-08 10:02:02.283 DEBUG [-,,,] [springAppName_IS_UNDEFINED,,,,] 14256 --- [           main] o.s.b.f.s.DefaultListableBeanFactory     : Creating instance of bean &apos;org.springframework.context.event.internalEventListenerProcessor&apos;
2018-10-08 10:02:02.283 DEBUG [-,,,] [springAppName_IS_UNDEFINED,,,,] 14256 --- [           main] o.s.b.f.s.DefaultListableBeanFactory     : Returning cached instance of singleton bean &apos;org.springframework.retry.annotation.RetryConfiguration&apos;
2018-10-08 10:02:02.285 DEBUG [-,,,] [springAppName_IS_UNDEFINED,,,,] 14256 --- [           main] o.s.b.f.s.DefaultListableBeanFactory     : Eagerly caching bean &apos;org.springframework.context.event.internalEventListenerProcessor&apos; to allow for resolving potential circular references
2018-10-08 10:02:02.290 DEBUG [-,,,] [springAppName_IS_UNDEFINED,,,,] 14256 --- [           main] o.s.b.f.s.DefaultListableBeanFactory     : Returning cached instance of singleton bean &apos;org.springframework.retry.annotation.RetryConfiguration&apos;
2018-10-08 10:02:02.290 DEBUG [-,,,] [springAppName_IS_UNDEFINED,,,,] 14256 --- [           main] o.s.b.f.s.DefaultListableBeanFactory     : Returning cached instance of singleton bean &apos;org.springframework.retry.annotation.RetryConfiguration&apos;
2018-10-08 10:02:02.290 DEBUG [-,,,] [springAppName_IS_UNDEFINED,,,,] 14256 --- [           main] o.s.b.f.s.DefaultListableBeanFactory     : Finished creating instance of bean &apos;org.springframework.context.event.internalEventListenerProcessor&apos;
2018-10-08 10:02:02.290 DEBUG [-,,,] [springAppName_IS_UNDEFINED,,,,] 14256 --- [           main] o.s.b.f.s.DefaultListableBeanFactory     : Creating shared instance of singleton bean &apos;org.springframework.context.event.internalEventListenerFactory&apos;
2018-10-08 10:02:02.291 DEBUG [-,,,] [springAppName_IS_UNDEFINED,,,,] 14256 --- [           main] o.s.b.f.s.DefaultListableBeanFactory     : Creating instance of bean &apos;org.springframework.context.event.internalEventListenerFactory&apos;
2018-10-08 10:02:02.291 DEBUG [-,,,] [springAppName_IS_UNDEFINED,,,,] 14256 --- [           main] o.s.b.f.s.DefaultListableBeanFactory     : Returning cached instance of singleton bean &apos;org.springframework.retry.annotation.RetryConfiguration&apos;
2018-10-08 10:02:02.291 DEBUG [-,,,] [springAppName_IS_UNDEFINED,,,,] 14256 --- [           main] o.s.b.f.s.DefaultListableBeanFactory     : Eagerly caching bean &apos;org.springframework.context.event.internalEventListenerFactory&apos; to allow for resolving potential circular references
2018-10-08 10:02:02.295 DEBUG [-,,,] [springAppName_IS_UNDEFINED,,,,] 14256 --- [           main] o.s.b.f.s.DefaultListableBeanFactory     : Returning cached instance of singleton bean &apos;org.springframework.retry.annotation.RetryConfiguration&apos;
2018-10-08 10:02:02.295 DEBUG [-,,,] [springAppName_IS_UNDEFINED,,,,] 14256 --- [           main] o.s.b.f.s.DefaultListableBeanFactory     : Returning cached instance of singleton bean &apos;org.springframework.retry.annotation.RetryConfiguration&apos;
2018-10-08 10:02:02.296 DEBUG [-,,,] [springAppName_IS_UNDEFINED,,,,] 14256 --- [           main] o.s.b.f.s.DefaultListableBeanFactory     : Finished creating instance of bean &apos;org.springframework.context.event.internalEventListenerFactory&apos;
2018-10-08 10:02:02.296 DEBUG [-,,,] [springAppName_IS_UNDEFINED,,,,] 14256 --- [           main] o.s.b.f.s.DefaultListableBeanFactory     : Creating shared instance of singleton bean &apos;propertySourceBootstrapConfiguration&apos;
2018-10-08 10:02:02.296 DEBUG [-,,,] [springAppName_IS_UNDEFINED,,,,] 14256 --- [           main] o.s.b.f.s.DefaultListableBeanFactory     : Creating instance of bean &apos;propertySourceBootstrapConfiguration&apos;
2018-10-08 10:02:02.296 DEBUG [-,,,] [springAppName_IS_UNDEFINED,,,,] 14256 --- [           main] o.s.b.f.s.DefaultListableBeanFactory     : Returning cached instance of singleton bean &apos;org.springframework.retry.annotation.RetryConfiguration&apos;
2018-10-08 10:02:02.297 DEBUG [-,,,] [springAppName_IS_UNDEFINED,,,,] 14256 --- [           main] o.s.b.f.annotation.InjectionMetadata     : Registered injected element on class [org.springframework.cloud.bootstrap.config.PropertySourceBootstrapConfiguration$$EnhancerBySpringCGLIB$$32d9d8ca]: AutowiredFieldElement for private java.util.List org.springframework.cloud.bootstrap.config.PropertySourceBootstrapConfiguration.propertySourceLocators
2018-10-08 10:02:02.297 DEBUG [-,,,] [springAppName_IS_UNDEFINED,,,,] 14256 --- [           main] o.s.b.f.s.DefaultListableBeanFactory     : Eagerly caching bean &apos;propertySourceBootstrapConfiguration&apos; to allow for resolving potential circular references
2018-10-08 10:02:02.305 DEBUG [-,,,] [springAppName_IS_UNDEFINED,,,,] 14256 --- [           main] o.s.b.f.annotation.InjectionMetadata     : Processing injected element of bean &apos;propertySourceBootstrapConfiguration&apos;: AutowiredFieldElement for private java.util.List org.springframework.cloud.bootstrap.config.PropertySourceBootstrapConfiguration.propertySourceLocators
2018-10-08 10:02:02.307 DEBUG [-,,,] [springAppName_IS_UNDEFINED,,,,] 14256 --- [           main] o.s.b.f.s.DefaultListableBeanFactory     : Creating shared instance of singleton bean &apos;configServicePropertySource&apos;
2018-10-08 10:02:02.307 DEBUG [-,,,] [springAppName_IS_UNDEFINED,,,,] 14256 --- [           main] o.s.b.f.s.DefaultListableBeanFactory     : Creating instance of bean &apos;configServicePropertySource&apos;
2018-10-08 10:02:02.307 DEBUG [-,,,] [springAppName_IS_UNDEFINED,,,,] 14256 --- [           main] o.s.b.f.s.DefaultListableBeanFactory     : Returning cached instance of singleton bean &apos;org.springframework.retry.annotation.RetryConfiguration&apos;
2018-10-08 10:02:02.308 DEBUG [-,,,] [springAppName_IS_UNDEFINED,,,,] 14256 --- [           main] o.s.b.f.s.DefaultListableBeanFactory     : Creating shared instance of singleton bean &apos;configServiceBootstrapConfiguration&apos;
2018-10-08 10:02:02.308 DEBUG [-,,,] [springAppName_IS_UNDEFINED,,,,] 14256 --- [           main] o.s.b.f.s.DefaultListableBeanFactory     : Creating instance of bean &apos;configServiceBootstrapConfiguration&apos;
2018-10-08 10:02:02.308 DEBUG [-,,,] [springAppName_IS_UNDEFINED,,,,] 14256 --- [           main] o.s.b.f.s.DefaultListableBeanFactory     : Returning cached instance of singleton bean &apos;org.springframework.retry.annotation.RetryConfiguration&apos;
2018-10-08 10:02:02.309 DEBUG [-,,,] [springAppName_IS_UNDEFINED,,,,] 14256 --- [           main] o.s.b.f.annotation.InjectionMetadata     : Registered injected element on class [org.springframework.cloud.config.client.ConfigServiceBootstrapConfiguration$$EnhancerBySpringCGLIB$$94d054ea]: AutowiredFieldElement for private org.springframework.core.env.ConfigurableEnvironment org.springframework.cloud.config.client.ConfigServiceBootstrapConfiguration.environment
2018-10-08 10:02:02.309 DEBUG [-,,,] [springAppName_IS_UNDEFINED,,,,] 14256 --- [           main] o.s.b.f.s.DefaultListableBeanFactory     : Eagerly caching bean &apos;configServiceBootstrapConfiguration&apos; to allow for resolving potential circular references
2018-10-08 10:02:02.314 DEBUG [-,,,] [springAppName_IS_UNDEFINED,,,,] 14256 --- [           main] o.s.b.f.annotation.InjectionMetadata     : Processing injected element of bean &apos;configServiceBootstrapConfiguration&apos;: AutowiredFieldElement for private org.springframework.core.env.ConfigurableEnvironment org.springframework.cloud.config.client.ConfigServiceBootstrapConfiguration.environment
2018-10-08 10:02:02.314 DEBUG [-,,,] [springAppName_IS_UNDEFINED,,,,] 14256 --- [           main] o.s.b.f.s.DefaultListableBeanFactory     : Returning cached instance of singleton bean &apos;environment&apos;
2018-10-08 10:02:02.315 DEBUG [-,,,] [springAppName_IS_UNDEFINED,,,,] 14256 --- [           main] f.a.AutowiredAnnotationBeanPostProcessor : Autowiring by type from bean name &apos;configServiceBootstrapConfiguration&apos; to bean named &apos;environment&apos;
2018-10-08 10:02:02.315 DEBUG [-,,,] [springAppName_IS_UNDEFINED,,,,] 14256 --- [           main] o.s.b.f.s.DefaultListableBeanFactory     : Returning cached instance of singleton bean &apos;org.springframework.retry.annotation.RetryConfiguration&apos;
2018-10-08 10:02:02.315 DEBUG [-,,,] [springAppName_IS_UNDEFINED,,,,] 14256 --- [           main] o.s.b.f.s.DefaultListableBeanFactory     : Returning cached instance of singleton bean &apos;org.springframework.retry.annotation.RetryConfiguration&apos;
2018-10-08 10:02:02.316 DEBUG [-,,,] [springAppName_IS_UNDEFINED,,,,] 14256 --- [           main] o.s.b.f.s.DefaultListableBeanFactory     : Finished creating instance of bean &apos;configServiceBootstrapConfiguration&apos;
2018-10-08 10:02:02.317 DEBUG [-,,,] [springAppName_IS_UNDEFINED,,,,] 14256 --- [           main] o.s.b.f.s.DefaultListableBeanFactory     : Creating shared instance of singleton bean &apos;configClientProperties&apos;
2018-10-08 10:02:02.317 DEBUG [-,,,] [springAppName_IS_UNDEFINED,,,,] 14256 --- [           main] o.s.b.f.s.DefaultListableBeanFactory     : Creating instance of bean &apos;configClientProperties&apos;
2018-10-08 10:02:02.317 DEBUG [-,,,] [springAppName_IS_UNDEFINED,,,,] 14256 --- [           main] o.s.b.f.s.DefaultListableBeanFactory     : Returning cached instance of singleton bean &apos;org.springframework.retry.annotation.RetryConfiguration&apos;
2018-10-08 10:02:02.317 DEBUG [-,,,] [springAppName_IS_UNDEFINED,,,,] 14256 --- [           main] o.s.b.f.s.DefaultListableBeanFactory     : Returning cached instance of singleton bean &apos;configServiceBootstrapConfiguration&apos;
2018-10-08 10:02:02.323 DEBUG [-,,,] [springAppName_IS_UNDEFINED,,,,] 14256 --- [           main] o.s.c.e.PropertySourcesPropertyResolver  : Could not find key &apos;spring.profiles.active&apos; in any property source
2018-10-08 10:02:02.323 DEBUG [-,,,] [springAppName_IS_UNDEFINED,,,,] 14256 --- [           main] o.s.c.e.PropertySourcesPropertyResolver  : Could not find key &apos;spring.profiles.default&apos; in any property source
2018-10-08 10:02:02.326 DEBUG [-,,,] [springAppName_IS_UNDEFINED,,,,] 14256 --- [           main] o.s.b.f.annotation.InjectionMetadata     : Registered injected element on class [org.springframework.cloud.config.client.ConfigClientProperties]: AutowiredFieldElement for private java.lang.String org.springframework.cloud.config.client.ConfigClientProperties.name
2018-10-08 10:02:02.326 DEBUG [-,,,] [springAppName_IS_UNDEFINED,,,,] 14256 --- [           main] o.s.b.f.s.DefaultListableBeanFactory     : Eagerly caching bean &apos;configClientProperties&apos; to allow for resolving potential circular references
2018-10-08 10:02:02.330 DEBUG [-,,,] [springAppName_IS_UNDEFINED,,,,] 14256 --- [           main] o.s.b.f.annotation.InjectionMetadata     : Processing injected element of bean &apos;configClientProperties&apos;: AutowiredFieldElement for private java.lang.String org.springframework.cloud.config.client.ConfigClientProperties.name
2018-10-08 10:02:02.330 DEBUG [-,,,] [springAppName_IS_UNDEFINED,,,,] 14256 --- [           main] o.s.c.e.PropertySourcesPropertyResolver  : Could not find key &apos;spring.application.name:application&apos; in any property source
2018-10-08 10:02:02.331 DEBUG [-,,,] [springAppName_IS_UNDEFINED,,,,] 14256 --- [           main] o.s.c.e.PropertySourcesPropertyResolver  : Could not find key &apos;spring.application.name:application&apos; in any property source
2018-10-08 10:02:02.331 DEBUG [-,,,] [springAppName_IS_UNDEFINED,,,,] 14256 --- [           main] o.s.c.e.PropertySourcesPropertyResolver  : Could not find key &apos;spring.application.name&apos; in any property source
2018-10-08 10:02:02.331 DEBUG [-,,,] [springAppName_IS_UNDEFINED,,,,] 14256 --- [           main] o.s.c.e.PropertySourcesPropertyResolver  : Could not find key &apos;spring.application.name&apos; in any property source
2018-10-08 10:02:02.335 DEBUG [-,,,] [springAppName_IS_UNDEFINED,,,,] 14256 --- [           main] o.s.b.f.s.DefaultListableBeanFactory     : Creating instance of bean &apos;org.springframework.boot.context.properties.ConversionServiceDeducer$Factory&apos;
2018-10-08 10:02:02.336 DEBUG [-,,,] [springAppName_IS_UNDEFINED,,,,] 14256 --- [           main] o.s.b.f.s.DefaultListableBeanFactory     : Returning cached instance of singleton bean &apos;org.springframework.retry.annotation.RetryConfiguration&apos;
2018-10-08 10:02:02.341 DEBUG [-,,,] [springAppName_IS_UNDEFINED,,,,] 14256 --- [           main] o.s.b.f.annotation.InjectionMetadata     : Registered injected element on class [org.springframework.boot.context.properties.ConversionServiceDeducer$Factory]: AutowiredMethodElement for public void org.springframework.boot.context.properties.ConversionServiceDeducer$Factory.setGenericConverters(java.util.List)
2018-10-08 10:02:02.341 DEBUG [-,,,] [springAppName_IS_UNDEFINED,,,,] 14256 --- [           main] o.s.b.f.annotation.InjectionMetadata     : Registered injected element on class [org.springframework.boot.context.properties.ConversionServiceDeducer$Factory]: AutowiredMethodElement for public void org.springframework.boot.context.properties.ConversionServiceDeducer$Factory.setConverters(java.util.List)
2018-10-08 10:02:02.341 DEBUG [-,,,] [springAppName_IS_UNDEFINED,,,,] 14256 --- [           main] o.s.b.f.annotation.InjectionMetadata     : Processing injected element of bean &apos;org.springframework.boot.context.properties.ConversionServiceDeducer$Factory&apos;: AutowiredMethodElement for public void org.springframework.boot.context.properties.ConversionServiceDeducer$Factory.setGenericConverters(java.util.List)
2018-10-08 10:02:02.343 DEBUG [-,,,] [springAppName_IS_UNDEFINED,,,,] 14256 --- [           main] o.s.b.f.annotation.InjectionMetadata     : Processing injected element of bean &apos;org.springframework.boot.context.properties.ConversionServiceDeducer$Factory&apos;: AutowiredMethodElement for public void org.springframework.boot.context.properties.ConversionServiceDeducer$Factory.setConverters(java.util.List)
2018-10-08 10:02:02.344 DEBUG [-,,,] [springAppName_IS_UNDEFINED,,,,] 14256 --- [           main] o.s.b.f.s.DefaultListableBeanFactory     : Returning cached instance of singleton bean &apos;org.springframework.retry.annotation.RetryConfiguration&apos;
2018-10-08 10:02:02.344 DEBUG [-,,,] [springAppName_IS_UNDEFINED,,,,] 14256 --- [           main] o.s.b.f.s.DefaultListableBeanFactory     : Returning cached instance of singleton bean &apos;org.springframework.retry.annotation.RetryConfiguration&apos;
2018-10-08 10:02:02.344 DEBUG [-,,,] [springAppName_IS_UNDEFINED,,,,] 14256 --- [           main] o.s.b.f.s.DefaultListableBeanFactory     : Finished creating instance of bean &apos;org.springframework.boot.context.properties.ConversionServiceDeducer$Factory&apos;
2018-10-08 10:02:02.368 DEBUG [-,,,] [springAppName_IS_UNDEFINED,,,,] 14256 --- [           main] o.s.b.f.s.DefaultListableBeanFactory     : Returning cached instance of singleton bean &apos;org.springframework.retry.annotation.RetryConfiguration&apos;
2018-10-08 10:02:02.368 DEBUG [-,,,] [springAppName_IS_UNDEFINED,,,,] 14256 --- [           main] o.s.b.f.s.DefaultListableBeanFactory     : Returning cached instance of singleton bean &apos;org.springframework.retry.annotation.RetryConfiguration&apos;
2018-10-08 10:02:02.368 DEBUG [-,,,] [springAppName_IS_UNDEFINED,,,,] 14256 --- [           main] o.s.b.f.s.DefaultListableBeanFactory     : Finished creating instance of bean &apos;configClientProperties&apos;
2018-10-08 10:02:02.369 DEBUG [-,,,] [springAppName_IS_UNDEFINED,,,,] 14256 --- [           main] o.s.b.f.s.DefaultListableBeanFactory     : Autowiring by type from bean name &apos;configServicePropertySource&apos; via factory method to bean named &apos;configClientProperties&apos;
2018-10-08 10:02:02.381 DEBUG [-,,,] [springAppName_IS_UNDEFINED,,,,] 14256 --- [           main] o.s.b.f.s.DefaultListableBeanFactory     : Eagerly caching bean &apos;configServicePropertySource&apos; to allow for resolving potential circular references
2018-10-08 10:02:02.384 DEBUG [-,,,] [springAppName_IS_UNDEFINED,,,,] 14256 --- [           main] o.s.b.f.s.DefaultListableBeanFactory     : Returning cached instance of singleton bean &apos;org.springframework.retry.annotation.RetryConfiguration&apos;
2018-10-08 10:02:02.385 DEBUG [-,,,] [springAppName_IS_UNDEFINED,,,,] 14256 --- [           main] o.s.b.f.s.DefaultListableBeanFactory     : Returning cached instance of singleton bean &apos;org.springframework.retry.annotation.RetryConfiguration&apos;
2018-10-08 10:02:02.394 DEBUG [-,,,] [springAppName_IS_UNDEFINED,,,,] 14256 --- [           main] a.AnnotationAwareAspectJAutoProxyCreator : Creating implicit proxy for bean &apos;configServicePropertySource&apos; with 0 common interceptors and 1 specific interceptors
2018-10-08 10:02:02.398 DEBUG [-,,,] [springAppName_IS_UNDEFINED,,,,] 14256 --- [           main] o.s.aop.framework.CglibAopProxy          : Creating CGLIB proxy: target source is SingletonTargetSource for target object [org.springframework.cloud.config.client.ConfigServicePropertySourceLocator@4ae2e781]
2018-10-08 10:02:02.410 DEBUG [-,,,] [springAppName_IS_UNDEFINED,,,,] 14256 --- [           main] o.s.aop.framework.CglibAopProxy          : Unable to apply any optimizations to advised method: public org.springframework.core.env.PropertySource org.springframework.cloud.config.client.ConfigServicePropertySourceLocator.locate(org.springframework.core.env.Environment)
2018-10-08 10:02:02.410 DEBUG [-,,,] [springAppName_IS_UNDEFINED,,,,] 14256 --- [           main] o.s.aop.framework.CglibAopProxy          : Unable to apply any optimizations to advised method: public void org.springframework.cloud.config.client.ConfigServicePropertySourceLocator.setRestTemplate(org.springframework.web.client.RestTemplate)
2018-10-08 10:02:02.410 DEBUG [-,,,] [springAppName_IS_UNDEFINED,,,,] 14256 --- [           main] o.s.aop.framework.CglibAopProxy          : Found &apos;equals&apos; method: public boolean java.lang.Object.equals(java.lang.Object)
2018-10-08 10:02:02.410 DEBUG [-,,,] [springAppName_IS_UNDEFINED,,,,] 14256 --- [           main] o.s.aop.framework.CglibAopProxy          : Unable to apply any optimizations to advised method: public java.lang.String java.lang.Object.toString()
2018-10-08 10:02:02.410 DEBUG [-,,,] [springAppName_IS_UNDEFINED,,,,] 14256 --- [           main] o.s.aop.framework.CglibAopProxy          : Found &apos;hashCode&apos; method: public native int java.lang.Object.hashCode()
2018-10-08 10:02:02.411 DEBUG [-,,,] [springAppName_IS_UNDEFINED,,,,] 14256 --- [           main] o.s.aop.framework.CglibAopProxy          : Unable to apply any optimizations to advised method: protected native java.lang.Object java.lang.Object.clone() throws java.lang.CloneNotSupportedException
2018-10-08 10:02:02.411 DEBUG [-,,,] [springAppName_IS_UNDEFINED,,,,] 14256 --- [           main] o.s.aop.framework.CglibAopProxy          : Method is declared on Advised interface: public abstract int org.springframework.aop.framework.Advised.indexOf(org.springframework.aop.Advisor)
2018-10-08 10:02:02.411 DEBUG [-,,,] [springAppName_IS_UNDEFINED,,,,] 14256 --- [           main] o.s.aop.framework.CglibAopProxy          : Method is declared on Advised interface: public abstract int org.springframework.aop.framework.Advised.indexOf(org.aopalliance.aop.Advice)
2018-10-08 10:02:02.411 DEBUG [-,,,] [springAppName_IS_UNDEFINED,,,,] 14256 --- [           main] o.s.aop.framework.CglibAopProxy          : Method is declared on Advised interface: public abstract boolean org.springframework.aop.framework.Advised.isFrozen()
2018-10-08 10:02:02.411 DEBUG [-,,,] [springAppName_IS_UNDEFINED,,,,] 14256 --- [           main] o.s.aop.framework.CglibAopProxy          : Method is declared on Advised interface: public abstract void org.springframework.aop.framework.Advised.setExposeProxy(boolean)
2018-10-08 10:02:02.411 DEBUG [-,,,] [springAppName_IS_UNDEFINED,,,,] 14256 --- [           main] o.s.aop.framework.CglibAopProxy          : Method is declared on Advised interface: public abstract org.springframework.aop.Advisor[] org.springframework.aop.framework.Advised.getAdvisors()
2018-10-08 10:02:02.411 DEBUG [-,,,] [springAppName_IS_UNDEFINED,,,,] 14256 --- [           main] o.s.aop.framework.CglibAopProxy          : Method is declared on Advised interface: public abstract boolean org.springframework.aop.framework.Advised.isPreFiltered()
2018-10-08 10:02:02.411 DEBUG [-,,,] [springAppName_IS_UNDEFINED,,,,] 14256 --- [           main] o.s.aop.framework.CglibAopProxy          : Method is declared on Advised interface: public abstract void org.springframework.aop.framework.Advised.addAdvisor(int,org.springframework.aop.Advisor) throws org.springframework.aop.framework.AopConfigException
2018-10-08 10:02:02.411 DEBUG [-,,,] [springAppName_IS_UNDEFINED,,,,] 14256 --- [           main] o.s.aop.framework.CglibAopProxy          : Method is declared on Advised interface: public abstract void org.springframework.aop.framework.Advised.addAdvisor(org.springframework.aop.Advisor) throws org.springframework.aop.framework.AopConfigException
2018-10-08 10:02:02.411 DEBUG [-,,,] [springAppName_IS_UNDEFINED,,,,] 14256 --- [           main] o.s.aop.framework.CglibAopProxy          : Method is declared on Advised interface: public abstract org.springframework.aop.TargetSource org.springframework.aop.framework.Advised.getTargetSource()
2018-10-08 10:02:02.412 DEBUG [-,,,] [springAppName_IS_UNDEFINED,,,,] 14256 --- [           main] o.s.aop.framework.CglibAopProxy          : Method is declared on Advised interface: public abstract boolean org.springframework.aop.framework.Advised.removeAdvisor(org.springframework.aop.Advisor)
2018-10-08 10:02:02.475 DEBUG [-,,,] [springAppName_IS_UNDEFINED,,,,] 14256 --- [           main] o.s.aop.framework.CglibAopProxy          : Method is declared on Advised interface: public abstract void org.springframework.aop.framework.Advised.removeAdvisor(int) throws org.springframework.aop.framework.AopConfigException
2018-10-08 10:02:02.475 DEBUG [-,,,] [springAppName_IS_UNDEFINED,,,,] 14256 --- [           main] o.s.aop.framework.CglibAopProxy          : Method is declared on Advised interface: public abstract boolean org.springframework.aop.framework.Advised.removeAdvice(org.aopalliance.aop.Advice)
2018-10-08 10:02:02.476 DEBUG [-,,,] [springAppName_IS_UNDEFINED,,,,] 14256 --- [           main] o.s.aop.framework.CglibAopProxy          : Method is declared on Advised interface: public abstract void org.springframework.aop.framework.Advised.setTargetSource(org.springframework.aop.TargetSource)
2018-10-08 10:02:02.476 DEBUG [-,,,] [springAppName_IS_UNDEFINED,,,,] 14256 --- [           main] o.s.aop.framework.CglibAopProxy          : Method is declared on Advised interface: public abstract boolean org.springframework.aop.framework.Advised.replaceAdvisor(org.springframework.aop.Advisor,org.springframework.aop.Advisor) throws org.springframework.aop.framework.AopConfigException
2018-10-08 10:02:02.476 DEBUG [-,,,] [springAppName_IS_UNDEFINED,,,,] 14256 --- [           main] o.s.aop.framework.CglibAopProxy          : Method is declared on Advised interface: public abstract void org.springframework.aop.framework.Advised.addAdvice(int,org.aopalliance.aop.Advice) throws org.springframework.aop.framework.AopConfigException
2018-10-08 10:02:02.477 DEBUG [-,,,] [springAppName_IS_UNDEFINED,,,,] 14256 --- [           main] o.s.aop.framework.CglibAopProxy          : Method is declared on Advised interface: public abstract void org.springframework.aop.framework.Advised.addAdvice(org.aopalliance.aop.Advice) throws org.springframework.aop.framework.AopConfigException
2018-10-08 10:02:02.478 DEBUG [-,,,] [springAppName_IS_UNDEFINED,,,,] 14256 --- [           main] o.s.aop.framework.CglibAopProxy          : Method is declared on Advised interface: public abstract boolean org.springframework.aop.framework.Advised.isExposeProxy()
2018-10-08 10:02:02.479 DEBUG [-,,,] [springAppName_IS_UNDEFINED,,,,] 14256 --- [           main] o.s.aop.framework.CglibAopProxy          : Method is declared on Advised interface: public abstract void org.springframework.aop.framework.Advised.setPreFiltered(boolean)
2018-10-08 10:02:02.480 DEBUG [-,,,] [springAppName_IS_UNDEFINED,,,,] 14256 --- [           main] o.s.aop.framework.CglibAopProxy          : Method is declared on Advised interface: public abstract boolean org.springframework.aop.framework.Advised.isInterfaceProxied(java.lang.Class)
2018-10-08 10:02:02.480 DEBUG [-,,,] [springAppName_IS_UNDEFINED,,,,] 14256 --- [           main] o.s.aop.framework.CglibAopProxy          : Method is declared on Advised interface: public abstract boolean org.springframework.aop.framework.Advised.isProxyTargetClass()
2018-10-08 10:02:02.480 DEBUG [-,,,] [springAppName_IS_UNDEFINED,,,,] 14256 --- [           main] o.s.aop.framework.CglibAopProxy          : Method is declared on Advised interface: public abstract java.lang.String org.springframework.aop.framework.Advised.toProxyConfigString()
2018-10-08 10:02:02.480 DEBUG [-,,,] [springAppName_IS_UNDEFINED,,,,] 14256 --- [           main] o.s.aop.framework.CglibAopProxy          : Method is declared on Advised interface: public abstract java.lang.Class[] org.springframework.aop.framework.Advised.getProxiedInterfaces()
2018-10-08 10:02:02.480 DEBUG [-,,,] [springAppName_IS_UNDEFINED,,,,] 14256 --- [           main] o.s.aop.framework.CglibAopProxy          : Method is declared on Advised interface: public abstract java.lang.Class org.springframework.aop.TargetClassAware.getTargetClass()
2018-10-08 10:02:02.491 DEBUG [-,,,] [springAppName_IS_UNDEFINED,,,,] 14256 --- [           main] o.s.b.f.s.DefaultListableBeanFactory     : Finished creating instance of bean &apos;configServicePropertySource&apos;
2018-10-08 10:02:02.494 DEBUG [-,,,] [springAppName_IS_UNDEFINED,,,,] 14256 --- [           main] f.a.AutowiredAnnotationBeanPostProcessor : Autowiring by type from bean name &apos;propertySourceBootstrapConfiguration&apos; to bean named &apos;configServicePropertySource&apos;
2018-10-08 10:02:02.494 DEBUG [-,,,] [springAppName_IS_UNDEFINED,,,,] 14256 --- [           main] o.s.b.f.s.DefaultListableBeanFactory     : Returning cached instance of singleton bean &apos;org.springframework.retry.annotation.RetryConfiguration&apos;
2018-10-08 10:02:02.494 DEBUG [-,,,] [springAppName_IS_UNDEFINED,,,,] 14256 --- [           main] o.s.b.f.s.DefaultListableBeanFactory     : Returning cached instance of singleton bean &apos;org.springframework.retry.annotation.RetryConfiguration&apos;
2018-10-08 10:02:02.495 DEBUG [-,,,] [springAppName_IS_UNDEFINED,,,,] 14256 --- [           main] o.s.b.f.s.DefaultListableBeanFactory     : Finished creating instance of bean &apos;propertySourceBootstrapConfiguration&apos;
2018-10-08 10:02:02.495 DEBUG [-,,,] [springAppName_IS_UNDEFINED,,,,] 14256 --- [           main] o.s.b.f.s.DefaultListableBeanFactory     : Creating shared instance of singleton bean &apos;encryptionBootstrapConfiguration&apos;
2018-10-08 10:02:02.495 DEBUG [-,,,] [springAppName_IS_UNDEFINED,,,,] 14256 --- [           main] o.s.b.f.s.DefaultListableBeanFactory     : Creating instance of bean &apos;encryptionBootstrapConfiguration&apos;
2018-10-08 10:02:02.495 DEBUG [-,,,] [springAppName_IS_UNDEFINED,,,,] 14256 --- [           main] o.s.b.f.s.DefaultListableBeanFactory     : Returning cached instance of singleton bean &apos;org.springframework.retry.annotation.RetryConfiguration&apos;
2018-10-08 10:02:02.496 DEBUG [-,,,] [springAppName_IS_UNDEFINED,,,,] 14256 --- [           main] o.s.b.f.annotation.InjectionMetadata     : Registered injected element on class [org.springframework.cloud.bootstrap.encrypt.EncryptionBootstrapConfiguration$$EnhancerBySpringCGLIB$$8f961bba]: AutowiredFieldElement for private org.springframework.security.crypto.encrypt.TextEncryptor org.springframework.cloud.bootstrap.encrypt.EncryptionBootstrapConfiguration.encryptor
2018-10-08 10:02:02.496 DEBUG [-,,,] [springAppName_IS_UNDEFINED,,,,] 14256 --- [           main] o.s.b.f.annotation.InjectionMetadata     : Registered injected element on class [org.springframework.cloud.bootstrap.encrypt.EncryptionBootstrapConfiguration$$EnhancerBySpringCGLIB$$8f961bba]: AutowiredFieldElement for private org.springframework.cloud.bootstrap.encrypt.KeyProperties org.springframework.cloud.bootstrap.encrypt.EncryptionBootstrapConfiguration.key
2018-10-08 10:02:02.497 DEBUG [-,,,] [springAppName_IS_UNDEFINED,,,,] 14256 --- [           main] o.s.b.f.s.DefaultListableBeanFactory     : Eagerly caching bean &apos;encryptionBootstrapConfiguration&apos; to allow for resolving potential circular references
2018-10-08 10:02:02.503 DEBUG [-,,,] [springAppName_IS_UNDEFINED,,,,] 14256 --- [           main] o.s.b.f.annotation.InjectionMetadata     : Processing injected element of bean &apos;encryptionBootstrapConfiguration&apos;: AutowiredFieldElement for private org.springframework.security.crypto.encrypt.TextEncryptor org.springframework.cloud.bootstrap.encrypt.EncryptionBootstrapConfiguration.encryptor
2018-10-08 10:02:02.503 DEBUG [-,,,] [springAppName_IS_UNDEFINED,,,,] 14256 --- [           main] o.s.b.f.annotation.InjectionMetadata     : Processing injected element of bean &apos;encryptionBootstrapConfiguration&apos;: AutowiredFieldElement for private org.springframework.cloud.bootstrap.encrypt.KeyProperties org.springframework.cloud.bootstrap.encrypt.EncryptionBootstrapConfiguration.key
2018-10-08 10:02:02.504 DEBUG [-,,,] [springAppName_IS_UNDEFINED,,,,] 14256 --- [           main] o.s.b.f.s.DefaultListableBeanFactory     : Creating shared instance of singleton bean &apos;encrypt-org.springframework.cloud.bootstrap.encrypt.KeyProperties&apos;
2018-10-08 10:02:02.504 DEBUG [-,,,] [springAppName_IS_UNDEFINED,,,,] 14256 --- [           main] o.s.b.f.s.DefaultListableBeanFactory     : Creating instance of bean &apos;encrypt-org.springframework.cloud.bootstrap.encrypt.KeyProperties&apos;
2018-10-08 10:02:02.505 DEBUG [-,,,] [springAppName_IS_UNDEFINED,,,,] 14256 --- [           main] o.s.b.f.s.DefaultListableBeanFactory     : Returning cached instance of singleton bean &apos;org.springframework.retry.annotation.RetryConfiguration&apos;
2018-10-08 10:02:02.505 DEBUG [-,,,] [springAppName_IS_UNDEFINED,,,,] 14256 --- [           main] o.s.b.f.s.DefaultListableBeanFactory     : Eagerly caching bean &apos;encrypt-org.springframework.cloud.bootstrap.encrypt.KeyProperties&apos; to allow for resolving potential circular references
2018-10-08 10:02:02.509 DEBUG [-,,,] [springAppName_IS_UNDEFINED,,,,] 14256 --- [           main] o.s.b.f.s.DefaultListableBeanFactory     : Returning cached instance of singleton bean &apos;org.springframework.retry.annotation.RetryConfiguration&apos;
2018-10-08 10:02:02.510 DEBUG [-,,,] [springAppName_IS_UNDEFINED,,,,] 14256 --- [           main] o.s.b.f.s.DefaultListableBeanFactory     : Returning cached instance of singleton bean &apos;org.springframework.retry.annotation.RetryConfiguration&apos;
2018-10-08 10:02:02.510 DEBUG [-,,,] [springAppName_IS_UNDEFINED,,,,] 14256 --- [           main] o.s.b.f.s.DefaultListableBeanFactory     : Finished creating instance of bean &apos;encrypt-org.springframework.cloud.bootstrap.encrypt.KeyProperties&apos;
2018-10-08 10:02:02.510 DEBUG [-,,,] [springAppName_IS_UNDEFINED,,,,] 14256 --- [           main] f.a.AutowiredAnnotationBeanPostProcessor : Autowiring by type from bean name &apos;encryptionBootstrapConfiguration&apos; to bean named &apos;encrypt-org.springframework.cloud.bootstrap.encrypt.KeyProperties&apos;
2018-10-08 10:02:02.511 DEBUG [-,,,] [springAppName_IS_UNDEFINED,,,,] 14256 --- [           main] o.s.b.f.s.DefaultListableBeanFactory     : Returning cached instance of singleton bean &apos;org.springframework.retry.annotation.RetryConfiguration&apos;
2018-10-08 10:02:02.511 DEBUG [-,,,] [springAppName_IS_UNDEFINED,,,,] 14256 --- [           main] o.s.b.f.s.DefaultListableBeanFactory     : Returning cached instance of singleton bean &apos;org.springframework.retry.annotation.RetryConfiguration&apos;
2018-10-08 10:02:02.512 DEBUG [-,,,] [springAppName_IS_UNDEFINED,,,,] 14256 --- [           main] o.s.b.f.s.DefaultListableBeanFactory     : Finished creating instance of bean &apos;encryptionBootstrapConfiguration&apos;
2018-10-08 10:02:02.512 DEBUG [-,,,] [springAppName_IS_UNDEFINED,,,,] 14256 --- [           main] o.s.b.f.s.DefaultListableBeanFactory     : Returning cached instance of singleton bean &apos;configurationPropertiesRebinderAutoConfiguration&apos;
2018-10-08 10:02:02.512 DEBUG [-,,,] [springAppName_IS_UNDEFINED,,,,] 14256 --- [           main] o.s.b.f.s.DefaultListableBeanFactory     : Creating shared instance of singleton bean &apos;propertyPlaceholderAutoConfiguration&apos;
2018-10-08 10:02:02.512 DEBUG [-,,,] [springAppName_IS_UNDEFINED,,,,] 14256 --- [           main] o.s.b.f.s.DefaultListableBeanFactory     : Creating instance of bean &apos;propertyPlaceholderAutoConfiguration&apos;
2018-10-08 10:02:02.512 DEBUG [-,,,] [springAppName_IS_UNDEFINED,,,,] 14256 --- [           main] o.s.b.f.s.DefaultListableBeanFactory     : Returning cached instance of singleton bean &apos;org.springframework.retry.annotation.RetryConfiguration&apos;
2018-10-08 10:02:02.513 DEBUG [-,,,] [springAppName_IS_UNDEFINED,,,,] 14256 --- [           main] o.s.b.f.s.DefaultListableBeanFactory     : Eagerly caching bean &apos;propertyPlaceholderAutoConfiguration&apos; to allow for resolving potential circular references
2018-10-08 10:02:02.518 DEBUG [-,,,] [springAppName_IS_UNDEFINED,,,,] 14256 --- [           main] o.s.b.f.s.DefaultListableBeanFactory     : Returning cached instance of singleton bean &apos;org.springframework.retry.annotation.RetryConfiguration&apos;
2018-10-08 10:02:02.518 DEBUG [-,,,] [springAppName_IS_UNDEFINED,,,,] 14256 --- [           main] o.s.b.f.s.DefaultListableBeanFactory     : Returning cached instance of singleton bean &apos;org.springframework.retry.annotation.RetryConfiguration&apos;
2018-10-08 10:02:02.519 DEBUG [-,,,] [springAppName_IS_UNDEFINED,,,,] 14256 --- [           main] o.s.b.f.s.DefaultListableBeanFactory     : Finished creating instance of bean &apos;propertyPlaceholderAutoConfiguration&apos;
2018-10-08 10:02:02.519 DEBUG [-,,,] [springAppName_IS_UNDEFINED,,,,] 14256 --- [           main] o.s.b.f.s.DefaultListableBeanFactory     : Returning cached instance of singleton bean &apos;configServiceBootstrapConfiguration&apos;
2018-10-08 10:02:02.519 DEBUG [-,,,] [springAppName_IS_UNDEFINED,,,,] 14256 --- [           main] o.s.b.f.s.DefaultListableBeanFactory     : Returning cached instance of singleton bean &apos;org.springframework.boot.autoconfigure.internalCachingMetadataReaderFactory&apos;
2018-10-08 10:02:02.521 DEBUG [-,,,] [springAppName_IS_UNDEFINED,,,,] 14256 --- [           main] o.s.b.f.s.DefaultListableBeanFactory     : Creating shared instance of singleton bean &apos;spring.cloud.config-org.springframework.cloud.bootstrap.config.PropertySourceBootstrapProperties&apos;
2018-10-08 10:02:02.521 DEBUG [-,,,] [springAppName_IS_UNDEFINED,,,,] 14256 --- [           main] o.s.b.f.s.DefaultListableBeanFactory     : Creating instance of bean &apos;spring.cloud.config-org.springframework.cloud.bootstrap.config.PropertySourceBootstrapProperties&apos;
2018-10-08 10:02:02.521 DEBUG [-,,,] [springAppName_IS_UNDEFINED,,,,] 14256 --- [           main] o.s.b.f.s.DefaultListableBeanFactory     : Returning cached instance of singleton bean &apos;org.springframework.retry.annotation.RetryConfiguration&apos;
2018-10-08 10:02:02.522 DEBUG [-,,,] [springAppName_IS_UNDEFINED,,,,] 14256 --- [           main] o.s.b.f.s.DefaultListableBeanFactory     : Eagerly caching bean &apos;spring.cloud.config-org.springframework.cloud.bootstrap.config.PropertySourceBootstrapProperties&apos; to allow for resolving potential circular references
2018-10-08 10:02:02.526 DEBUG [-,,,] [springAppName_IS_UNDEFINED,,,,] 14256 --- [           main] o.s.b.f.s.DefaultListableBeanFactory     : Returning cached instance of singleton bean &apos;org.springframework.retry.annotation.RetryConfiguration&apos;
2018-10-08 10:02:02.526 DEBUG [-,,,] [springAppName_IS_UNDEFINED,,,,] 14256 --- [           main] o.s.b.f.s.DefaultListableBeanFactory     : Returning cached instance of singleton bean &apos;org.springframework.retry.annotation.RetryConfiguration&apos;
2018-10-08 10:02:02.526 DEBUG [-,,,] [springAppName_IS_UNDEFINED,,,,] 14256 --- [           main] o.s.b.f.s.DefaultListableBeanFactory     : Finished creating instance of bean &apos;spring.cloud.config-org.springframework.cloud.bootstrap.config.PropertySourceBootstrapProperties&apos;
2018-10-08 10:02:02.526 DEBUG [-,,,] [springAppName_IS_UNDEFINED,,,,] 14256 --- [           main] o.s.b.f.s.DefaultListableBeanFactory     : Returning cached instance of singleton bean &apos;org.springframework.boot.context.properties.ConfigurationPropertiesBindingPostProcessor&apos;
2018-10-08 10:02:02.527 DEBUG [-,,,] [springAppName_IS_UNDEFINED,,,,] 14256 --- [           main] o.s.b.f.s.DefaultListableBeanFactory     : Returning cached instance of singleton bean &apos;org.springframework.boot.context.properties.ConfigurationBeanFactoryMetadata&apos;
2018-10-08 10:02:02.527 DEBUG [-,,,] [springAppName_IS_UNDEFINED,,,,] 14256 --- [           main] o.s.b.f.s.DefaultListableBeanFactory     : Creating shared instance of singleton bean &apos;environmentDecryptApplicationListener&apos;
2018-10-08 10:02:02.527 DEBUG [-,,,] [springAppName_IS_UNDEFINED,,,,] 14256 --- [           main] o.s.b.f.s.DefaultListableBeanFactory     : Creating instance of bean &apos;environmentDecryptApplicationListener&apos;
2018-10-08 10:02:02.527 DEBUG [-,,,] [springAppName_IS_UNDEFINED,,,,] 14256 --- [           main] o.s.b.f.s.DefaultListableBeanFactory     : Returning cached instance of singleton bean &apos;org.springframework.retry.annotation.RetryConfiguration&apos;
2018-10-08 10:02:02.527 DEBUG [-,,,] [springAppName_IS_UNDEFINED,,,,] 14256 --- [           main] o.s.b.f.s.DefaultListableBeanFactory     : Returning cached instance of singleton bean &apos;encryptionBootstrapConfiguration&apos;
2018-10-08 10:02:02.532 DEBUG [-,,,] [springAppName_IS_UNDEFINED,,,,] 14256 --- [           main] o.s.b.f.s.DefaultListableBeanFactory     : Eagerly caching bean &apos;environmentDecryptApplicationListener&apos; to allow for resolving potential circular references
2018-10-08 10:02:02.537 DEBUG [-,,,] [springAppName_IS_UNDEFINED,,,,] 14256 --- [           main] o.s.b.f.s.DefaultListableBeanFactory     : Returning cached instance of singleton bean &apos;org.springframework.retry.annotation.RetryConfiguration&apos;
2018-10-08 10:02:02.538 DEBUG [-,,,] [springAppName_IS_UNDEFINED,,,,] 14256 --- [           main] o.s.b.f.s.DefaultListableBeanFactory     : Returning cached instance of singleton bean &apos;org.springframework.retry.annotation.RetryConfiguration&apos;
2018-10-08 10:02:02.538 DEBUG [-,,,] [springAppName_IS_UNDEFINED,,,,] 14256 --- [           main] o.s.b.f.s.DefaultListableBeanFactory     : Finished creating instance of bean &apos;environmentDecryptApplicationListener&apos;
2018-10-08 10:02:02.538 DEBUG [-,,,] [springAppName_IS_UNDEFINED,,,,] 14256 --- [           main] o.s.b.f.s.DefaultListableBeanFactory     : Returning cached instance of singleton bean &apos;encrypt-org.springframework.cloud.bootstrap.encrypt.KeyProperties&apos;
2018-10-08 10:02:02.538 DEBUG [-,,,] [springAppName_IS_UNDEFINED,,,,] 14256 --- [           main] o.s.b.f.s.DefaultListableBeanFactory     : Returning cached instance of singleton bean &apos;org.springframework.boot.autoconfigure.condition.BeanTypeRegistry&apos;
2018-10-08 10:02:02.538 DEBUG [-,,,] [springAppName_IS_UNDEFINED,,,,] 14256 --- [           main] o.s.b.f.s.DefaultListableBeanFactory     : Returning cached instance of singleton bean &apos;configurationPropertiesBeans&apos;
2018-10-08 10:02:02.538 DEBUG [-,,,] [springAppName_IS_UNDEFINED,,,,] 14256 --- [           main] o.s.b.f.s.DefaultListableBeanFactory     : Creating shared instance of singleton bean &apos;configurationPropertiesRebinder&apos;
2018-10-08 10:02:02.538 DEBUG [-,,,] [springAppName_IS_UNDEFINED,,,,] 14256 --- [           main] o.s.b.f.s.DefaultListableBeanFactory     : Creating instance of bean &apos;configurationPropertiesRebinder&apos;
2018-10-08 10:02:02.539 DEBUG [-,,,] [springAppName_IS_UNDEFINED,,,,] 14256 --- [           main] o.s.b.f.s.DefaultListableBeanFactory     : Returning cached instance of singleton bean &apos;org.springframework.retry.annotation.RetryConfiguration&apos;
2018-10-08 10:02:02.539 DEBUG [-,,,] [springAppName_IS_UNDEFINED,,,,] 14256 --- [           main] o.s.b.f.s.DefaultListableBeanFactory     : Returning cached instance of singleton bean &apos;configurationPropertiesRebinderAutoConfiguration&apos;
2018-10-08 10:02:02.539 DEBUG [-,,,] [springAppName_IS_UNDEFINED,,,,] 14256 --- [           main] o.s.b.f.s.DefaultListableBeanFactory     : Returning cached instance of singleton bean &apos;configurationPropertiesBeans&apos;
2018-10-08 10:02:02.539 DEBUG [-,,,] [springAppName_IS_UNDEFINED,,,,] 14256 --- [           main] o.s.b.f.s.DefaultListableBeanFactory     : Autowiring by type from bean name &apos;configurationPropertiesRebinder&apos; via factory method to bean named &apos;configurationPropertiesBeans&apos;
2018-10-08 10:02:02.543 DEBUG [-,,,] [springAppName_IS_UNDEFINED,,,,] 14256 --- [           main] o.s.b.f.s.DefaultListableBeanFactory     : Eagerly caching bean &apos;configurationPropertiesRebinder&apos; to allow for resolving potential circular references
2018-10-08 10:02:02.548 DEBUG [-,,,] [springAppName_IS_UNDEFINED,,,,] 14256 --- [           main] o.s.b.f.s.DefaultListableBeanFactory     : Returning cached instance of singleton bean &apos;org.springframework.retry.annotation.RetryConfiguration&apos;
2018-10-08 10:02:02.549 DEBUG [-,,,] [springAppName_IS_UNDEFINED,,,,] 14256 --- [           main] o.s.b.f.s.DefaultListableBeanFactory     : Returning cached instance of singleton bean &apos;org.springframework.retry.annotation.RetryConfiguration&apos;
2018-10-08 10:02:02.549 DEBUG [-,,,] [springAppName_IS_UNDEFINED,,,,] 14256 --- [           main] o.s.b.f.s.DefaultListableBeanFactory     : Finished creating instance of bean &apos;configurationPropertiesRebinder&apos;
2018-10-08 10:02:02.549 DEBUG [-,,,] [springAppName_IS_UNDEFINED,,,,] 14256 --- [           main] o.s.b.f.s.DefaultListableBeanFactory     : Returning cached instance of singleton bean &apos;propertySourcesPlaceholderConfigurer&apos;
2018-10-08 10:02:02.549 DEBUG [-,,,] [springAppName_IS_UNDEFINED,,,,] 14256 --- [           main] o.s.b.f.s.DefaultListableBeanFactory     : Returning cached instance of singleton bean &apos;org.springframework.retry.annotation.RetryConfiguration&apos;
2018-10-08 10:02:02.549 DEBUG [-,,,] [springAppName_IS_UNDEFINED,,,,] 14256 --- [           main] o.s.b.f.s.DefaultListableBeanFactory     : Creating shared instance of singleton bean &apos;org.springframework.boot.autoconfigure.aop.AopAutoConfiguration$CglibAutoProxyConfiguration&apos;
2018-10-08 10:02:02.549 DEBUG [-,,,] [springAppName_IS_UNDEFINED,,,,] 14256 --- [           main] o.s.b.f.s.DefaultListableBeanFactory     : Creating instance of bean &apos;org.springframework.boot.autoconfigure.aop.AopAutoConfiguration$CglibAutoProxyConfiguration&apos;
2018-10-08 10:02:02.550 DEBUG [-,,,] [springAppName_IS_UNDEFINED,,,,] 14256 --- [           main] o.s.b.f.s.DefaultListableBeanFactory     : Returning cached instance of singleton bean &apos;org.springframework.retry.annotation.RetryConfiguration&apos;
2018-10-08 10:02:02.550 DEBUG [-,,,] [springAppName_IS_UNDEFINED,,,,] 14256 --- [           main] o.s.b.f.s.DefaultListableBeanFactory     : Eagerly caching bean &apos;org.springframework.boot.autoconfigure.aop.AopAutoConfiguration$CglibAutoProxyConfiguration&apos; to allow for resolving potential circular references
2018-10-08 10:02:02.556 DEBUG [-,,,] [springAppName_IS_UNDEFINED,,,,] 14256 --- [           main] o.s.b.f.s.DefaultListableBeanFactory     : Returning cached instance of singleton bean &apos;org.springframework.retry.annotation.RetryConfiguration&apos;
2018-10-08 10:02:02.556 DEBUG [-,,,] [springAppName_IS_UNDEFINED,,,,] 14256 --- [           main] o.s.b.f.s.DefaultListableBeanFactory     : Returning cached instance of singleton bean &apos;org.springframework.retry.annotation.RetryConfiguration&apos;
2018-10-08 10:02:02.557 DEBUG [-,,,] [springAppName_IS_UNDEFINED,,,,] 14256 --- [           main] o.s.b.f.s.DefaultListableBeanFactory     : Finished creating instance of bean &apos;org.springframework.boot.autoconfigure.aop.AopAutoConfiguration$CglibAutoProxyConfiguration&apos;
2018-10-08 10:02:02.557 DEBUG [-,,,] [springAppName_IS_UNDEFINED,,,,] 14256 --- [           main] o.s.b.f.s.DefaultListableBeanFactory     : Returning cached instance of singleton bean &apos;org.springframework.aop.config.internalAutoProxyCreator&apos;
2018-10-08 10:02:02.557 DEBUG [-,,,] [springAppName_IS_UNDEFINED,,,,] 14256 --- [           main] o.s.b.f.s.DefaultListableBeanFactory     : Creating shared instance of singleton bean &apos;org.springframework.boot.autoconfigure.aop.AopAutoConfiguration&apos;
2018-10-08 10:02:02.557 DEBUG [-,,,] [springAppName_IS_UNDEFINED,,,,] 14256 --- [           main] o.s.b.f.s.DefaultListableBeanFactory     : Creating instance of bean &apos;org.springframework.boot.autoconfigure.aop.AopAutoConfiguration&apos;
2018-10-08 10:02:02.557 DEBUG [-,,,] [springAppName_IS_UNDEFINED,,,,] 14256 --- [           main] o.s.b.f.s.DefaultListableBeanFactory     : Returning cached instance of singleton bean &apos;org.springframework.retry.annotation.RetryConfiguration&apos;
2018-10-08 10:02:02.558 DEBUG [-,,,] [springAppName_IS_UNDEFINED,,,,] 14256 --- [           main] o.s.b.f.s.DefaultListableBeanFactory     : Eagerly caching bean &apos;org.springframework.boot.autoconfigure.aop.AopAutoConfiguration&apos; to allow for resolving potential circular references
2018-10-08 10:02:02.564 DEBUG [-,,,] [springAppName_IS_UNDEFINED,,,,] 14256 --- [           main] o.s.b.f.s.DefaultListableBeanFactory     : Returning cached instance of singleton bean &apos;org.springframework.retry.annotation.RetryConfiguration&apos;
2018-10-08 10:02:02.564 DEBUG [-,,,] [springAppName_IS_UNDEFINED,,,,] 14256 --- [           main] o.s.b.f.s.DefaultListableBeanFactory     : Returning cached instance of singleton bean &apos;org.springframework.retry.annotation.RetryConfiguration&apos;
2018-10-08 10:02:02.564 DEBUG [-,,,] [springAppName_IS_UNDEFINED,,,,] 14256 --- [           main] o.s.b.f.s.DefaultListableBeanFactory     : Finished creating instance of bean &apos;org.springframework.boot.autoconfigure.aop.AopAutoConfiguration&apos;
2018-10-08 10:02:02.565 DEBUG [-,,,] [springAppName_IS_UNDEFINED,,,,] 14256 --- [           main] o.s.b.f.s.DefaultListableBeanFactory     : Creating shared instance of singleton bean &apos;org.springframework.cloud.config.client.ConfigServiceBootstrapConfiguration$RetryConfiguration&apos;
2018-10-08 10:02:02.565 DEBUG [-,,,] [springAppName_IS_UNDEFINED,,,,] 14256 --- [           main] o.s.b.f.s.DefaultListableBeanFactory     : Creating instance of bean &apos;org.springframework.cloud.config.client.ConfigServiceBootstrapConfiguration$RetryConfiguration&apos;
2018-10-08 10:02:02.565 DEBUG [-,,,] [springAppName_IS_UNDEFINED,,,,] 14256 --- [           main] o.s.b.f.s.DefaultListableBeanFactory     : Returning cached instance of singleton bean &apos;org.springframework.retry.annotation.RetryConfiguration&apos;
2018-10-08 10:02:02.566 DEBUG [-,,,] [springAppName_IS_UNDEFINED,,,,] 14256 --- [           main] o.s.b.f.s.DefaultListableBeanFactory     : Eagerly caching bean &apos;org.springframework.cloud.config.client.ConfigServiceBootstrapConfiguration$RetryConfiguration&apos; to allow for resolving potential circular references
2018-10-08 10:02:02.572 DEBUG [-,,,] [springAppName_IS_UNDEFINED,,,,] 14256 --- [           main] o.s.b.f.s.DefaultListableBeanFactory     : Returning cached instance of singleton bean &apos;org.springframework.retry.annotation.RetryConfiguration&apos;
2018-10-08 10:02:02.572 DEBUG [-,,,] [springAppName_IS_UNDEFINED,,,,] 14256 --- [           main] o.s.b.f.s.DefaultListableBeanFactory     : Returning cached instance of singleton bean &apos;org.springframework.retry.annotation.RetryConfiguration&apos;
2018-10-08 10:02:02.572 DEBUG [-,,,] [springAppName_IS_UNDEFINED,,,,] 14256 --- [           main] o.s.b.f.s.DefaultListableBeanFactory     : Finished creating instance of bean &apos;org.springframework.cloud.config.client.ConfigServiceBootstrapConfiguration$RetryConfiguration&apos;
2018-10-08 10:02:02.572 DEBUG [-,,,] [springAppName_IS_UNDEFINED,,,,] 14256 --- [           main] o.s.b.f.s.DefaultListableBeanFactory     : Creating shared instance of singleton bean &apos;configServerRetryInterceptor&apos;
2018-10-08 10:02:02.573 DEBUG [-,,,] [springAppName_IS_UNDEFINED,,,,] 14256 --- [           main] o.s.b.f.s.DefaultListableBeanFactory     : Creating instance of bean &apos;configServerRetryInterceptor&apos;
2018-10-08 10:02:02.573 DEBUG [-,,,] [springAppName_IS_UNDEFINED,,,,] 14256 --- [           main] o.s.b.f.s.DefaultListableBeanFactory     : Returning cached instance of singleton bean &apos;org.springframework.cloud.config.client.ConfigServiceBootstrapConfiguration$RetryConfiguration&apos;
2018-10-08 10:02:02.573 DEBUG [-,,,] [springAppName_IS_UNDEFINED,,,,] 14256 --- [           main] o.s.b.f.s.DefaultListableBeanFactory     : Creating shared instance of singleton bean &apos;spring.cloud.config.retry-org.springframework.cloud.config.client.RetryProperties&apos;
2018-10-08 10:02:02.573 DEBUG [-,,,] [springAppName_IS_UNDEFINED,,,,] 14256 --- [           main] o.s.b.f.s.DefaultListableBeanFactory     : Creating instance of bean &apos;spring.cloud.config.retry-org.springframework.cloud.config.client.RetryProperties&apos;
2018-10-08 10:02:02.574 DEBUG [-,,,] [springAppName_IS_UNDEFINED,,,,] 14256 --- [           main] o.s.b.f.s.DefaultListableBeanFactory     : Returning cached instance of singleton bean &apos;org.springframework.retry.annotation.RetryConfiguration&apos;
2018-10-08 10:02:02.574 DEBUG [-,,,] [springAppName_IS_UNDEFINED,,,,] 14256 --- [           main] o.s.b.f.s.DefaultListableBeanFactory     : Eagerly caching bean &apos;spring.cloud.config.retry-org.springframework.cloud.config.client.RetryProperties&apos; to allow for resolving potential circular references
2018-10-08 10:02:02.577 DEBUG [-,,,] [springAppName_IS_UNDEFINED,,,,] 14256 --- [           main] o.s.b.f.s.DefaultListableBeanFactory     : Returning cached instance of singleton bean &apos;org.springframework.retry.annotation.RetryConfiguration&apos;
2018-10-08 10:02:02.577 DEBUG [-,,,] [springAppName_IS_UNDEFINED,,,,] 14256 --- [           main] o.s.b.f.s.DefaultListableBeanFactory     : Returning cached instance of singleton bean &apos;org.springframework.retry.annotation.RetryConfiguration&apos;
2018-10-08 10:02:02.577 DEBUG [-,,,] [springAppName_IS_UNDEFINED,,,,] 14256 --- [           main] o.s.b.f.s.DefaultListableBeanFactory     : Finished creating instance of bean &apos;spring.cloud.config.retry-org.springframework.cloud.config.client.RetryProperties&apos;
2018-10-08 10:02:02.577 DEBUG [-,,,] [springAppName_IS_UNDEFINED,,,,] 14256 --- [           main] o.s.b.f.s.DefaultListableBeanFactory     : Autowiring by type from bean name &apos;configServerRetryInterceptor&apos; via factory method to bean named &apos;spring.cloud.config.retry-org.springframework.cloud.config.client.RetryProperties&apos;
2018-10-08 10:02:02.590 DEBUG [-,,,] [springAppName_IS_UNDEFINED,,,,] 14256 --- [           main] o.s.b.f.s.DefaultListableBeanFactory     : Eagerly caching bean &apos;configServerRetryInterceptor&apos; to allow for resolving potential circular references
2018-10-08 10:02:02.594 DEBUG [-,,,] [springAppName_IS_UNDEFINED,,,,] 14256 --- [           main] o.s.b.f.s.DefaultListableBeanFactory     : Finished creating instance of bean &apos;configServerRetryInterceptor&apos;
2018-10-08 10:02:02.594 DEBUG [-,,,] [springAppName_IS_UNDEFINED,,,,] 14256 --- [           main] o.s.b.f.s.DefaultListableBeanFactory     : Returning cached instance of singleton bean &apos;spring.cloud.config.retry-org.springframework.cloud.config.client.RetryProperties&apos;
2018-10-08 10:02:02.594 DEBUG [-,,,] [springAppName_IS_UNDEFINED,,,,] 14256 --- [           main] o.s.b.f.s.DefaultListableBeanFactory     : Returning cached instance of singleton bean &apos;configClientProperties&apos;
2018-10-08 10:02:02.595 DEBUG [-,,,] [springAppName_IS_UNDEFINED,,,,] 14256 --- [           main] o.s.b.f.s.DefaultListableBeanFactory     : Returning cached instance of singleton bean &apos;configServicePropertySource&apos;
2018-10-08 10:02:02.595 DEBUG [-,,,] [springAppName_IS_UNDEFINED,,,,] 14256 --- [           main] o.s.b.f.s.DefaultListableBeanFactory     : Returning cached instance of singleton bean &apos;org.springframework.context.event.internalEventListenerFactory&apos;
2018-10-08 10:02:02.615 DEBUG [-,,,] [springAppName_IS_UNDEFINED,,,,] 14256 --- [           main] s.c.a.AnnotationConfigApplicationContext : Unable to locate LifecycleProcessor with name &apos;lifecycleProcessor&apos;: using default [org.springframework.context.support.DefaultLifecycleProcessor@5ec88f9e]
2018-10-08 10:02:02.615 DEBUG [-,,,] [springAppName_IS_UNDEFINED,,,,] 14256 --- [           main] o.s.b.f.s.DefaultListableBeanFactory     : Returning cached instance of singleton bean &apos;lifecycleProcessor&apos;
2018-10-08 10:02:02.618 DEBUG [-,,,] [springAppName_IS_UNDEFINED,,,,] 14256 --- [           main] o.s.b.f.s.DefaultListableBeanFactory     : Returning cached instance of singleton bean &apos;org.springframework.boot.autoconfigure.internalCachingMetadataReaderFactory&apos;
2018-10-08 10:02:02.620 DEBUG [-,,,] [springAppName_IS_UNDEFINED,,,,] 14256 --- [           main] .i.s.PathMatchingResourcePatternResolver : Resolved classpath location [/META-INF/spring-configuration-metadata.json] to resources [URL [jar:file:/D:/maven/repository/org/mybatis/spring/boot/mybatis-spring-boot-autoconfigure/1.3.2/mybatis-spring-boot-autoconfigure-1.3.2.jar!/META-INF/spring-configuration-metadata.json], URL [jar:file:/D:/maven/repository/com/github/pagehelper/pagehelper-spring-boot-autoconfigure/1.2.5/pagehelper-spring-boot-autoconfigure-1.2.5.jar!/META-INF/spring-configuration-metadata.json], URL [jar:file:/D:/maven/repository/com/alibaba/druid-spring-boot-starter/1.1.10/druid-spring-boot-starter-1.1.10.jar!/META-INF/spring-configuration-metadata.json], URL [jar:file:/D:/maven/repository/org/springframework/boot/spring-boot-autoconfigure/2.0.2.RELEASE/spring-boot-autoconfigure-2.0.2.RELEASE.jar!/META-INF/spring-configuration-metadata.json], URL [jar:file:/D:/maven/repository/de/codecentric/spring-boot-admin-client/2.0.0/spring-boot-admin-client-2.0.0.jar!/META-INF/spring-configuration-metadata.json], URL [jar:file:/D:/maven/repository/org/springframework/cloud/spring-cloud-context/2.0.1.RELEASE/spring-cloud-context-2.0.1.RELEASE.jar!/META-INF/spring-configuration-metadata.json], URL [jar:file:/D:/maven/repository/org/springframework/cloud/spring-cloud-config-client/2.0.1.RELEASE/spring-cloud-config-client-2.0.1.RELEASE.jar!/META-INF/spring-configuration-metadata.json], URL [jar:file:/D:/maven/repository/org/springframework/cloud/spring-cloud-netflix-core/2.0.1.RELEASE/spring-cloud-netflix-core-2.0.1.RELEASE.jar!/META-INF/spring-configuration-metadata.json], URL [jar:file:/D:/maven/repository/org/springframework/cloud/spring-cloud-netflix-eureka-client/2.0.1.RELEASE/spring-cloud-netflix-eureka-client-2.0.1.RELEASE.jar!/META-INF/spring-configuration-metadata.json], URL [jar:file:/D:/maven/repository/org/springframework/cloud/spring-cloud-netflix-ribbon/2.0.1.RELEASE/spring-cloud-netflix-ribbon-2.0.1.RELEASE.jar!/META-INF/spring-configuration-metadata.json], URL [jar:file:/D:/maven/repository/org/springframework/cloud/spring-cloud-sleuth-core/2.0.1.RELEASE/spring-cloud-sleuth-core-2.0.1.RELEASE.jar!/META-INF/spring-configuration-metadata.json], URL [jar:file:/D:/maven/repository/org/springframework/cloud/spring-cloud-sleuth-zipkin/2.0.1.RELEASE/spring-cloud-sleuth-zipkin-2.0.1.RELEASE.jar!/META-INF/spring-configuration-metadata.json], URL [jar:file:/D:/maven/repository/org/springframework/cloud/spring-cloud-commons/2.0.1.RELEASE/spring-cloud-commons-2.0.1.RELEASE.jar!/META-INF/spring-configuration-metadata.json], URL [jar:file:/D:/maven/repository/tk/mybatis/mapper-spring-boot-autoconfigure/2.0.2/mapper-spring-boot-autoconfigure-2.0.2.jar!/META-INF/spring-configuration-metadata.json], URL [jar:file:/D:/workspack/project/gostyu/passcloud-master/passcloud-common/passcloud-common-core/target/passcloud-common-core-0.0.1-SNAPSHOT.jar!/META-INF/spring-configuration-metadata.json], URL [jar:file:/D:/maven/repository/org/springframework/cloud/spring-cloud-security/2.0.0.RELEASE/spring-cloud-security-2.0.0.RELEASE.jar!/META-INF/spring-configuration-metadata.json], URL [jar:file:/D:/maven/repository/org/springframework/security/oauth/boot/spring-security-oauth2-autoconfigure/2.0.0.RELEASE/spring-security-oauth2-autoconfigure-2.0.0.RELEASE.jar!/META-INF/spring-configuration-metadata.json], URL [jar:file:/D:/workspack/project/gostyu/passcloud-master/passcloud-common/passcloud-common-conf/target/passcloud-common-conf-0.0.1-SNAPSHOT.jar!/META-INF/spring-configuration-metadata.json], URL [jar:file:/D:/maven/repository/org/springframework/boot/spring-boot-actuator-autoconfigure/2.0.2.RELEASE/spring-boot-actuator-autoconfigure-2.0.2.RELEASE.jar!/META-INF/spring-configuration-metadata.json], URL [jar:file:/D:/maven/repository/org/springframework/boot/spring-boot-actuator/2.0.2.RELEASE/spring-boot-actuator-2.0.2.RELEASE.jar!/META-INF/spring-configuration-metadata.json], URL [jar:file:/D:/maven/repository/org/springframework/boot/spring-boot-devtools/2.0.2.RELEASE/spring-boot-devtools-2.0.2.RELEASE.jar!/META-INF/spring-configuration-metadata.json], URL [jar:file:/D:/maven/repository/org/springframework/boot/spring-boot/2.0.2.RELEASE/spring-boot-2.0.2.RELEASE.jar!/META-INF/spring-configuration-metadata.json], URL [jar:file:/D:/maven/repository/org/springframework/boot/spring-boot-test-autoconfigure/2.0.2.RELEASE/spring-boot-test-autoconfigure-2.0.2.RELEASE.jar!/META-INF/spring-configuration-metadata.json]]
2018-10-08 10:02:02.664 DEBUG [-,,,] [springAppName_IS_UNDEFINED,,,,] 14256 --- [           main] ConditionEvaluationReportLoggingListener : 


============================
CONDITIONS EVALUATION REPORT
============================


Positive matches:
-----------------

   AopAutoConfiguration matched:
      - @ConditionalOnClass found required classes &apos;org.springframework.context.annotation.EnableAspectJAutoProxy&apos;, &apos;org.aspectj.lang.annotation.Aspect&apos;, &apos;org.aspectj.lang.reflect.Advice&apos;, &apos;org.aspectj.weaver.AnnotatedElement&apos;; @ConditionalOnMissingClass did not find unwanted class (OnClassCondition)
      - @ConditionalOnProperty (spring.aop.auto=true) matched (OnPropertyCondition)

   AopAutoConfiguration.CglibAutoProxyConfiguration matched:
      - @ConditionalOnProperty (spring.aop.proxy-target-class=true) matched (OnPropertyCondition)

   ConfigServiceBootstrapConfiguration#configServicePropertySource matched:
      - @ConditionalOnProperty (spring.cloud.config.enabled) matched (OnPropertyCondition)
      - @ConditionalOnMissingBean (types: org.springframework.cloud.config.client.ConfigServicePropertySourceLocator; SearchStrategy: all) did not find any beans (OnBeanCondition)

   ConfigServiceBootstrapConfiguration.RetryConfiguration matched:
      - @ConditionalOnClass found required classes &apos;org.springframework.retry.annotation.Retryable&apos;, &apos;org.aspectj.lang.annotation.Aspect&apos;, &apos;org.springframework.boot.autoconfigure.aop.AopAutoConfiguration&apos;; @ConditionalOnMissingClass did not find unwanted class (OnClassCondition)
      - @ConditionalOnProperty (spring.cloud.config.fail-fast) matched (OnPropertyCondition)

   ConfigServiceBootstrapConfiguration.RetryConfiguration#configServerRetryInterceptor matched:
      - @ConditionalOnMissingBean (names: configServerRetryInterceptor; SearchStrategy: all) did not find any beans (OnBeanCondition)

   ConfigurationPropertiesRebinderAutoConfiguration matched:
      - @ConditionalOnBean (types: org.springframework.boot.context.properties.ConfigurationPropertiesBindingPostProcessor; SearchStrategy: all) found bean &apos;org.springframework.boot.context.properties.ConfigurationPropertiesBindingPostProcessor&apos; (OnBeanCondition)

   ConfigurationPropertiesRebinderAutoConfiguration#configurationPropertiesBeans matched:
      - @ConditionalOnMissingBean (types: org.springframework.cloud.context.properties.ConfigurationPropertiesBeans; SearchStrategy: current) did not find any beans (OnBeanCondition)

   ConfigurationPropertiesRebinderAutoConfiguration#configurationPropertiesRebinder matched:
      - @ConditionalOnMissingBean (types: org.springframework.cloud.context.properties.ConfigurationPropertiesRebinder; SearchStrategy: current) did not find any beans (OnBeanCondition)

   EncryptionBootstrapConfiguration matched:
      - @ConditionalOnClass found required class &apos;org.springframework.security.crypto.encrypt.TextEncryptor&apos;; @ConditionalOnMissingClass did not find unwanted class (OnClassCondition)

   PropertyPlaceholderAutoConfiguration#propertySourcesPlaceholderConfigurer matched:
      - @ConditionalOnMissingBean (types: org.springframework.context.support.PropertySourcesPlaceholderConfigurer; SearchStrategy: current) did not find any beans (OnBeanCondition)


Negative matches:
-----------------

   AopAutoConfiguration.JdkDynamicAutoProxyConfiguration:
      Did not match:
         - @ConditionalOnProperty (spring.aop.proxy-target-class=false) did not find property &apos;proxy-target-class&apos; (OnPropertyCondition)

   DiscoveryClientConfigServiceBootstrapConfiguration:
      Did not match:
         - @ConditionalOnProperty (spring.cloud.config.discovery.enabled) did not find property &apos;spring.cloud.config.discovery.enabled&apos; (OnPropertyCondition)

   EncryptionBootstrapConfiguration.RsaEncryptionConfiguration:
      Did not match:
         - Keystore nor key found in Environment (EncryptionBootstrapConfiguration.KeyCondition)
      Matched:
         - @ConditionalOnClass found required class &apos;org.springframework.security.rsa.crypto.RsaSecretEncryptor&apos;; @ConditionalOnMissingClass did not find unwanted class (OnClassCondition)

   EncryptionBootstrapConfiguration.VanillaEncryptionConfiguration:
      Did not match:
         - @ConditionalOnMissingClass found unwanted class &apos;org.springframework.security.rsa.crypto.RsaSecretEncryptor&apos; (OnClassCondition)

   EurekaDiscoveryClientConfigServiceBootstrapConfiguration:
      Did not match:
         - @ConditionalOnProperty (spring.cloud.config.discovery.enabled) did not find property &apos;spring.cloud.config.discovery.enabled&apos; (OnPropertyCondition)
      Matched:
         - @ConditionalOnClass found required class &apos;org.springframework.cloud.config.client.ConfigServicePropertySourceLocator&apos;; @ConditionalOnMissingClass did not find unwanted class (OnClassCondition)


Exclusions:
-----------

    None


Unconditional classes:
----------------------

    None



2018-10-08 10:02:02.668 DEBUG [-,,,] [springAppName_IS_UNDEFINED,,,,] 14256 --- [           main] o.s.c.e.PropertySourcesPropertyResolver  : Could not find key &apos;spring.liveBeansView.mbeanDomain&apos; in any property source
2018-10-08 10:02:02.672 DEBUG [-,,,] [springAppName_IS_UNDEFINED,,,,] 14256 --- [           main] o.s.boot.devtools.restart.Restarter      : Creating new Restarter for thread Thread[main,5,main]
2018-10-08 10:02:02.676 DEBUG [-,,,] [springAppName_IS_UNDEFINED,,,,] 14256 --- [           main] o.s.core.env.StandardEnvironment         : Removing PropertySource &apos;bootstrap&apos;
2018-10-08 10:02:02.676 DEBUG [-,,,] [springAppName_IS_UNDEFINED,,,,] 14256 --- [           main] o.s.core.env.StandardEnvironment         : Adding PropertySource &apos;defaultProperties&apos; with lowest search precedence
2018-10-08 10:02:02.677 DEBUG [-,,,] [springAppName_IS_UNDEFINED,,,,] 14256 --- [           main] o.s.core.env.StandardEnvironment         : Removing PropertySource &apos;springCloudClientHostInfo&apos;
2018-10-08 10:02:02.677 DEBUG [-,,,] [springAppName_IS_UNDEFINED,,,,] 14256 --- [           main] o.s.core.env.StandardEnvironment         : Removing PropertySource &apos;applicationConfig: [classpath:/bootstrap.yml]&apos;
2018-10-08 10:02:02.677 DEBUG [-,,,] [springAppName_IS_UNDEFINED,,,,] 14256 --- [           main] o.s.core.env.StandardEnvironment         : Replacing PropertySource &apos;defaultProperties&apos; with &apos;defaultProperties&apos;
2018-10-08 10:02:02.677 DEBUG [-,,,] [springAppName_IS_UNDEFINED,,,,] 14256 --- [           main] o.s.core.env.StandardEnvironment         : Replacing PropertySource &apos;defaultProperties&apos; with &apos;defaultProperties&apos;
2018-10-08 10:02:02.677 DEBUG [-,,,] [springAppName_IS_UNDEFINED,,,,] 14256 --- [           main] o.s.b.f.s.DefaultListableBeanFactory     : Returning cached instance of singleton bean &apos;propertySourceBootstrapConfiguration&apos;
2018-10-08 10:02:02.678 DEBUG [-,,,] [springAppName_IS_UNDEFINED,,,,] 14256 --- [           main] o.s.b.f.s.DefaultListableBeanFactory     : Returning cached instance of singleton bean &apos;environmentDecryptApplicationListener&apos;
2018-10-08 10:02:04.007 DEBUG [-,,,] [provider-opc,,,,] 14256 --- [           main] o.s.c.e.PropertySourcesPropertyResolver  : Could not find key &apos;logging.register-shutdown-hook&apos; in any property source
2018-10-08 10:02:04.012 DEBUG [-,,,] [provider-opc,,,,] 14256 --- [           main] .c.l.ClasspathLoggingApplicationListener : Application started with classpath: [file:/D:/workspack/project/gostyu/passcloud-master/paascloud-provider/paascloud-provider-opc/target/surefire/surefirebooter3556540888258900826.jar]
2018-10-08 10:02:04.060 DEBUG [-,,,] [provider-opc,,,,] 14256 --- [           main] o.s.c.e.PropertySourcesPropertyResolver  : Could not find key &apos;context.listener.classes&apos; in any property source
2018-10-08 10:02:04.060 DEBUG [-,,,] [provider-opc,,,,] 14256 --- [           main] o.s.core.env.StandardEnvironment         : Removing PropertySource &apos;configurationProperties&apos;
2018-10-08 10:02:04.068 DEBUG [-,,,] [provider-opc,,,,] 14256 --- [           main] o.s.core.env.StandardEnvironment         : Adding PropertySource &apos;configurationProperties&apos; with highest search precedence
2018-10-08 10:02:04.071 DEBUG [-,,,] [provider-opc,,,,] 14256 --- [           main] o.s.c.e.PropertySourcesPropertyResolver  : Could not find key &apos;spring.banner.image.location&apos; in any property source
2018-10-08 10:02:04.073 DEBUG [-,,,] [provider-opc,,,,] 14256 --- [           main] o.s.c.e.PropertySourcesPropertyResolver  : Could not find key &apos;spring.banner.location&apos; in any property source
2018-10-08 10:02:04.075 DEBUG [-,,,] [provider-opc,,,,] 14256 --- [           main] o.s.c.e.PropertySourcesPropertyResolver  : Could not find key &apos;spring.banner.charset&apos; in any property source
2018-10-08 10:02:04.076 DEBUG [-,,,] [provider-opc,,,,] 14256 --- [           main] o.s.core.env.MutablePropertySources      : Adding PropertySource &apos;version&apos; with lowest search precedence
2018-10-08 10:02:04.077 DEBUG [-,,,] [provider-opc,,,,] 14256 --- [           main] o.s.core.env.MutablePropertySources      : Adding PropertySource &apos;ansi&apos; with highest search precedence
2018-10-08 10:02:04.077 DEBUG [-,,,] [provider-opc,,,,] 14256 --- [           main] o.s.core.env.MutablePropertySources      : Adding PropertySource &apos;title&apos; with highest search precedence
2018-10-08 10:02:04.077 DEBUG [-,,,] [provider-opc,,,,] 14256 --- [           main] o.s.c.e.PropertySourcesPropertyResolver  : Could not find key &apos;AnsiColor.BRIGHT_CYAN&apos; in any property source
2018-10-08 10:02:04.078 DEBUG [-,,,] [provider-opc,,,,] 14256 --- [           main] o.s.c.e.PropertySourcesPropertyResolver  : Could not find key &apos;AnsiColor.BRIGHT_CYAN&apos; in any property source
2018-10-08 10:02:04.078 DEBUG [-,,,] [provider-opc,,,,] 14256 --- [           main] o.s.c.e.PropertySourcesPropertyResolver  : Found key &apos;AnsiColor.BRIGHT_CYAN&apos; in PropertySource &apos;ansi&apos; with value of type String

                                  .__                   .___                  __
___________  _____    ______ ____ |  |   ____  __ __  __| _/     ____   _____/  |_
\____ \__  \ \__  \  /  ___// ___\|  |  /  _ \|  |  \/ __ |     /    \_/ __ \   __\
|  |_&gt; &gt; __ \_/ __ \_\___ \\  \___|  |_(  &lt;_&gt; )  |  / /_/ |    |   |  \  ___/|  |
|   __(____  (____  /____  &gt;\___  &gt;____/\____/|____/\____ | /\ |___|  /\___  &gt;__|
|__|       \/     \/     \/     \/ Powered by liyuzhang\/ \/      \/     \/
2018-10-08 10:02:04.081 DEBUG [-,,,] [provider-opc,,,,] 14256 --- [           main] o.s.w.c.s.StandardServletEnvironment     : Adding PropertySource &apos;servletConfigInitParams&apos; with lowest search precedence
2018-10-08 10:02:04.081 DEBUG [-,,,] [provider-opc,,,,] 14256 --- [           main] o.s.w.c.s.StandardServletEnvironment     : Adding PropertySource &apos;servletContextInitParams&apos; with lowest search precedence
2018-10-08 10:02:04.086 DEBUG [-,,,] [provider-opc,,,,] 14256 --- [           main] o.s.w.c.s.StandardServletEnvironment     : Adding PropertySource &apos;systemProperties&apos; with lowest search precedence
2018-10-08 10:02:04.086 DEBUG [-,,,] [provider-opc,,,,] 14256 --- [           main] o.s.w.c.s.StandardServletEnvironment     : Adding PropertySource &apos;systemEnvironment&apos; with lowest search precedence
2018-10-08 10:02:04.087 DEBUG [-,,,] [provider-opc,,,,] 14256 --- [           main] o.s.w.c.s.StandardServletEnvironment     : Initialized StandardServletEnvironment with PropertySources [StubPropertySource@215694469 {name=&apos;servletConfigInitParams&apos;, properties=java.lang.Object@37606fee}, StubPropertySource@869437194 {name=&apos;servletContextInitParams&apos;, properties=java.lang.Object@48d739f}, MapPropertySource@1374115999 {name=&apos;systemProperties&apos;, properties={idea.version=2017.3.2, java.runtime.name=Java(TM) SE Runtime Environment, sun.boot.library.path=C:\Program Files\Java\jdk1.8.0_40\jre\bin, java.vm.version=25.25-b02, java.vm.vendor=Oracle Corporation, java.vendor.url=http://java.oracle.com/, path.separator=;, java.vm.name=Java HotSpot(TM) 64-Bit Server VM, file.encoding.pkg=sun.io, user.country=CN, user.script=, sun.java.launcher=SUN_STANDARD, sun.os.patch.level=, PID=14256, java.vm.specification.name=Java Virtual Machine Specification, user.dir=D:\workspack\project\gostyu\passcloud-master\paascloud-provider\paascloud-provider-opc, java.runtime.version=1.8.0_25-b18, basedir=D:\workspack\project\gostyu\passcloud-master\paascloud-provider\paascloud-provider-opc, java.awt.graphicsenv=sun.awt.Win32GraphicsEnvironment, java.endorsed.dirs=C:\Program Files\Java\jdk1.8.0_40\jre\lib\endorsed, os.arch=amd64, surefire.real.class.path=D:\workspack\project\gostyu\passcloud-master\paascloud-provider\paascloud-provider-opc\target\surefire\surefirebooter3556540888258900826.jar, java.io.tmpdir=C:\Users\Shinelon\AppData\Local\Temp\, line.separator=
, java.vm.specification.vendor=Oracle Corporation, user.variant=, os.name=Windows 8.1, LOG_LEVEL_PATTERN=%5p [-,%X{X-B3-TraceId:-},%X{X-B3-SpanId:-},%X{X-Span-Export:-}], sun.jnu.encoding=GBK, spring.beaninfo.ignore=true, java.library.path=C:\Program Files\Java\jdk1.8.0_40\jre\bin;C:\WINDOWS\Sun\Java\bin;C:\WINDOWS\system32;C:\WINDOWS;D:\workspack\python\Scripts\;D:\workspack\python\;D:\workspack\oracle\app\oracle\product\11.2.0\server\bin;C:\ProgramData\Oracle\Java\javapath;C:\Program Files (x86)\Intel\iCLS Client\;C:\Program Files\Intel\iCLS Client\;C:\Windows\system32;C:\Windows;C:\Windows\System32\Wbem;C:\Windows\System32\WindowsPowerShell\v1.0\;C:\Program Files (x86)\Intel\Intel(R) Management Engine Components\DAL;C:\Program Files\Intel\Intel(R) Management Engine Components\DAL;C:\Program Files (x86)\Intel\Intel(R) Management Engine Components\IPT;C:\Program Files\Intel\Intel(R) Management Engine Components\IPT;D:\workspack\MySql\MySQL Server 5.5\bin;D:\maven\apache-maven-3.5.0\bin;D:\gradle\gradle-3.5-all\gradle-3.5\bin;D:\workspack\SVN\bin;C:\Program Files\Intel\WiFi\bin\;C:\Program Files\Common Files\Intel\WirelessCommon\;C:\WINDOWS\system32;C:\WINDOWS;C:\WINDOWS\System32\Wbem;C:\WINDOWS\System32\WindowsPowerShell\v1.0\;C:\Program Files (x86)\NVIDIA Corporation\PhysX\Common;C:\Program Files\erl9.3\bin;C:\Program Files\Java\jdk1.7.0_13\bin;D:\workspack\nodejs\;D:\workspack\GIT\Git\cmd;D:\workspack\consul;;C:\WINDOWS\system32;C:\WINDOWS;C:\WINDOWS\System32\Wbem;C:\WINDOWS\System32\WindowsPowerShell\v1.0\;C:\WINDOWS\System32\OpenSSH\;D:\workspack\gpg\Gpg4win\..\GnuPG\bin;C:\Program Files\Intel\WiFi\bin\;C:\Program Files\Common Files\Intel\WirelessCommon\;C:\Users\Shinelon\AppData\Local\Microsoft\WindowsApps;C:\Users\Shinelon\AppData\Local\GitHubDesktop\bin;C:\Users\Shinelon\AppData\Roaming\npm;%USERPROFILE%\AppData\Local\Microsoft\WindowsApps;;., surefire.test.class.path=D:\workspack\project\gostyu\passcloud-master\paascloud-provider\paascloud-provider-opc\target\test-classes;D:\workspack\project\gostyu\passcloud-master\paascloud-provider\paascloud-provider-opc\target\classes;D:\maven\repository\mysql\mysql-connector-java\5.1.46\mysql-connector-java-5.1.46.jar;D:\maven\repository\joda-time\joda-time\2.9.9\joda-time-2.9.9.jar;D:\maven\repository\org\mybatis\spring\boot\mybatis-spring-boot-starter\1.3.2\mybatis-spring-boot-starter-1.3.2.jar;D:\maven\repository\org\springframework\boot\spring-boot-starter\2.0.2.RELEASE\spring-boot-starter-2.0.2.RELEASE.jar;D:\maven\repository\org\springframework\boot\spring-boot-starter-logging\2.0.2.RELEASE\spring-boot-starter-logging-2.0.2.RELEASE.jar;D:\maven\repository\org\apache\logging\log4j\log4j-to-slf4j\2.10.0\log4j-to-slf4j-2.10.0.jar;D:\maven\repository\org\apache\logging\log4j\log4j-api\2.10.0\log4j-api-2.10.0.jar;D:\maven\repository\org\slf4j\jul-to-slf4j\1.7.25\jul-to-slf4j-1.7.25.jar;D:\maven\repository\javax\annotation\javax.annotation-api\1.3.2\javax.annotation-api-1.3.2.jar;D:\maven\repository\org\springframework\boot\spring-boot-starter-jdbc\2.0.2.RELEASE\spring-boot-starter-jdbc-2.0.2.RELEASE.jar;D:\maven\repository\com\zaxxer\HikariCP\2.7.9\HikariCP-2.7.9.jar;D:\maven\repository\org\springframework\spring-jdbc\5.0.6.RELEASE\spring-jdbc-5.0.6.RELEASE.jar;D:\maven\repository\org\mybatis\spring\boot\mybatis-spring-boot-autoconfigure\1.3.2\mybatis-spring-boot-autoconfigure-1.3.2.jar;D:\maven\repository\org\mybatis\mybatis\3.4.6\mybatis-3.4.6.jar;D:\maven\repository\org\mybatis\mybatis-spring\1.3.2\mybatis-spring-1.3.2.jar;D:\maven\repository\com\github\pagehelper\pagehelper-spring-boot-starter\1.2.5\pagehelper-spring-boot-starter-1.2.5.jar;D:\maven\repository\com\github\pagehelper\pagehelper-spring-boot-autoconfigure\1.2.5\pagehelper-spring-boot-autoconfigure-1.2.5.jar;D:\maven\repository\com\github\pagehelper\pagehelper\5.1.4\pagehelper-5.1.4.jar;D:\maven\repository\com\github\jsqlparser\jsqlparser\1.0\jsqlparser-1.0.jar;D:\maven\repository\com\alibaba\druid-spring-boot-starter\1.1.10\druid-spring-boot-starter-1.1.10.jar;D:\maven\repository\org\slf4j\slf4j-api\1.7.25\slf4j-api-1.7.25.jar;D:\maven\repository\org\springframework\boot\spring-boot-autoconfigure\2.0.2.RELEASE\spring-boot-autoconfigure-2.0.2.RELEASE.jar;D:\maven\repository\org\springframework\cloud\spring-cloud-starter-feign\1.4.5.RELEASE\spring-cloud-starter-feign-1.4.5.RELEASE.jar;D:\maven\repository\org\springframework\cloud\spring-cloud-starter-openfeign\2.0.1.RELEASE\spring-cloud-starter-openfeign-2.0.1.RELEASE.jar;D:\maven\repository\org\springframework\cloud\spring-cloud-openfeign-core\2.0.1.RELEASE\spring-cloud-openfeign-core-2.0.1.RELEASE.jar;D:\maven\repository\io\github\openfeign\feign-core\9.5.1\feign-core-9.5.1.jar;D:\maven\repository\io\github\openfeign\feign-slf4j\9.5.1\feign-slf4j-9.5.1.jar;D:\maven\repository\io\github\openfeign\feign-hystrix\9.5.1\feign-hystrix-9.5.1.jar;D:\maven\repository\io\github\openfeign\feign-java8\9.5.1\feign-java8-9.5.1.jar;D:\maven\repository\com\fasterxml\jackson\core\jackson-databind\2.9.5\jackson-databind-2.9.5.jar;D:\maven\repository\com\fasterxml\jackson\core\jackson-annotations\2.9.0\jackson-annotations-2.9.0.jar;D:\maven\repository\com\fasterxml\jackson\core\jackson-core\2.9.5\jackson-core-2.9.5.jar;D:\workspack\project\gostyu\passcloud-master\paascloud-provider-api\paascloud-provider-omc-api\target\paascloud-provider-omc-api-0.0.1-SNAPSHOT.jar;D:\workspack\project\gostyu\passcloud-master\passcloud-common\passcloud-common-base\target\passcloud-common-base-0.0.1-SNAPSHOT.jar;D:\workspack\project\gostyu\passcloud-master\passcloud-common\passcloud-security-feign\target\passcloud-security-feign-0.0.1-SNAPSHOT.jar;D:\maven\repository\com\netflix\feign\feign-okhttp\8.18.0\feign-okhttp-8.18.0.jar;D:\maven\repository\com\netflix\feign\feign-core\8.18.0\feign-core-8.18.0.jar;D:\maven\repository\org\jvnet\animal-sniffer-annotation\1.0\animal-sniffer-annotation-1.0.jar;D:\workspack\project\gostyu\passcloud-master\paascloud-provider-api\paascloud-provider-mdc-api\target\paascloud-provider-mdc-api-0.0.1-SNAPSHOT.jar;D:\workspack\project\gostyu\passcloud-master\paascloud-provider-api\paascloud-provider-opc-api\target\paascloud-provider-opc-api-0.0.1-SNAPSHOT.jar;D:\maven\repository\io\github\openfeign\form\feign-form\3.0.3\feign-form-3.0.3.jar;D:\maven\repository\io\github\openfeign\form\feign-form-spring\3.0.3\feign-form-spring-3.0.3.jar;D:\workspack\project\gostyu\passcloud-master\paascloud-provider-api\paascloud-provider-sdk-api\target\paascloud-provider-sdk-api-0.0.1-SNAPSHOT.jar;D:\workspack\project\gostyu\passcloud-master\paascloud-provider-api\paascloud-provider-tpc-api\target\paascloud-provider-tpc-api-0.0.1-SNAPSHOT.jar;D:\workspack\project\gostyu\passcloud-master\passcloud-common\passcloud-common-zk\target\passcloud-common-zk-0.0.1-SNAPSHOT.jar;D:\maven\repository\org\apache\curator\curator-framework\4.0.1\curator-framework-4.0.1.jar;D:\maven\repository\org\apache\curator\curator-recipes\4.0.1\curator-recipes-4.0.1.jar;D:\maven\repository\org\apache\curator\curator-client\4.0.1\curator-client-4.0.1.jar;D:\maven\repository\org\apache\zookeeper\zookeeper\3.5.3-beta\zookeeper-3.5.3-beta.jar;D:\maven\repository\commons-cli\commons-cli\1.2\commons-cli-1.2.jar;D:\maven\repository\io\netty\netty\3.10.5.Final\netty-3.10.5.Final.jar;D:\maven\repository\tk\mybatis\mapper\4.0.3\mapper-4.0.3.jar;D:\maven\repository\javax\persistence\persistence-api\1.0.2\persistence-api-1.0.2.jar;D:\maven\repository\org\aspectj\aspectjweaver\1.8.13\aspectjweaver-1.8.13.jar;D:\maven\repository\org\springframework\spring-tx\5.0.6.RELEASE\spring-tx-5.0.6.RELEASE.jar;D:\maven\repository\org\springframework\spring-beans\5.0.6.RELEASE\spring-beans-5.0.6.RELEASE.jar;D:\maven\repository\org\apache\rocketmq\rocketmq-client\4.3.0\rocketmq-client-4.3.0.jar;D:\maven\repository\org\apache\rocketmq\rocketmq-common\4.3.0\rocketmq-common-4.3.0.jar;D:\maven\repository\org\apache\rocketmq\rocketmq-remoting\4.3.0\rocketmq-remoting-4.3.0.jar;D:\maven\repository\io\netty\netty-all\4.1.24.Final\netty-all-4.1.24.Final.jar;D:\maven\repository\org\apache\rocketmq\rocketmq-logging\4.3.0\rocketmq-logging-4.3.0.jar;D:\maven\repository\io\netty\netty-tcnative-boringssl-static\1.1.33.Fork26\netty-tcnative-boringssl-static-1.1.33.Fork26.jar;D:\maven\repository\com\aliyun\aliyun-java-sdk-core\4.0.7\aliyun-java-sdk-core-4.0.7.jar;D:\maven\repository\com\google\code\gson\gson\2.8.4\gson-2.8.4.jar;D:\maven\repository\org\apache\httpcomponents\httpclient\4.5.5\httpclient-4.5.5.jar;D:\maven\repository\org\apache\httpcomponents\httpcore\4.4.9\httpcore-4.4.9.jar;D:\maven\repository\javax\xml\bind\jaxb-api\2.3.0\jaxb-api-2.3.0.jar;D:\maven\repository\com\sun\xml\bind\jaxb-core\2.1.14\jaxb-core-2.1.14.jar;D:\maven\repository\com\sun\xml\bind\jaxb-impl\2.1\jaxb-impl-2.1.jar;D:\maven\repository\javax\activation\activation\1.1.1\activation-1.1.1.jar;D:\maven\repository\com\aliyun\aliyun-java-sdk-dysmsapi\1.1.0\aliyun-java-sdk-dysmsapi-1.1.0.jar;D:\maven\repository\com\qiniu\qiniu-java-sdk\7.2.14\qiniu-java-sdk-7.2.14.jar;D:\maven\repository\com\squareup\okhttp3\okhttp\3.8.1\okhttp-3.8.1.jar;D:\maven\repository\com\squareup\okio\okio\1.13.0\okio-1.13.0.jar;D:\maven\repository\com\qiniu\happy-dns-java\0.1.6\happy-dns-java-0.1.6.jar;D:\maven\repository\org\springframework\boot\spring-boot-starter-mail\2.0.2.RELEASE\spring-boot-starter-mail-2.0.2.RELEASE.jar;D:\maven\repository\org\springframework\spring-context\5.0.6.RELEASE\spring-context-5.0.6.RELEASE.jar;D:\maven\repository\org\springframework\spring-expression\5.0.6.RELEASE\spring-expression-5.0.6.RELEASE.jar;D:\maven\repository\org\springframework\spring-context-support\5.0.6.RELEASE\spring-context-support-5.0.6.RELEASE.jar;D:\maven\repository\com\sun\mail\javax.mail\1.6.1\javax.mail-1.6.1.jar;D:\maven\repository\org\springframework\boot\spring-boot-starter-freemarker\2.0.2.RELEASE\spring-boot-starter-freemarker-2.0.2.RELEASE.jar;D:\maven\repository\org\freemarker\freemarker\2.3.28\freemarker-2.3.28.jar;D:\maven\repository\de\codecentric\spring-boot-admin-starter-client\2.0.0\spring-boot-admin-starter-client-2.0.0.jar;D:\maven\repository\de\codecentric\spring-boot-admin-client\2.0.0\spring-boot-admin-client-2.0.0.jar;D:\maven\repository\com\github\penggle\kaptcha\2.3.2\kaptcha-2.3.2.jar;D:\maven\repository\javax\servlet\javax.servlet-api\3.1.0\javax.servlet-api-3.1.0.jar;D:\maven\repository\com\jhlabs\filters\2.0.235-1\filters-2.0.235-1.jar;D:\maven\repository\commons-io\commons-io\2.6\commons-io-2.6.jar;D:\maven\repository\org\springframework\retry\spring-retry\1.2.2.RELEASE\spring-retry-1.2.2.RELEASE.jar;D:\maven\repository\org\springframework\spring-core\5.0.6.RELEASE\spring-core-5.0.6.RELEASE.jar;D:\maven\repository\org\springframework\spring-jcl\5.0.6.RELEASE\spring-jcl-5.0.6.RELEASE.jar;D:\maven\repository\org\springframework\cloud\spring-cloud-starter-config\2.0.1.RELEASE\spring-cloud-starter-config-2.0.1.RELEASE.jar;D:\maven\repository\org\springframework\cloud\spring-cloud-starter\2.0.1.RELEASE\spring-cloud-starter-2.0.1.RELEASE.jar;D:\maven\repository\org\springframework\cloud\spring-cloud-context\2.0.1.RELEASE\spring-cloud-context-2.0.1.RELEASE.jar;D:\maven\repository\org\springframework\security\spring-security-rsa\1.0.5.RELEASE\spring-security-rsa-1.0.5.RELEASE.jar;D:\maven\repository\org\springframework\cloud\spring-cloud-config-client\2.0.1.RELEASE\spring-cloud-config-client-2.0.1.RELEASE.jar;D:\maven\repository\org\springframework\cloud\spring-cloud-starter-netflix-eureka-client\2.0.1.RELEASE\spring-cloud-starter-netflix-eureka-client-2.0.1.RELEASE.jar;D:\maven\repository\org\springframework\cloud\spring-cloud-netflix-core\2.0.1.RELEASE\spring-cloud-netflix-core-2.0.1.RELEASE.jar;D:\maven\repository\org\springframework\cloud\spring-cloud-netflix-eureka-client\2.0.1.RELEASE\spring-cloud-netflix-eureka-client-2.0.1.RELEASE.jar;D:\maven\repository\com\netflix\eureka\eureka-client\1.9.3\eureka-client-1.9.3.jar;D:\maven\repository\org\codehaus\jettison\jettison\1.3.7\jettison-1.3.7.jar;D:\maven\repository\stax\stax-api\1.0.1\stax-api-1.0.1.jar;D:\maven\repository\com\netflix\netflix-commons\netflix-eventbus\0.3.0\netflix-eventbus-0.3.0.jar;D:\maven\repository\com\netflix\netflix-commons\netflix-infix\0.3.0\netflix-infix-0.3.0.jar;D:\maven\repository\commons-jxpath\commons-jxpath\1.3\commons-jxpath-1.3.jar;D:\maven\repository\org\antlr\antlr-runtime\3.4\antlr-runtime-3.4.jar;D:\maven\repository\org\antlr\stringtemplate\3.2.1\stringtemplate-3.2.1.jar;D:\maven\repository\antlr\antlr\2.7.7\antlr-2.7.7.jar;D:\maven\repository\org\apache\commons\commons-math\2.2\commons-math-2.2.jar;D:\maven\repository\com\netflix\archaius\archaius-core\0.7.6\archaius-core-0.7.6.jar;D:\maven\repository\javax\ws\rs\jsr311-api\1.1.1\jsr311-api-1.1.1.jar;D:\maven\repository\com\netflix\servo\servo-core\0.12.21\servo-core-0.12.21.jar;D:\maven\repository\com\sun\jersey\jersey-core\1.19.1\jersey-core-1.19.1.jar;D:\maven\repository\com\sun\jersey\jersey-client\1.19.1\jersey-client-1.19.1.jar;D:\maven\repository\com\sun\jersey\contribs\jersey-apache-client4\1.19.1\jersey-apache-client4-1.19.1.jar;D:\maven\repository\com\google\inject\guice\4.1.0\guice-4.1.0.jar;D:\maven\repository\javax\inject\javax.inject\1\javax.inject-1.jar;D:\maven\repository\aopalliance\aopalliance\1.0\aopalliance-1.0.jar;D:\maven\repository\com\github\vlsi\compactmap\compactmap\1.2.1\compactmap-1.2.1.jar;D:\maven\repository\com\github\andrewoma\dexx\dexx-collections\0.2\dexx-collections-0.2.jar;D:\maven\repository\com\netflix\eureka\eureka-core\1.9.3\eureka-core-1.9.3.jar;D:\maven\repository\org\codehaus\woodstox\woodstox-core-asl\4.4.1\woodstox-core-asl-4.4.1.jar;D:\maven\repository\javax\xml\stream\stax-api\1.0-2\stax-api-1.0-2.jar;D:\maven\repository\org\codehaus\woodstox\stax2-api\3.1.4\stax2-api-3.1.4.jar;D:\maven\repository\org\springframework\cloud\spring-cloud-starter-netflix-archaius\2.0.1.RELEASE\spring-cloud-starter-netflix-archaius-2.0.1.RELEASE.jar;D:\maven\repository\org\springframework\cloud\spring-cloud-netflix-ribbon\2.0.1.RELEASE\spring-cloud-netflix-ribbon-2.0.1.RELEASE.jar;D:\maven\repository\org\springframework\cloud\spring-cloud-netflix-archaius\2.0.1.RELEASE\spring-cloud-netflix-archaius-2.0.1.RELEASE.jar;D:\maven\repository\commons-configuration\commons-configuration\1.8\commons-configuration-1.8.jar;D:\maven\repository\commons-lang\commons-lang\2.6\commons-lang-2.6.jar;D:\maven\repository\org\springframework\cloud\spring-cloud-starter-netflix-ribbon\2.0.1.RELEASE\spring-cloud-starter-netflix-ribbon-2.0.1.RELEASE.jar;D:\maven\repository\com\netflix\ribbon\ribbon\2.2.5\ribbon-2.2.5.jar;D:\maven\repository\com\netflix\ribbon\ribbon-transport\2.2.5\ribbon-transport-2.2.5.jar;D:\maven\repository\io\reactivex\rxnetty-contexts\0.4.9\rxnetty-contexts-0.4.9.jar;D:\maven\repository\io\reactivex\rxnetty-servo\0.4.9\rxnetty-servo-0.4.9.jar;D:\maven\repository\io\reactivex\rxnetty\0.4.9\rxnetty-0.4.9.jar;D:\maven\repository\io\netty\netty-codec-http\4.1.24.Final\netty-codec-http-4.1.24.Final.jar;D:\maven\repository\io\netty\netty-codec\4.1.24.Final\netty-codec-4.1.24.Final.jar;D:\maven\repository\io\netty\netty-transport-native-epoll\4.1.24.Final\netty-transport-native-epoll-4.1.24.Final.jar;D:\maven\repository\io\netty\netty-common\4.1.24.Final\netty-common-4.1.24.Final.jar;D:\maven\repository\io\netty\netty-buffer\4.1.24.Final\netty-buffer-4.1.24.Final.jar;D:\maven\repository\io\netty\netty-transport-native-unix-common\4.1.24.Final\netty-transport-native-unix-common-4.1.24.Final.jar;D:\maven\repository\io\netty\netty-transport\4.1.24.Final\netty-transport-4.1.24.Final.jar;D:\maven\repository\io\netty\netty-resolver\4.1.24.Final\netty-resolver-4.1.24.Final.jar;D:\maven\repository\com\netflix\ribbon\ribbon-core\2.2.5\ribbon-core-2.2.5.jar;D:\maven\repository\com\netflix\ribbon\ribbon-httpclient\2.2.5\ribbon-httpclient-2.2.5.jar;D:\maven\repository\com\netflix\netflix-commons\netflix-commons-util\0.3.0\netflix-commons-util-0.3.0.jar;D:\maven\repository\com\netflix\ribbon\ribbon-loadbalancer\2.2.5\ribbon-loadbalancer-2.2.5.jar;D:\maven\repository\com\netflix\netflix-commons\netflix-statistics\0.1.1\netflix-statistics-0.1.1.jar;D:\maven\repository\io\reactivex\rxjava\1.2.0\rxjava-1.2.0.jar;D:\maven\repository\com\netflix\ribbon\ribbon-eureka\2.2.5\ribbon-eureka-2.2.5.jar;D:\maven\repository\com\thoughtworks\xstream\xstream\1.4.10\xstream-1.4.10.jar;D:\maven\repository\xmlpull\xmlpull\1.1.3.1\xmlpull-1.1.3.1.jar;D:\maven\repository\xpp3\xpp3_min\1.1.4c\xpp3_min-1.1.4c.jar;D:\maven\repository\org\springframework\cloud\spring-cloud-starter-sleuth\2.0.1.RELEASE\spring-cloud-starter-sleuth-2.0.1.RELEASE.jar;D:\maven\repository\org\springframework\cloud\spring-cloud-sleuth-core\2.0.1.RELEASE\spring-cloud-sleuth-core-2.0.1.RELEASE.jar;D:\maven\repository\org\aspectj\aspectjrt\1.8.13\aspectjrt-1.8.13.jar;D:\maven\repository\io\zipkin\brave\brave\5.1.4\brave-5.1.4.jar;D:\maven\repository\io\zipkin\brave\brave-context-log4j2\5.1.4\brave-context-log4j2-5.1.4.jar;D:\maven\repository\io\zipkin\brave\brave-instrumentation-spring-web\5.1.4\brave-instrumentation-spring-web-5.1.4.jar;D:\maven\repository\io\zipkin\brave\brave-instrumentation-http\5.1.4\brave-instrumentation-http-5.1.4.jar;D:\maven\repository\io\zipkin\brave\brave-instrumentation-spring-rabbit\5.1.4\brave-instrumentation-spring-rabbit-5.1.4.jar;D:\maven\repository\io\zipkin\brave\brave-instrumentation-kafka-clients\5.1.4\brave-instrumentation-kafka-clients-5.1.4.jar;D:\maven\repository\io\zipkin\brave\brave-instrumentation-httpclient\5.1.4\brave-instrumentation-httpclient-5.1.4.jar;D:\maven\repository\io\zipkin\brave\brave-instrumentation-httpasyncclient\5.1.4\brave-instrumentation-httpasyncclient-5.1.4.jar;D:\maven\repository\io\zipkin\brave\brave-instrumentation-spring-webmvc\5.1.4\brave-instrumentation-spring-webmvc-5.1.4.jar;D:\maven\repository\io\zipkin\brave\brave-instrumentation-servlet\5.1.4\brave-instrumentation-servlet-5.1.4.jar;D:\maven\repository\org\springframework\cloud\spring-cloud-sleuth-zipkin\2.0.1.RELEASE\spring-cloud-sleuth-zipkin-2.0.1.RELEASE.jar;D:\maven\repository\org\springframework\spring-web\5.0.6.RELEASE\spring-web-5.0.6.RELEASE.jar;D:\maven\repository\org\springframework\cloud\spring-cloud-commons\2.0.1.RELEASE\spring-cloud-commons-2.0.1.RELEASE.jar;D:\maven\repository\org\springframework\security\spring-security-crypto\5.0.5.RELEASE\spring-security-crypto-5.0.5.RELEASE.jar;D:\maven\repository\io\zipkin\zipkin2\zipkin\2.10.4\zipkin-2.10.4.jar;D:\maven\repository\io\zipkin\reporter2\zipkin-reporter\2.7.7\zipkin-reporter-2.7.7.jar;D:\maven\repository\io\zipkin\reporter2\zipkin-sender-kafka11\2.7.7\zipkin-sender-kafka11-2.7.7.jar;D:\maven\repository\io\zipkin\reporter2\zipkin-sender-amqp-client\2.7.7\zipkin-sender-amqp-client-2.7.7.jar;D:\maven\repository\tk\mybatis\mapper-spring-boot-starter\2.0.2\mapper-spring-boot-starter-2.0.2.jar;D:\maven\repository\tk\mybatis\mapper-base\1.0.1\mapper-base-1.0.1.jar;D:\maven\repository\tk\mybatis\mapper-weekend\1.1.3\mapper-weekend-1.1.3.jar;D:\maven\repository\tk\mybatis\mapper-spring\1.0.1\mapper-spring-1.0.1.jar;D:\maven\repository\tk\mybatis\mapper-extra\1.0.1\mapper-extra-1.0.1.jar;D:\maven\repository\tk\mybatis\mapper-spring-boot-autoconfigure\2.0.2\mapper-spring-boot-autoconfigure-2.0.2.jar;D:\workspack\project\gostyu\passcloud-master\passcloud-common\passcloud-common-util\target\passcloud-common-util-0.0.1-SNAPSHOT.jar;D:\maven\repository\org\apache\commons\commons-lang3\3.7\commons-lang3-3.7.jar;D:\maven\repository\ch\qos\logback\logback-classic\1.2.3\logback-classic-1.2.3.jar;D:\maven\repository\org\codehaus\jackson\jackson-smile\1.9.13\jackson-smile-1.9.13.jar;D:\maven\repository\org\codehaus\jackson\jackson-core-asl\1.9.13\jackson-core-asl-1.9.13.jar;D:\maven\repository\org\codehaus\jackson\jackson-mapper-asl\1.9.13\jackson-mapper-asl-1.9.13.jar;D:\maven\repository\com\xiaoleilu\hutool-all\3.3.2\hutool-all-3.3.2.jar;D:\maven\repository\commons-beanutils\commons-beanutils\1.9.3\commons-beanutils-1.9.3.jar;D:\maven\repository\commons-logging\commons-logging\1.2\commons-logging-1.2.jar;D:\maven\repository\commons-collections\commons-collections\3.2.2\commons-collections-3.2.2.jar;D:\maven\repository\org\springframework\boot\spring-boot-starter-data-redis\2.0.2.RELEASE\spring-boot-starter-data-redis-2.0.2.RELEASE.jar;D:\maven\repository\org\springframework\data\spring-data-redis\2.0.7.RELEASE\spring-data-redis-2.0.7.RELEASE.jar;D:\maven\repository\org\springframework\data\spring-data-keyvalue\2.0.7.RELEASE\spring-data-keyvalue-2.0.7.RELEASE.jar;D:\maven\repository\org\springframework\data\spring-data-commons\2.0.7.RELEASE\spring-data-commons-2.0.7.RELEASE.jar;D:\maven\repository\org\springframework\spring-oxm\5.0.6.RELEASE\spring-oxm-5.0.6.RELEASE.jar;D:\maven\repository\redis\clients\jedis\2.9.0\jedis-2.9.0.jar;D:\maven\repository\org\apache\commons\commons-pool2\2.5.0\commons-pool2-2.5.0.jar;D:\maven\repository\com\alibaba\fastjson\1.2.47\fastjson-1.2.47.jar;D:\workspack\project\gostyu\passcloud-master\passcloud-common\passcloud-common-core\target\passcloud-common-core-0.0.1-SNAPSHOT.jar;D:\maven\repository\org\springframework\cloud\spring-cloud-starter-oauth2\2.0.0.RELEASE\spring-cloud-starter-oauth2-2.0.0.RELEASE.jar;D:\maven\repository\org\springframework\cloud\spring-cloud-starter-security\2.0.0.RELEASE\spring-cloud-starter-security-2.0.0.RELEASE.jar;D:\maven\repository\org\springframework\cloud\spring-cloud-security\2.0.0.RELEASE\spring-cloud-security-2.0.0.RELEASE.jar;D:\maven\repository\org\springframework\boot\spring-boot-starter-security\2.0.2.RELEASE\spring-boot-starter-security-2.0.2.RELEASE.jar;D:\maven\repository\org\springframework\security\oauth\boot\spring-security-oauth2-autoconfigure\2.0.0.RELEASE\spring-security-oauth2-autoconfigure-2.0.0.RELEASE.jar;D:\maven\repository\org\springframework\security\oauth\spring-security-oauth2\2.2.1.RELEASE\spring-security-oauth2-2.2.1.RELEASE.jar;D:\maven\repository\org\springframework\security\spring-security-core\5.0.5.RELEASE\spring-security-core-5.0.5.RELEASE.jar;D:\maven\repository\org\springframework\security\spring-security-config\5.0.5.RELEASE\spring-security-config-5.0.5.RELEASE.jar;D:\maven\repository\org\springframework\security\spring-security-web\5.0.5.RELEASE\spring-security-web-5.0.5.RELEASE.jar;D:\workspack\project\gostyu\passcloud-master\passcloud-common\passcloud-common-conf\target\passcloud-common-conf-0.0.1-SNAPSHOT.jar;D:\maven\repository\eu\bitwalker\UserAgentUtils\1.20\UserAgentUtils-1.20.jar;D:\maven\repository\com\fasterxml\jackson\module\jackson-module-parameter-names\2.9.5\jackson-module-parameter-names-2.9.5.jar;D:\maven\repository\com\fasterxml\jackson\datatype\jackson-datatype-jdk8\2.9.5\jackson-datatype-jdk8-2.9.5.jar;D:\maven\repository\com\fasterxml\jackson\datatype\jackson-datatype-jsr310\2.9.5\jackson-datatype-jsr310-2.9.5.jar;D:\maven\repository\io\jsonwebtoken\jjwt\0.9.0\jjwt-0.9.0.jar;D:\maven\repository\com\arronlong\httpclientutil\httpclientutil\1.0\httpclientutil-1.0.jar;D:\maven\repository\org\apache\httpcomponents\httpmime\4.5.5\httpmime-4.5.5.jar;D:\maven\repository\org\apache\httpcomponents\httpasyncclient\4.1.3\httpasyncclient-4.1.3.jar;D:\maven\repository\org\apache\httpcomponents\httpcore-nio\4.4.9\httpcore-nio-4.4.9.jar;D:\maven\repository\log4j\log4j\1.2.17\log4j-1.2.17.jar;D:\maven\repository\com\netflix\hystrix\hystrix-core\1.5.12\hystrix-core-1.5.12.jar;D:\maven\repository\org\hdrhistogram\HdrHistogram\2.1.9\HdrHistogram-2.1.9.jar;D:\maven\repository\org\springframework\boot\spring-boot-starter-actuator\2.0.2.RELEASE\spring-boot-starter-actuator-2.0.2.RELEASE.jar;D:\maven\repository\org\springframework\boot\spring-boot-actuator-autoconfigure\2.0.2.RELEASE\spring-boot-actuator-autoconfigure-2.0.2.RELEASE.jar;D:\maven\repository\org\springframework\boot\spring-boot-actuator\2.0.2.RELEASE\spring-boot-actuator-2.0.2.RELEASE.jar;D:\maven\repository\io\micrometer\micrometer-core\1.0.4\micrometer-core-1.0.4.jar;D:\maven\repository\org\latencyutils\LatencyUtils\2.0.3\LatencyUtils-2.0.3.jar;D:\maven\repository\org\springframework\cloud\spring-cloud-starter-hystrix\1.4.5.RELEASE\spring-cloud-starter-hystrix-1.4.5.RELEASE.jar;D:\maven\repository\org\springframework\cloud\spring-cloud-starter-netflix-hystrix\2.0.1.RELEASE\spring-cloud-starter-netflix-hystrix-2.0.1.RELEASE.jar;D:\maven\repository\com\netflix\hystrix\hystrix-serialization\1.5.12\hystrix-serialization-1.5.12.jar;D:\maven\repository\com\fasterxml\jackson\module\jackson-module-afterburner\2.9.5\jackson-module-afterburner-2.9.5.jar;D:\maven\repository\com\netflix\hystrix\hystrix-metrics-event-stream\1.5.12\hystrix-metrics-event-stream-1.5.12.jar;D:\maven\repository\io\reactivex\rxjava-reactive-streams\1.2.1\rxjava-reactive-streams-1.2.1.jar;D:\maven\repository\org\reactivestreams\reactive-streams\1.0.2\reactive-streams-1.0.2.jar;D:\maven\repository\org\springframework\boot\spring-boot-starter-web\2.0.2.RELEASE\spring-boot-starter-web-2.0.2.RELEASE.jar;D:\maven\repository\org\springframework\boot\spring-boot-starter-json\2.0.2.RELEASE\spring-boot-starter-json-2.0.2.RELEASE.jar;D:\maven\repository\org\springframework\boot\spring-boot-starter-tomcat\2.0.2.RELEASE\spring-boot-starter-tomcat-2.0.2.RELEASE.jar;D:\maven\repository\org\apache\tomcat\embed\tomcat-embed-core\8.5.31\tomcat-embed-core-8.5.31.jar;D:\maven\repository\org\apache\tomcat\embed\tomcat-embed-websocket\8.5.31\tomcat-embed-websocket-8.5.31.jar;D:\maven\repository\org\hibernate\validator\hibernate-validator\6.0.9.Final\hibernate-validator-6.0.9.Final.jar;D:\maven\repository\javax\validation\validation-api\2.0.1.Final\validation-api-2.0.1.Final.jar;D:\maven\repository\org\jboss\logging\jboss-logging\3.3.2.Final\jboss-logging-3.3.2.Final.jar;D:\maven\repository\org\springframework\spring-webmvc\5.0.6.RELEASE\spring-webmvc-5.0.6.RELEASE.jar;D:\maven\repository\net\logstash\logback\logstash-logback-encoder\5.1\logstash-logback-encoder-5.1.jar;D:\maven\repository\ch\qos\logback\logback-core\1.2.3\logback-core-1.2.3.jar;D:\maven\repository\com\google\guava\guava\26.0-jre\guava-26.0-jre.jar;D:\maven\repository\com\google\code\findbugs\jsr305\3.0.2\jsr305-3.0.2.jar;D:\maven\repository\org\checkerframework\checker-qual\2.5.2\checker-qual-2.5.2.jar;D:\maven\repository\com\google\errorprone\error_prone_annotations\2.1.3\error_prone_annotations-2.1.3.jar;D:\maven\repository\com\google\j2objc\j2objc-annotations\1.1\j2objc-annotations-1.1.jar;D:\maven\repository\org\codehaus\mojo\animal-sniffer-annotations\1.14\animal-sniffer-annotations-1.14.jar;D:\maven\repository\org\springframework\boot\spring-boot-starter-validation\2.0.2.RELEASE\spring-boot-starter-validation-2.0.2.RELEASE.jar;D:\maven\repository\org\apache\tomcat\embed\tomcat-embed-el\8.5.31\tomcat-embed-el-8.5.31.jar;D:\maven\repository\io\springfox\springfox-swagger-ui\2.8.0\springfox-swagger-ui-2.8.0.jar;D:\maven\repository\io\springfox\springfox-spring-web\2.8.0\springfox-spring-web-2.8.0.jar;D:\maven\repository\org\reflections\reflections\0.9.11\reflections-0.9.11.jar;D:\maven\repository\org\javassist\javassist\3.21.0-GA\javassist-3.21.0-GA.jar;D:\maven\repository\io\springfox\springfox-swagger2\2.8.0\springfox-swagger2-2.8.0.jar;D:\maven\repository\io\swagger\swagger-annotations\1.5.18\swagger-annotations-1.5.18.jar;D:\maven\repository\io\swagger\swagger-models\1.5.14\swagger-models-1.5.14.jar;D:\maven\repository\io\springfox\springfox-spi\2.8.0\springfox-spi-2.8.0.jar;D:\maven\repository\io\springfox\springfox-core\2.8.0\springfox-core-2.8.0.jar;D:\maven\repository\io\springfox\springfox-schema\2.8.0\springfox-schema-2.8.0.jar;D:\maven\repository\io\springfox\springfox-swagger-common\2.8.0\springfox-swagger-common-2.8.0.jar;D:\maven\repository\com\fasterxml\classmate\1.3.4\classmate-1.3.4.jar;D:\maven\repository\org\springframework\plugin\spring-plugin-core\1.2.0.RELEASE\spring-plugin-core-1.2.0.RELEASE.jar;D:\maven\repository\org\springframework\plugin\spring-plugin-metadata\1.2.0.RELEASE\spring-plugin-metadata-1.2.0.RELEASE.jar;D:\maven\repository\org\mapstruct\mapstruct\1.2.0.Final\mapstruct-1.2.0.Final.jar;D:\maven\repository\commons-codec\commons-codec\1.11\commons-codec-1.11.jar;D:\maven\repository\com\alibaba\druid\1.1.10\druid-1.1.10.jar;D:\maven\repository\org\mybatis\generator\mybatis-generator-core\1.3.7\mybatis-generator-core-1.3.7.jar;D:\maven\repository\org\springframework\boot\spring-boot-configuration-processor\2.0.2.RELEASE\spring-boot-configuration-processor-2.0.2.RELEASE.jar;D:\maven\repository\org\springframework\boot\spring-boot-devtools\2.0.2.RELEASE\spring-boot-devtools-2.0.2.RELEASE.jar;D:\maven\repository\org\springframework\boot\spring-boot\2.0.2.RELEASE\spring-boot-2.0.2.RELEASE.jar;D:\maven\repository\org\springframework\boot\spring-boot-starter-aop\2.0.2.RELEASE\spring-boot-starter-aop-2.0.2.RELEASE.jar;D:\maven\repository\org\springframework\spring-aop\5.0.6.RELEASE\spring-aop-5.0.6.RELEASE.jar;D:\maven\repository\org\modelmapper\modelmapper\2.1.1\modelmapper-2.1.1.jar;D:\maven\repository\org\jolokia\jolokia-core\1.5.0\jolokia-core-1.5.0.jar;D:\maven\repository\com\googlecode\json-simple\json-simple\1.1.1\json-simple-1.1.1.jar;D:\maven\repository\org\springframework\security\spring-security-jwt\1.0.9.RELEASE\spring-security-jwt-1.0.9.RELEASE.jar;D:\maven\repository\org\bouncycastle\bcpkix-jdk15on\1.56\bcpkix-jdk15on-1.56.jar;D:\maven\repository\org\bouncycastle\bcprov-jdk15on\1.56\bcprov-jdk15on-1.56.jar;D:\maven\repository\org\liquibase\liquibase-core\3.5.3\liquibase-core-3.5.3.jar;D:\maven\repository\org\yaml\snakeyaml\1.19\snakeyaml-1.19.jar;D:\maven\repository\org\springframework\cloud\spring-cloud-starter-zipkin\2.0.1.RELEASE\spring-cloud-starter-zipkin-2.0.1.RELEASE.jar;D:\maven\repository\org\springframework\amqp\spring-rabbit\2.0.3.RELEASE\spring-rabbit-2.0.3.RELEASE.jar;D:\maven\repository\org\springframework\amqp\spring-amqp\2.0.3.RELEASE\spring-amqp-2.0.3.RELEASE.jar;D:\maven\repository\com\rabbitmq\amqp-client\5.1.2\amqp-client-5.1.2.jar;D:\maven\repository\org\springframework\spring-messaging\5.0.6.RELEASE\spring-messaging-5.0.6.RELEASE.jar;D:\maven\repository\org\springframework\boot\spring-boot-starter-undertow\2.0.2.RELEASE\spring-boot-starter-undertow-2.0.2.RELEASE.jar;D:\maven\repository\io\undertow\undertow-core\1.4.25.Final\undertow-core-1.4.25.Final.jar;D:\maven\repository\org\jboss\xnio\xnio-api\3.3.8.Final\xnio-api-3.3.8.Final.jar;D:\maven\repository\org\jboss\xnio\xnio-nio\3.3.8.Final\xnio-nio-3.3.8.Final.jar;D:\maven\repository\io\undertow\undertow-servlet\1.4.25.Final\undertow-servlet-1.4.25.Final.jar;D:\maven\repository\org\jboss\spec\javax\annotation\jboss-annotations-api_1.2_spec\1.0.2.Final\jboss-annotations-api_1.2_spec-1.0.2.Final.jar;D:\maven\repository\io\undertow\undertow-websockets-jsr\1.4.25.Final\undertow-websockets-jsr-1.4.25.Final.jar;D:\maven\repository\org\jboss\spec\javax\websocket\jboss-websocket-api_1.1_spec\1.1.3.Final\jboss-websocket-api_1.1_spec-1.1.3.Final.jar;D:\maven\repository\org\glassfish\javax.el\3.0.0\javax.el-3.0.0.jar;D:\maven\repository\org\springframework\boot\spring-boot-starter-test\2.0.2.RELEASE\spring-boot-starter-test-2.0.2.RELEASE.jar;D:\maven\repository\org\springframework\boot\spring-boot-test\2.0.2.RELEASE\spring-boot-test-2.0.2.RELEASE.jar;D:\maven\repository\org\springframework\boot\spring-boot-test-autoconfigure\2.0.2.RELEASE\spring-boot-test-autoconfigure-2.0.2.RELEASE.jar;D:\maven\repository\com\jayway\jsonpath\json-path\2.4.0\json-path-2.4.0.jar;D:\maven\repository\net\minidev\json-smart\2.3\json-smart-2.3.jar;D:\maven\repository\net\minidev\accessors-smart\1.2\accessors-smart-1.2.jar;D:\maven\repository\junit\junit\4.12\junit-4.12.jar;D:\maven\repository\org\assertj\assertj-core\3.9.1\assertj-core-3.9.1.jar;D:\maven\repository\org\mockito\mockito-core\2.15.0\mockito-core-2.15.0.jar;D:\maven\repository\net\bytebuddy\byte-buddy\1.7.11\byte-buddy-1.7.11.jar;D:\maven\repository\net\bytebuddy\byte-buddy-agent\1.7.11\byte-buddy-agent-1.7.11.jar;D:\maven\repository\org\objenesis\objenesis\2.6\objenesis-2.6.jar;D:\maven\repository\org\hamcrest\hamcrest-core\1.3\hamcrest-core-1.3.jar;D:\maven\repository\org\hamcrest\hamcrest-library\1.3\hamcrest-library-1.3.jar;D:\maven\repository\org\skyscreamer\jsonassert\1.5.0\jsonassert-1.5.0.jar;D:\maven\repository\com\vaadin\external\google\android-json\0.0.20131108.vaadin1\android-json-0.0.20131108.vaadin1.jar;D:\maven\repository\org\springframework\spring-test\5.0.6.RELEASE\spring-test-5.0.6.RELEASE.jar;D:\maven\repository\org\xmlunit\xmlunit-core\2.5.1\xmlunit-core-2.5.1.jar;D:\maven\repository\org\springframework\boot\spring-boot-properties-migrator\2.0.4.RELEASE\spring-boot-properties-migrator-2.0.4.RELEASE.jar;D:\maven\repository\org\springframework\boot\spring-boot-configuration-metadata\2.0.2.RELEASE\spring-boot-configuration-metadata-2.0.2.RELEASE.jar;D:\maven\repository\com\netflix\hystrix\hystrix-javanica\1.5.12\hystrix-javanica-1.5.12.jar;D:\maven\repository\org\ow2\asm\asm\5.0.4\asm-5.0.4.jar;D:\maven\repository\org\projectlombok\lombok\1.16.20\lombok-1.16.20.jar;, java.specification.name=Java Platform API Specification, java.class.version=52.0, sun.management.compiler=HotSpot 64-Bit Tiered Compilers, os.version=6.3, user.home=C:\Users\Shinelon, user.timezone=Asia/Shanghai, java.awt.printerjob=sun.awt.windows.WPrinterJob, file.encoding=GBK, java.specification.version=1.8, java.class.path=D:\workspack\project\gostyu\passcloud-master\paascloud-provider\paascloud-provider-opc\target\test-classes;D:\workspack\project\gostyu\passcloud-master\paascloud-provider\paascloud-provider-opc\target\classes;D:\maven\repository\mysql\mysql-connector-java\5.1.46\mysql-connector-java-5.1.46.jar;D:\maven\repository\joda-time\joda-time\2.9.9\joda-time-2.9.9.jar;D:\maven\repository\org\mybatis\spring\boot\mybatis-spring-boot-starter\1.3.2\mybatis-spring-boot-starter-1.3.2.jar;D:\maven\repository\org\springframework\boot\spring-boot-starter\2.0.2.RELEASE\spring-boot-starter-2.0.2.RELEASE.jar;D:\maven\repository\org\springframework\boot\spring-boot-starter-logging\2.0.2.RELEASE\spring-boot-starter-logging-2.0.2.RELEASE.jar;D:\maven\repository\org\apache\logging\log4j\log4j-to-slf4j\2.10.0\log4j-to-slf4j-2.10.0.jar;D:\maven\repository\org\apache\logging\log4j\log4j-api\2.10.0\log4j-api-2.10.0.jar;D:\maven\repository\org\slf4j\jul-to-slf4j\1.7.25\jul-to-slf4j-1.7.25.jar;D:\maven\repository\javax\annotation\javax.annotation-api\1.3.2\javax.annotation-api-1.3.2.jar;D:\maven\repository\org\springframework\boot\spring-boot-starter-jdbc\2.0.2.RELEASE\spring-boot-starter-jdbc-2.0.2.RELEASE.jar;D:\maven\repository\com\zaxxer\HikariCP\2.7.9\HikariCP-2.7.9.jar;D:\maven\repository\org\springframework\spring-jdbc\5.0.6.RELEASE\spring-jdbc-5.0.6.RELEASE.jar;D:\maven\repository\org\mybatis\spring\boot\mybatis-spring-boot-autoconfigure\1.3.2\mybatis-spring-boot-autoconfigure-1.3.2.jar;D:\maven\repository\org\mybatis\mybatis\3.4.6\mybatis-3.4.6.jar;D:\maven\repository\org\mybatis\mybatis-spring\1.3.2\mybatis-spring-1.3.2.jar;D:\maven\repository\com\github\pagehelper\pagehelper-spring-boot-starter\1.2.5\pagehelper-spring-boot-starter-1.2.5.jar;D:\maven\repository\com\github\pagehelper\pagehelper-spring-boot-autoconfigure\1.2.5\pagehelper-spring-boot-autoconfigure-1.2.5.jar;D:\maven\repository\com\github\pagehelper\pagehelper\5.1.4\pagehelper-5.1.4.jar;D:\maven\repository\com\github\jsqlparser\jsqlparser\1.0\jsqlparser-1.0.jar;D:\maven\repository\com\alibaba\druid-spring-boot-starter\1.1.10\druid-spring-boot-starter-1.1.10.jar;D:\maven\repository\org\slf4j\slf4j-api\1.7.25\slf4j-api-1.7.25.jar;D:\maven\repository\org\springframework\boot\spring-boot-autoconfigure\2.0.2.RELEASE\spring-boot-autoconfigure-2.0.2.RELEASE.jar;D:\maven\repository\org\springframework\cloud\spring-cloud-starter-feign\1.4.5.RELEASE\spring-cloud-starter-feign-1.4.5.RELEASE.jar;D:\maven\repository\org\springframework\cloud\spring-cloud-starter-openfeign\2.0.1.RELEASE\spring-cloud-starter-openfeign-2.0.1.RELEASE.jar;D:\maven\repository\org\springframework\cloud\spring-cloud-openfeign-core\2.0.1.RELEASE\spring-cloud-openfeign-core-2.0.1.RELEASE.jar;D:\maven\repository\io\github\openfeign\feign-core\9.5.1\feign-core-9.5.1.jar;D:\maven\repository\io\github\openfeign\feign-slf4j\9.5.1\feign-slf4j-9.5.1.jar;D:\maven\repository\io\github\openfeign\feign-hystrix\9.5.1\feign-hystrix-9.5.1.jar;D:\maven\repository\io\github\openfeign\feign-java8\9.5.1\feign-java8-9.5.1.jar;D:\maven\repository\com\fasterxml\jackson\core\jackson-databind\2.9.5\jackson-databind-2.9.5.jar;D:\maven\repository\com\fasterxml\jackson\core\jackson-annotations\2.9.0\jackson-annotations-2.9.0.jar;D:\maven\repository\com\fasterxml\jackson\core\jackson-core\2.9.5\jackson-core-2.9.5.jar;D:\workspack\project\gostyu\passcloud-master\paascloud-provider-api\paascloud-provider-omc-api\target\paascloud-provider-omc-api-0.0.1-SNAPSHOT.jar;D:\workspack\project\gostyu\passcloud-master\passcloud-common\passcloud-common-base\target\passcloud-common-base-0.0.1-SNAPSHOT.jar;D:\workspack\project\gostyu\passcloud-master\passcloud-common\passcloud-security-feign\target\passcloud-security-feign-0.0.1-SNAPSHOT.jar;D:\maven\repository\com\netflix\feign\feign-okhttp\8.18.0\feign-okhttp-8.18.0.jar;D:\maven\repository\com\netflix\feign\feign-core\8.18.0\feign-core-8.18.0.jar;D:\maven\repository\org\jvnet\animal-sniffer-annotation\1.0\animal-sniffer-annotation-1.0.jar;D:\workspack\project\gostyu\passcloud-master\paascloud-provider-api\paascloud-provider-mdc-api\target\paascloud-provider-mdc-api-0.0.1-SNAPSHOT.jar;D:\workspack\project\gostyu\passcloud-master\paascloud-provider-api\paascloud-provider-opc-api\target\paascloud-provider-opc-api-0.0.1-SNAPSHOT.jar;D:\maven\repository\io\github\openfeign\form\feign-form\3.0.3\feign-form-3.0.3.jar;D:\maven\repository\io\github\openfeign\form\feign-form-spring\3.0.3\feign-form-spring-3.0.3.jar;D:\workspack\project\gostyu\passcloud-master\paascloud-provider-api\paascloud-provider-sdk-api\target\paascloud-provider-sdk-api-0.0.1-SNAPSHOT.jar;D:\workspack\project\gostyu\passcloud-master\paascloud-provider-api\paascloud-provider-tpc-api\target\paascloud-provider-tpc-api-0.0.1-SNAPSHOT.jar;D:\workspack\project\gostyu\passcloud-master\passcloud-common\passcloud-common-zk\target\passcloud-common-zk-0.0.1-SNAPSHOT.jar;D:\maven\repository\org\apache\curator\curator-framework\4.0.1\curator-framework-4.0.1.jar;D:\maven\repository\org\apache\curator\curator-recipes\4.0.1\curator-recipes-4.0.1.jar;D:\maven\repository\org\apache\curator\curator-client\4.0.1\curator-client-4.0.1.jar;D:\maven\repository\org\apache\zookeeper\zookeeper\3.5.3-beta\zookeeper-3.5.3-beta.jar;D:\maven\repository\commons-cli\commons-cli\1.2\commons-cli-1.2.jar;D:\maven\repository\io\netty\netty\3.10.5.Final\netty-3.10.5.Final.jar;D:\maven\repository\tk\mybatis\mapper\4.0.3\mapper-4.0.3.jar;D:\maven\repository\javax\persistence\persistence-api\1.0.2\persistence-api-1.0.2.jar;D:\maven\repository\org\aspectj\aspectjweaver\1.8.13\aspectjweaver-1.8.13.jar;D:\maven\repository\org\springframework\spring-tx\5.0.6.RELEASE\spring-tx-5.0.6.RELEASE.jar;D:\maven\repository\org\springframework\spring-beans\5.0.6.RELEASE\spring-beans-5.0.6.RELEASE.jar;D:\maven\repository\org\apache\rocketmq\rocketmq-client\4.3.0\rocketmq-client-4.3.0.jar;D:\maven\repository\org\apache\rocketmq\rocketmq-common\4.3.0\rocketmq-common-4.3.0.jar;D:\maven\repository\org\apache\rocketmq\rocketmq-remoting\4.3.0\rocketmq-remoting-4.3.0.jar;D:\maven\repository\io\netty\netty-all\4.1.24.Final\netty-all-4.1.24.Final.jar;D:\maven\repository\org\apache\rocketmq\rocketmq-logging\4.3.0\rocketmq-logging-4.3.0.jar;D:\maven\repository\io\netty\netty-tcnative-boringssl-static\1.1.33.Fork26\netty-tcnative-boringssl-static-1.1.33.Fork26.jar;D:\maven\repository\com\aliyun\aliyun-java-sdk-core\4.0.7\aliyun-java-sdk-core-4.0.7.jar;D:\maven\repository\com\google\code\gson\gson\2.8.4\gson-2.8.4.jar;D:\maven\repository\org\apache\httpcomponents\httpclient\4.5.5\httpclient-4.5.5.jar;D:\maven\repository\org\apache\httpcomponents\httpcore\4.4.9\httpcore-4.4.9.jar;D:\maven\repository\javax\xml\bind\jaxb-api\2.3.0\jaxb-api-2.3.0.jar;D:\maven\repository\com\sun\xml\bind\jaxb-core\2.1.14\jaxb-core-2.1.14.jar;D:\maven\repository\com\sun\xml\bind\jaxb-impl\2.1\jaxb-impl-2.1.jar;D:\maven\repository\javax\activation\activation\1.1.1\activation-1.1.1.jar;D:\maven\repository\com\aliyun\aliyun-java-sdk-dysmsapi\1.1.0\aliyun-java-sdk-dysmsapi-1.1.0.jar;D:\maven\repository\com\qiniu\qiniu-java-sdk\7.2.14\qiniu-java-sdk-7.2.14.jar;D:\maven\repository\com\squareup\okhttp3\okhttp\3.8.1\okhttp-3.8.1.jar;D:\maven\repository\com\squareup\okio\okio\1.13.0\okio-1.13.0.jar;D:\maven\repository\com\qiniu\happy-dns-java\0.1.6\happy-dns-java-0.1.6.jar;D:\maven\repository\org\springframework\boot\spring-boot-starter-mail\2.0.2.RELEASE\spring-boot-starter-mail-2.0.2.RELEASE.jar;D:\maven\repository\org\springframework\spring-context\5.0.6.RELEASE\spring-context-5.0.6.RELEASE.jar;D:\maven\repository\org\springframework\spring-expression\5.0.6.RELEASE\spring-expression-5.0.6.RELEASE.jar;D:\maven\repository\org\springframework\spring-context-support\5.0.6.RELEASE\spring-context-support-5.0.6.RELEASE.jar;D:\maven\repository\com\sun\mail\javax.mail\1.6.1\javax.mail-1.6.1.jar;D:\maven\repository\org\springframework\boot\spring-boot-starter-freemarker\2.0.2.RELEASE\spring-boot-starter-freemarker-2.0.2.RELEASE.jar;D:\maven\repository\org\freemarker\freemarker\2.3.28\freemarker-2.3.28.jar;D:\maven\repository\de\codecentric\spring-boot-admin-starter-client\2.0.0\spring-boot-admin-starter-client-2.0.0.jar;D:\maven\repository\de\codecentric\spring-boot-admin-client\2.0.0\spring-boot-admin-client-2.0.0.jar;D:\maven\repository\com\github\penggle\kaptcha\2.3.2\kaptcha-2.3.2.jar;D:\maven\repository\javax\servlet\javax.servlet-api\3.1.0\javax.servlet-api-3.1.0.jar;D:\maven\repository\com\jhlabs\filters\2.0.235-1\filters-2.0.235-1.jar;D:\maven\repository\commons-io\commons-io\2.6\commons-io-2.6.jar;D:\maven\repository\org\springframework\retry\spring-retry\1.2.2.RELEASE\spring-retry-1.2.2.RELEASE.jar;D:\maven\repository\org\springframework\spring-core\5.0.6.RELEASE\spring-core-5.0.6.RELEASE.jar;D:\maven\repository\org\springframework\spring-jcl\5.0.6.RELEASE\spring-jcl-5.0.6.RELEASE.jar;D:\maven\repository\org\springframework\cloud\spring-cloud-starter-config\2.0.1.RELEASE\spring-cloud-starter-config-2.0.1.RELEASE.jar;D:\maven\repository\org\springframework\cloud\spring-cloud-starter\2.0.1.RELEASE\spring-cloud-starter-2.0.1.RELEASE.jar;D:\maven\repository\org\springframework\cloud\spring-cloud-context\2.0.1.RELEASE\spring-cloud-context-2.0.1.RELEASE.jar;D:\maven\repository\org\springframework\security\spring-security-rsa\1.0.5.RELEASE\spring-security-rsa-1.0.5.RELEASE.jar;D:\maven\repository\org\springframework\cloud\spring-cloud-config-client\2.0.1.RELEASE\spring-cloud-config-client-2.0.1.RELEASE.jar;D:\maven\repository\org\springframework\cloud\spring-cloud-starter-netflix-eureka-client\2.0.1.RELEASE\spring-cloud-starter-netflix-eureka-client-2.0.1.RELEASE.jar;D:\maven\repository\org\springframework\cloud\spring-cloud-netflix-core\2.0.1.RELEASE\spring-cloud-netflix-core-2.0.1.RELEASE.jar;D:\maven\repository\org\springframework\cloud\spring-cloud-netflix-eureka-client\2.0.1.RELEASE\spring-cloud-netflix-eureka-client-2.0.1.RELEASE.jar;D:\maven\repository\com\netflix\eureka\eureka-client\1.9.3\eureka-client-1.9.3.jar;D:\maven\repository\org\codehaus\jettison\jettison\1.3.7\jettison-1.3.7.jar;D:\maven\repository\stax\stax-api\1.0.1\stax-api-1.0.1.jar;D:\maven\repository\com\netflix\netflix-commons\netflix-eventbus\0.3.0\netflix-eventbus-0.3.0.jar;D:\maven\repository\com\netflix\netflix-commons\netflix-infix\0.3.0\netflix-infix-0.3.0.jar;D:\maven\repository\commons-jxpath\commons-jxpath\1.3\commons-jxpath-1.3.jar;D:\maven\repository\org\antlr\antlr-runtime\3.4\antlr-runtime-3.4.jar;D:\maven\repository\org\antlr\stringtemplate\3.2.1\stringtemplate-3.2.1.jar;D:\maven\repository\antlr\antlr\2.7.7\antlr-2.7.7.jar;D:\maven\repository\org\apache\commons\commons-math\2.2\commons-math-2.2.jar;D:\maven\repository\com\netflix\archaius\archaius-core\0.7.6\archaius-core-0.7.6.jar;D:\maven\repository\javax\ws\rs\jsr311-api\1.1.1\jsr311-api-1.1.1.jar;D:\maven\repository\com\netflix\servo\servo-core\0.12.21\servo-core-0.12.21.jar;D:\maven\repository\com\sun\jersey\jersey-core\1.19.1\jersey-core-1.19.1.jar;D:\maven\repository\com\sun\jersey\jersey-client\1.19.1\jersey-client-1.19.1.jar;D:\maven\repository\com\sun\jersey\contribs\jersey-apache-client4\1.19.1\jersey-apache-client4-1.19.1.jar;D:\maven\repository\com\google\inject\guice\4.1.0\guice-4.1.0.jar;D:\maven\repository\javax\inject\javax.inject\1\javax.inject-1.jar;D:\maven\repository\aopalliance\aopalliance\1.0\aopalliance-1.0.jar;D:\maven\repository\com\github\vlsi\compactmap\compactmap\1.2.1\compactmap-1.2.1.jar;D:\maven\repository\com\github\andrewoma\dexx\dexx-collections\0.2\dexx-collections-0.2.jar;D:\maven\repository\com\netflix\eureka\eureka-core\1.9.3\eureka-core-1.9.3.jar;D:\maven\repository\org\codehaus\woodstox\woodstox-core-asl\4.4.1\woodstox-core-asl-4.4.1.jar;D:\maven\repository\javax\xml\stream\stax-api\1.0-2\stax-api-1.0-2.jar;D:\maven\repository\org\codehaus\woodstox\stax2-api\3.1.4\stax2-api-3.1.4.jar;D:\maven\repository\org\springframework\cloud\spring-cloud-starter-netflix-archaius\2.0.1.RELEASE\spring-cloud-starter-netflix-archaius-2.0.1.RELEASE.jar;D:\maven\repository\org\springframework\cloud\spring-cloud-netflix-ribbon\2.0.1.RELEASE\spring-cloud-netflix-ribbon-2.0.1.RELEASE.jar;D:\maven\repository\org\springframework\cloud\spring-cloud-netflix-archaius\2.0.1.RELEASE\spring-cloud-netflix-archaius-2.0.1.RELEASE.jar;D:\maven\repository\commons-configuration\commons-configuration\1.8\commons-configuration-1.8.jar;D:\maven\repository\commons-lang\commons-lang\2.6\commons-lang-2.6.jar;D:\maven\repository\org\springframework\cloud\spring-cloud-starter-netflix-ribbon\2.0.1.RELEASE\spring-cloud-starter-netflix-ribbon-2.0.1.RELEASE.jar;D:\maven\repository\com\netflix\ribbon\ribbon\2.2.5\ribbon-2.2.5.jar;D:\maven\repository\com\netflix\ribbon\ribbon-transport\2.2.5\ribbon-transport-2.2.5.jar;D:\maven\repository\io\reactivex\rxnetty-contexts\0.4.9\rxnetty-contexts-0.4.9.jar;D:\maven\repository\io\reactivex\rxnetty-servo\0.4.9\rxnetty-servo-0.4.9.jar;D:\maven\repository\io\reactivex\rxnetty\0.4.9\rxnetty-0.4.9.jar;D:\maven\repository\io\netty\netty-codec-http\4.1.24.Final\netty-codec-http-4.1.24.Final.jar;D:\maven\repository\io\netty\netty-codec\4.1.24.Final\netty-codec-4.1.24.Final.jar;D:\maven\repository\io\netty\netty-transport-native-epoll\4.1.24.Final\netty-transport-native-epoll-4.1.24.Final.jar;D:\maven\repository\io\netty\netty-common\4.1.24.Final\netty-common-4.1.24.Final.jar;D:\maven\repository\io\netty\netty-buffer\4.1.24.Final\netty-buffer-4.1.24.Final.jar;D:\maven\repository\io\netty\netty-transport-native-unix-common\4.1.24.Final\netty-transport-native-unix-common-4.1.24.Final.jar;D:\maven\repository\io\netty\netty-transport\4.1.24.Final\netty-transport-4.1.24.Final.jar;D:\maven\repository\io\netty\netty-resolver\4.1.24.Final\netty-resolver-4.1.24.Final.jar;D:\maven\repository\com\netflix\ribbon\ribbon-core\2.2.5\ribbon-core-2.2.5.jar;D:\maven\repository\com\netflix\ribbon\ribbon-httpclient\2.2.5\ribbon-httpclient-2.2.5.jar;D:\maven\repository\com\netflix\netflix-commons\netflix-commons-util\0.3.0\netflix-commons-util-0.3.0.jar;D:\maven\repository\com\netflix\ribbon\ribbon-loadbalancer\2.2.5\ribbon-loadbalancer-2.2.5.jar;D:\maven\repository\com\netflix\netflix-commons\netflix-statistics\0.1.1\netflix-statistics-0.1.1.jar;D:\maven\repository\io\reactivex\rxjava\1.2.0\rxjava-1.2.0.jar;D:\maven\repository\com\netflix\ribbon\ribbon-eureka\2.2.5\ribbon-eureka-2.2.5.jar;D:\maven\repository\com\thoughtworks\xstream\xstream\1.4.10\xstream-1.4.10.jar;D:\maven\repository\xmlpull\xmlpull\1.1.3.1\xmlpull-1.1.3.1.jar;D:\maven\repository\xpp3\xpp3_min\1.1.4c\xpp3_min-1.1.4c.jar;D:\maven\repository\org\springframework\cloud\spring-cloud-starter-sleuth\2.0.1.RELEASE\spring-cloud-starter-sleuth-2.0.1.RELEASE.jar;D:\maven\repository\org\springframework\cloud\spring-cloud-sleuth-core\2.0.1.RELEASE\spring-cloud-sleuth-core-2.0.1.RELEASE.jar;D:\maven\repository\org\aspectj\aspectjrt\1.8.13\aspectjrt-1.8.13.jar;D:\maven\repository\io\zipkin\brave\brave\5.1.4\brave-5.1.4.jar;D:\maven\repository\io\zipkin\brave\brave-context-log4j2\5.1.4\brave-context-log4j2-5.1.4.jar;D:\maven\repository\io\zipkin\brave\brave-instrumentation-spring-web\5.1.4\brave-instrumentation-spring-web-5.1.4.jar;D:\maven\repository\io\zipkin\brave\brave-instrumentation-http\5.1.4\brave-instrumentation-http-5.1.4.jar;D:\maven\repository\io\zipkin\brave\brave-instrumentation-spring-rabbit\5.1.4\brave-instrumentation-spring-rabbit-5.1.4.jar;D:\maven\repository\io\zipkin\brave\brave-instrumentation-kafka-clients\5.1.4\brave-instrumentation-kafka-clients-5.1.4.jar;D:\maven\repository\io\zipkin\brave\brave-instrumentation-httpclient\5.1.4\brave-instrumentation-httpclient-5.1.4.jar;D:\maven\repository\io\zipkin\brave\brave-instrumentation-httpasyncclient\5.1.4\brave-instrumentation-httpasyncclient-5.1.4.jar;D:\maven\repository\io\zipkin\brave\brave-instrumentation-spring-webmvc\5.1.4\brave-instrumentation-spring-webmvc-5.1.4.jar;D:\maven\repository\io\zipkin\brave\brave-instrumentation-servlet\5.1.4\brave-instrumentation-servlet-5.1.4.jar;D:\maven\repository\org\springframework\cloud\spring-cloud-sleuth-zipkin\2.0.1.RELEASE\spring-cloud-sleuth-zipkin-2.0.1.RELEASE.jar;D:\maven\repository\org\springframework\spring-web\5.0.6.RELEASE\spring-web-5.0.6.RELEASE.jar;D:\maven\repository\org\springframework\cloud\spring-cloud-commons\2.0.1.RELEASE\spring-cloud-commons-2.0.1.RELEASE.jar;D:\maven\repository\org\springframework\security\spring-security-crypto\5.0.5.RELEASE\spring-security-crypto-5.0.5.RELEASE.jar;D:\maven\repository\io\zipkin\zipkin2\zipkin\2.10.4\zipkin-2.10.4.jar;D:\maven\repository\io\zipkin\reporter2\zipkin-reporter\2.7.7\zipkin-reporter-2.7.7.jar;D:\maven\repository\io\zipkin\reporter2\zipkin-sender-kafka11\2.7.7\zipkin-sender-kafka11-2.7.7.jar;D:\maven\repository\io\zipkin\reporter2\zipkin-sender-amqp-client\2.7.7\zipkin-sender-amqp-client-2.7.7.jar;D:\maven\repository\tk\mybatis\mapper-spring-boot-starter\2.0.2\mapper-spring-boot-starter-2.0.2.jar;D:\maven\repository\tk\mybatis\mapper-base\1.0.1\mapper-base-1.0.1.jar;D:\maven\repository\tk\mybatis\mapper-weekend\1.1.3\mapper-weekend-1.1.3.jar;D:\maven\repository\tk\mybatis\mapper-spring\1.0.1\mapper-spring-1.0.1.jar;D:\maven\repository\tk\mybatis\mapper-extra\1.0.1\mapper-extra-1.0.1.jar;D:\maven\repository\tk\mybatis\mapper-spring-boot-autoconfigure\2.0.2\mapper-spring-boot-autoconfigure-2.0.2.jar;D:\workspack\project\gostyu\passcloud-master\passcloud-common\passcloud-common-util\target\passcloud-common-util-0.0.1-SNAPSHOT.jar;D:\maven\repository\org\apache\commons\commons-lang3\3.7\commons-lang3-3.7.jar;D:\maven\repository\ch\qos\logback\logback-classic\1.2.3\logback-classic-1.2.3.jar;D:\maven\repository\org\codehaus\jackson\jackson-smile\1.9.13\jackson-smile-1.9.13.jar;D:\maven\repository\org\codehaus\jackson\jackson-core-asl\1.9.13\jackson-core-asl-1.9.13.jar;D:\maven\repository\org\codehaus\jackson\jackson-mapper-asl\1.9.13\jackson-mapper-asl-1.9.13.jar;D:\maven\repository\com\xiaoleilu\hutool-all\3.3.2\hutool-all-3.3.2.jar;D:\maven\repository\commons-beanutils\commons-beanutils\1.9.3\commons-beanutils-1.9.3.jar;D:\maven\repository\commons-logging\commons-logging\1.2\commons-logging-1.2.jar;D:\maven\repository\commons-collections\commons-collections\3.2.2\commons-collections-3.2.2.jar;D:\maven\repository\org\springframework\boot\spring-boot-starter-data-redis\2.0.2.RELEASE\spring-boot-starter-data-redis-2.0.2.RELEASE.jar;D:\maven\repository\org\springframework\data\spring-data-redis\2.0.7.RELEASE\spring-data-redis-2.0.7.RELEASE.jar;D:\maven\repository\org\springframework\data\spring-data-keyvalue\2.0.7.RELEASE\spring-data-keyvalue-2.0.7.RELEASE.jar;D:\maven\repository\org\springframework\data\spring-data-commons\2.0.7.RELEASE\spring-data-commons-2.0.7.RELEASE.jar;D:\maven\repository\org\springframework\spring-oxm\5.0.6.RELEASE\spring-oxm-5.0.6.RELEASE.jar;D:\maven\repository\redis\clients\jedis\2.9.0\jedis-2.9.0.jar;D:\maven\repository\org\apache\commons\commons-pool2\2.5.0\commons-pool2-2.5.0.jar;D:\maven\repository\com\alibaba\fastjson\1.2.47\fastjson-1.2.47.jar;D:\workspack\project\gostyu\passcloud-master\passcloud-common\passcloud-common-core\target\passcloud-common-core-0.0.1-SNAPSHOT.jar;D:\maven\repository\org\springframework\cloud\spring-cloud-starter-oauth2\2.0.0.RELEASE\spring-cloud-starter-oauth2-2.0.0.RELEASE.jar;D:\maven\repository\org\springframework\cloud\spring-cloud-starter-security\2.0.0.RELEASE\spring-cloud-starter-security-2.0.0.RELEASE.jar;D:\maven\repository\org\springframework\cloud\spring-cloud-security\2.0.0.RELEASE\spring-cloud-security-2.0.0.RELEASE.jar;D:\maven\repository\org\springframework\boot\spring-boot-starter-security\2.0.2.RELEASE\spring-boot-starter-security-2.0.2.RELEASE.jar;D:\maven\repository\org\springframework\security\oauth\boot\spring-security-oauth2-autoconfigure\2.0.0.RELEASE\spring-security-oauth2-autoconfigure-2.0.0.RELEASE.jar;D:\maven\repository\org\springframework\security\oauth\spring-security-oauth2\2.2.1.RELEASE\spring-security-oauth2-2.2.1.RELEASE.jar;D:\maven\repository\org\springframework\security\spring-security-core\5.0.5.RELEASE\spring-security-core-5.0.5.RELEASE.jar;D:\maven\repository\org\springframework\security\spring-security-config\5.0.5.RELEASE\spring-security-config-5.0.5.RELEASE.jar;D:\maven\repository\org\springframework\security\spring-security-web\5.0.5.RELEASE\spring-security-web-5.0.5.RELEASE.jar;D:\workspack\project\gostyu\passcloud-master\passcloud-common\passcloud-common-conf\target\passcloud-common-conf-0.0.1-SNAPSHOT.jar;D:\maven\repository\eu\bitwalker\UserAgentUtils\1.20\UserAgentUtils-1.20.jar;D:\maven\repository\com\fasterxml\jackson\module\jackson-module-parameter-names\2.9.5\jackson-module-parameter-names-2.9.5.jar;D:\maven\repository\com\fasterxml\jackson\datatype\jackson-datatype-jdk8\2.9.5\jackson-datatype-jdk8-2.9.5.jar;D:\maven\repository\com\fasterxml\jackson\datatype\jackson-datatype-jsr310\2.9.5\jackson-datatype-jsr310-2.9.5.jar;D:\maven\repository\io\jsonwebtoken\jjwt\0.9.0\jjwt-0.9.0.jar;D:\maven\repository\com\arronlong\httpclientutil\httpclientutil\1.0\httpclientutil-1.0.jar;D:\maven\repository\org\apache\httpcomponents\httpmime\4.5.5\httpmime-4.5.5.jar;D:\maven\repository\org\apache\httpcomponents\httpasyncclient\4.1.3\httpasyncclient-4.1.3.jar;D:\maven\repository\org\apache\httpcomponents\httpcore-nio\4.4.9\httpcore-nio-4.4.9.jar;D:\maven\repository\log4j\log4j\1.2.17\log4j-1.2.17.jar;D:\maven\repository\com\netflix\hystrix\hystrix-core\1.5.12\hystrix-core-1.5.12.jar;D:\maven\repository\org\hdrhistogram\HdrHistogram\2.1.9\HdrHistogram-2.1.9.jar;D:\maven\repository\org\springframework\boot\spring-boot-starter-actuator\2.0.2.RELEASE\spring-boot-starter-actuator-2.0.2.RELEASE.jar;D:\maven\repository\org\springframework\boot\spring-boot-actuator-autoconfigure\2.0.2.RELEASE\spring-boot-actuator-autoconfigure-2.0.2.RELEASE.jar;D:\maven\repository\org\springframework\boot\spring-boot-actuator\2.0.2.RELEASE\spring-boot-actuator-2.0.2.RELEASE.jar;D:\maven\repository\io\micrometer\micrometer-core\1.0.4\micrometer-core-1.0.4.jar;D:\maven\repository\org\latencyutils\LatencyUtils\2.0.3\LatencyUtils-2.0.3.jar;D:\maven\repository\org\springframework\cloud\spring-cloud-starter-hystrix\1.4.5.RELEASE\spring-cloud-starter-hystrix-1.4.5.RELEASE.jar;D:\maven\repository\org\springframework\cloud\spring-cloud-starter-netflix-hystrix\2.0.1.RELEASE\spring-cloud-starter-netflix-hystrix-2.0.1.RELEASE.jar;D:\maven\repository\com\netflix\hystrix\hystrix-serialization\1.5.12\hystrix-serialization-1.5.12.jar;D:\maven\repository\com\fasterxml\jackson\module\jackson-module-afterburner\2.9.5\jackson-module-afterburner-2.9.5.jar;D:\maven\repository\com\netflix\hystrix\hystrix-metrics-event-stream\1.5.12\hystrix-metrics-event-stream-1.5.12.jar;D:\maven\repository\io\reactivex\rxjava-reactive-streams\1.2.1\rxjava-reactive-streams-1.2.1.jar;D:\maven\repository\org\reactivestreams\reactive-streams\1.0.2\reactive-streams-1.0.2.jar;D:\maven\repository\org\springframework\boot\spring-boot-starter-web\2.0.2.RELEASE\spring-boot-starter-web-2.0.2.RELEASE.jar;D:\maven\repository\org\springframework\boot\spring-boot-starter-json\2.0.2.RELEASE\spring-boot-starter-json-2.0.2.RELEASE.jar;D:\maven\repository\org\springframework\boot\spring-boot-starter-tomcat\2.0.2.RELEASE\spring-boot-starter-tomcat-2.0.2.RELEASE.jar;D:\maven\repository\org\apache\tomcat\embed\tomcat-embed-core\8.5.31\tomcat-embed-core-8.5.31.jar;D:\maven\repository\org\apache\tomcat\embed\tomcat-embed-websocket\8.5.31\tomcat-embed-websocket-8.5.31.jar;D:\maven\repository\org\hibernate\validator\hibernate-validator\6.0.9.Final\hibernate-validator-6.0.9.Final.jar;D:\maven\repository\javax\validation\validation-api\2.0.1.Final\validation-api-2.0.1.Final.jar;D:\maven\repository\org\jboss\logging\jboss-logging\3.3.2.Final\jboss-logging-3.3.2.Final.jar;D:\maven\repository\org\springframework\spring-webmvc\5.0.6.RELEASE\spring-webmvc-5.0.6.RELEASE.jar;D:\maven\repository\net\logstash\logback\logstash-logback-encoder\5.1\logstash-logback-encoder-5.1.jar;D:\maven\repository\ch\qos\logback\logback-core\1.2.3\logback-core-1.2.3.jar;D:\maven\repository\com\google\guava\guava\26.0-jre\guava-26.0-jre.jar;D:\maven\repository\com\google\code\findbugs\jsr305\3.0.2\jsr305-3.0.2.jar;D:\maven\repository\org\checkerframework\checker-qual\2.5.2\checker-qual-2.5.2.jar;D:\maven\repository\com\google\errorprone\error_prone_annotations\2.1.3\error_prone_annotations-2.1.3.jar;D:\maven\repository\com\google\j2objc\j2objc-annotations\1.1\j2objc-annotations-1.1.jar;D:\maven\repository\org\codehaus\mojo\animal-sniffer-annotations\1.14\animal-sniffer-annotations-1.14.jar;D:\maven\repository\org\springframework\boot\spring-boot-starter-validation\2.0.2.RELEASE\spring-boot-starter-validation-2.0.2.RELEASE.jar;D:\maven\repository\org\apache\tomcat\embed\tomcat-embed-el\8.5.31\tomcat-embed-el-8.5.31.jar;D:\maven\repository\io\springfox\springfox-swagger-ui\2.8.0\springfox-swagger-ui-2.8.0.jar;D:\maven\repository\io\springfox\springfox-spring-web\2.8.0\springfox-spring-web-2.8.0.jar;D:\maven\repository\org\reflections\reflections\0.9.11\reflections-0.9.11.jar;D:\maven\repository\org\javassist\javassist\3.21.0-GA\javassist-3.21.0-GA.jar;D:\maven\repository\io\springfox\springfox-swagger2\2.8.0\springfox-swagger2-2.8.0.jar;D:\maven\repository\io\swagger\swagger-annotations\1.5.18\swagger-annotations-1.5.18.jar;D:\maven\repository\io\swagger\swagger-models\1.5.14\swagger-models-1.5.14.jar;D:\maven\repository\io\springfox\springfox-spi\2.8.0\springfox-spi-2.8.0.jar;D:\maven\repository\io\springfox\springfox-core\2.8.0\springfox-core-2.8.0.jar;D:\maven\repository\io\springfox\springfox-schema\2.8.0\springfox-schema-2.8.0.jar;D:\maven\repository\io\springfox\springfox-swagger-common\2.8.0\springfox-swagger-common-2.8.0.jar;D:\maven\repository\com\fasterxml\classmate\1.3.4\classmate-1.3.4.jar;D:\maven\repository\org\springframework\plugin\spring-plugin-core\1.2.0.RELEASE\spring-plugin-core-1.2.0.RELEASE.jar;D:\maven\repository\org\springframework\plugin\spring-plugin-metadata\1.2.0.RELEASE\spring-plugin-metadata-1.2.0.RELEASE.jar;D:\maven\repository\org\mapstruct\mapstruct\1.2.0.Final\mapstruct-1.2.0.Final.jar;D:\maven\repository\commons-codec\commons-codec\1.11\commons-codec-1.11.jar;D:\maven\repository\com\alibaba\druid\1.1.10\druid-1.1.10.jar;D:\maven\repository\org\mybatis\generator\mybatis-generator-core\1.3.7\mybatis-generator-core-1.3.7.jar;D:\maven\repository\org\springframework\boot\spring-boot-configuration-processor\2.0.2.RELEASE\spring-boot-configuration-processor-2.0.2.RELEASE.jar;D:\maven\repository\org\springframework\boot\spring-boot-devtools\2.0.2.RELEASE\spring-boot-devtools-2.0.2.RELEASE.jar;D:\maven\repository\org\springframework\boot\spring-boot\2.0.2.RELEASE\spring-boot-2.0.2.RELEASE.jar;D:\maven\repository\org\springframework\boot\spring-boot-starter-aop\2.0.2.RELEASE\spring-boot-starter-aop-2.0.2.RELEASE.jar;D:\maven\repository\org\springframework\spring-aop\5.0.6.RELEASE\spring-aop-5.0.6.RELEASE.jar;D:\maven\repository\org\modelmapper\modelmapper\2.1.1\modelmapper-2.1.1.jar;D:\maven\repository\org\jolokia\jolokia-core\1.5.0\jolokia-core-1.5.0.jar;D:\maven\repository\com\googlecode\json-simple\json-simple\1.1.1\json-simple-1.1.1.jar;D:\maven\repository\org\springframework\security\spring-security-jwt\1.0.9.RELEASE\spring-security-jwt-1.0.9.RELEASE.jar;D:\maven\repository\org\bouncycastle\bcpkix-jdk15on\1.56\bcpkix-jdk15on-1.56.jar;D:\maven\repository\org\bouncycastle\bcprov-jdk15on\1.56\bcprov-jdk15on-1.56.jar;D:\maven\repository\org\liquibase\liquibase-core\3.5.3\liquibase-core-3.5.3.jar;D:\maven\repository\org\yaml\snakeyaml\1.19\snakeyaml-1.19.jar;D:\maven\repository\org\springframework\cloud\spring-cloud-starter-zipkin\2.0.1.RELEASE\spring-cloud-starter-zipkin-2.0.1.RELEASE.jar;D:\maven\repository\org\springframework\amqp\spring-rabbit\2.0.3.RELEASE\spring-rabbit-2.0.3.RELEASE.jar;D:\maven\repository\org\springframework\amqp\spring-amqp\2.0.3.RELEASE\spring-amqp-2.0.3.RELEASE.jar;D:\maven\repository\com\rabbitmq\amqp-client\5.1.2\amqp-client-5.1.2.jar;D:\maven\repository\org\springframework\spring-messaging\5.0.6.RELEASE\spring-messaging-5.0.6.RELEASE.jar;D:\maven\repository\org\springframework\boot\spring-boot-starter-undertow\2.0.2.RELEASE\spring-boot-starter-undertow-2.0.2.RELEASE.jar;D:\maven\repository\io\undertow\undertow-core\1.4.25.Final\undertow-core-1.4.25.Final.jar;D:\maven\repository\org\jboss\xnio\xnio-api\3.3.8.Final\xnio-api-3.3.8.Final.jar;D:\maven\repository\org\jboss\xnio\xnio-nio\3.3.8.Final\xnio-nio-3.3.8.Final.jar;D:\maven\repository\io\undertow\undertow-servlet\1.4.25.Final\undertow-servlet-1.4.25.Final.jar;D:\maven\repository\org\jboss\spec\javax\annotation\jboss-annotations-api_1.2_spec\1.0.2.Final\jboss-annotations-api_1.2_spec-1.0.2.Final.jar;D:\maven\repository\io\undertow\undertow-websockets-jsr\1.4.25.Final\undertow-websockets-jsr-1.4.25.Final.jar;D:\maven\repository\org\jboss\spec\javax\websocket\jboss-websocket-api_1.1_spec\1.1.3.Final\jboss-websocket-api_1.1_spec-1.1.3.Final.jar;D:\maven\repository\org\glassfish\javax.el\3.0.0\javax.el-3.0.0.jar;D:\maven\repository\org\springframework\boot\spring-boot-starter-test\2.0.2.RELEASE\spring-boot-starter-test-2.0.2.RELEASE.jar;D:\maven\repository\org\springframework\boot\spring-boot-test\2.0.2.RELEASE\spring-boot-test-2.0.2.RELEASE.jar;D:\maven\repository\org\springframework\boot\spring-boot-test-autoconfigure\2.0.2.RELEASE\spring-boot-test-autoconfigure-2.0.2.RELEASE.jar;D:\maven\repository\com\jayway\jsonpath\json-path\2.4.0\json-path-2.4.0.jar;D:\maven\repository\net\minidev\json-smart\2.3\json-smart-2.3.jar;D:\maven\repository\net\minidev\accessors-smart\1.2\accessors-smart-1.2.jar;D:\maven\repository\junit\junit\4.12\junit-4.12.jar;D:\maven\repository\org\assertj\assertj-core\3.9.1\assertj-core-3.9.1.jar;D:\maven\repository\org\mockito\mockito-core\2.15.0\mockito-core-2.15.0.jar;D:\maven\repository\net\bytebuddy\byte-buddy\1.7.11\byte-buddy-1.7.11.jar;D:\maven\repository\net\bytebuddy\byte-buddy-agent\1.7.11\byte-buddy-agent-1.7.11.jar;D:\maven\repository\org\objenesis\objenesis\2.6\objenesis-2.6.jar;D:\maven\repository\org\hamcrest\hamcrest-core\1.3\hamcrest-core-1.3.jar;D:\maven\repository\org\hamcrest\hamcrest-library\1.3\hamcrest-library-1.3.jar;D:\maven\repository\org\skyscreamer\jsonassert\1.5.0\jsonassert-1.5.0.jar;D:\maven\repository\com\vaadin\external\google\android-json\0.0.20131108.vaadin1\android-json-0.0.20131108.vaadin1.jar;D:\maven\repository\org\springframework\spring-test\5.0.6.RELEASE\spring-test-5.0.6.RELEASE.jar;D:\maven\repository\org\xmlunit\xmlunit-core\2.5.1\xmlunit-core-2.5.1.jar;D:\maven\repository\org\springframework\boot\spring-boot-properties-migrator\2.0.4.RELEASE\spring-boot-properties-migrator-2.0.4.RELEASE.jar;D:\maven\repository\org\springframework\boot\spring-boot-configuration-metadata\2.0.2.RELEASE\spring-boot-configuration-metadata-2.0.2.RELEASE.jar;D:\maven\repository\com\netflix\hystrix\hystrix-javanica\1.5.12\hystrix-javanica-1.5.12.jar;D:\maven\repository\org\ow2\asm\asm\5.0.4\asm-5.0.4.jar;D:\maven\repository\org\projectlombok\lombok\1.16.20\lombok-1.16.20.jar;, user.name=Shinelon, java.vm.specification.version=1.8, sun.java.command=D:\workspack\project\gostyu\passcloud-master\paascloud-provider\paascloud-provider-opc\target\surefire\surefirebooter3556540888258900826.jar D:\workspack\project\gostyu\passcloud-master\paascloud-provider\paascloud-provider-opc\target\surefire\surefire5527348084519158593tmp D:\workspack\project\gostyu\passcloud-master\paascloud-provider\paascloud-provider-opc\target\surefire\surefire_02092144012449020107tmp, java.home=C:\Program Files\Java\jdk1.8.0_40\jre, sun.arch.data.model=64, user.language=zh, java.specification.vendor=Oracle Corporation, awt.toolkit=sun.awt.windows.WToolkit, java.vm.info=mixed mode, java.version=1.8.0_25, java.ext.dirs=C:\Program Files\Java\jdk1.8.0_40\jre\lib\ext;C:\WINDOWS\Sun\Java\lib\ext, sun.boot.class.path=C:\Program Files\Java\jdk1.8.0_40\jre\lib\resources.jar;C:\Program Files\Java\jdk1.8.0_40\jre\lib\rt.jar;C:\Program Files\Java\jdk1.8.0_40\jre\lib\sunrsasign.jar;C:\Program Files\Java\jdk1.8.0_40\jre\lib\jsse.jar;C:\Program Files\Java\jdk1.8.0_40\jre\lib\jce.jar;C:\Program Files\Java\jdk1.8.0_40\jre\lib\charsets.jar;C:\Program Files\Java\jdk1.8.0_40\jre\lib\jfr.jar;C:\Program Files\Java\jdk1.8.0_40\jre\classes, java.awt.headless=true, java.vendor=Oracle Corporation, localRepository=D:\maven\repository, file.separator=\, java.vendor.url.bug=http://bugreport.sun.com/bugreport/, sun.io.unicode.encoding=UnicodeLittle, sun.cpu.endian=little, sun.desktop=windows, sun.cpu.isalist=amd64}}, SystemEnvironmentPropertySource@1707889234 {name=&apos;systemEnvironment&apos;, properties={GOOGLE_DEFAULT_CLIENT_ID=793783891518 - b6tl35b6fjk3mid3aaag4d5egnj9dlf0.apps.googleusercontent.com, PATH=D:\workspack\python\Scripts\;D:\workspack\python\;D:\workspack\oracle\app\oracle\product\11.2.0\server\bin;C:\ProgramData\Oracle\Java\javapath;C:\Program Files (x86)\Intel\iCLS Client\;C:\Program Files\Intel\iCLS Client\;C:\Windows\system32;C:\Windows;C:\Windows\System32\Wbem;C:\Windows\System32\WindowsPowerShell\v1.0\;C:\Program Files (x86)\Intel\Intel(R) Management Engine Components\DAL;C:\Program Files\Intel\Intel(R) Management Engine Components\DAL;C:\Program Files (x86)\Intel\Intel(R) Management Engine Components\IPT;C:\Program Files\Intel\Intel(R) Management Engine Components\IPT;D:\workspack\MySql\MySQL Server 5.5\bin;D:\maven\apache-maven-3.5.0\bin;D:\gradle\gradle-3.5-all\gradle-3.5\bin;D:\workspack\SVN\bin;C:\Program Files\Intel\WiFi\bin\;C:\Program Files\Common Files\Intel\WirelessCommon\;C:\WINDOWS\system32;C:\WINDOWS;C:\WINDOWS\System32\Wbem;C:\WINDOWS\System32\WindowsPowerShell\v1.0\;C:\Program Files (x86)\NVIDIA Corporation\PhysX\Common;C:\Program Files\erl9.3\bin;C:\Program Files\Java\jdk1.7.0_13\bin;D:\workspack\nodejs\;D:\workspack\GIT\Git\cmd;D:\workspack\consul;;C:\WINDOWS\system32;C:\WINDOWS;C:\WINDOWS\System32\Wbem;C:\WINDOWS\System32\WindowsPowerShell\v1.0\;C:\WINDOWS\System32\OpenSSH\;D:\workspack\gpg\Gpg4win\..\GnuPG\bin;C:\Program Files\Intel\WiFi\bin\;C:\Program Files\Common Files\Intel\WirelessCommon\;C:\Users\Shinelon\AppData\Local\Microsoft\WindowsApps;C:\Users\Shinelon\AppData\Local\GitHubDesktop\bin;C:\Users\Shinelon\AppData\Roaming\npm;%USERPROFILE%\AppData\Local\Microsoft\WindowsApps;, USERDOMAIN_ROAMINGPROFILE=DESKTOP-RM2KR9C, PROCESSOR_LEVEL=6, SYSTEMDRIVE=C:, RELANG_HOME=C:\Program Files\erl9.3, SESSIONNAME=Console, ALLUSERSPROFILE=C:\ProgramData, JAVA_OPTS=-server -Xms2048m -Xmx2048m, LNKEVN=C:\Program Files (x86)\Internet Explorer\iexplore.exe, PROCESSOR_ARCHITECTURE=AMD64, DRIVERDATA=C:\Windows\System32\Drivers\DriverData, GOOGLE_DEFAULT_CLIENT_SECRET=XPnofOhGhHOYYrgTxhSSA8Jg, PROGRAMFILES=C:\Program Files, PSMODULEPATH=C:\Users\Shinelon\Documents\WindowsPowerShell\Modules, PROGRAMDATA=C:\ProgramData, USERNAME=Shinelon, VISUALSVN_SERVER=D:\dashixun\SVN\, FPS_BROWSER_USER_PROFILE_STRING=Default, ONEDRIVE=C:\Users\Shinelon\OneDrive, PATHEXT=.COM;.EXE;.BAT;.CMD;.VBS;.VBE;.JS;.JSE;.WSF;.WSH;.MSC;.PY;.PYW, WINDIR=C:\WINDOWS, ES_HEAP_SIZE=5G, HOMEPATH=\Users\Shinelon, PROCESSOR_IDENTIFIER=Intel64 Family 6 Model 158 Stepping 9, GenuineIntel, PUBLIC=C:\Users\Public, =::=::\, LOCALAPPDATA=C:\Users\Shinelon\AppData\Local, COMMONPROGRAMFILES(X86)=C:\Program Files (x86)\Common Files, USERDOMAIN=DESKTOP-RM2KR9C, FPS_BROWSER_APP_PROFILE_STRING=Internet Explorer, LOGONSERVER=\\DESKTOP-RM2KR9C, JAVA_HOME=C:\Program Files\Java\jdk1.8.0_131, PROMPT=$P$G, PROGRAMFILES(X86)=C:\Program Files (x86), GRADLE_HOME=D:\gradle\gradle-3.5-all\gradle-3.5, ERLANG_HOME=C:\Program Files\erl9.3, APPDATA=C:\Users\Shinelon\AppData\Roaming, PROGRAMW6432=C:\Program Files, SYSTEMROOT=C:\WINDOWS, GOOGLE_API_KEY=AIzaSyCvk4foxTnm - gNIPY - WI5Hq - fiYN8zm4fw, OS=Windows_NT, COMMONPROGRAMW6432=C:\Program Files\Common Files, COMPUTERNAME=DESKTOP-RM2KR9C, COMMONPROGRAMFILES=C:\Program Files\Common Files, COMSPEC=C:\WINDOWS\system32\cmd.exe, PROCESSOR_REVISION=9e09, CLASSPATH=.;C:\Program Files\Java\jdk1.8.0_131\lib;C:\Program Files\Java\jdk1.8.0_131\lib\tools.jar, =D:=D:\workspack\project\gostyu\passcloud-master\paascloud-provider\paascloud-provider-opc, TEMP=C:\Users\Shinelon\AppData\Local\Temp, HOMEDRIVE=C:, USERPROFILE=C:\Users\Shinelon, TMP=C:\Users\Shinelon\AppData\Local\Temp, NUMBER_OF_PROCESSORS=8}}]
2018-10-08 10:02:04.090 DEBUG [-,,,] [provider-opc,,,,] 14256 --- [           main] o.s.core.env.StandardEnvironment         : Removing PropertySource &apos;defaultProperties&apos;
2018-10-08 10:02:04.090 DEBUG [-,,,] [provider-opc,,,,] 14256 --- [           main] o.s.core.env.StandardEnvironment         : Adding PropertySource &apos;defaultProperties&apos; with lowest search precedence
2018-10-08 10:02:04.090 DEBUG [-,,,] [provider-opc,,,,] 14256 --- [           main] o.s.core.env.StandardEnvironment         : Adding PropertySource &apos;applicationConfig: [classpath:/bootstrap.yml]&apos; with search precedence immediately higher than &apos;defaultProperties&apos;
2018-10-08 10:02:04.091 DEBUG [-,,,] [provider-opc,,,,] 14256 --- [           main] o.s.c.e.PropertySourcesPropertyResolver  : Could not find key &apos;spring.profiles.active&apos; in any property source
2018-10-08 10:02:04.091 DEBUG [-,,,] [provider-opc,,,,] 14256 --- [           main] o.s.c.e.PropertySourcesPropertyResolver  : Could not find key &apos;spring.profiles.default&apos; in any property source
2018-10-08 10:02:04.095 DEBUG [-,,,] [provider-opc,,,,] 14256 --- [           main] o.s.b.f.s.DefaultListableBeanFactory     : Returning cached instance of singleton bean &apos;configServerRetryInterceptor&apos;
2018-10-08 10:02:04.097 DEBUG [-,,,] [provider-opc,,,,] 14256 --- [           main] o.s.retry.support.RetryTemplate          : Retry: count=0
2018-10-08 10:02:04.105 DEBUG [-,,,] [provider-opc,,,,] 14256 --- [           main] o.s.c.e.PropertySourcesPropertyResolver  : Could not find key &apos;spring.application.name:application&apos; in any property source
2018-10-08 10:02:04.105 DEBUG [-,,,] [provider-opc,,,,] 14256 --- [           main] o.s.c.e.PropertySourcesPropertyResolver  : Found key &apos;spring.application.name&apos; in PropertySource &apos;configurationProperties&apos; with value of type String
2018-10-08 10:02:04.105 DEBUG [-,,,] [provider-opc,,,,] 14256 --- [           main] o.s.c.e.PropertySourcesPropertyResolver  : Could not find key &apos;spring.cloud.config.name:provider-opc&apos; in any property source
2018-10-08 10:02:04.105 DEBUG [-,,,] [provider-opc,,,,] 14256 --- [           main] o.s.c.e.PropertySourcesPropertyResolver  : Could not find key &apos;spring.cloud.config.name&apos; in any property source
2018-10-08 10:02:04.106 DEBUG [-,,,] [provider-opc,,,,] 14256 --- [           main] o.s.c.e.PropertySourcesPropertyResolver  : Found key &apos;spring.cloud.config.label&apos; in PropertySource &apos;configurationProperties&apos; with value of type String
2018-10-08 10:02:04.126  INFO [-,,,] [provider-opc,,,,] 14256 --- [           main] c.c.c.ConfigServicePropertySourceLocator : Fetching config from server at : http://192.168.139.5:8762
2018-10-08 10:02:04.156 DEBUG [-,,,] [provider-opc,,,,] 14256 --- [           main] o.s.web.client.RestTemplate              : Created GET request for &quot;http://192.168.139.5:8762/provider-opc/default/master&quot;
2018-10-08 10:02:04.206 DEBUG [-,,,] [provider-opc,,,,] 14256 --- [           main] o.s.web.client.RestTemplate              : Setting request Accept header to [application/json, application/*+json]
2018-10-08 10:02:25.214  INFO [-,,,] [provider-opc,,,,] 14256 --- [           main] c.c.c.ConfigServicePropertySourceLocator : Connect Timeout Exception on Url - http://192.168.139.5:8762. Will be trying the next url if available
2018-10-08 10:02:25.215 DEBUG [-,,,] [provider-opc,,,,] 14256 --- [           main] o.s.r.backoff.ExponentialBackOffPolicy   : Sleeping for 1000
2018-10-08 10:02:26.215 DEBUG [-,,,] [provider-opc,,,,] 14256 --- [           main] o.s.retry.support.RetryTemplate          : Checking for rethrow: count=1
2018-10-08 10:02:26.215 DEBUG [-,,,] [provider-opc,,,,] 14256 --- [           main] o.s.retry.support.RetryTemplate          : Retry: count=1
2018-10-08 10:02:26.215 DEBUG [-,,,] [provider-opc,,,,] 14256 --- [           main] o.s.c.e.PropertySourcesPropertyResolver  : Could not find key &apos;spring.application.name:application&apos; in any property source
2018-10-08 10:02:26.215 DEBUG [-,,,] [provider-opc,,,,] 14256 --- [           main] o.s.c.e.PropertySourcesPropertyResolver  : Found key &apos;spring.application.name&apos; in PropertySource &apos;configurationProperties&apos; with value of type String
2018-10-08 10:02:26.215 DEBUG [-,,,] [provider-opc,,,,] 14256 --- [           main] o.s.c.e.PropertySourcesPropertyResolver  : Could not find key &apos;spring.cloud.config.name:provider-opc&apos; in any property source
2018-10-08 10:02:26.215 DEBUG [-,,,] [provider-opc,,,,] 14256 --- [           main] o.s.c.e.PropertySourcesPropertyResolver  : Could not find key &apos;spring.cloud.config.name&apos; in any property source
2018-10-08 10:02:26.216 DEBUG [-,,,] [provider-opc,,,,] 14256 --- [           main] o.s.c.e.PropertySourcesPropertyResolver  : Found key &apos;spring.cloud.config.label&apos; in PropertySource &apos;configurationProperties&apos; with value of type String
2018-10-08 10:02:26.219  INFO [-,,,] [provider-opc,,,,] 14256 --- [           main] c.c.c.ConfigServicePropertySourceLocator : Fetching config from server at : http://192.168.139.5:8762
2018-10-08 10:02:26.219 DEBUG [-,,,] [provider-opc,,,,] 14256 --- [           main] o.s.web.client.RestTemplate              : Created GET request for &quot;http://192.168.139.5:8762/provider-opc/default/master&quot;
2018-10-08 10:02:26.222 DEBUG [-,,,] [provider-opc,,,,] 14256 --- [           main] o.s.web.client.RestTemplate              : Setting request Accept header to [application/json, application/*+json]
2018-10-08 10:02:47.223  INFO [-,,,] [provider-opc,,,,] 14256 --- [           main] c.c.c.ConfigServicePropertySourceLocator : Connect Timeout Exception on Url - http://192.168.139.5:8762. Will be trying the next url if available
2018-10-08 10:02:47.223 DEBUG [-,,,] [provider-opc,,,,] 14256 --- [           main] o.s.r.backoff.ExponentialBackOffPolicy   : Sleeping for 1100
2018-10-08 10:02:48.324 DEBUG [-,,,] [provider-opc,,,,] 14256 --- [           main] o.s.retry.support.RetryTemplate          : Checking for rethrow: count=2
2018-10-08 10:02:48.324 DEBUG [-,,,] [provider-opc,,,,] 14256 --- [           main] o.s.retry.support.RetryTemplate          : Retry: count=2
2018-10-08 10:02:48.324 DEBUG [-,,,] [provider-opc,,,,] 14256 --- [           main] o.s.c.e.PropertySourcesPropertyResolver  : Could not find key &apos;spring.application.name:application&apos; in any property source
2018-10-08 10:02:48.325 DEBUG [-,,,] [provider-opc,,,,] 14256 --- [           main] o.s.c.e.PropertySourcesPropertyResolver  : Found key &apos;spring.application.name&apos; in PropertySource &apos;configurationProperties&apos; with value of type String
2018-10-08 10:02:48.325 DEBUG [-,,,] [provider-opc,,,,] 14256 --- [           main] o.s.c.e.PropertySourcesPropertyResolver  : Could not find key &apos;spring.cloud.config.name:provider-opc&apos; in any property source
2018-10-08 10:02:48.325 DEBUG [-,,,] [provider-opc,,,,] 14256 --- [           main] o.s.c.e.PropertySourcesPropertyResolver  : Could not find key &apos;spring.cloud.config.name&apos; in any property source
2018-10-08 10:02:48.325 DEBUG [-,,,] [provider-opc,,,,] 14256 --- [           main] o.s.c.e.PropertySourcesPropertyResolver  : Found key &apos;spring.cloud.config.label&apos; in PropertySource &apos;configurationProperties&apos; with value of type String
2018-10-08 10:02:48.329  INFO [-,,,] [provider-opc,,,,] 14256 --- [           main] c.c.c.ConfigServicePropertySourceLocator : Fetching config from server at : http://192.168.139.5:8762
2018-10-08 10:02:48.329 DEBUG [-,,,] [provider-opc,,,,] 14256 --- [           main] o.s.web.client.RestTemplate              : Created GET request for &quot;http://192.168.139.5:8762/provider-opc/default/master&quot;
2018-10-08 10:02:48.332 DEBUG [-,,,] [provider-opc,,,,] 14256 --- [           main] o.s.web.client.RestTemplate              : Setting request Accept header to [application/json, application/*+json]
2018-10-08 10:03:09.335  INFO [-,,,] [provider-opc,,,,] 14256 --- [           main] c.c.c.ConfigServicePropertySourceLocator : Connect Timeout Exception on Url - http://192.168.139.5:8762. Will be trying the next url if available
2018-10-08 10:03:09.335 DEBUG [-,,,] [provider-opc,,,,] 14256 --- [           main] o.s.r.backoff.ExponentialBackOffPolicy   : Sleeping for 1210
2018-10-08 10:03:10.545 DEBUG [-,,,] [provider-opc,,,,] 14256 --- [           main] o.s.retry.support.RetryTemplate          : Checking for rethrow: count=3
2018-10-08 10:03:10.545 DEBUG [-,,,] [provider-opc,,,,] 14256 --- [           main] o.s.retry.support.RetryTemplate          : Retry: count=3
2018-10-08 10:03:10.545 DEBUG [-,,,] [provider-opc,,,,] 14256 --- [           main] o.s.c.e.PropertySourcesPropertyResolver  : Could not find key &apos;spring.application.name:application&apos; in any property source
2018-10-08 10:03:10.545 DEBUG [-,,,] [provider-opc,,,,] 14256 --- [           main] o.s.c.e.PropertySourcesPropertyResolver  : Found key &apos;spring.application.name&apos; in PropertySource &apos;configurationProperties&apos; with value of type String
2018-10-08 10:03:10.546 DEBUG [-,,,] [provider-opc,,,,] 14256 --- [           main] o.s.c.e.PropertySourcesPropertyResolver  : Could not find key &apos;spring.cloud.config.name:provider-opc&apos; in any property source
2018-10-08 10:03:10.546 DEBUG [-,,,] [provider-opc,,,,] 14256 --- [           main] o.s.c.e.PropertySourcesPropertyResolver  : Could not find key &apos;spring.cloud.config.name&apos; in any property source
2018-10-08 10:03:10.546 DEBUG [-,,,] [provider-opc,,,,] 14256 --- [           main] o.s.c.e.PropertySourcesPropertyResolver  : Found key &apos;spring.cloud.config.label&apos; in PropertySource &apos;configurationProperties&apos; with value of type String
2018-10-08 10:03:10.550  INFO [-,,,] [provider-opc,,,,] 14256 --- [           main] c.c.c.ConfigServicePropertySourceLocator : Fetching config from server at : http://192.168.139.5:8762
2018-10-08 10:03:10.550 DEBUG [-,,,] [provider-opc,,,,] 14256 --- [           main] o.s.web.client.RestTemplate              : Created GET request for &quot;http://192.168.139.5:8762/provider-opc/default/master&quot;
2018-10-08 10:03:10.553 DEBUG [-,,,] [provider-opc,,,,] 14256 --- [           main] o.s.web.client.RestTemplate              : Setting request Accept header to [application/json, application/*+json]
2018-10-08 10:03:31.555  INFO [-,,,] [provider-opc,,,,] 14256 --- [           main] c.c.c.ConfigServicePropertySourceLocator : Connect Timeout Exception on Url - http://192.168.139.5:8762. Will be trying the next url if available
2018-10-08 10:03:31.555 DEBUG [-,,,] [provider-opc,,,,] 14256 --- [           main] o.s.r.backoff.ExponentialBackOffPolicy   : Sleeping for 1331
2018-10-08 10:03:32.889 DEBUG [-,,,] [provider-opc,,,,] 14256 --- [           main] o.s.retry.support.RetryTemplate          : Checking for rethrow: count=4
2018-10-08 10:03:32.889 DEBUG [-,,,] [provider-opc,,,,] 14256 --- [           main] o.s.retry.support.RetryTemplate          : Retry: count=4
2018-10-08 10:03:32.889 DEBUG [-,,,] [provider-opc,,,,] 14256 --- [           main] o.s.c.e.PropertySourcesPropertyResolver  : Could not find key &apos;spring.application.name:application&apos; in any property source
2018-10-08 10:03:32.889 DEBUG [-,,,] [provider-opc,,,,] 14256 --- [           main] o.s.c.e.PropertySourcesPropertyResolver  : Found key &apos;spring.application.name&apos; in PropertySource &apos;configurationProperties&apos; with value of type String
2018-10-08 10:03:32.889 DEBUG [-,,,] [provider-opc,,,,] 14256 --- [           main] o.s.c.e.PropertySourcesPropertyResolver  : Could not find key &apos;spring.cloud.config.name:provider-opc&apos; in any property source
2018-10-08 10:03:32.889 DEBUG [-,,,] [provider-opc,,,,] 14256 --- [           main] o.s.c.e.PropertySourcesPropertyResolver  : Could not find key &apos;spring.cloud.config.name&apos; in any property source
2018-10-08 10:03:32.890 DEBUG [-,,,] [provider-opc,,,,] 14256 --- [           main] o.s.c.e.PropertySourcesPropertyResolver  : Found key &apos;spring.cloud.config.label&apos; in PropertySource &apos;configurationProperties&apos; with value of type String
2018-10-08 10:03:32.893  INFO [-,,,] [provider-opc,,,,] 14256 --- [           main] c.c.c.ConfigServicePropertySourceLocator : Fetching config from server at : http://192.168.139.5:8762
2018-10-08 10:03:32.893 DEBUG [-,,,] [provider-opc,,,,] 14256 --- [           main] o.s.web.client.RestTemplate              : Created GET request for &quot;http://192.168.139.5:8762/provider-opc/default/master&quot;
2018-10-08 10:03:32.896 DEBUG [-,,,] [provider-opc,,,,] 14256 --- [           main] o.s.web.client.RestTemplate              : Setting request Accept header to [application/json, application/*+json]
2018-10-08 10:03:53.900  INFO [-,,,] [provider-opc,,,,] 14256 --- [           main] c.c.c.ConfigServicePropertySourceLocator : Connect Timeout Exception on Url - http://192.168.139.5:8762. Will be trying the next url if available
2018-10-08 10:03:53.900 DEBUG [-,,,] [provider-opc,,,,] 14256 --- [           main] o.s.r.backoff.ExponentialBackOffPolicy   : Sleeping for 1464
2018-10-08 10:03:55.364 DEBUG [-,,,] [provider-opc,,,,] 14256 --- [           main] o.s.retry.support.RetryTemplate          : Checking for rethrow: count=5
2018-10-08 10:03:55.364 DEBUG [-,,,] [provider-opc,,,,] 14256 --- [           main] o.s.retry.support.RetryTemplate          : Retry: count=5
2018-10-08 10:03:55.364 DEBUG [-,,,] [provider-opc,,,,] 14256 --- [           main] o.s.c.e.PropertySourcesPropertyResolver  : Could not find key &apos;spring.application.name:application&apos; in any property source
2018-10-08 10:03:55.365 DEBUG [-,,,] [provider-opc,,,,] 14256 --- [           main] o.s.c.e.PropertySourcesPropertyResolver  : Found key &apos;spring.application.name&apos; in PropertySource &apos;configurationProperties&apos; with value of type String
2018-10-08 10:03:55.365 DEBUG [-,,,] [provider-opc,,,,] 14256 --- [           main] o.s.c.e.PropertySourcesPropertyResolver  : Could not find key &apos;spring.cloud.config.name:provider-opc&apos; in any property source
2018-10-08 10:03:55.365 DEBUG [-,,,] [provider-opc,,,,] 14256 --- [           main] o.s.c.e.PropertySourcesPropertyResolver  : Could not find key &apos;spring.cloud.config.name&apos; in any property source
2018-10-08 10:03:55.365 DEBUG [-,,,] [provider-opc,,,,] 14256 --- [           main] o.s.c.e.PropertySourcesPropertyResolver  : Found key &apos;spring.cloud.config.label&apos; in PropertySource &apos;configurationProperties&apos; with value of type String
2018-10-08 10:03:55.370  INFO [-,,,] [provider-opc,,,,] 14256 --- [           main] c.c.c.ConfigServicePropertySourceLocator : Fetching config from server at : http://192.168.139.5:8762
2018-10-08 10:03:55.370 DEBUG [-,,,] [provider-opc,,,,] 14256 --- [           main] o.s.web.client.RestTemplate              : Created GET request for &quot;http://192.168.139.5:8762/provider-opc/default/master&quot;
2018-10-08 10:03:55.373 DEBUG [-,,,] [provider-opc,,,,] 14256 --- [           main] o.s.web.client.RestTemplate              : Setting request Accept header to [application/json, application/*+json]
2018-10-08 10:04:16.375  INFO [-,,,] [provider-opc,,,,] 14256 --- [           main] c.c.c.ConfigServicePropertySourceLocator : Connect Timeout Exception on Url - http://192.168.139.5:8762. Will be trying the next url if available
2018-10-08 10:04:16.375 DEBUG [-,,,] [provider-opc,,,,] 14256 --- [           main] o.s.retry.support.RetryTemplate          : Checking for rethrow: count=6
2018-10-08 10:04:16.375 DEBUG [-,,,] [provider-opc,,,,] 14256 --- [           main] o.s.retry.support.RetryTemplate          : Retry failed last attempt: count=6
2018-10-08 10:04:16.377 DEBUG [-,,,] [provider-opc,,,,] 14256 --- [           main] .c.l.ClasspathLoggingApplicationListener : Application failed to start with classpath: [file:/D:/workspack/project/gostyu/passcloud-master/paascloud-provider/paascloud-provider-opc/target/surefire/surefirebooter3556540888258900826.jar]
2018-10-08 10:04:16.381 ERROR [-,,,] [provider-opc,,,,] 14256 --- [           main] o.s.boot.SpringApplication               : Application run failed

java.lang.IllegalStateException: Could not locate PropertySource and the fail fast property is set, failing
	at org.springframework.cloud.config.client.ConfigServicePropertySourceLocator.locate(ConfigServicePropertySourceLocator.java:136)
	at org.springframework.cloud.config.client.ConfigServicePropertySourceLocator$$FastClassBySpringCGLIB$$fa44b2a.invoke(&lt;generated&gt;)
	at org.springframework.cglib.proxy.MethodProxy.invoke(MethodProxy.java:204)
	at org.springframework.aop.framework.CglibAopProxy$CglibMethodInvocation.invokeJoinpoint(CglibAopProxy.java:746)
	at org.springframework.aop.framework.ReflectiveMethodInvocation.proceed(ReflectiveMethodInvocation.java:163)
	at org.springframework.retry.interceptor.RetryOperationsInterceptor$1.doWithRetry(RetryOperationsInterceptor.java:91)
	at org.springframework.retry.support.RetryTemplate.doExecute(RetryTemplate.java:287)
	at org.springframework.retry.support.RetryTemplate.execute(RetryTemplate.java:164)
	at org.springframework.retry.interceptor.RetryOperationsInterceptor.invoke(RetryOperationsInterceptor.java:118)
	at org.springframework.retry.annotation.AnnotationAwareRetryOperationsInterceptor.invoke(AnnotationAwareRetryOperationsInterceptor.java:153)
	at org.springframework.aop.framework.ReflectiveMethodInvocation.proceed(ReflectiveMethodInvocation.java:185)
	at org.springframework.aop.framework.CglibAopProxy$DynamicAdvisedInterceptor.intercept(CglibAopProxy.java:688)
	at org.springframework.cloud.config.client.ConfigServicePropertySourceLocator$$EnhancerBySpringCGLIB$$2440c45.locate(&lt;generated&gt;)
	at org.springframework.cloud.bootstrap.config.PropertySourceBootstrapConfiguration.initialize(PropertySourceBootstrapConfiguration.java:94)
	at org.springframework.boot.SpringApplication.applyInitializers(SpringApplication.java:633)
	at org.springframework.boot.SpringApplication.prepareContext(SpringApplication.java:373)
	at org.springframework.boot.SpringApplication.run(SpringApplication.java:325)
	at org.springframework.boot.test.context.SpringBootContextLoader.loadContext(SpringBootContextLoader.java:139)
	at org.springframework.test.context.cache.DefaultCacheAwareContextLoaderDelegate.loadContextInternal(DefaultCacheAwareContextLoaderDelegate.java:99)
	at org.springframework.test.context.cache.DefaultCacheAwareContextLoaderDelegate.loadContext(DefaultCacheAwareContextLoaderDelegate.java:117)
	at org.springframework.test.context.support.DefaultTestContext.getApplicationContext(DefaultTestContext.java:108)
	at org.springframework.test.context.web.ServletTestExecutionListener.setUpRequestContextIfNecessary(ServletTestExecutionListener.java:190)
	at org.springframework.test.context.web.ServletTestExecutionListener.prepareTestInstance(ServletTestExecutionListener.java:132)
	at org.springframework.test.context.TestContextManager.prepareTestInstance(TestContextManager.java:246)
	at org.springframework.test.context.junit4.SpringJUnit4ClassRunner.createTest(SpringJUnit4ClassRunner.java:227)
	at org.springframework.test.context.junit4.SpringJUnit4ClassRunner$1.runReflectiveCall(SpringJUnit4ClassRunner.java:289)
	at org.junit.internal.runners.model.ReflectiveCallable.run(ReflectiveCallable.java:12)
	at org.springframework.test.context.junit4.SpringJUnit4ClassRunner.methodBlock(SpringJUnit4ClassRunner.java:291)
	at org.springframework.test.context.junit4.SpringJUnit4ClassRunner.runChild(SpringJUnit4ClassRunner.java:246)
	at org.springframework.test.context.junit4.SpringJUnit4ClassRunner.runChild(SpringJUnit4ClassRunner.java:97)
	at org.junit.runners.ParentRunner$3.run(ParentRunner.java:290)
	at org.junit.runners.ParentRunner$1.schedule(ParentRunner.java:71)
	at org.junit.runners.ParentRunner.runChildren(ParentRunner.java:288)
	at org.junit.runners.ParentRunner.access$000(ParentRunner.java:58)
	at org.junit.runners.ParentRunner$2.evaluate(ParentRunner.java:268)
	at org.springframework.test.context.junit4.statements.RunBeforeTestClassCallbacks.evaluate(RunBeforeTestClassCallbacks.java:61)
	at org.springframework.test.context.junit4.statements.RunAfterTestClassCallbacks.evaluate(RunAfterTestClassCallbacks.java:70)
	at org.junit.runners.ParentRunner.run(ParentRunner.java:363)
	at org.springframework.test.context.junit4.SpringJUnit4ClassRunner.run(SpringJUnit4ClassRunner.java:190)
	at org.apache.maven.surefire.junit4.JUnit4Provider.execute(JUnit4Provider.java:252)
	at org.apache.maven.surefire.junit4.JUnit4Provider.executeTestSet(JUnit4Provider.java:141)
	at org.apache.maven.surefire.junit4.JUnit4Provider.invoke(JUnit4Provider.java:112)
	at sun.reflect.NativeMethodAccessorImpl.invoke0(Native Method)
	at sun.reflect.NativeMethodAccessorImpl.invoke(NativeMethodAccessorImpl.java:62)
	at sun.reflect.DelegatingMethodAccessorImpl.invoke(DelegatingMethodAccessorImpl.java:43)
	at java.lang.reflect.Method.invoke(Method.java:483)
	at org.apache.maven.surefire.util.ReflectionUtils.invokeMethodWithArray(ReflectionUtils.java:189)
	at org.apache.maven.surefire.booter.ProviderFactory$ProviderProxy.invoke(ProviderFactory.java:165)
	at org.apache.maven.surefire.booter.ProviderFactory.invokeProvider(ProviderFactory.java:85)
	at org.apache.maven.surefire.booter.ForkedBooter.runSuitesInProcess(ForkedBooter.java:115)
	at org.apache.maven.surefire.booter.ForkedBooter.main(ForkedBooter.java:75)
Caused by: org.springframework.web.client.ResourceAccessException: I/O error on GET request for &quot;http://192.168.139.5:8762/provider-opc/default/master&quot;: Connection timed out: connect; nested exception is java.net.ConnectException: Connection timed out: connect
	at org.springframework.web.client.RestTemplate.doExecute(RestTemplate.java:732)
	at org.springframework.web.client.RestTemplate.execute(RestTemplate.java:680)
	at org.springframework.web.client.RestTemplate.exchange(RestTemplate.java:600)
	at org.springframework.cloud.config.client.ConfigServicePropertySourceLocator.getRemoteEnvironment(ConfigServicePropertySourceLocator.java:218)
	at org.springframework.cloud.config.client.ConfigServicePropertySourceLocator.locate(ConfigServicePropertySourceLocator.java:96)
	... 50 common frames omitted
Caused by: java.net.ConnectException: Connection timed out: connect
	at java.net.DualStackPlainSocketImpl.connect0(Native Method)
	at java.net.DualStackPlainSocketImpl.socketConnect(DualStackPlainSocketImpl.java:79)
	at java.net.AbstractPlainSocketImpl.doConnect(AbstractPlainSocketImpl.java:345)
	at java.net.AbstractPlainSocketImpl.connectToAddress(AbstractPlainSocketImpl.java:206)
	at java.net.AbstractPlainSocketImpl.connect(AbstractPlainSocketImpl.java:188)
	at java.net.PlainSocketImpl.connect(PlainSocketImpl.java:172)
	at java.net.SocksSocketImpl.connect(SocksSocketImpl.java:392)
	at java.net.Socket.connect(Socket.java:589)
	at java.net.Socket.connect(Socket.java:538)
	at sun.net.NetworkClient.doConnect(NetworkClient.java:180)
	at sun.net.www.http.HttpClient.openServer(HttpClient.java:432)
	at sun.net.www.http.HttpClient.openServer(HttpClient.java:527)
	at sun.net.www.http.HttpClient.&lt;init&gt;(HttpClient.java:211)
	at sun.net.www.http.HttpClient.New(HttpClient.java:308)
	at sun.net.www.http.HttpClient.New(HttpClient.java:326)
	at sun.net.www.protocol.http.HttpURLConnection.getNewHttpClient(HttpURLConnection.java:1167)
	at sun.net.www.protocol.http.HttpURLConnection.plainConnect0(HttpURLConnection.java:1103)
	at sun.net.www.protocol.http.HttpURLConnection.plainConnect(HttpURLConnection.java:997)
	at sun.net.www.protocol.http.HttpURLConnection.connect(HttpURLConnection.java:931)
	at org.springframework.http.client.SimpleBufferingClientHttpRequest.executeInternal(SimpleBufferingClientHttpRequest.java:76)
	at org.springframework.http.client.AbstractBufferingClientHttpRequest.executeInternal(AbstractBufferingClientHttpRequest.java:48)
	at org.springframework.http.client.AbstractClientHttpRequest.execute(AbstractClientHttpRequest.java:53)
	at org.springframework.web.client.RestTemplate.doExecute(RestTemplate.java:723)
	... 54 common frames omitted

2018-10-08 10:04:16.382 ERROR [-,,,] [provider-opc,,,,] 14256 --- [           main] o.s.test.context.TestContextManager      : Caught exception while allowing TestExecutionListener [org.springframework.test.context.web.ServletTestExecutionListener@4a003cbe] to prepare test instance [com.paascloud.provider.aliyun.MqProducerTest@125f16b2]

java.lang.IllegalStateException: Failed to load ApplicationContext
	at org.springframework.test.context.cache.DefaultCacheAwareContextLoaderDelegate.loadContext(DefaultCacheAwareContextLoaderDelegate.java:125)
	at org.springframework.test.context.support.DefaultTestContext.getApplicationContext(DefaultTestContext.java:108)
	at org.springframework.test.context.web.ServletTestExecutionListener.setUpRequestContextIfNecessary(ServletTestExecutionListener.java:190)
	at org.springframework.test.context.web.ServletTestExecutionListener.prepareTestInstance(ServletTestExecutionListener.java:132)
	at org.springframework.test.context.TestContextManager.prepareTestInstance(TestContextManager.java:246)
	at org.springframework.test.context.junit4.SpringJUnit4ClassRunner.createTest(SpringJUnit4ClassRunner.java:227)
	at org.springframework.test.context.junit4.SpringJUnit4ClassRunner$1.runReflectiveCall(SpringJUnit4ClassRunner.java:289)
	at org.junit.internal.runners.model.ReflectiveCallable.run(ReflectiveCallable.java:12)
	at org.springframework.test.context.junit4.SpringJUnit4ClassRunner.methodBlock(SpringJUnit4ClassRunner.java:291)
	at org.springframework.test.context.junit4.SpringJUnit4ClassRunner.runChild(SpringJUnit4ClassRunner.java:246)
	at org.springframework.test.context.junit4.SpringJUnit4ClassRunner.runChild(SpringJUnit4ClassRunner.java:97)
	at org.junit.runners.ParentRunner$3.run(ParentRunner.java:290)
	at org.junit.runners.ParentRunner$1.schedule(ParentRunner.java:71)
	at org.junit.runners.ParentRunner.runChildren(ParentRunner.java:288)
	at org.junit.runners.ParentRunner.access$000(ParentRunner.java:58)
	at org.junit.runners.ParentRunner$2.evaluate(ParentRunner.java:268)
	at org.springframework.test.context.junit4.statements.RunBeforeTestClassCallbacks.evaluate(RunBeforeTestClassCallbacks.java:61)
	at org.springframework.test.context.junit4.statements.RunAfterTestClassCallbacks.evaluate(RunAfterTestClassCallbacks.java:70)
	at org.junit.runners.ParentRunner.run(ParentRunner.java:363)
	at org.springframework.test.context.junit4.SpringJUnit4ClassRunner.run(SpringJUnit4ClassRunner.java:190)
	at org.apache.maven.surefire.junit4.JUnit4Provider.execute(JUnit4Provider.java:252)
	at org.apache.maven.surefire.junit4.JUnit4Provider.executeTestSet(JUnit4Provider.java:141)
	at org.apache.maven.surefire.junit4.JUnit4Provider.invoke(JUnit4Provider.java:112)
	at sun.reflect.NativeMethodAccessorImpl.invoke0(Native Method)
	at sun.reflect.NativeMethodAccessorImpl.invoke(NativeMethodAccessorImpl.java:62)
	at sun.reflect.DelegatingMethodAccessorImpl.invoke(DelegatingMethodAccessorImpl.java:43)
	at java.lang.reflect.Method.invoke(Method.java:483)
	at org.apache.maven.surefire.util.ReflectionUtils.invokeMethodWithArray(ReflectionUtils.java:189)
	at org.apache.maven.surefire.booter.ProviderFactory$ProviderProxy.invoke(ProviderFactory.java:165)
	at org.apache.maven.surefire.booter.ProviderFactory.invokeProvider(ProviderFactory.java:85)
	at org.apache.maven.surefire.booter.ForkedBooter.runSuitesInProcess(ForkedBooter.java:115)
	at org.apache.maven.surefire.booter.ForkedBooter.main(ForkedBooter.java:75)
Caused by: java.lang.IllegalStateException: Could not locate PropertySource and the fail fast property is set, failing
	at org.springframework.cloud.config.client.ConfigServicePropertySourceLocator.locate(ConfigServicePropertySourceLocator.java:136)
	at org.springframework.cloud.config.client.ConfigServicePropertySourceLocator$$FastClassBySpringCGLIB$$fa44b2a.invoke(&lt;generated&gt;)
	at org.springframework.cglib.proxy.MethodProxy.invoke(MethodProxy.java:204)
	at org.springframework.aop.framework.CglibAopProxy$CglibMethodInvocation.invokeJoinpoint(CglibAopProxy.java:746)
	at org.springframework.aop.framework.ReflectiveMethodInvocation.proceed(ReflectiveMethodInvocation.java:163)
	at org.springframework.retry.interceptor.RetryOperationsInterceptor$1.doWithRetry(RetryOperationsInterceptor.java:91)
	at org.springframework.retry.support.RetryTemplate.doExecute(RetryTemplate.java:287)
	at org.springframework.retry.support.RetryTemplate.execute(RetryTemplate.java:164)
	at org.springframework.retry.interceptor.RetryOperationsInterceptor.invoke(RetryOperationsInterceptor.java:118)
	at org.springframework.retry.annotation.AnnotationAwareRetryOperationsInterceptor.invoke(AnnotationAwareRetryOperationsInterceptor.java:153)
	at org.springframework.aop.framework.ReflectiveMethodInvocation.proceed(ReflectiveMethodInvocation.java:185)
	at org.springframework.aop.framework.CglibAopProxy$DynamicAdvisedInterceptor.intercept(CglibAopProxy.java:688)
	at org.springframework.cloud.config.client.ConfigServicePropertySourceLocator$$EnhancerBySpringCGLIB$$2440c45.locate(&lt;generated&gt;)
	at org.springframework.cloud.bootstrap.config.PropertySourceBootstrapConfiguration.initialize(PropertySourceBootstrapConfiguration.java:94)
	at org.springframework.boot.SpringApplication.applyInitializers(SpringApplication.java:633)
	at org.springframework.boot.SpringApplication.prepareContext(SpringApplication.java:373)
	at org.springframework.boot.SpringApplication.run(SpringApplication.java:325)
	at org.springframework.boot.test.context.SpringBootContextLoader.loadContext(SpringBootContextLoader.java:139)
	at org.springframework.test.context.cache.DefaultCacheAwareContextLoaderDelegate.loadContextInternal(DefaultCacheAwareContextLoaderDelegate.java:99)
	at org.springframework.test.context.cache.DefaultCacheAwareContextLoaderDelegate.loadContext(DefaultCacheAwareContextLoaderDelegate.java:117)
	... 31 common frames omitted
Caused by: org.springframework.web.client.ResourceAccessException: I/O error on GET request for &quot;http://192.168.139.5:8762/provider-opc/default/master&quot;: Connection timed out: connect; nested exception is java.net.ConnectException: Connection timed out: connect
	at org.springframework.web.client.RestTemplate.doExecute(RestTemplate.java:732)
	at org.springframework.web.client.RestTemplate.execute(RestTemplate.java:680)
	at org.springframework.web.client.RestTemplate.exchange(RestTemplate.java:600)
	at org.springframework.cloud.config.client.ConfigServicePropertySourceLocator.getRemoteEnvironment(ConfigServicePropertySourceLocator.java:218)
	at org.springframework.cloud.config.client.ConfigServicePropertySourceLocator.locate(ConfigServicePropertySourceLocator.java:96)
	... 50 common frames omitted
Caused by: java.net.ConnectException: Connection timed out: connect
	at java.net.DualStackPlainSocketImpl.connect0(Native Method)
	at java.net.DualStackPlainSocketImpl.socketConnect(DualStackPlainSocketImpl.java:79)
	at java.net.AbstractPlainSocketImpl.doConnect(AbstractPlainSocketImpl.java:345)
	at java.net.AbstractPlainSocketImpl.connectToAddress(AbstractPlainSocketImpl.java:206)
	at java.net.AbstractPlainSocketImpl.connect(AbstractPlainSocketImpl.java:188)
	at java.net.PlainSocketImpl.connect(PlainSocketImpl.java:172)
	at java.net.SocksSocketImpl.connect(SocksSocketImpl.java:392)
	at java.net.Socket.connect(Socket.java:589)
	at java.net.Socket.connect(Socket.java:538)
	at sun.net.NetworkClient.doConnect(NetworkClient.java:180)
	at sun.net.www.http.HttpClient.openServer(HttpClient.java:432)
	at sun.net.www.http.HttpClient.openServer(HttpClient.java:527)
	at sun.net.www.http.HttpClient.&lt;init&gt;(HttpClient.java:211)
	at sun.net.www.http.HttpClient.New(HttpClient.java:308)
	at sun.net.www.http.HttpClient.New(HttpClient.java:326)
	at sun.net.www.protocol.http.HttpURLConnection.getNewHttpClient(HttpURLConnection.java:1167)
	at sun.net.www.protocol.http.HttpURLConnection.plainConnect0(HttpURLConnection.java:1103)
	at sun.net.www.protocol.http.HttpURLConnection.plainConnect(HttpURLConnection.java:997)
	at sun.net.www.protocol.http.HttpURLConnection.connect(HttpURLConnection.java:931)
	at org.springframework.http.client.SimpleBufferingClientHttpRequest.executeInternal(SimpleBufferingClientHttpRequest.java:76)
	at org.springframework.http.client.AbstractBufferingClientHttpRequest.executeInternal(AbstractBufferingClientHttpRequest.java:48)
	at org.springframework.http.client.AbstractClientHttpRequest.execute(AbstractClientHttpRequest.java:53)
	at org.springframework.web.client.RestTemplate.doExecute(RestTemplate.java:723)
	... 54 common frames omitted

</system-out>
  </testcase>
</testsuite>